[2023-01-10 23:34:24,132] 19 root INFO This line will create the folder name as artifact in current directory with proper timestamp and date
[2023-01-10 23:34:24,133] 16 root INFO >>>>>>>>>>>>>>>>>>>>>>>>>>>>>>>>>>>>>>>> Data Ingestion <<<<<<<<<<<<<<<<<<<<<<<<<<<<<<<<<<<<<<<<
[2023-01-10 23:34:24,133] 27 root INFO Exporting collection data as pandas dataframe
[2023-01-10 23:34:24,133] 21 root INFO Reading data from database: aps and collection: sensor
[2023-01-10 23:34:28,305] 23 root INFO Found columns: Index(['_id', 'class', 'aa_000', 'ab_000', 'ac_000', 'ad_000', 'ae_000',
       'af_000', 'ag_000', 'ag_001',
       ...
       'ee_002', 'ee_003', 'ee_004', 'ee_005', 'ee_006', 'ee_007', 'ee_008',
       'ee_009', 'ef_000', 'eg_000'],
      dtype='object', length=172)
[2023-01-10 23:34:28,306] 25 root INFO Dropping column: _id 
[2023-01-10 23:34:28,496] 27 root INFO Row and columns in df: (36188, 171)
[2023-01-10 23:34:28,496] 33 root INFO Save data in feature store
[2023-01-10 23:34:29,006] 39 root INFO Create feature store folder if not available
[2023-01-10 23:34:29,006] 43 root INFO Save df to feature store folder
[2023-01-10 23:34:31,349] 48 root INFO split dataset into train and test set
[2023-01-10 23:34:31,853] 52 root INFO create dataset directory folder if not available
[2023-01-10 23:34:31,853] 57 root INFO Save df to feature store folder
[2023-01-10 23:34:33,938] 69 root INFO Data ingestion artifact: DataIngestionArtifact(feature_store_file_path='/config/workspace/artifact/01102023__233424/data_ingetion/feature_store/sensor.csv', train_file_path='/config/workspace/artifact/01102023__233424/data_ingetion/dataset/train.csv', test_file_path='/config/workspace/artifact/01102023__233424/data_ingetion/dataset/test.csv')
[2023-01-10 23:34:34,324] 18 root INFO >>>>>>>>>>>>>>>>>>>>>>>>>>>>>>>>>>>>>>>> Data Validation <<<<<<<<<<<<<<<<<<<<<<<<<<<<<<<<<<<<<<<<
[2023-01-10 23:34:34,325] 106 root INFO Reading base dataframe
[2023-01-10 23:34:37,158] 110 root INFO Replace na value in base df
[2023-01-10 23:34:37,159] 113 root INFO Drop null values colums from base df
[2023-01-10 23:34:38,109] 39 root INFO selecting column name which contains null above to 0.7
[2023-01-10 23:34:38,110] 42 root INFO Columns to drop: ['ab_000', 'bn_000', 'bo_000', 'bp_000', 'bq_000', 'br_000', 'cr_000']
[2023-01-10 23:34:38,191] 116 root INFO Reading train dataframe
[2023-01-10 23:34:38,592] 118 root INFO Reading test dataframe
[2023-01-10 23:34:38,694] 121 root INFO Drop null values colums from train df
[2023-01-10 23:34:38,706] 39 root INFO selecting column name which contains null above to 0.7
[2023-01-10 23:34:38,706] 42 root INFO Columns to drop: ['ab_000', 'bn_000', 'bo_000', 'bp_000', 'bq_000', 'br_000', 'cr_000']
[2023-01-10 23:34:38,720] 123 root INFO Drop null values colums from test df
[2023-01-10 23:34:38,724] 39 root INFO selecting column name which contains null above to 0.7
[2023-01-10 23:34:38,724] 42 root INFO Columns to drop: ['ab_000', 'bn_000', 'bo_000', 'bp_000', 'bq_000', 'br_000', 'cr_000']
[2023-01-10 23:34:45,567] 131 root INFO Is all required columns present in train df
[2023-01-10 23:34:45,568] 134 root INFO Is all required columns present in test df
[2023-01-10 23:34:45,568] 138 root INFO As all column are available in train df hence detecting data drift
[2023-01-10 23:34:45,568] 82 root INFO Hypothesisclass:object, object
[2023-01-10 23:34:45,704] 82 root INFO Hypothesisaa_000:float64, float64
[2023-01-10 23:34:45,715] 82 root INFO Hypothesisac_000:float64, float64
[2023-01-10 23:34:45,757] 82 root INFO Hypothesisad_000:float64, float64
[2023-01-10 23:34:45,765] 82 root INFO Hypothesisae_000:float64, float64
[2023-01-10 23:34:45,802] 82 root INFO Hypothesisaf_000:float64, float64
[2023-01-10 23:34:45,840] 82 root INFO Hypothesisag_000:float64, float64
[2023-01-10 23:34:45,877] 82 root INFO Hypothesisag_001:float64, float64
[2023-01-10 23:34:45,916] 82 root INFO Hypothesisag_002:float64, float64
[2023-01-10 23:34:45,954] 82 root INFO Hypothesisag_003:float64, float64
[2023-01-10 23:34:45,960] 82 root INFO Hypothesisag_004:float64, float64
[2023-01-10 23:34:45,970] 82 root INFO Hypothesisag_005:float64, float64
[2023-01-10 23:34:45,981] 82 root INFO Hypothesisag_006:float64, float64
[2023-01-10 23:34:45,991] 82 root INFO Hypothesisag_007:float64, float64
[2023-01-10 23:34:46,000] 82 root INFO Hypothesisag_008:float64, float64
[2023-01-10 23:34:46,009] 82 root INFO Hypothesisag_009:float64, float64
[2023-01-10 23:34:46,016] 82 root INFO Hypothesisah_000:float64, float64
[2023-01-10 23:34:46,027] 82 root INFO Hypothesisai_000:float64, float64
[2023-01-10 23:34:46,065] 82 root INFO Hypothesisaj_000:float64, float64
[2023-01-10 23:34:46,071] 82 root INFO Hypothesisak_000:float64, float64
[2023-01-10 23:34:46,109] 82 root INFO Hypothesisal_000:float64, float64
[2023-01-10 23:34:46,117] 82 root INFO Hypothesisam_0:float64, float64
[2023-01-10 23:34:46,124] 82 root INFO Hypothesisan_000:float64, float64
[2023-01-10 23:34:46,135] 82 root INFO Hypothesisao_000:float64, float64
[2023-01-10 23:34:46,145] 82 root INFO Hypothesisap_000:float64, float64
[2023-01-10 23:34:46,156] 82 root INFO Hypothesisaq_000:float64, float64
[2023-01-10 23:34:46,166] 82 root INFO Hypothesisar_000:float64, float64
[2023-01-10 23:34:46,203] 82 root INFO Hypothesisas_000:float64, float64
[2023-01-10 23:34:46,239] 82 root INFO Hypothesisat_000:float64, float64
[2023-01-10 23:34:46,277] 82 root INFO Hypothesisau_000:float64, float64
[2023-01-10 23:34:46,313] 82 root INFO Hypothesisav_000:float64, float64
[2023-01-10 23:34:46,322] 82 root INFO Hypothesisax_000:float64, float64
[2023-01-10 23:34:46,330] 82 root INFO Hypothesisay_000:float64, float64
[2023-01-10 23:34:46,366] 82 root INFO Hypothesisay_001:float64, float64
[2023-01-10 23:34:46,402] 82 root INFO Hypothesisay_002:float64, float64
[2023-01-10 23:34:46,439] 82 root INFO Hypothesisay_003:float64, float64
[2023-01-10 23:34:46,477] 82 root INFO Hypothesisay_004:float64, float64
[2023-01-10 23:34:46,514] 82 root INFO Hypothesisay_005:float64, float64
[2023-01-10 23:34:46,555] 82 root INFO Hypothesisay_006:float64, float64
[2023-01-10 23:34:46,564] 82 root INFO Hypothesisay_007:float64, float64
[2023-01-10 23:34:46,575] 82 root INFO Hypothesisay_008:float64, float64
[2023-01-10 23:34:46,585] 82 root INFO Hypothesisay_009:float64, float64
[2023-01-10 23:34:46,622] 82 root INFO Hypothesisaz_000:float64, float64
[2023-01-10 23:34:46,632] 82 root INFO Hypothesisaz_001:float64, float64
[2023-01-10 23:34:46,641] 82 root INFO Hypothesisaz_002:float64, float64
[2023-01-10 23:34:46,651] 82 root INFO Hypothesisaz_003:float64, float64
[2023-01-10 23:34:46,661] 82 root INFO Hypothesisaz_004:float64, float64
[2023-01-10 23:34:46,671] 82 root INFO Hypothesisaz_005:float64, float64
[2023-01-10 23:34:46,682] 82 root INFO Hypothesisaz_006:float64, float64
[2023-01-10 23:34:46,724] 82 root INFO Hypothesisaz_007:float64, float64
[2023-01-10 23:34:46,763] 82 root INFO Hypothesisaz_008:float64, float64
[2023-01-10 23:34:46,800] 82 root INFO Hypothesisaz_009:float64, float64
[2023-01-10 23:34:46,837] 82 root INFO Hypothesisba_000:float64, float64
[2023-01-10 23:34:46,848] 82 root INFO Hypothesisba_001:float64, float64
[2023-01-10 23:34:46,858] 82 root INFO Hypothesisba_002:float64, float64
[2023-01-10 23:34:46,869] 82 root INFO Hypothesisba_003:float64, float64
[2023-01-10 23:34:46,879] 82 root INFO Hypothesisba_004:float64, float64
[2023-01-10 23:34:46,890] 82 root INFO Hypothesisba_005:float64, float64
[2023-01-10 23:34:46,900] 82 root INFO Hypothesisba_006:float64, float64
[2023-01-10 23:34:46,910] 82 root INFO Hypothesisba_007:float64, float64
[2023-01-10 23:34:46,919] 82 root INFO Hypothesisba_008:float64, float64
[2023-01-10 23:34:46,964] 82 root INFO Hypothesisba_009:float64, float64
[2023-01-10 23:34:47,003] 82 root INFO Hypothesisbb_000:float64, float64
[2023-01-10 23:34:47,014] 82 root INFO Hypothesisbc_000:float64, float64
[2023-01-10 23:34:47,054] 82 root INFO Hypothesisbd_000:float64, float64
[2023-01-10 23:34:47,062] 82 root INFO Hypothesisbe_000:float64, float64
[2023-01-10 23:34:47,071] 82 root INFO Hypothesisbf_000:float64, float64
[2023-01-10 23:34:47,078] 82 root INFO Hypothesisbg_000:float64, float64
[2023-01-10 23:34:47,088] 82 root INFO Hypothesisbh_000:float64, float64
[2023-01-10 23:34:47,099] 82 root INFO Hypothesisbi_000:float64, float64
[2023-01-10 23:34:47,109] 82 root INFO Hypothesisbj_000:float64, float64
[2023-01-10 23:34:47,120] 82 root INFO Hypothesisbk_000:float64, float64
[2023-01-10 23:34:47,128] 82 root INFO Hypothesisbl_000:float64, float64
[2023-01-10 23:34:47,136] 82 root INFO Hypothesisbm_000:float64, float64
[2023-01-10 23:34:47,142] 82 root INFO Hypothesisbs_000:float64, float64
[2023-01-10 23:34:47,153] 82 root INFO Hypothesisbt_000:float64, float64
[2023-01-10 23:34:47,164] 82 root INFO Hypothesisbu_000:float64, float64
[2023-01-10 23:34:47,174] 82 root INFO Hypothesisbv_000:float64, float64
[2023-01-10 23:34:47,184] 82 root INFO Hypothesisbx_000:float64, float64
[2023-01-10 23:34:47,194] 82 root INFO Hypothesisby_000:float64, float64
[2023-01-10 23:34:47,205] 82 root INFO Hypothesisbz_000:float64, float64
[2023-01-10 23:34:47,214] 82 root INFO Hypothesisca_000:float64, float64
[2023-01-10 23:34:47,224] 82 root INFO Hypothesiscb_000:float64, float64
[2023-01-10 23:34:47,235] 82 root INFO Hypothesiscc_000:float64, float64
[2023-01-10 23:34:47,246] 82 root INFO Hypothesiscd_000:float64, float64
[2023-01-10 23:34:47,283] 82 root INFO Hypothesisce_000:float64, float64
[2023-01-10 23:34:47,292] 82 root INFO Hypothesiscf_000:float64, float64
[2023-01-10 23:34:47,298] 82 root INFO Hypothesiscg_000:float64, float64
[2023-01-10 23:34:47,305] 82 root INFO Hypothesisch_000:float64, float64
[2023-01-10 23:34:47,343] 82 root INFO Hypothesisci_000:float64, float64
[2023-01-10 23:34:47,354] 82 root INFO Hypothesiscj_000:float64, float64
[2023-01-10 23:34:47,392] 82 root INFO Hypothesisck_000:float64, float64
[2023-01-10 23:34:47,402] 82 root INFO Hypothesiscl_000:float64, float64
[2023-01-10 23:34:47,408] 82 root INFO Hypothesiscm_000:float64, float64
[2023-01-10 23:34:47,415] 82 root INFO Hypothesiscn_000:float64, float64
[2023-01-10 23:34:47,452] 82 root INFO Hypothesiscn_001:float64, float64
[2023-01-10 23:34:47,491] 82 root INFO Hypothesiscn_002:float64, float64
[2023-01-10 23:34:47,499] 82 root INFO Hypothesiscn_003:float64, float64
[2023-01-10 23:34:47,509] 82 root INFO Hypothesiscn_004:float64, float64
[2023-01-10 23:34:47,520] 82 root INFO Hypothesiscn_005:float64, float64
[2023-01-10 23:34:47,531] 82 root INFO Hypothesiscn_006:float64, float64
[2023-01-10 23:34:47,541] 82 root INFO Hypothesiscn_007:float64, float64
[2023-01-10 23:34:47,551] 82 root INFO Hypothesiscn_008:float64, float64
[2023-01-10 23:34:47,560] 82 root INFO Hypothesiscn_009:float64, float64
[2023-01-10 23:34:47,601] 82 root INFO Hypothesisco_000:float64, float64
[2023-01-10 23:34:47,608] 82 root INFO Hypothesiscp_000:float64, float64
[2023-01-10 23:34:47,649] 82 root INFO Hypothesiscq_000:float64, float64
[2023-01-10 23:34:47,659] 82 root INFO Hypothesiscs_000:float64, float64
[2023-01-10 23:34:47,669] 82 root INFO Hypothesiscs_001:float64, float64
[2023-01-10 23:34:47,678] 82 root INFO Hypothesiscs_002:float64, float64
[2023-01-10 23:34:47,688] 82 root INFO Hypothesiscs_003:float64, float64
[2023-01-10 23:34:47,698] 82 root INFO Hypothesiscs_004:float64, float64
[2023-01-10 23:34:47,709] 82 root INFO Hypothesiscs_005:float64, float64
[2023-01-10 23:34:47,719] 82 root INFO Hypothesiscs_006:float64, float64
[2023-01-10 23:34:47,730] 82 root INFO Hypothesiscs_007:float64, float64
[2023-01-10 23:34:47,740] 82 root INFO Hypothesiscs_008:float64, float64
[2023-01-10 23:34:47,780] 82 root INFO Hypothesiscs_009:float64, float64
[2023-01-10 23:34:47,820] 82 root INFO Hypothesisct_000:float64, float64
[2023-01-10 23:34:47,829] 82 root INFO Hypothesiscu_000:float64, float64
[2023-01-10 23:34:47,838] 82 root INFO Hypothesiscv_000:float64, float64
[2023-01-10 23:34:47,847] 82 root INFO Hypothesiscx_000:float64, float64
[2023-01-10 23:34:47,856] 82 root INFO Hypothesiscy_000:float64, float64
[2023-01-10 23:34:47,862] 82 root INFO Hypothesiscz_000:float64, float64
[2023-01-10 23:34:47,870] 82 root INFO Hypothesisda_000:float64, float64
[2023-01-10 23:34:47,875] 82 root INFO Hypothesisdb_000:float64, float64
[2023-01-10 23:34:47,881] 82 root INFO Hypothesisdc_000:float64, float64
[2023-01-10 23:34:47,891] 82 root INFO Hypothesisdd_000:float64, float64
[2023-01-10 23:34:47,900] 82 root INFO Hypothesisde_000:float64, float64
[2023-01-10 23:34:47,912] 82 root INFO Hypothesisdf_000:float64, float64
[2023-01-10 23:34:47,949] 82 root INFO Hypothesisdg_000:float64, float64
[2023-01-10 23:34:47,987] 82 root INFO Hypothesisdh_000:float64, float64
[2023-01-10 23:34:47,992] 82 root INFO Hypothesisdi_000:float64, float64
[2023-01-10 23:34:48,032] 82 root INFO Hypothesisdj_000:float64, float64
[2023-01-10 23:34:48,070] 82 root INFO Hypothesisdk_000:float64, float64
[2023-01-10 23:34:48,108] 82 root INFO Hypothesisdl_000:float64, float64
[2023-01-10 23:34:48,145] 82 root INFO Hypothesisdm_000:float64, float64
[2023-01-10 23:34:48,182] 82 root INFO Hypothesisdn_000:float64, float64
[2023-01-10 23:34:48,192] 82 root INFO Hypothesisdo_000:float64, float64
[2023-01-10 23:34:48,201] 82 root INFO Hypothesisdp_000:float64, float64
[2023-01-10 23:34:48,211] 82 root INFO Hypothesisdq_000:float64, float64
[2023-01-10 23:34:48,250] 82 root INFO Hypothesisdr_000:float64, float64
[2023-01-10 23:34:48,290] 82 root INFO Hypothesisds_000:float64, float64
[2023-01-10 23:34:48,300] 82 root INFO Hypothesisdt_000:float64, float64
[2023-01-10 23:34:48,310] 82 root INFO Hypothesisdu_000:float64, float64
[2023-01-10 23:34:48,320] 82 root INFO Hypothesisdv_000:float64, float64
[2023-01-10 23:34:48,330] 82 root INFO Hypothesisdx_000:float64, float64
[2023-01-10 23:34:48,370] 82 root INFO Hypothesisdy_000:float64, float64
[2023-01-10 23:34:48,409] 82 root INFO Hypothesisdz_000:float64, float64
[2023-01-10 23:34:48,446] 82 root INFO Hypothesisea_000:float64, float64
[2023-01-10 23:34:48,483] 82 root INFO Hypothesiseb_000:float64, float64
[2023-01-10 23:34:48,492] 82 root INFO Hypothesisec_00:float64, float64
[2023-01-10 23:34:48,502] 82 root INFO Hypothesised_000:float64, float64
[2023-01-10 23:34:48,511] 82 root INFO Hypothesisee_000:float64, float64
[2023-01-10 23:34:48,521] 82 root INFO Hypothesisee_001:float64, float64
[2023-01-10 23:34:48,532] 82 root INFO Hypothesisee_002:float64, float64
[2023-01-10 23:34:48,543] 82 root INFO Hypothesisee_003:float64, float64
[2023-01-10 23:34:48,553] 82 root INFO Hypothesisee_004:float64, float64
[2023-01-10 23:34:48,563] 82 root INFO Hypothesisee_005:float64, float64
[2023-01-10 23:34:48,574] 82 root INFO Hypothesisee_006:float64, float64
[2023-01-10 23:34:48,584] 82 root INFO Hypothesisee_007:float64, float64
[2023-01-10 23:34:48,594] 82 root INFO Hypothesisee_008:float64, float64
[2023-01-10 23:34:48,603] 82 root INFO Hypothesisee_009:float64, float64
[2023-01-10 23:34:48,610] 82 root INFO Hypothesisef_000:float64, float64
[2023-01-10 23:34:48,648] 82 root INFO Hypothesiseg_000:float64, float64
[2023-01-10 23:34:48,685] 141 root INFO As all column are available in test df hence detecting data drift
[2023-01-10 23:34:48,685] 82 root INFO Hypothesisclass:object, object
[2023-01-10 23:34:48,760] 82 root INFO Hypothesisaa_000:float64, float64
[2023-01-10 23:34:48,768] 82 root INFO Hypothesisac_000:float64, float64
[2023-01-10 23:34:48,773] 82 root INFO Hypothesisad_000:float64, float64
[2023-01-10 23:34:48,778] 82 root INFO Hypothesisae_000:float64, float64
[2023-01-10 23:34:48,794] 82 root INFO Hypothesisaf_000:float64, float64
[2023-01-10 23:34:48,810] 82 root INFO Hypothesisag_000:float64, float64
[2023-01-10 23:34:48,827] 82 root INFO Hypothesisag_001:float64, float64
[2023-01-10 23:34:48,843] 82 root INFO Hypothesisag_002:float64, float64
[2023-01-10 23:34:48,846] 82 root INFO Hypothesisag_003:float64, float64
[2023-01-10 23:34:48,851] 82 root INFO Hypothesisag_004:float64, float64
[2023-01-10 23:34:48,858] 82 root INFO Hypothesisag_005:float64, float64
[2023-01-10 23:34:48,865] 82 root INFO Hypothesisag_006:float64, float64
[2023-01-10 23:34:48,873] 82 root INFO Hypothesisag_007:float64, float64
[2023-01-10 23:34:48,880] 82 root INFO Hypothesisag_008:float64, float64
[2023-01-10 23:34:48,886] 82 root INFO Hypothesisag_009:float64, float64
[2023-01-10 23:34:48,891] 82 root INFO Hypothesisah_000:float64, float64
[2023-01-10 23:34:48,899] 82 root INFO Hypothesisai_000:float64, float64
[2023-01-10 23:34:48,902] 82 root INFO Hypothesisaj_000:float64, float64
[2023-01-10 23:34:48,906] 82 root INFO Hypothesisak_000:float64, float64
[2023-01-10 23:34:48,909] 82 root INFO Hypothesisal_000:float64, float64
[2023-01-10 23:34:48,914] 82 root INFO Hypothesisam_0:float64, float64
[2023-01-10 23:34:48,919] 82 root INFO Hypothesisan_000:float64, float64
[2023-01-10 23:34:48,926] 82 root INFO Hypothesisao_000:float64, float64
[2023-01-10 23:34:48,933] 82 root INFO Hypothesisap_000:float64, float64
[2023-01-10 23:34:48,940] 82 root INFO Hypothesisaq_000:float64, float64
[2023-01-10 23:34:48,947] 82 root INFO Hypothesisar_000:float64, float64
[2023-01-10 23:34:48,963] 82 root INFO Hypothesisas_000:float64, float64
[2023-01-10 23:34:48,978] 82 root INFO Hypothesisat_000:float64, float64
[2023-01-10 23:34:48,994] 82 root INFO Hypothesisau_000:float64, float64
[2023-01-10 23:34:49,009] 82 root INFO Hypothesisav_000:float64, float64
[2023-01-10 23:34:49,015] 82 root INFO Hypothesisax_000:float64, float64
[2023-01-10 23:34:49,020] 82 root INFO Hypothesisay_000:float64, float64
[2023-01-10 23:34:49,036] 82 root INFO Hypothesisay_001:float64, float64
[2023-01-10 23:34:49,051] 82 root INFO Hypothesisay_002:float64, float64
[2023-01-10 23:34:49,066] 82 root INFO Hypothesisay_003:float64, float64
[2023-01-10 23:34:49,081] 82 root INFO Hypothesisay_004:float64, float64
[2023-01-10 23:34:49,096] 82 root INFO Hypothesisay_005:float64, float64
[2023-01-10 23:34:49,102] 82 root INFO Hypothesisay_006:float64, float64
[2023-01-10 23:34:49,108] 82 root INFO Hypothesisay_007:float64, float64
[2023-01-10 23:34:49,115] 82 root INFO Hypothesisay_008:float64, float64
[2023-01-10 23:34:49,122] 82 root INFO Hypothesisay_009:float64, float64
[2023-01-10 23:34:49,137] 82 root INFO Hypothesisaz_000:float64, float64
[2023-01-10 23:34:49,144] 82 root INFO Hypothesisaz_001:float64, float64
[2023-01-10 23:34:49,150] 82 root INFO Hypothesisaz_002:float64, float64
[2023-01-10 23:34:49,156] 82 root INFO Hypothesisaz_003:float64, float64
[2023-01-10 23:34:49,163] 82 root INFO Hypothesisaz_004:float64, float64
[2023-01-10 23:34:49,170] 82 root INFO Hypothesisaz_005:float64, float64
[2023-01-10 23:34:49,177] 82 root INFO Hypothesisaz_006:float64, float64
[2023-01-10 23:34:49,183] 82 root INFO Hypothesisaz_007:float64, float64
[2023-01-10 23:34:49,187] 82 root INFO Hypothesisaz_008:float64, float64
[2023-01-10 23:34:49,203] 82 root INFO Hypothesisaz_009:float64, float64
[2023-01-10 23:34:49,218] 82 root INFO Hypothesisba_000:float64, float64
[2023-01-10 23:34:49,225] 82 root INFO Hypothesisba_001:float64, float64
[2023-01-10 23:34:49,233] 82 root INFO Hypothesisba_002:float64, float64
[2023-01-10 23:34:49,240] 82 root INFO Hypothesisba_003:float64, float64
[2023-01-10 23:34:49,247] 82 root INFO Hypothesisba_004:float64, float64
[2023-01-10 23:34:49,254] 82 root INFO Hypothesisba_005:float64, float64
[2023-01-10 23:34:49,260] 82 root INFO Hypothesisba_006:float64, float64
[2023-01-10 23:34:49,267] 82 root INFO Hypothesisba_007:float64, float64
[2023-01-10 23:34:49,274] 82 root INFO Hypothesisba_008:float64, float64
[2023-01-10 23:34:49,280] 82 root INFO Hypothesisba_009:float64, float64
[2023-01-10 23:34:49,284] 82 root INFO Hypothesisbb_000:float64, float64
[2023-01-10 23:34:49,292] 82 root INFO Hypothesisbc_000:float64, float64
[2023-01-10 23:34:49,297] 82 root INFO Hypothesisbd_000:float64, float64
[2023-01-10 23:34:49,303] 82 root INFO Hypothesisbe_000:float64, float64
[2023-01-10 23:34:49,308] 82 root INFO Hypothesisbf_000:float64, float64
[2023-01-10 23:34:49,313] 82 root INFO Hypothesisbg_000:float64, float64
[2023-01-10 23:34:49,320] 82 root INFO Hypothesisbh_000:float64, float64
[2023-01-10 23:34:49,327] 82 root INFO Hypothesisbi_000:float64, float64
[2023-01-10 23:34:49,334] 82 root INFO Hypothesisbj_000:float64, float64
[2023-01-10 23:34:49,341] 82 root INFO Hypothesisbk_000:float64, float64
[2023-01-10 23:34:49,347] 82 root INFO Hypothesisbl_000:float64, float64
[2023-01-10 23:34:49,353] 82 root INFO Hypothesisbm_000:float64, float64
[2023-01-10 23:34:49,357] 82 root INFO Hypothesisbs_000:float64, float64
[2023-01-10 23:34:49,364] 82 root INFO Hypothesisbt_000:float64, float64
[2023-01-10 23:34:49,371] 82 root INFO Hypothesisbu_000:float64, float64
[2023-01-10 23:34:49,378] 82 root INFO Hypothesisbv_000:float64, float64
[2023-01-10 23:34:49,385] 82 root INFO Hypothesisbx_000:float64, float64
[2023-01-10 23:34:49,392] 82 root INFO Hypothesisby_000:float64, float64
[2023-01-10 23:34:49,399] 82 root INFO Hypothesisbz_000:float64, float64
[2023-01-10 23:34:49,406] 82 root INFO Hypothesisca_000:float64, float64
[2023-01-10 23:34:49,413] 82 root INFO Hypothesiscb_000:float64, float64
[2023-01-10 23:34:49,420] 82 root INFO Hypothesiscc_000:float64, float64
[2023-01-10 23:34:49,427] 82 root INFO Hypothesiscd_000:float64, float64
[2023-01-10 23:34:49,443] 82 root INFO Hypothesisce_000:float64, float64
[2023-01-10 23:34:49,450] 82 root INFO Hypothesiscf_000:float64, float64
[2023-01-10 23:34:49,454] 82 root INFO Hypothesiscg_000:float64, float64
[2023-01-10 23:34:49,459] 82 root INFO Hypothesisch_000:float64, float64
[2023-01-10 23:34:49,463] 82 root INFO Hypothesisci_000:float64, float64
[2023-01-10 23:34:49,470] 82 root INFO Hypothesiscj_000:float64, float64
[2023-01-10 23:34:49,474] 82 root INFO Hypothesisck_000:float64, float64
[2023-01-10 23:34:49,481] 82 root INFO Hypothesiscl_000:float64, float64
[2023-01-10 23:34:49,486] 82 root INFO Hypothesiscm_000:float64, float64
[2023-01-10 23:34:49,491] 82 root INFO Hypothesiscn_000:float64, float64
[2023-01-10 23:34:49,507] 82 root INFO Hypothesiscn_001:float64, float64
[2023-01-10 23:34:49,511] 82 root INFO Hypothesiscn_002:float64, float64
[2023-01-10 23:34:49,517] 82 root INFO Hypothesiscn_003:float64, float64
[2023-01-10 23:34:49,524] 82 root INFO Hypothesiscn_004:float64, float64
[2023-01-10 23:34:49,532] 82 root INFO Hypothesiscn_005:float64, float64
[2023-01-10 23:34:49,539] 82 root INFO Hypothesiscn_006:float64, float64
[2023-01-10 23:34:49,546] 82 root INFO Hypothesiscn_007:float64, float64
[2023-01-10 23:34:49,553] 82 root INFO Hypothesiscn_008:float64, float64
[2023-01-10 23:34:49,559] 82 root INFO Hypothesiscn_009:float64, float64
[2023-01-10 23:34:49,564] 82 root INFO Hypothesisco_000:float64, float64
[2023-01-10 23:34:49,569] 82 root INFO Hypothesiscp_000:float64, float64
[2023-01-10 23:34:49,575] 82 root INFO Hypothesiscq_000:float64, float64
[2023-01-10 23:34:49,582] 82 root INFO Hypothesiscs_000:float64, float64
[2023-01-10 23:34:49,589] 82 root INFO Hypothesiscs_001:float64, float64
[2023-01-10 23:34:49,595] 82 root INFO Hypothesiscs_002:float64, float64
[2023-01-10 23:34:49,602] 82 root INFO Hypothesiscs_003:float64, float64
[2023-01-10 23:34:49,609] 82 root INFO Hypothesiscs_004:float64, float64
[2023-01-10 23:34:49,616] 82 root INFO Hypothesiscs_005:float64, float64
[2023-01-10 23:34:49,623] 82 root INFO Hypothesiscs_006:float64, float64
[2023-01-10 23:34:49,631] 82 root INFO Hypothesiscs_007:float64, float64
[2023-01-10 23:34:49,638] 82 root INFO Hypothesiscs_008:float64, float64
[2023-01-10 23:34:49,643] 82 root INFO Hypothesiscs_009:float64, float64
[2023-01-10 23:34:49,659] 82 root INFO Hypothesisct_000:float64, float64
[2023-01-10 23:34:49,665] 82 root INFO Hypothesiscu_000:float64, float64
[2023-01-10 23:34:49,670] 82 root INFO Hypothesiscv_000:float64, float64
[2023-01-10 23:34:49,677] 82 root INFO Hypothesiscx_000:float64, float64
[2023-01-10 23:34:49,683] 82 root INFO Hypothesiscy_000:float64, float64
[2023-01-10 23:34:49,687] 82 root INFO Hypothesiscz_000:float64, float64
[2023-01-10 23:34:49,693] 82 root INFO Hypothesisda_000:float64, float64
[2023-01-10 23:34:49,696] 82 root INFO Hypothesisdb_000:float64, float64
[2023-01-10 23:34:49,700] 82 root INFO Hypothesisdc_000:float64, float64
[2023-01-10 23:34:49,707] 82 root INFO Hypothesisdd_000:float64, float64
[2023-01-10 23:34:49,714] 82 root INFO Hypothesisde_000:float64, float64
[2023-01-10 23:34:49,719] 82 root INFO Hypothesisdf_000:float64, float64
[2023-01-10 23:34:49,723] 82 root INFO Hypothesisdg_000:float64, float64
[2023-01-10 23:34:49,726] 82 root INFO Hypothesisdh_000:float64, float64
[2023-01-10 23:34:49,730] 82 root INFO Hypothesisdi_000:float64, float64
[2023-01-10 23:34:49,734] 82 root INFO Hypothesisdj_000:float64, float64
[2023-01-10 23:34:49,750] 82 root INFO Hypothesisdk_000:float64, float64
[2023-01-10 23:34:49,753] 82 root INFO Hypothesisdl_000:float64, float64
[2023-01-10 23:34:49,769] 82 root INFO Hypothesisdm_000:float64, float64
[2023-01-10 23:34:49,785] 82 root INFO Hypothesisdn_000:float64, float64
[2023-01-10 23:34:49,792] 82 root INFO Hypothesisdo_000:float64, float64
[2023-01-10 23:34:49,799] 82 root INFO Hypothesisdp_000:float64, float64
[2023-01-10 23:34:49,805] 82 root INFO Hypothesisdq_000:float64, float64
[2023-01-10 23:34:49,810] 82 root INFO Hypothesisdr_000:float64, float64
[2023-01-10 23:34:49,814] 82 root INFO Hypothesisds_000:float64, float64
[2023-01-10 23:34:49,821] 82 root INFO Hypothesisdt_000:float64, float64
[2023-01-10 23:34:49,828] 82 root INFO Hypothesisdu_000:float64, float64
[2023-01-10 23:34:49,835] 82 root INFO Hypothesisdv_000:float64, float64
[2023-01-10 23:34:49,842] 82 root INFO Hypothesisdx_000:float64, float64
[2023-01-10 23:34:49,847] 82 root INFO Hypothesisdy_000:float64, float64
[2023-01-10 23:34:49,852] 82 root INFO Hypothesisdz_000:float64, float64
[2023-01-10 23:34:49,868] 82 root INFO Hypothesisea_000:float64, float64
[2023-01-10 23:34:49,884] 82 root INFO Hypothesiseb_000:float64, float64
[2023-01-10 23:34:49,890] 82 root INFO Hypothesisec_00:float64, float64
[2023-01-10 23:34:49,897] 82 root INFO Hypothesised_000:float64, float64
[2023-01-10 23:34:49,904] 82 root INFO Hypothesisee_000:float64, float64
[2023-01-10 23:34:49,912] 82 root INFO Hypothesisee_001:float64, float64
[2023-01-10 23:34:49,919] 82 root INFO Hypothesisee_002:float64, float64
[2023-01-10 23:34:49,927] 82 root INFO Hypothesisee_003:float64, float64
[2023-01-10 23:34:49,933] 82 root INFO Hypothesisee_004:float64, float64
[2023-01-10 23:34:49,940] 82 root INFO Hypothesisee_005:float64, float64
[2023-01-10 23:34:49,947] 82 root INFO Hypothesisee_006:float64, float64
[2023-01-10 23:34:49,954] 82 root INFO Hypothesisee_007:float64, float64
[2023-01-10 23:34:49,960] 82 root INFO Hypothesisee_008:float64, float64
[2023-01-10 23:34:49,966] 82 root INFO Hypothesisee_009:float64, float64
[2023-01-10 23:34:49,971] 82 root INFO Hypothesisef_000:float64, float64
[2023-01-10 23:34:49,987] 82 root INFO Hypothesiseg_000:float64, float64
[2023-01-10 23:34:50,003] 148 root INFO Write reprt in yaml file
[2023-01-10 23:34:50,080] 153 root INFO Data validation artifact: DataValidationArtifact(report_file_path='/config/workspace/artifact/01102023__233424/data_validation/report.ymal')
