[2023-01-10 23:26:28,212] 19 root INFO This line will create the folder name as artifact in current directory with proper timestamp and date
[2023-01-10 23:26:28,213] 16 root INFO >>>>>>>>>>>>>>>>>>>>>>>>>>>>>>>>>>>>>>>> Data Ingestion <<<<<<<<<<<<<<<<<<<<<<<<<<<<<<<<<<<<<<<<
[2023-01-10 23:26:28,213] 27 root INFO Exporting collection data as pandas dataframe
[2023-01-10 23:26:28,213] 21 root INFO Reading data from database: aps and collection: sensor
[2023-01-10 23:26:32,089] 23 root INFO Found columns: Index(['_id', 'class', 'aa_000', 'ab_000', 'ac_000', 'ad_000', 'ae_000',
       'af_000', 'ag_000', 'ag_001',
       ...
       'ee_002', 'ee_003', 'ee_004', 'ee_005', 'ee_006', 'ee_007', 'ee_008',
       'ee_009', 'ef_000', 'eg_000'],
      dtype='object', length=172)
[2023-01-10 23:26:32,090] 25 root INFO Dropping column: _id 
[2023-01-10 23:26:32,431] 27 root INFO Row and columns in df: (36188, 171)
[2023-01-10 23:26:32,431] 33 root INFO Save data in feature store
[2023-01-10 23:26:33,376] 39 root INFO Create feature store folder if not available
[2023-01-10 23:26:33,377] 43 root INFO Save df to feature store folder
[2023-01-10 23:26:36,002] 48 root INFO split dataset into train and test set
[2023-01-10 23:26:36,689] 52 root INFO create dataset directory folder if not available
[2023-01-10 23:26:36,689] 57 root INFO Save df to feature store folder
[2023-01-10 23:26:38,932] 69 root INFO Data ingestion artifact: DataIngestionArtifact(feature_store_file_path='/config/workspace/artifact/01102023__232628/data_ingetion/feature_store/sensor.csv', train_file_path='/config/workspace/artifact/01102023__232628/data_ingetion/dataset/train.csv', test_file_path='/config/workspace/artifact/01102023__232628/data_ingetion/dataset/test.csv')
[2023-01-10 23:26:39,375] 18 root INFO >>>>>>>>>>>>>>>>>>>>>>>>>>>>>>>>>>>>>>>> Data Validation <<<<<<<<<<<<<<<<<<<<<<<<<<<<<<<<<<<<<<<<
[2023-01-10 23:26:39,376] 106 root INFO Reading base dataframe
[2023-01-10 23:26:42,310] 110 root INFO Replace na value in base df
[2023-01-10 23:26:42,310] 113 root INFO Drop null values colums from base df
[2023-01-10 23:26:43,285] 39 root INFO selecting column name which contains null above to 0.7
[2023-01-10 23:26:43,285] 42 root INFO Columns to drop: ['ab_000', 'bn_000', 'bo_000', 'bp_000', 'bq_000', 'br_000', 'cr_000']
[2023-01-10 23:26:43,367] 116 root INFO Reading train dataframe
[2023-01-10 23:26:43,767] 118 root INFO Reading test dataframe
[2023-01-10 23:26:43,867] 121 root INFO Drop null values colums from train df
[2023-01-10 23:26:43,882] 39 root INFO selecting column name which contains null above to 0.7
[2023-01-10 23:26:43,883] 42 root INFO Columns to drop: ['ab_000', 'bn_000', 'bo_000', 'bp_000', 'bq_000', 'br_000', 'cr_000']
[2023-01-10 23:26:43,893] 123 root INFO Drop null values colums from test df
[2023-01-10 23:26:43,897] 39 root INFO selecting column name which contains null above to 0.7
[2023-01-10 23:26:43,897] 42 root INFO Columns to drop: ['ab_000', 'bn_000', 'bo_000', 'bp_000', 'bq_000', 'br_000', 'cr_000']
[2023-01-10 23:26:51,208] 131 root INFO Is all required columns present in train df
[2023-01-10 23:26:51,208] 134 root INFO Is all required columns present in test df
[2023-01-10 23:26:51,208] 138 root INFO As all column are available in train df hence detecting data drift
[2023-01-10 23:26:51,209] 82 root INFO Hypothesisclass:object, object
[2023-01-10 23:26:51,348] 82 root INFO Hypothesisaa_000:float64, float64
[2023-01-10 23:26:51,360] 82 root INFO Hypothesisac_000:float64, float64
[2023-01-10 23:26:51,400] 82 root INFO Hypothesisad_000:float64, float64
[2023-01-10 23:26:51,408] 82 root INFO Hypothesisae_000:float64, float64
[2023-01-10 23:26:51,445] 82 root INFO Hypothesisaf_000:float64, float64
[2023-01-10 23:26:51,482] 82 root INFO Hypothesisag_000:float64, float64
[2023-01-10 23:26:51,517] 82 root INFO Hypothesisag_001:float64, float64
[2023-01-10 23:26:51,554] 82 root INFO Hypothesisag_002:float64, float64
[2023-01-10 23:26:51,591] 82 root INFO Hypothesisag_003:float64, float64
[2023-01-10 23:26:51,597] 82 root INFO Hypothesisag_004:float64, float64
[2023-01-10 23:26:51,608] 82 root INFO Hypothesisag_005:float64, float64
[2023-01-10 23:26:51,618] 82 root INFO Hypothesisag_006:float64, float64
[2023-01-10 23:26:51,629] 82 root INFO Hypothesisag_007:float64, float64
[2023-01-10 23:26:51,638] 82 root INFO Hypothesisag_008:float64, float64
[2023-01-10 23:26:51,647] 82 root INFO Hypothesisag_009:float64, float64
[2023-01-10 23:26:51,654] 82 root INFO Hypothesisah_000:float64, float64
[2023-01-10 23:26:51,665] 82 root INFO Hypothesisai_000:float64, float64
[2023-01-10 23:26:51,701] 82 root INFO Hypothesisaj_000:float64, float64
[2023-01-10 23:26:51,707] 82 root INFO Hypothesisak_000:float64, float64
[2023-01-10 23:26:51,745] 82 root INFO Hypothesisal_000:float64, float64
[2023-01-10 23:26:51,753] 82 root INFO Hypothesisam_0:float64, float64
[2023-01-10 23:26:51,760] 82 root INFO Hypothesisan_000:float64, float64
[2023-01-10 23:26:51,770] 82 root INFO Hypothesisao_000:float64, float64
[2023-01-10 23:26:51,781] 82 root INFO Hypothesisap_000:float64, float64
[2023-01-10 23:26:51,791] 82 root INFO Hypothesisaq_000:float64, float64
[2023-01-10 23:26:51,802] 82 root INFO Hypothesisar_000:float64, float64
[2023-01-10 23:26:51,839] 82 root INFO Hypothesisas_000:float64, float64
[2023-01-10 23:26:51,877] 82 root INFO Hypothesisat_000:float64, float64
[2023-01-10 23:26:51,916] 82 root INFO Hypothesisau_000:float64, float64
[2023-01-10 23:26:51,958] 82 root INFO Hypothesisav_000:float64, float64
[2023-01-10 23:26:51,969] 82 root INFO Hypothesisax_000:float64, float64
[2023-01-10 23:26:51,978] 82 root INFO Hypothesisay_000:float64, float64
[2023-01-10 23:26:52,014] 82 root INFO Hypothesisay_001:float64, float64
[2023-01-10 23:26:52,051] 82 root INFO Hypothesisay_002:float64, float64
[2023-01-10 23:26:52,087] 82 root INFO Hypothesisay_003:float64, float64
[2023-01-10 23:26:52,124] 82 root INFO Hypothesisay_004:float64, float64
[2023-01-10 23:26:52,161] 82 root INFO Hypothesisay_005:float64, float64
[2023-01-10 23:26:52,201] 82 root INFO Hypothesisay_006:float64, float64
[2023-01-10 23:26:52,210] 82 root INFO Hypothesisay_007:float64, float64
[2023-01-10 23:26:52,220] 82 root INFO Hypothesisay_008:float64, float64
[2023-01-10 23:26:52,230] 82 root INFO Hypothesisay_009:float64, float64
[2023-01-10 23:26:52,267] 82 root INFO Hypothesisaz_000:float64, float64
[2023-01-10 23:26:52,277] 82 root INFO Hypothesisaz_001:float64, float64
[2023-01-10 23:26:52,286] 82 root INFO Hypothesisaz_002:float64, float64
[2023-01-10 23:26:52,295] 82 root INFO Hypothesisaz_003:float64, float64
[2023-01-10 23:26:52,305] 82 root INFO Hypothesisaz_004:float64, float64
[2023-01-10 23:26:52,316] 82 root INFO Hypothesisaz_005:float64, float64
[2023-01-10 23:26:52,326] 82 root INFO Hypothesisaz_006:float64, float64
[2023-01-10 23:26:52,368] 82 root INFO Hypothesisaz_007:float64, float64
[2023-01-10 23:26:52,405] 82 root INFO Hypothesisaz_008:float64, float64
[2023-01-10 23:26:52,441] 82 root INFO Hypothesisaz_009:float64, float64
[2023-01-10 23:26:52,478] 82 root INFO Hypothesisba_000:float64, float64
[2023-01-10 23:26:52,488] 82 root INFO Hypothesisba_001:float64, float64
[2023-01-10 23:26:52,499] 82 root INFO Hypothesisba_002:float64, float64
[2023-01-10 23:26:52,509] 82 root INFO Hypothesisba_003:float64, float64
[2023-01-10 23:26:52,519] 82 root INFO Hypothesisba_004:float64, float64
[2023-01-10 23:26:52,531] 82 root INFO Hypothesisba_005:float64, float64
[2023-01-10 23:26:52,542] 82 root INFO Hypothesisba_006:float64, float64
[2023-01-10 23:26:52,552] 82 root INFO Hypothesisba_007:float64, float64
[2023-01-10 23:26:52,563] 82 root INFO Hypothesisba_008:float64, float64
[2023-01-10 23:26:52,603] 82 root INFO Hypothesisba_009:float64, float64
[2023-01-10 23:26:52,643] 82 root INFO Hypothesisbb_000:float64, float64
[2023-01-10 23:26:52,653] 82 root INFO Hypothesisbc_000:float64, float64
[2023-01-10 23:26:52,693] 82 root INFO Hypothesisbd_000:float64, float64
[2023-01-10 23:26:52,702] 82 root INFO Hypothesisbe_000:float64, float64
[2023-01-10 23:26:52,710] 82 root INFO Hypothesisbf_000:float64, float64
[2023-01-10 23:26:52,717] 82 root INFO Hypothesisbg_000:float64, float64
[2023-01-10 23:26:52,728] 82 root INFO Hypothesisbh_000:float64, float64
[2023-01-10 23:26:52,738] 82 root INFO Hypothesisbi_000:float64, float64
[2023-01-10 23:26:52,749] 82 root INFO Hypothesisbj_000:float64, float64
[2023-01-10 23:26:52,760] 82 root INFO Hypothesisbk_000:float64, float64
[2023-01-10 23:26:52,768] 82 root INFO Hypothesisbl_000:float64, float64
[2023-01-10 23:26:52,776] 82 root INFO Hypothesisbm_000:float64, float64
[2023-01-10 23:26:52,782] 82 root INFO Hypothesisbs_000:float64, float64
[2023-01-10 23:26:52,792] 82 root INFO Hypothesisbt_000:float64, float64
[2023-01-10 23:26:52,803] 82 root INFO Hypothesisbu_000:float64, float64
[2023-01-10 23:26:52,813] 82 root INFO Hypothesisbv_000:float64, float64
[2023-01-10 23:26:52,823] 82 root INFO Hypothesisbx_000:float64, float64
[2023-01-10 23:26:52,834] 82 root INFO Hypothesisby_000:float64, float64
[2023-01-10 23:26:52,844] 82 root INFO Hypothesisbz_000:float64, float64
[2023-01-10 23:26:52,853] 82 root INFO Hypothesisca_000:float64, float64
[2023-01-10 23:26:52,863] 82 root INFO Hypothesiscb_000:float64, float64
[2023-01-10 23:26:52,874] 82 root INFO Hypothesiscc_000:float64, float64
[2023-01-10 23:26:52,885] 82 root INFO Hypothesiscd_000:float64, float64
[2023-01-10 23:26:52,924] 82 root INFO Hypothesisce_000:float64, float64
[2023-01-10 23:26:52,934] 82 root INFO Hypothesiscf_000:float64, float64
[2023-01-10 23:26:52,940] 82 root INFO Hypothesiscg_000:float64, float64
[2023-01-10 23:26:52,947] 82 root INFO Hypothesisch_000:float64, float64
[2023-01-10 23:26:52,986] 82 root INFO Hypothesisci_000:float64, float64
[2023-01-10 23:26:52,997] 82 root INFO Hypothesiscj_000:float64, float64
[2023-01-10 23:26:53,036] 82 root INFO Hypothesisck_000:float64, float64
[2023-01-10 23:26:53,047] 82 root INFO Hypothesiscl_000:float64, float64
[2023-01-10 23:26:53,052] 82 root INFO Hypothesiscm_000:float64, float64
[2023-01-10 23:26:53,060] 82 root INFO Hypothesiscn_000:float64, float64
[2023-01-10 23:26:53,096] 82 root INFO Hypothesiscn_001:float64, float64
[2023-01-10 23:26:53,135] 82 root INFO Hypothesiscn_002:float64, float64
[2023-01-10 23:26:53,143] 82 root INFO Hypothesiscn_003:float64, float64
[2023-01-10 23:26:53,154] 82 root INFO Hypothesiscn_004:float64, float64
[2023-01-10 23:26:53,164] 82 root INFO Hypothesiscn_005:float64, float64
[2023-01-10 23:26:53,175] 82 root INFO Hypothesiscn_006:float64, float64
[2023-01-10 23:26:53,184] 82 root INFO Hypothesiscn_007:float64, float64
[2023-01-10 23:26:53,194] 82 root INFO Hypothesiscn_008:float64, float64
[2023-01-10 23:26:53,203] 82 root INFO Hypothesiscn_009:float64, float64
[2023-01-10 23:26:53,243] 82 root INFO Hypothesisco_000:float64, float64
[2023-01-10 23:26:53,250] 82 root INFO Hypothesiscp_000:float64, float64
[2023-01-10 23:26:53,290] 82 root INFO Hypothesiscq_000:float64, float64
[2023-01-10 23:26:53,300] 82 root INFO Hypothesiscs_000:float64, float64
[2023-01-10 23:26:53,310] 82 root INFO Hypothesiscs_001:float64, float64
[2023-01-10 23:26:53,318] 82 root INFO Hypothesiscs_002:float64, float64
[2023-01-10 23:26:53,328] 82 root INFO Hypothesiscs_003:float64, float64
[2023-01-10 23:26:53,339] 82 root INFO Hypothesiscs_004:float64, float64
[2023-01-10 23:26:53,349] 82 root INFO Hypothesiscs_005:float64, float64
[2023-01-10 23:26:53,360] 82 root INFO Hypothesiscs_006:float64, float64
[2023-01-10 23:26:53,371] 82 root INFO Hypothesiscs_007:float64, float64
[2023-01-10 23:26:53,382] 82 root INFO Hypothesiscs_008:float64, float64
[2023-01-10 23:26:53,421] 82 root INFO Hypothesiscs_009:float64, float64
[2023-01-10 23:26:53,458] 82 root INFO Hypothesisct_000:float64, float64
[2023-01-10 23:26:53,466] 82 root INFO Hypothesiscu_000:float64, float64
[2023-01-10 23:26:53,474] 82 root INFO Hypothesiscv_000:float64, float64
[2023-01-10 23:26:53,483] 82 root INFO Hypothesiscx_000:float64, float64
[2023-01-10 23:26:53,492] 82 root INFO Hypothesiscy_000:float64, float64
[2023-01-10 23:26:53,498] 82 root INFO Hypothesiscz_000:float64, float64
[2023-01-10 23:26:53,506] 82 root INFO Hypothesisda_000:float64, float64
[2023-01-10 23:26:53,511] 82 root INFO Hypothesisdb_000:float64, float64
[2023-01-10 23:26:53,517] 82 root INFO Hypothesisdc_000:float64, float64
[2023-01-10 23:26:53,528] 82 root INFO Hypothesisdd_000:float64, float64
[2023-01-10 23:26:53,540] 82 root INFO Hypothesisde_000:float64, float64
[2023-01-10 23:26:53,550] 82 root INFO Hypothesisdf_000:float64, float64
[2023-01-10 23:26:53,587] 82 root INFO Hypothesisdg_000:float64, float64
[2023-01-10 23:26:53,625] 82 root INFO Hypothesisdh_000:float64, float64
[2023-01-10 23:26:53,630] 82 root INFO Hypothesisdi_000:float64, float64
[2023-01-10 23:26:53,669] 82 root INFO Hypothesisdj_000:float64, float64
[2023-01-10 23:26:53,707] 82 root INFO Hypothesisdk_000:float64, float64
[2023-01-10 23:26:53,744] 82 root INFO Hypothesisdl_000:float64, float64
[2023-01-10 23:26:53,780] 82 root INFO Hypothesisdm_000:float64, float64
[2023-01-10 23:26:53,817] 82 root INFO Hypothesisdn_000:float64, float64
[2023-01-10 23:26:53,827] 82 root INFO Hypothesisdo_000:float64, float64
[2023-01-10 23:26:53,837] 82 root INFO Hypothesisdp_000:float64, float64
[2023-01-10 23:26:53,846] 82 root INFO Hypothesisdq_000:float64, float64
[2023-01-10 23:26:53,887] 82 root INFO Hypothesisdr_000:float64, float64
[2023-01-10 23:26:53,937] 82 root INFO Hypothesisds_000:float64, float64
[2023-01-10 23:26:53,948] 82 root INFO Hypothesisdt_000:float64, float64
[2023-01-10 23:26:53,957] 82 root INFO Hypothesisdu_000:float64, float64
[2023-01-10 23:26:53,968] 82 root INFO Hypothesisdv_000:float64, float64
[2023-01-10 23:26:53,978] 82 root INFO Hypothesisdx_000:float64, float64
[2023-01-10 23:26:54,017] 82 root INFO Hypothesisdy_000:float64, float64
[2023-01-10 23:26:54,057] 82 root INFO Hypothesisdz_000:float64, float64
[2023-01-10 23:26:54,094] 82 root INFO Hypothesisea_000:float64, float64
[2023-01-10 23:26:54,130] 82 root INFO Hypothesiseb_000:float64, float64
[2023-01-10 23:26:54,139] 82 root INFO Hypothesisec_00:float64, float64
[2023-01-10 23:26:54,149] 82 root INFO Hypothesised_000:float64, float64
[2023-01-10 23:26:54,157] 82 root INFO Hypothesisee_000:float64, float64
[2023-01-10 23:26:54,168] 82 root INFO Hypothesisee_001:float64, float64
[2023-01-10 23:26:54,178] 82 root INFO Hypothesisee_002:float64, float64
[2023-01-10 23:26:54,189] 82 root INFO Hypothesisee_003:float64, float64
[2023-01-10 23:26:54,199] 82 root INFO Hypothesisee_004:float64, float64
[2023-01-10 23:26:54,209] 82 root INFO Hypothesisee_005:float64, float64
[2023-01-10 23:26:54,219] 82 root INFO Hypothesisee_006:float64, float64
[2023-01-10 23:26:54,229] 82 root INFO Hypothesisee_007:float64, float64
[2023-01-10 23:26:54,239] 82 root INFO Hypothesisee_008:float64, float64
[2023-01-10 23:26:54,247] 82 root INFO Hypothesisee_009:float64, float64
[2023-01-10 23:26:54,255] 82 root INFO Hypothesisef_000:float64, float64
[2023-01-10 23:26:54,292] 82 root INFO Hypothesiseg_000:float64, float64
[2023-01-10 23:26:54,328] 141 root INFO As all column are available in test df hence detecting data drift
[2023-01-10 23:26:54,328] 82 root INFO Hypothesisclass:object, object
[2023-01-10 23:26:54,405] 82 root INFO Hypothesisaa_000:float64, float64
[2023-01-10 23:26:54,412] 82 root INFO Hypothesisac_000:float64, float64
[2023-01-10 23:26:54,417] 82 root INFO Hypothesisad_000:float64, float64
[2023-01-10 23:26:54,422] 82 root INFO Hypothesisae_000:float64, float64
[2023-01-10 23:26:54,441] 82 root INFO Hypothesisaf_000:float64, float64
[2023-01-10 23:26:54,457] 82 root INFO Hypothesisag_000:float64, float64
[2023-01-10 23:26:54,472] 82 root INFO Hypothesisag_001:float64, float64
[2023-01-10 23:26:54,488] 82 root INFO Hypothesisag_002:float64, float64
[2023-01-10 23:26:54,491] 82 root INFO Hypothesisag_003:float64, float64
[2023-01-10 23:26:54,495] 82 root INFO Hypothesisag_004:float64, float64
[2023-01-10 23:26:54,502] 82 root INFO Hypothesisag_005:float64, float64
[2023-01-10 23:26:54,509] 82 root INFO Hypothesisag_006:float64, float64
[2023-01-10 23:26:54,517] 82 root INFO Hypothesisag_007:float64, float64
[2023-01-10 23:26:54,523] 82 root INFO Hypothesisag_008:float64, float64
[2023-01-10 23:26:54,529] 82 root INFO Hypothesisag_009:float64, float64
[2023-01-10 23:26:54,534] 82 root INFO Hypothesisah_000:float64, float64
[2023-01-10 23:26:54,541] 82 root INFO Hypothesisai_000:float64, float64
[2023-01-10 23:26:54,544] 82 root INFO Hypothesisaj_000:float64, float64
[2023-01-10 23:26:54,549] 82 root INFO Hypothesisak_000:float64, float64
[2023-01-10 23:26:54,552] 82 root INFO Hypothesisal_000:float64, float64
[2023-01-10 23:26:54,557] 82 root INFO Hypothesisam_0:float64, float64
[2023-01-10 23:26:54,562] 82 root INFO Hypothesisan_000:float64, float64
[2023-01-10 23:26:54,569] 82 root INFO Hypothesisao_000:float64, float64
[2023-01-10 23:26:54,576] 82 root INFO Hypothesisap_000:float64, float64
[2023-01-10 23:26:54,583] 82 root INFO Hypothesisaq_000:float64, float64
[2023-01-10 23:26:54,590] 82 root INFO Hypothesisar_000:float64, float64
[2023-01-10 23:26:54,606] 82 root INFO Hypothesisas_000:float64, float64
[2023-01-10 23:26:54,621] 82 root INFO Hypothesisat_000:float64, float64
[2023-01-10 23:26:54,637] 82 root INFO Hypothesisau_000:float64, float64
[2023-01-10 23:26:54,652] 82 root INFO Hypothesisav_000:float64, float64
[2023-01-10 23:26:54,658] 82 root INFO Hypothesisax_000:float64, float64
[2023-01-10 23:26:54,663] 82 root INFO Hypothesisay_000:float64, float64
[2023-01-10 23:26:54,678] 82 root INFO Hypothesisay_001:float64, float64
[2023-01-10 23:26:54,694] 82 root INFO Hypothesisay_002:float64, float64
[2023-01-10 23:26:54,709] 82 root INFO Hypothesisay_003:float64, float64
[2023-01-10 23:26:54,725] 82 root INFO Hypothesisay_004:float64, float64
[2023-01-10 23:26:54,740] 82 root INFO Hypothesisay_005:float64, float64
[2023-01-10 23:26:54,746] 82 root INFO Hypothesisay_006:float64, float64
[2023-01-10 23:26:54,752] 82 root INFO Hypothesisay_007:float64, float64
[2023-01-10 23:26:54,759] 82 root INFO Hypothesisay_008:float64, float64
[2023-01-10 23:26:54,765] 82 root INFO Hypothesisay_009:float64, float64
[2023-01-10 23:26:54,780] 82 root INFO Hypothesisaz_000:float64, float64
[2023-01-10 23:26:54,787] 82 root INFO Hypothesisaz_001:float64, float64
[2023-01-10 23:26:54,793] 82 root INFO Hypothesisaz_002:float64, float64
[2023-01-10 23:26:54,800] 82 root INFO Hypothesisaz_003:float64, float64
[2023-01-10 23:26:54,806] 82 root INFO Hypothesisaz_004:float64, float64
[2023-01-10 23:26:54,813] 82 root INFO Hypothesisaz_005:float64, float64
[2023-01-10 23:26:54,820] 82 root INFO Hypothesisaz_006:float64, float64
[2023-01-10 23:26:54,826] 82 root INFO Hypothesisaz_007:float64, float64
[2023-01-10 23:26:54,831] 82 root INFO Hypothesisaz_008:float64, float64
[2023-01-10 23:26:54,847] 82 root INFO Hypothesisaz_009:float64, float64
[2023-01-10 23:26:54,862] 82 root INFO Hypothesisba_000:float64, float64
[2023-01-10 23:26:54,870] 82 root INFO Hypothesisba_001:float64, float64
[2023-01-10 23:26:54,877] 82 root INFO Hypothesisba_002:float64, float64
[2023-01-10 23:26:54,884] 82 root INFO Hypothesisba_003:float64, float64
[2023-01-10 23:26:54,891] 82 root INFO Hypothesisba_004:float64, float64
[2023-01-10 23:26:54,899] 82 root INFO Hypothesisba_005:float64, float64
[2023-01-10 23:26:54,907] 82 root INFO Hypothesisba_006:float64, float64
[2023-01-10 23:26:54,914] 82 root INFO Hypothesisba_007:float64, float64
[2023-01-10 23:26:54,920] 82 root INFO Hypothesisba_008:float64, float64
[2023-01-10 23:26:54,925] 82 root INFO Hypothesisba_009:float64, float64
[2023-01-10 23:26:54,930] 82 root INFO Hypothesisbb_000:float64, float64
[2023-01-10 23:26:54,937] 82 root INFO Hypothesisbc_000:float64, float64
[2023-01-10 23:26:54,942] 82 root INFO Hypothesisbd_000:float64, float64
[2023-01-10 23:26:54,948] 82 root INFO Hypothesisbe_000:float64, float64
[2023-01-10 23:26:54,953] 82 root INFO Hypothesisbf_000:float64, float64
[2023-01-10 23:26:54,958] 82 root INFO Hypothesisbg_000:float64, float64
[2023-01-10 23:26:54,965] 82 root INFO Hypothesisbh_000:float64, float64
[2023-01-10 23:26:54,972] 82 root INFO Hypothesisbi_000:float64, float64
[2023-01-10 23:26:54,979] 82 root INFO Hypothesisbj_000:float64, float64
[2023-01-10 23:26:54,987] 82 root INFO Hypothesisbk_000:float64, float64
[2023-01-10 23:26:54,992] 82 root INFO Hypothesisbl_000:float64, float64
[2023-01-10 23:26:54,998] 82 root INFO Hypothesisbm_000:float64, float64
[2023-01-10 23:26:55,002] 82 root INFO Hypothesisbs_000:float64, float64
[2023-01-10 23:26:55,009] 82 root INFO Hypothesisbt_000:float64, float64
[2023-01-10 23:26:55,017] 82 root INFO Hypothesisbu_000:float64, float64
[2023-01-10 23:26:55,024] 82 root INFO Hypothesisbv_000:float64, float64
[2023-01-10 23:26:55,031] 82 root INFO Hypothesisbx_000:float64, float64
[2023-01-10 23:26:55,038] 82 root INFO Hypothesisby_000:float64, float64
[2023-01-10 23:26:55,044] 82 root INFO Hypothesisbz_000:float64, float64
[2023-01-10 23:26:55,051] 82 root INFO Hypothesisca_000:float64, float64
[2023-01-10 23:26:55,057] 82 root INFO Hypothesiscb_000:float64, float64
[2023-01-10 23:26:55,065] 82 root INFO Hypothesiscc_000:float64, float64
[2023-01-10 23:26:55,072] 82 root INFO Hypothesiscd_000:float64, float64
[2023-01-10 23:26:55,088] 82 root INFO Hypothesisce_000:float64, float64
[2023-01-10 23:26:55,095] 82 root INFO Hypothesiscf_000:float64, float64
[2023-01-10 23:26:55,099] 82 root INFO Hypothesiscg_000:float64, float64
[2023-01-10 23:26:55,104] 82 root INFO Hypothesisch_000:float64, float64
[2023-01-10 23:26:55,108] 82 root INFO Hypothesisci_000:float64, float64
[2023-01-10 23:26:55,115] 82 root INFO Hypothesiscj_000:float64, float64
[2023-01-10 23:26:55,120] 82 root INFO Hypothesisck_000:float64, float64
[2023-01-10 23:26:55,128] 82 root INFO Hypothesiscl_000:float64, float64
[2023-01-10 23:26:55,132] 82 root INFO Hypothesiscm_000:float64, float64
[2023-01-10 23:26:55,138] 82 root INFO Hypothesiscn_000:float64, float64
[2023-01-10 23:26:55,153] 82 root INFO Hypothesiscn_001:float64, float64
[2023-01-10 23:26:55,157] 82 root INFO Hypothesiscn_002:float64, float64
[2023-01-10 23:26:55,162] 82 root INFO Hypothesiscn_003:float64, float64
[2023-01-10 23:26:55,170] 82 root INFO Hypothesiscn_004:float64, float64
[2023-01-10 23:26:55,177] 82 root INFO Hypothesiscn_005:float64, float64
[2023-01-10 23:26:55,184] 82 root INFO Hypothesiscn_006:float64, float64
[2023-01-10 23:26:55,191] 82 root INFO Hypothesiscn_007:float64, float64
[2023-01-10 23:26:55,197] 82 root INFO Hypothesiscn_008:float64, float64
[2023-01-10 23:26:55,203] 82 root INFO Hypothesiscn_009:float64, float64
[2023-01-10 23:26:55,209] 82 root INFO Hypothesisco_000:float64, float64
[2023-01-10 23:26:55,213] 82 root INFO Hypothesiscp_000:float64, float64
[2023-01-10 23:26:55,219] 82 root INFO Hypothesiscq_000:float64, float64
[2023-01-10 23:26:55,226] 82 root INFO Hypothesiscs_000:float64, float64
[2023-01-10 23:26:55,232] 82 root INFO Hypothesiscs_001:float64, float64
[2023-01-10 23:26:55,238] 82 root INFO Hypothesiscs_002:float64, float64
[2023-01-10 23:26:55,245] 82 root INFO Hypothesiscs_003:float64, float64
[2023-01-10 23:26:55,252] 82 root INFO Hypothesiscs_004:float64, float64
[2023-01-10 23:26:55,259] 82 root INFO Hypothesiscs_005:float64, float64
[2023-01-10 23:26:55,266] 82 root INFO Hypothesiscs_006:float64, float64
[2023-01-10 23:26:55,273] 82 root INFO Hypothesiscs_007:float64, float64
[2023-01-10 23:26:55,280] 82 root INFO Hypothesiscs_008:float64, float64
[2023-01-10 23:26:55,285] 82 root INFO Hypothesiscs_009:float64, float64
[2023-01-10 23:26:55,300] 82 root INFO Hypothesisct_000:float64, float64
[2023-01-10 23:26:55,305] 82 root INFO Hypothesiscu_000:float64, float64
[2023-01-10 23:26:55,311] 82 root INFO Hypothesiscv_000:float64, float64
[2023-01-10 23:26:55,317] 82 root INFO Hypothesiscx_000:float64, float64
[2023-01-10 23:26:55,323] 82 root INFO Hypothesiscy_000:float64, float64
[2023-01-10 23:26:55,327] 82 root INFO Hypothesiscz_000:float64, float64
[2023-01-10 23:26:55,332] 82 root INFO Hypothesisda_000:float64, float64
[2023-01-10 23:26:55,336] 82 root INFO Hypothesisdb_000:float64, float64
[2023-01-10 23:26:55,340] 82 root INFO Hypothesisdc_000:float64, float64
[2023-01-10 23:26:55,346] 82 root INFO Hypothesisdd_000:float64, float64
[2023-01-10 23:26:55,352] 82 root INFO Hypothesisde_000:float64, float64
[2023-01-10 23:26:55,358] 82 root INFO Hypothesisdf_000:float64, float64
[2023-01-10 23:26:55,361] 82 root INFO Hypothesisdg_000:float64, float64
[2023-01-10 23:26:55,364] 82 root INFO Hypothesisdh_000:float64, float64
[2023-01-10 23:26:55,368] 82 root INFO Hypothesisdi_000:float64, float64
[2023-01-10 23:26:55,372] 82 root INFO Hypothesisdj_000:float64, float64
[2023-01-10 23:26:55,388] 82 root INFO Hypothesisdk_000:float64, float64
[2023-01-10 23:26:55,391] 82 root INFO Hypothesisdl_000:float64, float64
[2023-01-10 23:26:55,407] 82 root INFO Hypothesisdm_000:float64, float64
[2023-01-10 23:26:55,423] 82 root INFO Hypothesisdn_000:float64, float64
[2023-01-10 23:26:55,430] 82 root INFO Hypothesisdo_000:float64, float64
[2023-01-10 23:26:55,436] 82 root INFO Hypothesisdp_000:float64, float64
[2023-01-10 23:26:55,443] 82 root INFO Hypothesisdq_000:float64, float64
[2023-01-10 23:26:55,447] 82 root INFO Hypothesisdr_000:float64, float64
[2023-01-10 23:26:55,451] 82 root INFO Hypothesisds_000:float64, float64
[2023-01-10 23:26:55,458] 82 root INFO Hypothesisdt_000:float64, float64
[2023-01-10 23:26:55,464] 82 root INFO Hypothesisdu_000:float64, float64
[2023-01-10 23:26:55,471] 82 root INFO Hypothesisdv_000:float64, float64
[2023-01-10 23:26:55,478] 82 root INFO Hypothesisdx_000:float64, float64
[2023-01-10 23:26:55,483] 82 root INFO Hypothesisdy_000:float64, float64
[2023-01-10 23:26:55,488] 82 root INFO Hypothesisdz_000:float64, float64
[2023-01-10 23:26:55,503] 82 root INFO Hypothesisea_000:float64, float64
[2023-01-10 23:26:55,519] 82 root INFO Hypothesiseb_000:float64, float64
[2023-01-10 23:26:55,525] 82 root INFO Hypothesisec_00:float64, float64
[2023-01-10 23:26:55,532] 82 root INFO Hypothesised_000:float64, float64
[2023-01-10 23:26:55,539] 82 root INFO Hypothesisee_000:float64, float64
[2023-01-10 23:26:55,546] 82 root INFO Hypothesisee_001:float64, float64
[2023-01-10 23:26:55,553] 82 root INFO Hypothesisee_002:float64, float64
[2023-01-10 23:26:55,560] 82 root INFO Hypothesisee_003:float64, float64
[2023-01-10 23:26:55,567] 82 root INFO Hypothesisee_004:float64, float64
[2023-01-10 23:26:55,574] 82 root INFO Hypothesisee_005:float64, float64
[2023-01-10 23:26:55,581] 82 root INFO Hypothesisee_006:float64, float64
[2023-01-10 23:26:55,588] 82 root INFO Hypothesisee_007:float64, float64
[2023-01-10 23:26:55,594] 82 root INFO Hypothesisee_008:float64, float64
[2023-01-10 23:26:55,600] 82 root INFO Hypothesisee_009:float64, float64
[2023-01-10 23:26:55,605] 82 root INFO Hypothesisef_000:float64, float64
[2023-01-10 23:26:55,620] 82 root INFO Hypothesiseg_000:float64, float64
[2023-01-10 23:26:55,636] 148 root INFO Write reprt in yaml file
[2023-01-10 23:26:55,740] 153 root INFO Data validation artifact: DataValidationArtifact(report_file_path='/config/workspace/artifact/01102023__232628/data_validation/report.ymal')
