[2023-01-10 22:30:46,152] 19 root INFO This line will create the folder name as artifact in current directory with proper timestamp and date
[2023-01-10 22:30:46,152] 16 root INFO >>>>>>>>>>>>>>>>>>>>>>>>>>>>>>>>>>>>>>>> Data Ingestion <<<<<<<<<<<<<<<<<<<<<<<<<<<<<<<<<<<<<<<<
[2023-01-10 22:30:46,152] 27 root INFO Exporting collection data as pandas dataframe
[2023-01-10 22:30:46,152] 20 root INFO Reading data from database: aps and collection: sensor
[2023-01-10 22:30:49,638] 22 root INFO Found columns: Index(['_id', 'class', 'aa_000', 'ab_000', 'ac_000', 'ad_000', 'ae_000',
       'af_000', 'ag_000', 'ag_001',
       ...
       'ee_002', 'ee_003', 'ee_004', 'ee_005', 'ee_006', 'ee_007', 'ee_008',
       'ee_009', 'ef_000', 'eg_000'],
      dtype='object', length=172)
[2023-01-10 22:30:49,638] 24 root INFO Dropping column: _id 
[2023-01-10 22:30:49,832] 26 root INFO Row and columns in df: (36188, 171)
[2023-01-10 22:30:49,832] 33 root INFO Save data in feature store
[2023-01-10 22:30:50,385] 39 root INFO Create feature store folder if not available
[2023-01-10 22:30:50,385] 43 root INFO Save df to feature store folder
[2023-01-10 22:30:52,746] 48 root INFO split dataset into train and test set
[2023-01-10 22:30:53,294] 52 root INFO create dataset directory folder if not available
[2023-01-10 22:30:53,294] 57 root INFO Save df to feature store folder
[2023-01-10 22:30:55,433] 69 root INFO Data ingestion artifact: DataIngestionArtifact(feature_store_file_path='/config/workspace/artifact/01102023__223046/data_ingetion/feature_store/sensor.csv', train_file_path='/config/workspace/artifact/01102023__223046/data_ingetion/dataset/train.csv', test_file_path='/config/workspace/artifact/01102023__223046/data_ingetion/dataset/test.csv')
[2023-01-10 22:30:55,853] 18 root INFO >>>>>>>>>>>>>>>>>>>>>>>>>>>>>>>>>>>>>>>> Data Validation <<<<<<<<<<<<<<<<<<<<<<<<<<<<<<<<<<<<<<<<
[2023-01-10 22:30:59,232] 114 root INFO Is all required columns present in train df
[2023-01-10 22:30:59,233] 117 root INFO Is all required columns present in test df
[2023-01-10 22:30:59,233] 131 root INFO Write reprt in yaml file
