[2023-01-10 12:13:34,767] 19 root INFO This line will create the folder name as artifact in current directory with proper timestamp and date
[2023-01-10 12:13:34,767] 16 root INFO >>>>>>>>>>>>>>>>>>>>>>>>>>>>>>>>>>>>>>>> Data Ingestion <<<<<<<<<<<<<<<<<<<<<<<<<<<<<<<<<<<<<<<<
[2023-01-10 12:13:34,767] 27 root INFO Exporting collection data as pandas dataframe
[2023-01-10 12:13:34,768] 20 root INFO Reading data from database: aps and collection: sensor
[2023-01-10 12:13:38,326] 22 root INFO Found columns: Index(['_id', 'class', 'aa_000', 'ab_000', 'ac_000', 'ad_000', 'ae_000',
       'af_000', 'ag_000', 'ag_001',
       ...
       'ee_002', 'ee_003', 'ee_004', 'ee_005', 'ee_006', 'ee_007', 'ee_008',
       'ee_009', 'ef_000', 'eg_000'],
      dtype='object', length=172)
[2023-01-10 12:13:38,327] 24 root INFO Dropping column: _id 
[2023-01-10 12:13:38,541] 26 root INFO Row and columns in df: (36188, 171)
[2023-01-10 12:13:38,541] 33 root INFO Save data in feature store
[2023-01-10 12:13:39,074] 39 root INFO Create feature store folder if not available
[2023-01-10 12:13:39,075] 43 root INFO Save df to feature store folder
[2023-01-10 12:13:41,608] 48 root INFO split dataset into train and test set
[2023-01-10 12:13:42,295] 52 root INFO create dataset directory folder if not available
[2023-01-10 12:13:42,295] 57 root INFO Save df to feature store folder
[2023-01-10 12:13:44,661] 69 root INFO Data ingestion artifact: DataIngestionArtifact(feature_store_file_path='/config/workspace/artifact/01102023__121334/data_ingetion/feature_store/sensor.csv', train_file_path='/config/workspace/artifact/01102023__121334/data_ingetion/dataset/train.csv', test_file_path='/config/workspace/artifact/01102023__121334/data_ingetion/dataset/test.csv')
[2023-01-10 12:13:45,121] 27 root INFO Exporting collection data as pandas dataframe
[2023-01-10 12:13:45,121] 20 root INFO Reading data from database: aps and collection: sensor
[2023-01-10 12:13:48,637] 22 root INFO Found columns: Index(['_id', 'class', 'aa_000', 'ab_000', 'ac_000', 'ad_000', 'ae_000',
       'af_000', 'ag_000', 'ag_001',
       ...
       'ee_002', 'ee_003', 'ee_004', 'ee_005', 'ee_006', 'ee_007', 'ee_008',
       'ee_009', 'ef_000', 'eg_000'],
      dtype='object', length=172)
[2023-01-10 12:13:48,637] 24 root INFO Dropping column: _id 
[2023-01-10 12:13:48,834] 26 root INFO Row and columns in df: (36188, 171)
[2023-01-10 12:13:48,834] 33 root INFO Save data in feature store
[2023-01-10 12:13:49,354] 39 root INFO Create feature store folder if not available
[2023-01-10 12:13:49,355] 43 root INFO Save df to feature store folder
[2023-01-10 12:13:52,281] 48 root INFO split dataset into train and test set
[2023-01-10 12:13:52,882] 52 root INFO create dataset directory folder if not available
[2023-01-10 12:13:52,882] 57 root INFO Save df to feature store folder
[2023-01-10 12:13:55,179] 69 root INFO Data ingestion artifact: DataIngestionArtifact(feature_store_file_path='/config/workspace/artifact/01102023__121334/data_ingetion/feature_store/sensor.csv', train_file_path='/config/workspace/artifact/01102023__121334/data_ingetion/dataset/train.csv', test_file_path='/config/workspace/artifact/01102023__121334/data_ingetion/dataset/test.csv')
