[2023-01-12 12:27:50,054] 22 root INFO This line will create the folder name as artifact in current directory with proper timestamp and date
[2023-01-12 12:27:50,054] 16 root INFO >>>>>>>>>>>>>>>>>>>>>>>>>>>>>>>>>>>>>>>> Data Ingestion <<<<<<<<<<<<<<<<<<<<<<<<<<<<<<<<<<<<<<<<
[2023-01-12 12:27:50,054] 27 root INFO Exporting collection data as pandas dataframe
[2023-01-12 12:27:50,054] 23 root INFO Reading data from database: aps and collection: sensor
[2023-01-12 12:27:53,302] 25 root INFO Found columns: Index(['_id', 'class', 'aa_000', 'ab_000', 'ac_000', 'ad_000', 'ae_000',
       'af_000', 'ag_000', 'ag_001',
       ...
       'ee_002', 'ee_003', 'ee_004', 'ee_005', 'ee_006', 'ee_007', 'ee_008',
       'ee_009', 'ef_000', 'eg_000'],
      dtype='object', length=172)
[2023-01-12 12:27:53,302] 27 root INFO Dropping column: _id 
[2023-01-12 12:27:53,494] 29 root INFO Row and columns in df: (36188, 171)
[2023-01-12 12:27:53,495] 33 root INFO Save data in feature store
[2023-01-12 12:27:54,029] 39 root INFO Create feature store folder if not available
[2023-01-12 12:27:54,029] 43 root INFO Save df to feature store folder
[2023-01-12 12:27:56,547] 48 root INFO split dataset into train and test set
[2023-01-12 12:27:57,110] 52 root INFO create dataset directory folder if not available
[2023-01-12 12:27:57,110] 57 root INFO Save df to feature store folder
[2023-01-12 12:27:59,360] 69 root INFO Data ingestion artifact: DataIngestionArtifact(feature_store_file_path='/config/workspace/artifact/01122023__122750/data_ingetion/feature_store/sensor.csv', train_file_path='/config/workspace/artifact/01122023__122750/data_ingetion/dataset/train.csv', test_file_path='/config/workspace/artifact/01122023__122750/data_ingetion/dataset/test.csv')
[2023-01-12 12:27:59,773] 19 root INFO >>>>>>>>>>>>>>>>>>>>>>>>>>>>>>>>>>>>>>>> Data Validation <<<<<<<<<<<<<<<<<<<<<<<<<<<<<<<<<<<<<<<<
[2023-01-12 12:27:59,773] 107 root INFO Reading base dataframe
[2023-01-12 12:28:02,622] 111 root INFO Replace na value in base df
[2023-01-12 12:28:02,622] 114 root INFO Drop null values colums from base df
[2023-01-12 12:28:03,546] 40 root INFO selecting column name which contains null above to 0.7
[2023-01-12 12:28:03,547] 43 root INFO Columns to drop: ['ab_000', 'bn_000', 'bo_000', 'bp_000', 'bq_000', 'br_000', 'cr_000']
[2023-01-12 12:28:03,627] 117 root INFO Reading train dataframe
[2023-01-12 12:28:04,018] 119 root INFO Reading test dataframe
[2023-01-12 12:28:04,119] 122 root INFO Drop null values colums from train df
[2023-01-12 12:28:04,130] 40 root INFO selecting column name which contains null above to 0.7
[2023-01-12 12:28:04,131] 43 root INFO Columns to drop: ['ab_000', 'bn_000', 'bo_000', 'bp_000', 'bq_000', 'br_000', 'cr_000']
[2023-01-12 12:28:04,141] 124 root INFO Drop null values colums from test df
[2023-01-12 12:28:04,145] 40 root INFO selecting column name which contains null above to 0.7
[2023-01-12 12:28:04,145] 43 root INFO Columns to drop: ['ab_000', 'bn_000', 'bo_000', 'bp_000', 'bq_000', 'br_000', 'cr_000']
[2023-01-12 12:28:11,354] 132 root INFO Is all required columns present in train df
[2023-01-12 12:28:11,355] 135 root INFO Is all required columns present in test df
[2023-01-12 12:28:11,355] 139 root INFO As all column are available in train df hence detecting data drift
[2023-01-12 12:28:11,355] 83 root INFO Hypothesisclass:object, object
[2023-01-12 12:28:11,486] 83 root INFO Hypothesisaa_000:float64, float64
[2023-01-12 12:28:11,496] 83 root INFO Hypothesisac_000:float64, float64
[2023-01-12 12:28:11,536] 83 root INFO Hypothesisad_000:float64, float64
[2023-01-12 12:28:11,544] 83 root INFO Hypothesisae_000:float64, float64
[2023-01-12 12:28:11,580] 83 root INFO Hypothesisaf_000:float64, float64
[2023-01-12 12:28:11,617] 83 root INFO Hypothesisag_000:float64, float64
[2023-01-12 12:28:11,653] 83 root INFO Hypothesisag_001:float64, float64
[2023-01-12 12:28:11,689] 83 root INFO Hypothesisag_002:float64, float64
[2023-01-12 12:28:11,725] 83 root INFO Hypothesisag_003:float64, float64
[2023-01-12 12:28:11,731] 83 root INFO Hypothesisag_004:float64, float64
[2023-01-12 12:28:11,741] 83 root INFO Hypothesisag_005:float64, float64
[2023-01-12 12:28:11,752] 83 root INFO Hypothesisag_006:float64, float64
[2023-01-12 12:28:11,762] 83 root INFO Hypothesisag_007:float64, float64
[2023-01-12 12:28:11,772] 83 root INFO Hypothesisag_008:float64, float64
[2023-01-12 12:28:11,780] 83 root INFO Hypothesisag_009:float64, float64
[2023-01-12 12:28:11,787] 83 root INFO Hypothesisah_000:float64, float64
[2023-01-12 12:28:11,798] 83 root INFO Hypothesisai_000:float64, float64
[2023-01-12 12:28:11,834] 83 root INFO Hypothesisaj_000:float64, float64
[2023-01-12 12:28:11,840] 83 root INFO Hypothesisak_000:float64, float64
[2023-01-12 12:28:11,877] 83 root INFO Hypothesisal_000:float64, float64
[2023-01-12 12:28:11,885] 83 root INFO Hypothesisam_0:float64, float64
[2023-01-12 12:28:11,893] 83 root INFO Hypothesisan_000:float64, float64
[2023-01-12 12:28:11,903] 83 root INFO Hypothesisao_000:float64, float64
[2023-01-12 12:28:11,914] 83 root INFO Hypothesisap_000:float64, float64
[2023-01-12 12:28:11,925] 83 root INFO Hypothesisaq_000:float64, float64
[2023-01-12 12:28:11,935] 83 root INFO Hypothesisar_000:float64, float64
[2023-01-12 12:28:11,972] 83 root INFO Hypothesisas_000:float64, float64
[2023-01-12 12:28:12,007] 83 root INFO Hypothesisat_000:float64, float64
[2023-01-12 12:28:12,044] 83 root INFO Hypothesisau_000:float64, float64
[2023-01-12 12:28:12,079] 83 root INFO Hypothesisav_000:float64, float64
[2023-01-12 12:28:12,088] 83 root INFO Hypothesisax_000:float64, float64
[2023-01-12 12:28:12,096] 83 root INFO Hypothesisay_000:float64, float64
[2023-01-12 12:28:12,131] 83 root INFO Hypothesisay_001:float64, float64
[2023-01-12 12:28:12,167] 83 root INFO Hypothesisay_002:float64, float64
[2023-01-12 12:28:12,205] 83 root INFO Hypothesisay_003:float64, float64
[2023-01-12 12:28:12,240] 83 root INFO Hypothesisay_004:float64, float64
[2023-01-12 12:28:12,276] 83 root INFO Hypothesisay_005:float64, float64
[2023-01-12 12:28:12,316] 83 root INFO Hypothesisay_006:float64, float64
[2023-01-12 12:28:12,325] 83 root INFO Hypothesisay_007:float64, float64
[2023-01-12 12:28:12,335] 83 root INFO Hypothesisay_008:float64, float64
[2023-01-12 12:28:12,345] 83 root INFO Hypothesisay_009:float64, float64
[2023-01-12 12:28:12,380] 83 root INFO Hypothesisaz_000:float64, float64
[2023-01-12 12:28:12,390] 83 root INFO Hypothesisaz_001:float64, float64
[2023-01-12 12:28:12,399] 83 root INFO Hypothesisaz_002:float64, float64
[2023-01-12 12:28:12,409] 83 root INFO Hypothesisaz_003:float64, float64
[2023-01-12 12:28:12,419] 83 root INFO Hypothesisaz_004:float64, float64
[2023-01-12 12:28:12,429] 83 root INFO Hypothesisaz_005:float64, float64
[2023-01-12 12:28:12,439] 83 root INFO Hypothesisaz_006:float64, float64
[2023-01-12 12:28:12,481] 83 root INFO Hypothesisaz_007:float64, float64
[2023-01-12 12:28:12,519] 83 root INFO Hypothesisaz_008:float64, float64
[2023-01-12 12:28:12,555] 83 root INFO Hypothesisaz_009:float64, float64
[2023-01-12 12:28:12,592] 83 root INFO Hypothesisba_000:float64, float64
[2023-01-12 12:28:12,603] 83 root INFO Hypothesisba_001:float64, float64
[2023-01-12 12:28:12,614] 83 root INFO Hypothesisba_002:float64, float64
[2023-01-12 12:28:12,625] 83 root INFO Hypothesisba_003:float64, float64
[2023-01-12 12:28:12,636] 83 root INFO Hypothesisba_004:float64, float64
[2023-01-12 12:28:12,646] 83 root INFO Hypothesisba_005:float64, float64
[2023-01-12 12:28:12,656] 83 root INFO Hypothesisba_006:float64, float64
[2023-01-12 12:28:12,666] 83 root INFO Hypothesisba_007:float64, float64
[2023-01-12 12:28:12,675] 83 root INFO Hypothesisba_008:float64, float64
[2023-01-12 12:28:12,714] 83 root INFO Hypothesisba_009:float64, float64
[2023-01-12 12:28:12,753] 83 root INFO Hypothesisbb_000:float64, float64
[2023-01-12 12:28:12,763] 83 root INFO Hypothesisbc_000:float64, float64
[2023-01-12 12:28:12,803] 83 root INFO Hypothesisbd_000:float64, float64
[2023-01-12 12:28:12,811] 83 root INFO Hypothesisbe_000:float64, float64
[2023-01-12 12:28:12,820] 83 root INFO Hypothesisbf_000:float64, float64
[2023-01-12 12:28:12,826] 83 root INFO Hypothesisbg_000:float64, float64
[2023-01-12 12:28:12,837] 83 root INFO Hypothesisbh_000:float64, float64
[2023-01-12 12:28:12,847] 83 root INFO Hypothesisbi_000:float64, float64
[2023-01-12 12:28:12,857] 83 root INFO Hypothesisbj_000:float64, float64
[2023-01-12 12:28:12,868] 83 root INFO Hypothesisbk_000:float64, float64
[2023-01-12 12:28:12,876] 83 root INFO Hypothesisbl_000:float64, float64
[2023-01-12 12:28:12,884] 83 root INFO Hypothesisbm_000:float64, float64
[2023-01-12 12:28:12,890] 83 root INFO Hypothesisbs_000:float64, float64
[2023-01-12 12:28:12,901] 83 root INFO Hypothesisbt_000:float64, float64
[2023-01-12 12:28:12,911] 83 root INFO Hypothesisbu_000:float64, float64
[2023-01-12 12:28:12,921] 83 root INFO Hypothesisbv_000:float64, float64
[2023-01-12 12:28:12,932] 83 root INFO Hypothesisbx_000:float64, float64
[2023-01-12 12:28:12,942] 83 root INFO Hypothesisby_000:float64, float64
[2023-01-12 12:28:12,952] 83 root INFO Hypothesisbz_000:float64, float64
[2023-01-12 12:28:12,961] 83 root INFO Hypothesisca_000:float64, float64
[2023-01-12 12:28:12,972] 83 root INFO Hypothesiscb_000:float64, float64
[2023-01-12 12:28:12,983] 83 root INFO Hypothesiscc_000:float64, float64
[2023-01-12 12:28:12,993] 83 root INFO Hypothesiscd_000:float64, float64
[2023-01-12 12:28:13,029] 83 root INFO Hypothesisce_000:float64, float64
[2023-01-12 12:28:13,039] 83 root INFO Hypothesiscf_000:float64, float64
[2023-01-12 12:28:13,044] 83 root INFO Hypothesiscg_000:float64, float64
[2023-01-12 12:28:13,051] 83 root INFO Hypothesisch_000:float64, float64
[2023-01-12 12:28:13,089] 83 root INFO Hypothesisci_000:float64, float64
[2023-01-12 12:28:13,099] 83 root INFO Hypothesiscj_000:float64, float64
[2023-01-12 12:28:13,140] 83 root INFO Hypothesisck_000:float64, float64
[2023-01-12 12:28:13,153] 83 root INFO Hypothesiscl_000:float64, float64
[2023-01-12 12:28:13,159] 83 root INFO Hypothesiscm_000:float64, float64
[2023-01-12 12:28:13,166] 83 root INFO Hypothesiscn_000:float64, float64
[2023-01-12 12:28:13,201] 83 root INFO Hypothesiscn_001:float64, float64
[2023-01-12 12:28:13,244] 83 root INFO Hypothesiscn_002:float64, float64
[2023-01-12 12:28:13,252] 83 root INFO Hypothesiscn_003:float64, float64
[2023-01-12 12:28:13,262] 83 root INFO Hypothesiscn_004:float64, float64
[2023-01-12 12:28:13,273] 83 root INFO Hypothesiscn_005:float64, float64
[2023-01-12 12:28:13,283] 83 root INFO Hypothesiscn_006:float64, float64
[2023-01-12 12:28:13,294] 83 root INFO Hypothesiscn_007:float64, float64
[2023-01-12 12:28:13,303] 83 root INFO Hypothesiscn_008:float64, float64
[2023-01-12 12:28:13,312] 83 root INFO Hypothesiscn_009:float64, float64
[2023-01-12 12:28:13,351] 83 root INFO Hypothesisco_000:float64, float64
[2023-01-12 12:28:13,358] 83 root INFO Hypothesiscp_000:float64, float64
[2023-01-12 12:28:13,398] 83 root INFO Hypothesiscq_000:float64, float64
[2023-01-12 12:28:13,408] 83 root INFO Hypothesiscs_000:float64, float64
[2023-01-12 12:28:13,418] 83 root INFO Hypothesiscs_001:float64, float64
[2023-01-12 12:28:13,427] 83 root INFO Hypothesiscs_002:float64, float64
[2023-01-12 12:28:13,437] 83 root INFO Hypothesiscs_003:float64, float64
[2023-01-12 12:28:13,447] 83 root INFO Hypothesiscs_004:float64, float64
[2023-01-12 12:28:13,457] 83 root INFO Hypothesiscs_005:float64, float64
[2023-01-12 12:28:13,468] 83 root INFO Hypothesiscs_006:float64, float64
[2023-01-12 12:28:13,478] 83 root INFO Hypothesiscs_007:float64, float64
[2023-01-12 12:28:13,489] 83 root INFO Hypothesiscs_008:float64, float64
[2023-01-12 12:28:13,528] 83 root INFO Hypothesiscs_009:float64, float64
[2023-01-12 12:28:13,565] 83 root INFO Hypothesisct_000:float64, float64
[2023-01-12 12:28:13,573] 83 root INFO Hypothesiscu_000:float64, float64
[2023-01-12 12:28:13,581] 83 root INFO Hypothesiscv_000:float64, float64
[2023-01-12 12:28:13,591] 83 root INFO Hypothesiscx_000:float64, float64
[2023-01-12 12:28:13,600] 83 root INFO Hypothesiscy_000:float64, float64
[2023-01-12 12:28:13,606] 83 root INFO Hypothesiscz_000:float64, float64
[2023-01-12 12:28:13,615] 83 root INFO Hypothesisda_000:float64, float64
[2023-01-12 12:28:13,620] 83 root INFO Hypothesisdb_000:float64, float64
[2023-01-12 12:28:13,627] 83 root INFO Hypothesisdc_000:float64, float64
[2023-01-12 12:28:13,636] 83 root INFO Hypothesisdd_000:float64, float64
[2023-01-12 12:28:13,645] 83 root INFO Hypothesisde_000:float64, float64
[2023-01-12 12:28:13,654] 83 root INFO Hypothesisdf_000:float64, float64
[2023-01-12 12:28:13,690] 83 root INFO Hypothesisdg_000:float64, float64
[2023-01-12 12:28:13,727] 83 root INFO Hypothesisdh_000:float64, float64
[2023-01-12 12:28:13,733] 83 root INFO Hypothesisdi_000:float64, float64
[2023-01-12 12:28:13,770] 83 root INFO Hypothesisdj_000:float64, float64
[2023-01-12 12:28:13,806] 83 root INFO Hypothesisdk_000:float64, float64
[2023-01-12 12:28:13,843] 83 root INFO Hypothesisdl_000:float64, float64
[2023-01-12 12:28:13,879] 83 root INFO Hypothesisdm_000:float64, float64
[2023-01-12 12:28:13,916] 83 root INFO Hypothesisdn_000:float64, float64
[2023-01-12 12:28:13,926] 83 root INFO Hypothesisdo_000:float64, float64
[2023-01-12 12:28:13,935] 83 root INFO Hypothesisdp_000:float64, float64
[2023-01-12 12:28:13,945] 83 root INFO Hypothesisdq_000:float64, float64
[2023-01-12 12:28:13,983] 83 root INFO Hypothesisdr_000:float64, float64
[2023-01-12 12:28:14,021] 83 root INFO Hypothesisds_000:float64, float64
[2023-01-12 12:28:14,032] 83 root INFO Hypothesisdt_000:float64, float64
[2023-01-12 12:28:14,042] 83 root INFO Hypothesisdu_000:float64, float64
[2023-01-12 12:28:14,052] 83 root INFO Hypothesisdv_000:float64, float64
[2023-01-12 12:28:14,062] 83 root INFO Hypothesisdx_000:float64, float64
[2023-01-12 12:28:14,101] 83 root INFO Hypothesisdy_000:float64, float64
[2023-01-12 12:28:14,140] 83 root INFO Hypothesisdz_000:float64, float64
[2023-01-12 12:28:14,176] 83 root INFO Hypothesisea_000:float64, float64
[2023-01-12 12:28:14,217] 83 root INFO Hypothesiseb_000:float64, float64
[2023-01-12 12:28:14,228] 83 root INFO Hypothesisec_00:float64, float64
[2023-01-12 12:28:14,238] 83 root INFO Hypothesised_000:float64, float64
[2023-01-12 12:28:14,247] 83 root INFO Hypothesisee_000:float64, float64
[2023-01-12 12:28:14,257] 83 root INFO Hypothesisee_001:float64, float64
[2023-01-12 12:28:14,268] 83 root INFO Hypothesisee_002:float64, float64
[2023-01-12 12:28:14,278] 83 root INFO Hypothesisee_003:float64, float64
[2023-01-12 12:28:14,288] 83 root INFO Hypothesisee_004:float64, float64
[2023-01-12 12:28:14,299] 83 root INFO Hypothesisee_005:float64, float64
[2023-01-12 12:28:14,309] 83 root INFO Hypothesisee_006:float64, float64
[2023-01-12 12:28:14,319] 83 root INFO Hypothesisee_007:float64, float64
[2023-01-12 12:28:14,328] 83 root INFO Hypothesisee_008:float64, float64
[2023-01-12 12:28:14,337] 83 root INFO Hypothesisee_009:float64, float64
[2023-01-12 12:28:14,345] 83 root INFO Hypothesisef_000:float64, float64
[2023-01-12 12:28:14,380] 83 root INFO Hypothesiseg_000:float64, float64
[2023-01-12 12:28:14,417] 142 root INFO As all column are available in test df hence detecting data drift
[2023-01-12 12:28:14,417] 83 root INFO Hypothesisclass:object, object
[2023-01-12 12:28:14,490] 83 root INFO Hypothesisaa_000:float64, float64
[2023-01-12 12:28:14,497] 83 root INFO Hypothesisac_000:float64, float64
[2023-01-12 12:28:14,502] 83 root INFO Hypothesisad_000:float64, float64
[2023-01-12 12:28:14,508] 83 root INFO Hypothesisae_000:float64, float64
[2023-01-12 12:28:14,523] 83 root INFO Hypothesisaf_000:float64, float64
[2023-01-12 12:28:14,538] 83 root INFO Hypothesisag_000:float64, float64
[2023-01-12 12:28:14,553] 83 root INFO Hypothesisag_001:float64, float64
[2023-01-12 12:28:14,568] 83 root INFO Hypothesisag_002:float64, float64
[2023-01-12 12:28:14,571] 83 root INFO Hypothesisag_003:float64, float64
[2023-01-12 12:28:14,575] 83 root INFO Hypothesisag_004:float64, float64
[2023-01-12 12:28:14,582] 83 root INFO Hypothesisag_005:float64, float64
[2023-01-12 12:28:14,589] 83 root INFO Hypothesisag_006:float64, float64
[2023-01-12 12:28:14,596] 83 root INFO Hypothesisag_007:float64, float64
[2023-01-12 12:28:14,603] 83 root INFO Hypothesisag_008:float64, float64
[2023-01-12 12:28:14,609] 83 root INFO Hypothesisag_009:float64, float64
[2023-01-12 12:28:14,614] 83 root INFO Hypothesisah_000:float64, float64
[2023-01-12 12:28:14,621] 83 root INFO Hypothesisai_000:float64, float64
[2023-01-12 12:28:14,624] 83 root INFO Hypothesisaj_000:float64, float64
[2023-01-12 12:28:14,628] 83 root INFO Hypothesisak_000:float64, float64
[2023-01-12 12:28:14,632] 83 root INFO Hypothesisal_000:float64, float64
[2023-01-12 12:28:14,637] 83 root INFO Hypothesisam_0:float64, float64
[2023-01-12 12:28:14,642] 83 root INFO Hypothesisan_000:float64, float64
[2023-01-12 12:28:14,649] 83 root INFO Hypothesisao_000:float64, float64
[2023-01-12 12:28:14,656] 83 root INFO Hypothesisap_000:float64, float64
[2023-01-12 12:28:14,663] 83 root INFO Hypothesisaq_000:float64, float64
[2023-01-12 12:28:14,670] 83 root INFO Hypothesisar_000:float64, float64
[2023-01-12 12:28:14,686] 83 root INFO Hypothesisas_000:float64, float64
[2023-01-12 12:28:14,701] 83 root INFO Hypothesisat_000:float64, float64
[2023-01-12 12:28:14,717] 83 root INFO Hypothesisau_000:float64, float64
[2023-01-12 12:28:14,732] 83 root INFO Hypothesisav_000:float64, float64
[2023-01-12 12:28:14,737] 83 root INFO Hypothesisax_000:float64, float64
[2023-01-12 12:28:14,743] 83 root INFO Hypothesisay_000:float64, float64
[2023-01-12 12:28:14,758] 83 root INFO Hypothesisay_001:float64, float64
[2023-01-12 12:28:14,772] 83 root INFO Hypothesisay_002:float64, float64
[2023-01-12 12:28:14,787] 83 root INFO Hypothesisay_003:float64, float64
[2023-01-12 12:28:14,804] 83 root INFO Hypothesisay_004:float64, float64
[2023-01-12 12:28:14,819] 83 root INFO Hypothesisay_005:float64, float64
[2023-01-12 12:28:14,824] 83 root INFO Hypothesisay_006:float64, float64
[2023-01-12 12:28:14,831] 83 root INFO Hypothesisay_007:float64, float64
[2023-01-12 12:28:14,837] 83 root INFO Hypothesisay_008:float64, float64
[2023-01-12 12:28:14,844] 83 root INFO Hypothesisay_009:float64, float64
[2023-01-12 12:28:14,860] 83 root INFO Hypothesisaz_000:float64, float64
[2023-01-12 12:28:14,867] 83 root INFO Hypothesisaz_001:float64, float64
[2023-01-12 12:28:14,873] 83 root INFO Hypothesisaz_002:float64, float64
[2023-01-12 12:28:14,879] 83 root INFO Hypothesisaz_003:float64, float64
[2023-01-12 12:28:14,886] 83 root INFO Hypothesisaz_004:float64, float64
[2023-01-12 12:28:14,893] 83 root INFO Hypothesisaz_005:float64, float64
[2023-01-12 12:28:14,900] 83 root INFO Hypothesisaz_006:float64, float64
[2023-01-12 12:28:14,906] 83 root INFO Hypothesisaz_007:float64, float64
[2023-01-12 12:28:14,910] 83 root INFO Hypothesisaz_008:float64, float64
[2023-01-12 12:28:14,925] 83 root INFO Hypothesisaz_009:float64, float64
[2023-01-12 12:28:14,941] 83 root INFO Hypothesisba_000:float64, float64
[2023-01-12 12:28:14,948] 83 root INFO Hypothesisba_001:float64, float64
[2023-01-12 12:28:14,955] 83 root INFO Hypothesisba_002:float64, float64
[2023-01-12 12:28:14,962] 83 root INFO Hypothesisba_003:float64, float64
[2023-01-12 12:28:14,968] 83 root INFO Hypothesisba_004:float64, float64
[2023-01-12 12:28:14,975] 83 root INFO Hypothesisba_005:float64, float64
[2023-01-12 12:28:14,982] 83 root INFO Hypothesisba_006:float64, float64
[2023-01-12 12:28:14,988] 83 root INFO Hypothesisba_007:float64, float64
[2023-01-12 12:28:14,995] 83 root INFO Hypothesisba_008:float64, float64
[2023-01-12 12:28:15,000] 83 root INFO Hypothesisba_009:float64, float64
[2023-01-12 12:28:15,005] 83 root INFO Hypothesisbb_000:float64, float64
[2023-01-12 12:28:15,012] 83 root INFO Hypothesisbc_000:float64, float64
[2023-01-12 12:28:15,017] 83 root INFO Hypothesisbd_000:float64, float64
[2023-01-12 12:28:15,023] 83 root INFO Hypothesisbe_000:float64, float64
[2023-01-12 12:28:15,028] 83 root INFO Hypothesisbf_000:float64, float64
[2023-01-12 12:28:15,033] 83 root INFO Hypothesisbg_000:float64, float64
[2023-01-12 12:28:15,040] 83 root INFO Hypothesisbh_000:float64, float64
[2023-01-12 12:28:15,047] 83 root INFO Hypothesisbi_000:float64, float64
[2023-01-12 12:28:15,054] 83 root INFO Hypothesisbj_000:float64, float64
[2023-01-12 12:28:15,062] 83 root INFO Hypothesisbk_000:float64, float64
[2023-01-12 12:28:15,068] 83 root INFO Hypothesisbl_000:float64, float64
[2023-01-12 12:28:15,073] 83 root INFO Hypothesisbm_000:float64, float64
[2023-01-12 12:28:15,077] 83 root INFO Hypothesisbs_000:float64, float64
[2023-01-12 12:28:15,084] 83 root INFO Hypothesisbt_000:float64, float64
[2023-01-12 12:28:15,092] 83 root INFO Hypothesisbu_000:float64, float64
[2023-01-12 12:28:15,099] 83 root INFO Hypothesisbv_000:float64, float64
[2023-01-12 12:28:15,106] 83 root INFO Hypothesisbx_000:float64, float64
[2023-01-12 12:28:15,113] 83 root INFO Hypothesisby_000:float64, float64
[2023-01-12 12:28:15,119] 83 root INFO Hypothesisbz_000:float64, float64
[2023-01-12 12:28:15,126] 83 root INFO Hypothesisca_000:float64, float64
[2023-01-12 12:28:15,132] 83 root INFO Hypothesiscb_000:float64, float64
[2023-01-12 12:28:15,140] 83 root INFO Hypothesiscc_000:float64, float64
[2023-01-12 12:28:15,147] 83 root INFO Hypothesiscd_000:float64, float64
[2023-01-12 12:28:15,162] 83 root INFO Hypothesisce_000:float64, float64
[2023-01-12 12:28:15,168] 83 root INFO Hypothesiscf_000:float64, float64
[2023-01-12 12:28:15,172] 83 root INFO Hypothesiscg_000:float64, float64
[2023-01-12 12:28:15,177] 83 root INFO Hypothesisch_000:float64, float64
[2023-01-12 12:28:15,181] 83 root INFO Hypothesisci_000:float64, float64
[2023-01-12 12:28:15,188] 83 root INFO Hypothesiscj_000:float64, float64
[2023-01-12 12:28:15,192] 83 root INFO Hypothesisck_000:float64, float64
[2023-01-12 12:28:15,200] 83 root INFO Hypothesiscl_000:float64, float64
[2023-01-12 12:28:15,204] 83 root INFO Hypothesiscm_000:float64, float64
[2023-01-12 12:28:15,210] 83 root INFO Hypothesiscn_000:float64, float64
[2023-01-12 12:28:15,225] 83 root INFO Hypothesiscn_001:float64, float64
[2023-01-12 12:28:15,230] 83 root INFO Hypothesiscn_002:float64, float64
[2023-01-12 12:28:15,236] 83 root INFO Hypothesiscn_003:float64, float64
[2023-01-12 12:28:15,243] 83 root INFO Hypothesiscn_004:float64, float64
[2023-01-12 12:28:15,250] 83 root INFO Hypothesiscn_005:float64, float64
[2023-01-12 12:28:15,258] 83 root INFO Hypothesiscn_006:float64, float64
[2023-01-12 12:28:15,264] 83 root INFO Hypothesiscn_007:float64, float64
[2023-01-12 12:28:15,271] 83 root INFO Hypothesiscn_008:float64, float64
[2023-01-12 12:28:15,277] 83 root INFO Hypothesiscn_009:float64, float64
[2023-01-12 12:28:15,282] 83 root INFO Hypothesisco_000:float64, float64
[2023-01-12 12:28:15,287] 83 root INFO Hypothesiscp_000:float64, float64
[2023-01-12 12:28:15,292] 83 root INFO Hypothesiscq_000:float64, float64
[2023-01-12 12:28:15,299] 83 root INFO Hypothesiscs_000:float64, float64
[2023-01-12 12:28:15,306] 83 root INFO Hypothesiscs_001:float64, float64
[2023-01-12 12:28:15,311] 83 root INFO Hypothesiscs_002:float64, float64
[2023-01-12 12:28:15,318] 83 root INFO Hypothesiscs_003:float64, float64
[2023-01-12 12:28:15,325] 83 root INFO Hypothesiscs_004:float64, float64
[2023-01-12 12:28:15,332] 83 root INFO Hypothesiscs_005:float64, float64
[2023-01-12 12:28:15,339] 83 root INFO Hypothesiscs_006:float64, float64
[2023-01-12 12:28:15,346] 83 root INFO Hypothesiscs_007:float64, float64
[2023-01-12 12:28:15,353] 83 root INFO Hypothesiscs_008:float64, float64
[2023-01-12 12:28:15,358] 83 root INFO Hypothesiscs_009:float64, float64
[2023-01-12 12:28:15,377] 83 root INFO Hypothesisct_000:float64, float64
[2023-01-12 12:28:15,383] 83 root INFO Hypothesiscu_000:float64, float64
[2023-01-12 12:28:15,389] 83 root INFO Hypothesiscv_000:float64, float64
[2023-01-12 12:28:15,395] 83 root INFO Hypothesiscx_000:float64, float64
[2023-01-12 12:28:15,401] 83 root INFO Hypothesiscy_000:float64, float64
[2023-01-12 12:28:15,405] 83 root INFO Hypothesiscz_000:float64, float64
[2023-01-12 12:28:15,410] 83 root INFO Hypothesisda_000:float64, float64
[2023-01-12 12:28:15,414] 83 root INFO Hypothesisdb_000:float64, float64
[2023-01-12 12:28:15,418] 83 root INFO Hypothesisdc_000:float64, float64
[2023-01-12 12:28:15,424] 83 root INFO Hypothesisdd_000:float64, float64
[2023-01-12 12:28:15,430] 83 root INFO Hypothesisde_000:float64, float64
[2023-01-12 12:28:15,436] 83 root INFO Hypothesisdf_000:float64, float64
[2023-01-12 12:28:15,439] 83 root INFO Hypothesisdg_000:float64, float64
[2023-01-12 12:28:15,443] 83 root INFO Hypothesisdh_000:float64, float64
[2023-01-12 12:28:15,446] 83 root INFO Hypothesisdi_000:float64, float64
[2023-01-12 12:28:15,451] 83 root INFO Hypothesisdj_000:float64, float64
[2023-01-12 12:28:15,465] 83 root INFO Hypothesisdk_000:float64, float64
[2023-01-12 12:28:15,469] 83 root INFO Hypothesisdl_000:float64, float64
[2023-01-12 12:28:15,485] 83 root INFO Hypothesisdm_000:float64, float64
[2023-01-12 12:28:15,500] 83 root INFO Hypothesisdn_000:float64, float64
[2023-01-12 12:28:15,507] 83 root INFO Hypothesisdo_000:float64, float64
[2023-01-12 12:28:15,513] 83 root INFO Hypothesisdp_000:float64, float64
[2023-01-12 12:28:15,520] 83 root INFO Hypothesisdq_000:float64, float64
[2023-01-12 12:28:15,524] 83 root INFO Hypothesisdr_000:float64, float64
[2023-01-12 12:28:15,528] 83 root INFO Hypothesisds_000:float64, float64
[2023-01-12 12:28:15,535] 83 root INFO Hypothesisdt_000:float64, float64
[2023-01-12 12:28:15,541] 83 root INFO Hypothesisdu_000:float64, float64
[2023-01-12 12:28:15,548] 83 root INFO Hypothesisdv_000:float64, float64
[2023-01-12 12:28:15,555] 83 root INFO Hypothesisdx_000:float64, float64
[2023-01-12 12:28:15,560] 83 root INFO Hypothesisdy_000:float64, float64
[2023-01-12 12:28:15,564] 83 root INFO Hypothesisdz_000:float64, float64
[2023-01-12 12:28:15,579] 83 root INFO Hypothesisea_000:float64, float64
[2023-01-12 12:28:15,595] 83 root INFO Hypothesiseb_000:float64, float64
[2023-01-12 12:28:15,601] 83 root INFO Hypothesisec_00:float64, float64
[2023-01-12 12:28:15,608] 83 root INFO Hypothesised_000:float64, float64
[2023-01-12 12:28:15,614] 83 root INFO Hypothesisee_000:float64, float64
[2023-01-12 12:28:15,621] 83 root INFO Hypothesisee_001:float64, float64
[2023-01-12 12:28:15,628] 83 root INFO Hypothesisee_002:float64, float64
[2023-01-12 12:28:15,636] 83 root INFO Hypothesisee_003:float64, float64
[2023-01-12 12:28:15,642] 83 root INFO Hypothesisee_004:float64, float64
[2023-01-12 12:28:15,649] 83 root INFO Hypothesisee_005:float64, float64
[2023-01-12 12:28:15,656] 83 root INFO Hypothesisee_006:float64, float64
[2023-01-12 12:28:15,663] 83 root INFO Hypothesisee_007:float64, float64
[2023-01-12 12:28:15,669] 83 root INFO Hypothesisee_008:float64, float64
[2023-01-12 12:28:15,675] 83 root INFO Hypothesisee_009:float64, float64
[2023-01-12 12:28:15,680] 83 root INFO Hypothesisef_000:float64, float64
[2023-01-12 12:28:15,695] 83 root INFO Hypothesiseg_000:float64, float64
[2023-01-12 12:28:15,710] 149 root INFO Write reprt in yaml file
[2023-01-12 12:28:15,847] 154 root INFO Data validation artifact: DataValidationArtifact(report_file_path='/config/workspace/artifact/01122023__122750/data_validation/report.ymal')
[2023-01-12 12:28:15,852] 21 root INFO >>>>>>>>>>>>>>>>>>>>>>>>>>>>>>>>>>>>>>>> Data Transformation <<<<<<<<<<<<<<<<<<<<<<<<<<<<<<<<<<<<<<<<
