[2023-01-12 22:02:51,012] 22 root INFO This line will create the folder name as artifact in current directory with proper timestamp and date
[2023-01-12 22:02:51,012] 16 root INFO >>>>>>>>>>>>>>>>>>>>>>>>>>>>>>>>>>>>>>>> Data Ingestion <<<<<<<<<<<<<<<<<<<<<<<<<<<<<<<<<<<<<<<<
[2023-01-12 22:02:51,012] 27 root INFO Exporting collection data as pandas dataframe
[2023-01-12 22:02:51,012] 23 root INFO Reading data from database: aps and collection: sensor
[2023-01-12 22:02:54,434] 25 root INFO Found columns: Index(['_id', 'class', 'aa_000', 'ab_000', 'ac_000', 'ad_000', 'ae_000',
       'af_000', 'ag_000', 'ag_001',
       ...
       'ee_002', 'ee_003', 'ee_004', 'ee_005', 'ee_006', 'ee_007', 'ee_008',
       'ee_009', 'ef_000', 'eg_000'],
      dtype='object', length=172)
[2023-01-12 22:02:54,435] 27 root INFO Dropping column: _id 
[2023-01-12 22:02:54,635] 29 root INFO Row and columns in df: (36188, 171)
[2023-01-12 22:02:54,635] 33 root INFO Save data in feature store
[2023-01-12 22:02:55,202] 39 root INFO Create feature store folder if not available
[2023-01-12 22:02:55,203] 43 root INFO Save df to feature store folder
[2023-01-12 22:02:57,680] 48 root INFO split dataset into train and test set
[2023-01-12 22:02:58,277] 52 root INFO create dataset directory folder if not available
[2023-01-12 22:02:58,278] 57 root INFO Save df to feature store folder
[2023-01-12 22:03:00,460] 69 root INFO Data ingestion artifact: DataIngestionArtifact(feature_store_file_path='/config/workspace/artifact/01122023__220251/data_ingetion/feature_store/sensor.csv', train_file_path='/config/workspace/artifact/01122023__220251/data_ingetion/dataset/train.csv', test_file_path='/config/workspace/artifact/01122023__220251/data_ingetion/dataset/test.csv')
[2023-01-12 22:03:00,846] 19 root INFO >>>>>>>>>>>>>>>>>>>>>>>>>>>>>>>>>>>>>>>> Data Validation <<<<<<<<<<<<<<<<<<<<<<<<<<<<<<<<<<<<<<<<
[2023-01-12 22:03:00,847] 107 root INFO Reading base dataframe
[2023-01-12 22:03:03,732] 111 root INFO Replace na value in base df
[2023-01-12 22:03:03,732] 114 root INFO Drop null values colums from base df
[2023-01-12 22:03:04,715] 40 root INFO selecting column name which contains null above to 0.7
[2023-01-12 22:03:04,715] 43 root INFO Columns to drop: ['ab_000', 'bn_000', 'bo_000', 'bp_000', 'bq_000', 'br_000', 'cr_000']
[2023-01-12 22:03:04,803] 117 root INFO Reading train dataframe
[2023-01-12 22:03:05,191] 119 root INFO Reading test dataframe
[2023-01-12 22:03:05,289] 122 root INFO Drop null values colums from train df
[2023-01-12 22:03:05,300] 40 root INFO selecting column name which contains null above to 0.7
[2023-01-12 22:03:05,301] 43 root INFO Columns to drop: ['ab_000', 'bn_000', 'bo_000', 'bp_000', 'bq_000', 'br_000', 'cr_000']
[2023-01-12 22:03:05,311] 124 root INFO Drop null values colums from test df
[2023-01-12 22:03:05,315] 40 root INFO selecting column name which contains null above to 0.7
[2023-01-12 22:03:05,315] 43 root INFO Columns to drop: ['ab_000', 'bn_000', 'bo_000', 'bp_000', 'bq_000', 'br_000', 'cr_000']
[2023-01-12 22:03:12,538] 132 root INFO Is all required columns present in train df
[2023-01-12 22:03:12,538] 135 root INFO Is all required columns present in test df
[2023-01-12 22:03:12,539] 139 root INFO As all column are available in train df hence detecting data drift
[2023-01-12 22:03:12,539] 83 root INFO Hypothesisclass:object, object
[2023-01-12 22:03:12,670] 83 root INFO Hypothesisaa_000:float64, float64
[2023-01-12 22:03:12,681] 83 root INFO Hypothesisac_000:float64, float64
[2023-01-12 22:03:12,721] 83 root INFO Hypothesisad_000:float64, float64
[2023-01-12 22:03:12,729] 83 root INFO Hypothesisae_000:float64, float64
[2023-01-12 22:03:12,765] 83 root INFO Hypothesisaf_000:float64, float64
[2023-01-12 22:03:12,801] 83 root INFO Hypothesisag_000:float64, float64
[2023-01-12 22:03:12,837] 83 root INFO Hypothesisag_001:float64, float64
[2023-01-12 22:03:12,873] 83 root INFO Hypothesisag_002:float64, float64
[2023-01-12 22:03:12,910] 83 root INFO Hypothesisag_003:float64, float64
[2023-01-12 22:03:12,917] 83 root INFO Hypothesisag_004:float64, float64
[2023-01-12 22:03:12,927] 83 root INFO Hypothesisag_005:float64, float64
[2023-01-12 22:03:12,938] 83 root INFO Hypothesisag_006:float64, float64
[2023-01-12 22:03:12,948] 83 root INFO Hypothesisag_007:float64, float64
[2023-01-12 22:03:12,958] 83 root INFO Hypothesisag_008:float64, float64
[2023-01-12 22:03:12,966] 83 root INFO Hypothesisag_009:float64, float64
[2023-01-12 22:03:12,973] 83 root INFO Hypothesisah_000:float64, float64
[2023-01-12 22:03:12,984] 83 root INFO Hypothesisai_000:float64, float64
[2023-01-12 22:03:13,021] 83 root INFO Hypothesisaj_000:float64, float64
[2023-01-12 22:03:13,027] 83 root INFO Hypothesisak_000:float64, float64
[2023-01-12 22:03:13,065] 83 root INFO Hypothesisal_000:float64, float64
[2023-01-12 22:03:13,072] 83 root INFO Hypothesisam_0:float64, float64
[2023-01-12 22:03:13,080] 83 root INFO Hypothesisan_000:float64, float64
[2023-01-12 22:03:13,090] 83 root INFO Hypothesisao_000:float64, float64
[2023-01-12 22:03:13,101] 83 root INFO Hypothesisap_000:float64, float64
[2023-01-12 22:03:13,111] 83 root INFO Hypothesisaq_000:float64, float64
[2023-01-12 22:03:13,122] 83 root INFO Hypothesisar_000:float64, float64
[2023-01-12 22:03:13,158] 83 root INFO Hypothesisas_000:float64, float64
[2023-01-12 22:03:13,194] 83 root INFO Hypothesisat_000:float64, float64
[2023-01-12 22:03:13,232] 83 root INFO Hypothesisau_000:float64, float64
[2023-01-12 22:03:13,268] 83 root INFO Hypothesisav_000:float64, float64
[2023-01-12 22:03:13,277] 83 root INFO Hypothesisax_000:float64, float64
[2023-01-12 22:03:13,286] 83 root INFO Hypothesisay_000:float64, float64
[2023-01-12 22:03:13,324] 83 root INFO Hypothesisay_001:float64, float64
[2023-01-12 22:03:13,361] 83 root INFO Hypothesisay_002:float64, float64
[2023-01-12 22:03:13,397] 83 root INFO Hypothesisay_003:float64, float64
[2023-01-12 22:03:13,433] 83 root INFO Hypothesisay_004:float64, float64
[2023-01-12 22:03:13,470] 83 root INFO Hypothesisay_005:float64, float64
[2023-01-12 22:03:13,511] 83 root INFO Hypothesisay_006:float64, float64
[2023-01-12 22:03:13,520] 83 root INFO Hypothesisay_007:float64, float64
[2023-01-12 22:03:13,530] 83 root INFO Hypothesisay_008:float64, float64
[2023-01-12 22:03:13,541] 83 root INFO Hypothesisay_009:float64, float64
[2023-01-12 22:03:13,577] 83 root INFO Hypothesisaz_000:float64, float64
[2023-01-12 22:03:13,586] 83 root INFO Hypothesisaz_001:float64, float64
[2023-01-12 22:03:13,596] 83 root INFO Hypothesisaz_002:float64, float64
[2023-01-12 22:03:13,605] 83 root INFO Hypothesisaz_003:float64, float64
[2023-01-12 22:03:13,615] 83 root INFO Hypothesisaz_004:float64, float64
[2023-01-12 22:03:13,626] 83 root INFO Hypothesisaz_005:float64, float64
[2023-01-12 22:03:13,636] 83 root INFO Hypothesisaz_006:float64, float64
[2023-01-12 22:03:13,678] 83 root INFO Hypothesisaz_007:float64, float64
[2023-01-12 22:03:13,716] 83 root INFO Hypothesisaz_008:float64, float64
[2023-01-12 22:03:13,752] 83 root INFO Hypothesisaz_009:float64, float64
[2023-01-12 22:03:13,789] 83 root INFO Hypothesisba_000:float64, float64
[2023-01-12 22:03:13,799] 83 root INFO Hypothesisba_001:float64, float64
[2023-01-12 22:03:13,810] 83 root INFO Hypothesisba_002:float64, float64
[2023-01-12 22:03:13,820] 83 root INFO Hypothesisba_003:float64, float64
[2023-01-12 22:03:13,830] 83 root INFO Hypothesisba_004:float64, float64
[2023-01-12 22:03:13,840] 83 root INFO Hypothesisba_005:float64, float64
[2023-01-12 22:03:13,850] 83 root INFO Hypothesisba_006:float64, float64
[2023-01-12 22:03:13,860] 83 root INFO Hypothesisba_007:float64, float64
[2023-01-12 22:03:13,870] 83 root INFO Hypothesisba_008:float64, float64
[2023-01-12 22:03:13,911] 83 root INFO Hypothesisba_009:float64, float64
[2023-01-12 22:03:13,950] 83 root INFO Hypothesisbb_000:float64, float64
[2023-01-12 22:03:13,960] 83 root INFO Hypothesisbc_000:float64, float64
[2023-01-12 22:03:14,000] 83 root INFO Hypothesisbd_000:float64, float64
[2023-01-12 22:03:14,013] 83 root INFO Hypothesisbe_000:float64, float64
[2023-01-12 22:03:14,022] 83 root INFO Hypothesisbf_000:float64, float64
[2023-01-12 22:03:14,030] 83 root INFO Hypothesisbg_000:float64, float64
[2023-01-12 22:03:14,041] 83 root INFO Hypothesisbh_000:float64, float64
[2023-01-12 22:03:14,051] 83 root INFO Hypothesisbi_000:float64, float64
[2023-01-12 22:03:14,062] 83 root INFO Hypothesisbj_000:float64, float64
[2023-01-12 22:03:14,072] 83 root INFO Hypothesisbk_000:float64, float64
[2023-01-12 22:03:14,081] 83 root INFO Hypothesisbl_000:float64, float64
[2023-01-12 22:03:14,089] 83 root INFO Hypothesisbm_000:float64, float64
[2023-01-12 22:03:14,096] 83 root INFO Hypothesisbs_000:float64, float64
[2023-01-12 22:03:14,106] 83 root INFO Hypothesisbt_000:float64, float64
[2023-01-12 22:03:14,117] 83 root INFO Hypothesisbu_000:float64, float64
[2023-01-12 22:03:14,127] 83 root INFO Hypothesisbv_000:float64, float64
[2023-01-12 22:03:14,138] 83 root INFO Hypothesisbx_000:float64, float64
[2023-01-12 22:03:14,148] 83 root INFO Hypothesisby_000:float64, float64
[2023-01-12 22:03:14,158] 83 root INFO Hypothesisbz_000:float64, float64
[2023-01-12 22:03:14,167] 83 root INFO Hypothesisca_000:float64, float64
[2023-01-12 22:03:14,178] 83 root INFO Hypothesiscb_000:float64, float64
[2023-01-12 22:03:14,189] 83 root INFO Hypothesiscc_000:float64, float64
[2023-01-12 22:03:14,199] 83 root INFO Hypothesiscd_000:float64, float64
[2023-01-12 22:03:14,237] 83 root INFO Hypothesisce_000:float64, float64
[2023-01-12 22:03:14,246] 83 root INFO Hypothesiscf_000:float64, float64
[2023-01-12 22:03:14,252] 83 root INFO Hypothesiscg_000:float64, float64
[2023-01-12 22:03:14,259] 83 root INFO Hypothesisch_000:float64, float64
[2023-01-12 22:03:14,298] 83 root INFO Hypothesisci_000:float64, float64
[2023-01-12 22:03:14,308] 83 root INFO Hypothesiscj_000:float64, float64
[2023-01-12 22:03:14,347] 83 root INFO Hypothesisck_000:float64, float64
[2023-01-12 22:03:14,358] 83 root INFO Hypothesiscl_000:float64, float64
[2023-01-12 22:03:14,365] 83 root INFO Hypothesiscm_000:float64, float64
[2023-01-12 22:03:14,373] 83 root INFO Hypothesiscn_000:float64, float64
[2023-01-12 22:03:14,411] 83 root INFO Hypothesiscn_001:float64, float64
[2023-01-12 22:03:14,448] 83 root INFO Hypothesiscn_002:float64, float64
[2023-01-12 22:03:14,456] 83 root INFO Hypothesiscn_003:float64, float64
[2023-01-12 22:03:14,468] 83 root INFO Hypothesiscn_004:float64, float64
[2023-01-12 22:03:14,478] 83 root INFO Hypothesiscn_005:float64, float64
[2023-01-12 22:03:14,489] 83 root INFO Hypothesiscn_006:float64, float64
[2023-01-12 22:03:14,499] 83 root INFO Hypothesiscn_007:float64, float64
[2023-01-12 22:03:14,508] 83 root INFO Hypothesiscn_008:float64, float64
[2023-01-12 22:03:14,517] 83 root INFO Hypothesiscn_009:float64, float64
[2023-01-12 22:03:14,558] 83 root INFO Hypothesisco_000:float64, float64
[2023-01-12 22:03:14,565] 83 root INFO Hypothesiscp_000:float64, float64
[2023-01-12 22:03:14,605] 83 root INFO Hypothesiscq_000:float64, float64
[2023-01-12 22:03:14,616] 83 root INFO Hypothesiscs_000:float64, float64
[2023-01-12 22:03:14,626] 83 root INFO Hypothesiscs_001:float64, float64
[2023-01-12 22:03:14,635] 83 root INFO Hypothesiscs_002:float64, float64
[2023-01-12 22:03:14,645] 83 root INFO Hypothesiscs_003:float64, float64
[2023-01-12 22:03:14,655] 83 root INFO Hypothesiscs_004:float64, float64
[2023-01-12 22:03:14,666] 83 root INFO Hypothesiscs_005:float64, float64
[2023-01-12 22:03:14,677] 83 root INFO Hypothesiscs_006:float64, float64
[2023-01-12 22:03:14,687] 83 root INFO Hypothesiscs_007:float64, float64
[2023-01-12 22:03:14,697] 83 root INFO Hypothesiscs_008:float64, float64
[2023-01-12 22:03:14,737] 83 root INFO Hypothesiscs_009:float64, float64
[2023-01-12 22:03:14,774] 83 root INFO Hypothesisct_000:float64, float64
[2023-01-12 22:03:14,782] 83 root INFO Hypothesiscu_000:float64, float64
[2023-01-12 22:03:14,790] 83 root INFO Hypothesiscv_000:float64, float64
[2023-01-12 22:03:14,799] 83 root INFO Hypothesiscx_000:float64, float64
[2023-01-12 22:03:14,808] 83 root INFO Hypothesiscy_000:float64, float64
[2023-01-12 22:03:14,814] 83 root INFO Hypothesiscz_000:float64, float64
[2023-01-12 22:03:14,822] 83 root INFO Hypothesisda_000:float64, float64
[2023-01-12 22:03:14,827] 83 root INFO Hypothesisdb_000:float64, float64
[2023-01-12 22:03:14,833] 83 root INFO Hypothesisdc_000:float64, float64
[2023-01-12 22:03:14,842] 83 root INFO Hypothesisdd_000:float64, float64
[2023-01-12 22:03:14,852] 83 root INFO Hypothesisde_000:float64, float64
[2023-01-12 22:03:14,860] 83 root INFO Hypothesisdf_000:float64, float64
[2023-01-12 22:03:14,897] 83 root INFO Hypothesisdg_000:float64, float64
[2023-01-12 22:03:14,935] 83 root INFO Hypothesisdh_000:float64, float64
[2023-01-12 22:03:14,940] 83 root INFO Hypothesisdi_000:float64, float64
[2023-01-12 22:03:14,980] 83 root INFO Hypothesisdj_000:float64, float64
[2023-01-12 22:03:15,017] 83 root INFO Hypothesisdk_000:float64, float64
[2023-01-12 22:03:15,054] 83 root INFO Hypothesisdl_000:float64, float64
[2023-01-12 22:03:15,091] 83 root INFO Hypothesisdm_000:float64, float64
[2023-01-12 22:03:15,129] 83 root INFO Hypothesisdn_000:float64, float64
[2023-01-12 22:03:15,139] 83 root INFO Hypothesisdo_000:float64, float64
[2023-01-12 22:03:15,149] 83 root INFO Hypothesisdp_000:float64, float64
[2023-01-12 22:03:15,158] 83 root INFO Hypothesisdq_000:float64, float64
[2023-01-12 22:03:15,197] 83 root INFO Hypothesisdr_000:float64, float64
[2023-01-12 22:03:15,236] 83 root INFO Hypothesisds_000:float64, float64
[2023-01-12 22:03:15,246] 83 root INFO Hypothesisdt_000:float64, float64
[2023-01-12 22:03:15,257] 83 root INFO Hypothesisdu_000:float64, float64
[2023-01-12 22:03:15,267] 83 root INFO Hypothesisdv_000:float64, float64
[2023-01-12 22:03:15,277] 83 root INFO Hypothesisdx_000:float64, float64
[2023-01-12 22:03:15,317] 83 root INFO Hypothesisdy_000:float64, float64
[2023-01-12 22:03:15,356] 83 root INFO Hypothesisdz_000:float64, float64
[2023-01-12 22:03:15,392] 83 root INFO Hypothesisea_000:float64, float64
[2023-01-12 22:03:15,430] 83 root INFO Hypothesiseb_000:float64, float64
[2023-01-12 22:03:15,440] 83 root INFO Hypothesisec_00:float64, float64
[2023-01-12 22:03:15,450] 83 root INFO Hypothesised_000:float64, float64
[2023-01-12 22:03:15,460] 83 root INFO Hypothesisee_000:float64, float64
[2023-01-12 22:03:15,471] 83 root INFO Hypothesisee_001:float64, float64
[2023-01-12 22:03:15,482] 83 root INFO Hypothesisee_002:float64, float64
[2023-01-12 22:03:15,493] 83 root INFO Hypothesisee_003:float64, float64
[2023-01-12 22:03:15,503] 83 root INFO Hypothesisee_004:float64, float64
[2023-01-12 22:03:15,513] 83 root INFO Hypothesisee_005:float64, float64
[2023-01-12 22:03:15,523] 83 root INFO Hypothesisee_006:float64, float64
[2023-01-12 22:03:15,534] 83 root INFO Hypothesisee_007:float64, float64
[2023-01-12 22:03:15,544] 83 root INFO Hypothesisee_008:float64, float64
[2023-01-12 22:03:15,553] 83 root INFO Hypothesisee_009:float64, float64
[2023-01-12 22:03:15,561] 83 root INFO Hypothesisef_000:float64, float64
[2023-01-12 22:03:15,597] 83 root INFO Hypothesiseg_000:float64, float64
[2023-01-12 22:03:15,634] 142 root INFO As all column are available in test df hence detecting data drift
[2023-01-12 22:03:15,634] 83 root INFO Hypothesisclass:object, object
[2023-01-12 22:03:15,711] 83 root INFO Hypothesisaa_000:float64, float64
[2023-01-12 22:03:15,718] 83 root INFO Hypothesisac_000:float64, float64
[2023-01-12 22:03:15,723] 83 root INFO Hypothesisad_000:float64, float64
[2023-01-12 22:03:15,728] 83 root INFO Hypothesisae_000:float64, float64
[2023-01-12 22:03:15,743] 83 root INFO Hypothesisaf_000:float64, float64
[2023-01-12 22:03:15,759] 83 root INFO Hypothesisag_000:float64, float64
[2023-01-12 22:03:15,774] 83 root INFO Hypothesisag_001:float64, float64
[2023-01-12 22:03:15,789] 83 root INFO Hypothesisag_002:float64, float64
[2023-01-12 22:03:15,792] 83 root INFO Hypothesisag_003:float64, float64
[2023-01-12 22:03:15,796] 83 root INFO Hypothesisag_004:float64, float64
[2023-01-12 22:03:15,803] 83 root INFO Hypothesisag_005:float64, float64
[2023-01-12 22:03:15,811] 83 root INFO Hypothesisag_006:float64, float64
[2023-01-12 22:03:15,818] 83 root INFO Hypothesisag_007:float64, float64
[2023-01-12 22:03:15,825] 83 root INFO Hypothesisag_008:float64, float64
[2023-01-12 22:03:15,831] 83 root INFO Hypothesisag_009:float64, float64
[2023-01-12 22:03:15,835] 83 root INFO Hypothesisah_000:float64, float64
[2023-01-12 22:03:15,842] 83 root INFO Hypothesisai_000:float64, float64
[2023-01-12 22:03:15,846] 83 root INFO Hypothesisaj_000:float64, float64
[2023-01-12 22:03:15,850] 83 root INFO Hypothesisak_000:float64, float64
[2023-01-12 22:03:15,853] 83 root INFO Hypothesisal_000:float64, float64
[2023-01-12 22:03:15,858] 83 root INFO Hypothesisam_0:float64, float64
[2023-01-12 22:03:15,863] 83 root INFO Hypothesisan_000:float64, float64
[2023-01-12 22:03:15,870] 83 root INFO Hypothesisao_000:float64, float64
[2023-01-12 22:03:15,877] 83 root INFO Hypothesisap_000:float64, float64
[2023-01-12 22:03:15,884] 83 root INFO Hypothesisaq_000:float64, float64
[2023-01-12 22:03:15,891] 83 root INFO Hypothesisar_000:float64, float64
[2023-01-12 22:03:15,907] 83 root INFO Hypothesisas_000:float64, float64
[2023-01-12 22:03:15,923] 83 root INFO Hypothesisat_000:float64, float64
[2023-01-12 22:03:15,939] 83 root INFO Hypothesisau_000:float64, float64
[2023-01-12 22:03:15,954] 83 root INFO Hypothesisav_000:float64, float64
[2023-01-12 22:03:15,960] 83 root INFO Hypothesisax_000:float64, float64
[2023-01-12 22:03:15,965] 83 root INFO Hypothesisay_000:float64, float64
[2023-01-12 22:03:15,980] 83 root INFO Hypothesisay_001:float64, float64
[2023-01-12 22:03:15,996] 83 root INFO Hypothesisay_002:float64, float64
[2023-01-12 22:03:16,012] 83 root INFO Hypothesisay_003:float64, float64
[2023-01-12 22:03:16,028] 83 root INFO Hypothesisay_004:float64, float64
[2023-01-12 22:03:16,043] 83 root INFO Hypothesisay_005:float64, float64
[2023-01-12 22:03:16,049] 83 root INFO Hypothesisay_006:float64, float64
[2023-01-12 22:03:16,055] 83 root INFO Hypothesisay_007:float64, float64
[2023-01-12 22:03:16,061] 83 root INFO Hypothesisay_008:float64, float64
[2023-01-12 22:03:16,068] 83 root INFO Hypothesisay_009:float64, float64
[2023-01-12 22:03:16,084] 83 root INFO Hypothesisaz_000:float64, float64
[2023-01-12 22:03:16,090] 83 root INFO Hypothesisaz_001:float64, float64
[2023-01-12 22:03:16,097] 83 root INFO Hypothesisaz_002:float64, float64
[2023-01-12 22:03:16,103] 83 root INFO Hypothesisaz_003:float64, float64
[2023-01-12 22:03:16,110] 83 root INFO Hypothesisaz_004:float64, float64
[2023-01-12 22:03:16,117] 83 root INFO Hypothesisaz_005:float64, float64
[2023-01-12 22:03:16,124] 83 root INFO Hypothesisaz_006:float64, float64
[2023-01-12 22:03:16,130] 83 root INFO Hypothesisaz_007:float64, float64
[2023-01-12 22:03:16,135] 83 root INFO Hypothesisaz_008:float64, float64
[2023-01-12 22:03:16,150] 83 root INFO Hypothesisaz_009:float64, float64
[2023-01-12 22:03:16,166] 83 root INFO Hypothesisba_000:float64, float64
[2023-01-12 22:03:16,172] 83 root INFO Hypothesisba_001:float64, float64
[2023-01-12 22:03:16,180] 83 root INFO Hypothesisba_002:float64, float64
[2023-01-12 22:03:16,186] 83 root INFO Hypothesisba_003:float64, float64
[2023-01-12 22:03:16,193] 83 root INFO Hypothesisba_004:float64, float64
[2023-01-12 22:03:16,200] 83 root INFO Hypothesisba_005:float64, float64
[2023-01-12 22:03:16,207] 83 root INFO Hypothesisba_006:float64, float64
[2023-01-12 22:03:16,214] 83 root INFO Hypothesisba_007:float64, float64
[2023-01-12 22:03:16,220] 83 root INFO Hypothesisba_008:float64, float64
[2023-01-12 22:03:16,226] 83 root INFO Hypothesisba_009:float64, float64
[2023-01-12 22:03:16,230] 83 root INFO Hypothesisbb_000:float64, float64
[2023-01-12 22:03:16,237] 83 root INFO Hypothesisbc_000:float64, float64
[2023-01-12 22:03:16,242] 83 root INFO Hypothesisbd_000:float64, float64
[2023-01-12 22:03:16,248] 83 root INFO Hypothesisbe_000:float64, float64
[2023-01-12 22:03:16,254] 83 root INFO Hypothesisbf_000:float64, float64
[2023-01-12 22:03:16,258] 83 root INFO Hypothesisbg_000:float64, float64
[2023-01-12 22:03:16,265] 83 root INFO Hypothesisbh_000:float64, float64
[2023-01-12 22:03:16,272] 83 root INFO Hypothesisbi_000:float64, float64
[2023-01-12 22:03:16,279] 83 root INFO Hypothesisbj_000:float64, float64
[2023-01-12 22:03:16,286] 83 root INFO Hypothesisbk_000:float64, float64
[2023-01-12 22:03:16,292] 83 root INFO Hypothesisbl_000:float64, float64
[2023-01-12 22:03:16,297] 83 root INFO Hypothesisbm_000:float64, float64
[2023-01-12 22:03:16,301] 83 root INFO Hypothesisbs_000:float64, float64
[2023-01-12 22:03:16,308] 83 root INFO Hypothesisbt_000:float64, float64
[2023-01-12 22:03:16,315] 83 root INFO Hypothesisbu_000:float64, float64
[2023-01-12 22:03:16,322] 83 root INFO Hypothesisbv_000:float64, float64
[2023-01-12 22:03:16,329] 83 root INFO Hypothesisbx_000:float64, float64
[2023-01-12 22:03:16,336] 83 root INFO Hypothesisby_000:float64, float64
[2023-01-12 22:03:16,343] 83 root INFO Hypothesisbz_000:float64, float64
[2023-01-12 22:03:16,349] 83 root INFO Hypothesisca_000:float64, float64
[2023-01-12 22:03:16,356] 83 root INFO Hypothesiscb_000:float64, float64
[2023-01-12 22:03:16,363] 83 root INFO Hypothesiscc_000:float64, float64
[2023-01-12 22:03:16,370] 83 root INFO Hypothesiscd_000:float64, float64
[2023-01-12 22:03:16,385] 83 root INFO Hypothesisce_000:float64, float64
[2023-01-12 22:03:16,391] 83 root INFO Hypothesiscf_000:float64, float64
[2023-01-12 22:03:16,395] 83 root INFO Hypothesiscg_000:float64, float64
[2023-01-12 22:03:16,400] 83 root INFO Hypothesisch_000:float64, float64
[2023-01-12 22:03:16,404] 83 root INFO Hypothesisci_000:float64, float64
[2023-01-12 22:03:16,411] 83 root INFO Hypothesiscj_000:float64, float64
[2023-01-12 22:03:16,415] 83 root INFO Hypothesisck_000:float64, float64
[2023-01-12 22:03:16,422] 83 root INFO Hypothesiscl_000:float64, float64
[2023-01-12 22:03:16,426] 83 root INFO Hypothesiscm_000:float64, float64
[2023-01-12 22:03:16,430] 83 root INFO Hypothesiscn_000:float64, float64
[2023-01-12 22:03:16,450] 83 root INFO Hypothesiscn_001:float64, float64
[2023-01-12 22:03:16,454] 83 root INFO Hypothesiscn_002:float64, float64
[2023-01-12 22:03:16,459] 83 root INFO Hypothesiscn_003:float64, float64
[2023-01-12 22:03:16,467] 83 root INFO Hypothesiscn_004:float64, float64
[2023-01-12 22:03:16,474] 83 root INFO Hypothesiscn_005:float64, float64
[2023-01-12 22:03:16,482] 83 root INFO Hypothesiscn_006:float64, float64
[2023-01-12 22:03:16,489] 83 root INFO Hypothesiscn_007:float64, float64
[2023-01-12 22:03:16,496] 83 root INFO Hypothesiscn_008:float64, float64
[2023-01-12 22:03:16,503] 83 root INFO Hypothesiscn_009:float64, float64
[2023-01-12 22:03:16,508] 83 root INFO Hypothesisco_000:float64, float64
[2023-01-12 22:03:16,514] 83 root INFO Hypothesiscp_000:float64, float64
[2023-01-12 22:03:16,520] 83 root INFO Hypothesiscq_000:float64, float64
[2023-01-12 22:03:16,528] 83 root INFO Hypothesiscs_000:float64, float64
[2023-01-12 22:03:16,535] 83 root INFO Hypothesiscs_001:float64, float64
[2023-01-12 22:03:16,541] 83 root INFO Hypothesiscs_002:float64, float64
[2023-01-12 22:03:16,548] 83 root INFO Hypothesiscs_003:float64, float64
[2023-01-12 22:03:16,556] 83 root INFO Hypothesiscs_004:float64, float64
[2023-01-12 22:03:16,563] 83 root INFO Hypothesiscs_005:float64, float64
[2023-01-12 22:03:16,570] 83 root INFO Hypothesiscs_006:float64, float64
[2023-01-12 22:03:16,578] 83 root INFO Hypothesiscs_007:float64, float64
[2023-01-12 22:03:16,585] 83 root INFO Hypothesiscs_008:float64, float64
[2023-01-12 22:03:16,590] 83 root INFO Hypothesiscs_009:float64, float64
[2023-01-12 22:03:16,606] 83 root INFO Hypothesisct_000:float64, float64
[2023-01-12 22:03:16,612] 83 root INFO Hypothesiscu_000:float64, float64
[2023-01-12 22:03:16,617] 83 root INFO Hypothesiscv_000:float64, float64
[2023-01-12 22:03:16,624] 83 root INFO Hypothesiscx_000:float64, float64
[2023-01-12 22:03:16,630] 83 root INFO Hypothesiscy_000:float64, float64
[2023-01-12 22:03:16,634] 83 root INFO Hypothesiscz_000:float64, float64
[2023-01-12 22:03:16,640] 83 root INFO Hypothesisda_000:float64, float64
[2023-01-12 22:03:16,643] 83 root INFO Hypothesisdb_000:float64, float64
[2023-01-12 22:03:16,648] 83 root INFO Hypothesisdc_000:float64, float64
[2023-01-12 22:03:16,654] 83 root INFO Hypothesisdd_000:float64, float64
[2023-01-12 22:03:16,661] 83 root INFO Hypothesisde_000:float64, float64
[2023-01-12 22:03:16,666] 83 root INFO Hypothesisdf_000:float64, float64
[2023-01-12 22:03:16,670] 83 root INFO Hypothesisdg_000:float64, float64
[2023-01-12 22:03:16,673] 83 root INFO Hypothesisdh_000:float64, float64
[2023-01-12 22:03:16,676] 83 root INFO Hypothesisdi_000:float64, float64
[2023-01-12 22:03:16,680] 83 root INFO Hypothesisdj_000:float64, float64
[2023-01-12 22:03:16,696] 83 root INFO Hypothesisdk_000:float64, float64
[2023-01-12 22:03:16,699] 83 root INFO Hypothesisdl_000:float64, float64
[2023-01-12 22:03:16,715] 83 root INFO Hypothesisdm_000:float64, float64
[2023-01-12 22:03:16,731] 83 root INFO Hypothesisdn_000:float64, float64
[2023-01-12 22:03:16,737] 83 root INFO Hypothesisdo_000:float64, float64
[2023-01-12 22:03:16,744] 83 root INFO Hypothesisdp_000:float64, float64
[2023-01-12 22:03:16,750] 83 root INFO Hypothesisdq_000:float64, float64
[2023-01-12 22:03:16,754] 83 root INFO Hypothesisdr_000:float64, float64
[2023-01-12 22:03:16,758] 83 root INFO Hypothesisds_000:float64, float64
[2023-01-12 22:03:16,765] 83 root INFO Hypothesisdt_000:float64, float64
[2023-01-12 22:03:16,772] 83 root INFO Hypothesisdu_000:float64, float64
[2023-01-12 22:03:16,778] 83 root INFO Hypothesisdv_000:float64, float64
[2023-01-12 22:03:16,785] 83 root INFO Hypothesisdx_000:float64, float64
[2023-01-12 22:03:16,790] 83 root INFO Hypothesisdy_000:float64, float64
[2023-01-12 22:03:16,794] 83 root INFO Hypothesisdz_000:float64, float64
[2023-01-12 22:03:16,810] 83 root INFO Hypothesisea_000:float64, float64
[2023-01-12 22:03:16,825] 83 root INFO Hypothesiseb_000:float64, float64
[2023-01-12 22:03:16,831] 83 root INFO Hypothesisec_00:float64, float64
[2023-01-12 22:03:16,837] 83 root INFO Hypothesised_000:float64, float64
[2023-01-12 22:03:16,844] 83 root INFO Hypothesisee_000:float64, float64
[2023-01-12 22:03:16,851] 83 root INFO Hypothesisee_001:float64, float64
[2023-01-12 22:03:16,858] 83 root INFO Hypothesisee_002:float64, float64
[2023-01-12 22:03:16,865] 83 root INFO Hypothesisee_003:float64, float64
[2023-01-12 22:03:16,871] 83 root INFO Hypothesisee_004:float64, float64
[2023-01-12 22:03:16,878] 83 root INFO Hypothesisee_005:float64, float64
[2023-01-12 22:03:16,885] 83 root INFO Hypothesisee_006:float64, float64
[2023-01-12 22:03:16,892] 83 root INFO Hypothesisee_007:float64, float64
[2023-01-12 22:03:16,898] 83 root INFO Hypothesisee_008:float64, float64
[2023-01-12 22:03:16,904] 83 root INFO Hypothesisee_009:float64, float64
[2023-01-12 22:03:16,910] 83 root INFO Hypothesisef_000:float64, float64
[2023-01-12 22:03:16,925] 83 root INFO Hypothesiseg_000:float64, float64
[2023-01-12 22:03:16,940] 149 root INFO Write reprt in yaml file
[2023-01-12 22:03:17,125] 154 root INFO Data validation artifact: DataValidationArtifact(report_file_path='/config/workspace/artifact/01122023__220251/data_validation/report.ymal')
[2023-01-12 22:03:17,131] 21 root INFO >>>>>>>>>>>>>>>>>>>>>>>>>>>>>>>>>>>>>>>> Data Transformation <<<<<<<<<<<<<<<<<<<<<<<<<<<<<<<<<<<<<<<<
[2023-01-12 22:03:18,108] 72 root INFO Before resampling in traning set input: (28950, 170) Target:[0 0 0 ... 0 0 0]
