[2023-01-12 21:55:59,266] 22 root INFO This line will create the folder name as artifact in current directory with proper timestamp and date
[2023-01-12 21:55:59,266] 16 root INFO >>>>>>>>>>>>>>>>>>>>>>>>>>>>>>>>>>>>>>>> Data Ingestion <<<<<<<<<<<<<<<<<<<<<<<<<<<<<<<<<<<<<<<<
[2023-01-12 21:55:59,266] 27 root INFO Exporting collection data as pandas dataframe
[2023-01-12 21:55:59,266] 23 root INFO Reading data from database: aps and collection: sensor
[2023-01-12 21:56:03,397] 25 root INFO Found columns: Index(['_id', 'class', 'aa_000', 'ab_000', 'ac_000', 'ad_000', 'ae_000',
       'af_000', 'ag_000', 'ag_001',
       ...
       'ee_002', 'ee_003', 'ee_004', 'ee_005', 'ee_006', 'ee_007', 'ee_008',
       'ee_009', 'ef_000', 'eg_000'],
      dtype='object', length=172)
[2023-01-12 21:56:03,398] 27 root INFO Dropping column: _id 
[2023-01-12 21:56:03,593] 29 root INFO Row and columns in df: (36188, 171)
[2023-01-12 21:56:03,594] 33 root INFO Save data in feature store
[2023-01-12 21:56:04,120] 39 root INFO Create feature store folder if not available
[2023-01-12 21:56:04,121] 43 root INFO Save df to feature store folder
[2023-01-12 21:56:06,552] 48 root INFO split dataset into train and test set
[2023-01-12 21:56:07,091] 52 root INFO create dataset directory folder if not available
[2023-01-12 21:56:07,092] 57 root INFO Save df to feature store folder
[2023-01-12 21:56:09,333] 69 root INFO Data ingestion artifact: DataIngestionArtifact(feature_store_file_path='/config/workspace/artifact/01122023__215559/data_ingetion/feature_store/sensor.csv', train_file_path='/config/workspace/artifact/01122023__215559/data_ingetion/dataset/train.csv', test_file_path='/config/workspace/artifact/01122023__215559/data_ingetion/dataset/test.csv')
[2023-01-12 21:56:09,720] 19 root INFO >>>>>>>>>>>>>>>>>>>>>>>>>>>>>>>>>>>>>>>> Data Validation <<<<<<<<<<<<<<<<<<<<<<<<<<<<<<<<<<<<<<<<
[2023-01-12 21:56:09,720] 107 root INFO Reading base dataframe
[2023-01-12 21:56:12,551] 111 root INFO Replace na value in base df
[2023-01-12 21:56:12,551] 114 root INFO Drop null values colums from base df
[2023-01-12 21:56:13,493] 40 root INFO selecting column name which contains null above to 0.7
[2023-01-12 21:56:13,493] 43 root INFO Columns to drop: ['ab_000', 'bn_000', 'bo_000', 'bp_000', 'bq_000', 'br_000', 'cr_000']
[2023-01-12 21:56:13,607] 117 root INFO Reading train dataframe
[2023-01-12 21:56:14,005] 119 root INFO Reading test dataframe
[2023-01-12 21:56:14,105] 122 root INFO Drop null values colums from train df
[2023-01-12 21:56:14,117] 40 root INFO selecting column name which contains null above to 0.7
[2023-01-12 21:56:14,117] 43 root INFO Columns to drop: ['ab_000', 'bn_000', 'bo_000', 'bp_000', 'bq_000', 'br_000', 'cr_000']
[2023-01-12 21:56:14,127] 124 root INFO Drop null values colums from test df
[2023-01-12 21:56:14,132] 40 root INFO selecting column name which contains null above to 0.7
[2023-01-12 21:56:14,132] 43 root INFO Columns to drop: ['ab_000', 'bn_000', 'bo_000', 'bp_000', 'bq_000', 'br_000', 'cr_000']
[2023-01-12 21:56:21,250] 132 root INFO Is all required columns present in train df
[2023-01-12 21:56:21,250] 135 root INFO Is all required columns present in test df
[2023-01-12 21:56:21,251] 139 root INFO As all column are available in train df hence detecting data drift
[2023-01-12 21:56:21,251] 83 root INFO Hypothesisclass:object, object
[2023-01-12 21:56:21,383] 83 root INFO Hypothesisaa_000:float64, float64
[2023-01-12 21:56:21,393] 83 root INFO Hypothesisac_000:float64, float64
[2023-01-12 21:56:21,434] 83 root INFO Hypothesisad_000:float64, float64
[2023-01-12 21:56:21,442] 83 root INFO Hypothesisae_000:float64, float64
[2023-01-12 21:56:21,479] 83 root INFO Hypothesisaf_000:float64, float64
[2023-01-12 21:56:21,517] 83 root INFO Hypothesisag_000:float64, float64
[2023-01-12 21:56:21,553] 83 root INFO Hypothesisag_001:float64, float64
[2023-01-12 21:56:21,590] 83 root INFO Hypothesisag_002:float64, float64
[2023-01-12 21:56:21,628] 83 root INFO Hypothesisag_003:float64, float64
[2023-01-12 21:56:21,635] 83 root INFO Hypothesisag_004:float64, float64
[2023-01-12 21:56:21,645] 83 root INFO Hypothesisag_005:float64, float64
[2023-01-12 21:56:21,655] 83 root INFO Hypothesisag_006:float64, float64
[2023-01-12 21:56:21,666] 83 root INFO Hypothesisag_007:float64, float64
[2023-01-12 21:56:21,676] 83 root INFO Hypothesisag_008:float64, float64
[2023-01-12 21:56:21,684] 83 root INFO Hypothesisag_009:float64, float64
[2023-01-12 21:56:21,691] 83 root INFO Hypothesisah_000:float64, float64
[2023-01-12 21:56:21,702] 83 root INFO Hypothesisai_000:float64, float64
[2023-01-12 21:56:21,739] 83 root INFO Hypothesisaj_000:float64, float64
[2023-01-12 21:56:21,745] 83 root INFO Hypothesisak_000:float64, float64
[2023-01-12 21:56:21,784] 83 root INFO Hypothesisal_000:float64, float64
[2023-01-12 21:56:21,792] 83 root INFO Hypothesisam_0:float64, float64
[2023-01-12 21:56:21,801] 83 root INFO Hypothesisan_000:float64, float64
[2023-01-12 21:56:21,812] 83 root INFO Hypothesisao_000:float64, float64
[2023-01-12 21:56:21,823] 83 root INFO Hypothesisap_000:float64, float64
[2023-01-12 21:56:21,834] 83 root INFO Hypothesisaq_000:float64, float64
[2023-01-12 21:56:21,845] 83 root INFO Hypothesisar_000:float64, float64
[2023-01-12 21:56:21,884] 83 root INFO Hypothesisas_000:float64, float64
[2023-01-12 21:56:21,921] 83 root INFO Hypothesisat_000:float64, float64
[2023-01-12 21:56:21,960] 83 root INFO Hypothesisau_000:float64, float64
[2023-01-12 21:56:22,001] 83 root INFO Hypothesisav_000:float64, float64
[2023-01-12 21:56:22,009] 83 root INFO Hypothesisax_000:float64, float64
[2023-01-12 21:56:22,019] 83 root INFO Hypothesisay_000:float64, float64
[2023-01-12 21:56:22,056] 83 root INFO Hypothesisay_001:float64, float64
[2023-01-12 21:56:22,094] 83 root INFO Hypothesisay_002:float64, float64
[2023-01-12 21:56:22,132] 83 root INFO Hypothesisay_003:float64, float64
[2023-01-12 21:56:22,169] 83 root INFO Hypothesisay_004:float64, float64
[2023-01-12 21:56:22,206] 83 root INFO Hypothesisay_005:float64, float64
[2023-01-12 21:56:22,247] 83 root INFO Hypothesisay_006:float64, float64
[2023-01-12 21:56:22,257] 83 root INFO Hypothesisay_007:float64, float64
[2023-01-12 21:56:22,267] 83 root INFO Hypothesisay_008:float64, float64
[2023-01-12 21:56:22,277] 83 root INFO Hypothesisay_009:float64, float64
[2023-01-12 21:56:22,315] 83 root INFO Hypothesisaz_000:float64, float64
[2023-01-12 21:56:22,325] 83 root INFO Hypothesisaz_001:float64, float64
[2023-01-12 21:56:22,334] 83 root INFO Hypothesisaz_002:float64, float64
[2023-01-12 21:56:22,344] 83 root INFO Hypothesisaz_003:float64, float64
[2023-01-12 21:56:22,354] 83 root INFO Hypothesisaz_004:float64, float64
[2023-01-12 21:56:22,364] 83 root INFO Hypothesisaz_005:float64, float64
[2023-01-12 21:56:22,375] 83 root INFO Hypothesisaz_006:float64, float64
[2023-01-12 21:56:22,417] 83 root INFO Hypothesisaz_007:float64, float64
[2023-01-12 21:56:22,456] 83 root INFO Hypothesisaz_008:float64, float64
[2023-01-12 21:56:22,493] 83 root INFO Hypothesisaz_009:float64, float64
[2023-01-12 21:56:22,531] 83 root INFO Hypothesisba_000:float64, float64
[2023-01-12 21:56:22,542] 83 root INFO Hypothesisba_001:float64, float64
[2023-01-12 21:56:22,552] 83 root INFO Hypothesisba_002:float64, float64
[2023-01-12 21:56:22,563] 83 root INFO Hypothesisba_003:float64, float64
[2023-01-12 21:56:22,573] 83 root INFO Hypothesisba_004:float64, float64
[2023-01-12 21:56:22,583] 83 root INFO Hypothesisba_005:float64, float64
[2023-01-12 21:56:22,594] 83 root INFO Hypothesisba_006:float64, float64
[2023-01-12 21:56:22,604] 83 root INFO Hypothesisba_007:float64, float64
[2023-01-12 21:56:22,613] 83 root INFO Hypothesisba_008:float64, float64
[2023-01-12 21:56:22,654] 83 root INFO Hypothesisba_009:float64, float64
[2023-01-12 21:56:22,697] 83 root INFO Hypothesisbb_000:float64, float64
[2023-01-12 21:56:22,708] 83 root INFO Hypothesisbc_000:float64, float64
[2023-01-12 21:56:22,749] 83 root INFO Hypothesisbd_000:float64, float64
[2023-01-12 21:56:22,757] 83 root INFO Hypothesisbe_000:float64, float64
[2023-01-12 21:56:22,766] 83 root INFO Hypothesisbf_000:float64, float64
[2023-01-12 21:56:22,772] 83 root INFO Hypothesisbg_000:float64, float64
[2023-01-12 21:56:22,783] 83 root INFO Hypothesisbh_000:float64, float64
[2023-01-12 21:56:22,793] 83 root INFO Hypothesisbi_000:float64, float64
[2023-01-12 21:56:22,804] 83 root INFO Hypothesisbj_000:float64, float64
[2023-01-12 21:56:22,815] 83 root INFO Hypothesisbk_000:float64, float64
[2023-01-12 21:56:22,825] 83 root INFO Hypothesisbl_000:float64, float64
[2023-01-12 21:56:22,833] 83 root INFO Hypothesisbm_000:float64, float64
[2023-01-12 21:56:22,840] 83 root INFO Hypothesisbs_000:float64, float64
[2023-01-12 21:56:22,852] 83 root INFO Hypothesisbt_000:float64, float64
[2023-01-12 21:56:22,863] 83 root INFO Hypothesisbu_000:float64, float64
[2023-01-12 21:56:22,875] 83 root INFO Hypothesisbv_000:float64, float64
[2023-01-12 21:56:22,886] 83 root INFO Hypothesisbx_000:float64, float64
[2023-01-12 21:56:22,896] 83 root INFO Hypothesisby_000:float64, float64
[2023-01-12 21:56:22,907] 83 root INFO Hypothesisbz_000:float64, float64
[2023-01-12 21:56:22,917] 83 root INFO Hypothesisca_000:float64, float64
[2023-01-12 21:56:22,930] 83 root INFO Hypothesiscb_000:float64, float64
[2023-01-12 21:56:22,942] 83 root INFO Hypothesiscc_000:float64, float64
[2023-01-12 21:56:22,953] 83 root INFO Hypothesiscd_000:float64, float64
[2023-01-12 21:56:22,990] 83 root INFO Hypothesisce_000:float64, float64
[2023-01-12 21:56:23,000] 83 root INFO Hypothesiscf_000:float64, float64
[2023-01-12 21:56:23,006] 83 root INFO Hypothesiscg_000:float64, float64
[2023-01-12 21:56:23,013] 83 root INFO Hypothesisch_000:float64, float64
[2023-01-12 21:56:23,052] 83 root INFO Hypothesisci_000:float64, float64
[2023-01-12 21:56:23,063] 83 root INFO Hypothesiscj_000:float64, float64
[2023-01-12 21:56:23,102] 83 root INFO Hypothesisck_000:float64, float64
[2023-01-12 21:56:23,112] 83 root INFO Hypothesiscl_000:float64, float64
[2023-01-12 21:56:23,118] 83 root INFO Hypothesiscm_000:float64, float64
[2023-01-12 21:56:23,125] 83 root INFO Hypothesiscn_000:float64, float64
[2023-01-12 21:56:23,164] 83 root INFO Hypothesiscn_001:float64, float64
[2023-01-12 21:56:23,204] 83 root INFO Hypothesiscn_002:float64, float64
[2023-01-12 21:56:23,212] 83 root INFO Hypothesiscn_003:float64, float64
[2023-01-12 21:56:23,223] 83 root INFO Hypothesiscn_004:float64, float64
[2023-01-12 21:56:23,233] 83 root INFO Hypothesiscn_005:float64, float64
[2023-01-12 21:56:23,243] 83 root INFO Hypothesiscn_006:float64, float64
[2023-01-12 21:56:23,254] 83 root INFO Hypothesiscn_007:float64, float64
[2023-01-12 21:56:23,264] 83 root INFO Hypothesiscn_008:float64, float64
[2023-01-12 21:56:23,273] 83 root INFO Hypothesiscn_009:float64, float64
[2023-01-12 21:56:23,315] 83 root INFO Hypothesisco_000:float64, float64
[2023-01-12 21:56:23,322] 83 root INFO Hypothesiscp_000:float64, float64
[2023-01-12 21:56:23,362] 83 root INFO Hypothesiscq_000:float64, float64
[2023-01-12 21:56:23,373] 83 root INFO Hypothesiscs_000:float64, float64
[2023-01-12 21:56:23,383] 83 root INFO Hypothesiscs_001:float64, float64
[2023-01-12 21:56:23,391] 83 root INFO Hypothesiscs_002:float64, float64
[2023-01-12 21:56:23,401] 83 root INFO Hypothesiscs_003:float64, float64
[2023-01-12 21:56:23,412] 83 root INFO Hypothesiscs_004:float64, float64
[2023-01-12 21:56:23,422] 83 root INFO Hypothesiscs_005:float64, float64
[2023-01-12 21:56:23,433] 83 root INFO Hypothesiscs_006:float64, float64
[2023-01-12 21:56:23,444] 83 root INFO Hypothesiscs_007:float64, float64
[2023-01-12 21:56:23,454] 83 root INFO Hypothesiscs_008:float64, float64
[2023-01-12 21:56:23,495] 83 root INFO Hypothesiscs_009:float64, float64
[2023-01-12 21:56:23,532] 83 root INFO Hypothesisct_000:float64, float64
[2023-01-12 21:56:23,541] 83 root INFO Hypothesiscu_000:float64, float64
[2023-01-12 21:56:23,549] 83 root INFO Hypothesiscv_000:float64, float64
[2023-01-12 21:56:23,558] 83 root INFO Hypothesiscx_000:float64, float64
[2023-01-12 21:56:23,568] 83 root INFO Hypothesiscy_000:float64, float64
[2023-01-12 21:56:23,573] 83 root INFO Hypothesiscz_000:float64, float64
[2023-01-12 21:56:23,582] 83 root INFO Hypothesisda_000:float64, float64
[2023-01-12 21:56:23,587] 83 root INFO Hypothesisdb_000:float64, float64
[2023-01-12 21:56:23,593] 83 root INFO Hypothesisdc_000:float64, float64
[2023-01-12 21:56:23,602] 83 root INFO Hypothesisdd_000:float64, float64
[2023-01-12 21:56:23,612] 83 root INFO Hypothesisde_000:float64, float64
[2023-01-12 21:56:23,620] 83 root INFO Hypothesisdf_000:float64, float64
[2023-01-12 21:56:23,658] 83 root INFO Hypothesisdg_000:float64, float64
[2023-01-12 21:56:23,696] 83 root INFO Hypothesisdh_000:float64, float64
[2023-01-12 21:56:23,701] 83 root INFO Hypothesisdi_000:float64, float64
[2023-01-12 21:56:23,741] 83 root INFO Hypothesisdj_000:float64, float64
[2023-01-12 21:56:23,778] 83 root INFO Hypothesisdk_000:float64, float64
[2023-01-12 21:56:23,816] 83 root INFO Hypothesisdl_000:float64, float64
[2023-01-12 21:56:23,854] 83 root INFO Hypothesisdm_000:float64, float64
[2023-01-12 21:56:23,895] 83 root INFO Hypothesisdn_000:float64, float64
[2023-01-12 21:56:23,906] 83 root INFO Hypothesisdo_000:float64, float64
[2023-01-12 21:56:23,917] 83 root INFO Hypothesisdp_000:float64, float64
[2023-01-12 21:56:23,927] 83 root INFO Hypothesisdq_000:float64, float64
[2023-01-12 21:56:23,969] 83 root INFO Hypothesisdr_000:float64, float64
[2023-01-12 21:56:24,008] 83 root INFO Hypothesisds_000:float64, float64
[2023-01-12 21:56:24,019] 83 root INFO Hypothesisdt_000:float64, float64
[2023-01-12 21:56:24,029] 83 root INFO Hypothesisdu_000:float64, float64
[2023-01-12 21:56:24,039] 83 root INFO Hypothesisdv_000:float64, float64
[2023-01-12 21:56:24,050] 83 root INFO Hypothesisdx_000:float64, float64
[2023-01-12 21:56:24,090] 83 root INFO Hypothesisdy_000:float64, float64
[2023-01-12 21:56:24,130] 83 root INFO Hypothesisdz_000:float64, float64
[2023-01-12 21:56:24,167] 83 root INFO Hypothesisea_000:float64, float64
[2023-01-12 21:56:24,204] 83 root INFO Hypothesiseb_000:float64, float64
[2023-01-12 21:56:24,213] 83 root INFO Hypothesisec_00:float64, float64
[2023-01-12 21:56:24,223] 83 root INFO Hypothesised_000:float64, float64
[2023-01-12 21:56:24,231] 83 root INFO Hypothesisee_000:float64, float64
[2023-01-12 21:56:24,242] 83 root INFO Hypothesisee_001:float64, float64
[2023-01-12 21:56:24,252] 83 root INFO Hypothesisee_002:float64, float64
[2023-01-12 21:56:24,263] 83 root INFO Hypothesisee_003:float64, float64
[2023-01-12 21:56:24,273] 83 root INFO Hypothesisee_004:float64, float64
[2023-01-12 21:56:24,283] 83 root INFO Hypothesisee_005:float64, float64
[2023-01-12 21:56:24,293] 83 root INFO Hypothesisee_006:float64, float64
[2023-01-12 21:56:24,303] 83 root INFO Hypothesisee_007:float64, float64
[2023-01-12 21:56:24,313] 83 root INFO Hypothesisee_008:float64, float64
[2023-01-12 21:56:24,322] 83 root INFO Hypothesisee_009:float64, float64
[2023-01-12 21:56:24,330] 83 root INFO Hypothesisef_000:float64, float64
[2023-01-12 21:56:24,367] 83 root INFO Hypothesiseg_000:float64, float64
[2023-01-12 21:56:24,404] 142 root INFO As all column are available in test df hence detecting data drift
[2023-01-12 21:56:24,405] 83 root INFO Hypothesisclass:object, object
[2023-01-12 21:56:24,480] 83 root INFO Hypothesisaa_000:float64, float64
[2023-01-12 21:56:24,487] 83 root INFO Hypothesisac_000:float64, float64
[2023-01-12 21:56:24,492] 83 root INFO Hypothesisad_000:float64, float64
[2023-01-12 21:56:24,497] 83 root INFO Hypothesisae_000:float64, float64
[2023-01-12 21:56:24,513] 83 root INFO Hypothesisaf_000:float64, float64
[2023-01-12 21:56:24,529] 83 root INFO Hypothesisag_000:float64, float64
[2023-01-12 21:56:24,545] 83 root INFO Hypothesisag_001:float64, float64
[2023-01-12 21:56:24,560] 83 root INFO Hypothesisag_002:float64, float64
[2023-01-12 21:56:24,563] 83 root INFO Hypothesisag_003:float64, float64
[2023-01-12 21:56:24,568] 83 root INFO Hypothesisag_004:float64, float64
[2023-01-12 21:56:24,575] 83 root INFO Hypothesisag_005:float64, float64
[2023-01-12 21:56:24,582] 83 root INFO Hypothesisag_006:float64, float64
[2023-01-12 21:56:24,589] 83 root INFO Hypothesisag_007:float64, float64
[2023-01-12 21:56:24,595] 83 root INFO Hypothesisag_008:float64, float64
[2023-01-12 21:56:24,601] 83 root INFO Hypothesisag_009:float64, float64
[2023-01-12 21:56:24,606] 83 root INFO Hypothesisah_000:float64, float64
[2023-01-12 21:56:24,613] 83 root INFO Hypothesisai_000:float64, float64
[2023-01-12 21:56:24,616] 83 root INFO Hypothesisaj_000:float64, float64
[2023-01-12 21:56:24,620] 83 root INFO Hypothesisak_000:float64, float64
[2023-01-12 21:56:24,623] 83 root INFO Hypothesisal_000:float64, float64
[2023-01-12 21:56:24,628] 83 root INFO Hypothesisam_0:float64, float64
[2023-01-12 21:56:24,633] 83 root INFO Hypothesisan_000:float64, float64
[2023-01-12 21:56:24,640] 83 root INFO Hypothesisao_000:float64, float64
[2023-01-12 21:56:24,647] 83 root INFO Hypothesisap_000:float64, float64
[2023-01-12 21:56:24,654] 83 root INFO Hypothesisaq_000:float64, float64
[2023-01-12 21:56:24,661] 83 root INFO Hypothesisar_000:float64, float64
[2023-01-12 21:56:24,678] 83 root INFO Hypothesisas_000:float64, float64
[2023-01-12 21:56:24,693] 83 root INFO Hypothesisat_000:float64, float64
[2023-01-12 21:56:24,710] 83 root INFO Hypothesisau_000:float64, float64
[2023-01-12 21:56:24,725] 83 root INFO Hypothesisav_000:float64, float64
[2023-01-12 21:56:24,731] 83 root INFO Hypothesisax_000:float64, float64
[2023-01-12 21:56:24,736] 83 root INFO Hypothesisay_000:float64, float64
[2023-01-12 21:56:24,751] 83 root INFO Hypothesisay_001:float64, float64
[2023-01-12 21:56:24,767] 83 root INFO Hypothesisay_002:float64, float64
[2023-01-12 21:56:24,782] 83 root INFO Hypothesisay_003:float64, float64
[2023-01-12 21:56:24,797] 83 root INFO Hypothesisay_004:float64, float64
[2023-01-12 21:56:24,813] 83 root INFO Hypothesisay_005:float64, float64
[2023-01-12 21:56:24,819] 83 root INFO Hypothesisay_006:float64, float64
[2023-01-12 21:56:24,826] 83 root INFO Hypothesisay_007:float64, float64
[2023-01-12 21:56:24,833] 83 root INFO Hypothesisay_008:float64, float64
[2023-01-12 21:56:24,840] 83 root INFO Hypothesisay_009:float64, float64
[2023-01-12 21:56:24,855] 83 root INFO Hypothesisaz_000:float64, float64
[2023-01-12 21:56:24,862] 83 root INFO Hypothesisaz_001:float64, float64
[2023-01-12 21:56:24,868] 83 root INFO Hypothesisaz_002:float64, float64
[2023-01-12 21:56:24,875] 83 root INFO Hypothesisaz_003:float64, float64
[2023-01-12 21:56:24,882] 83 root INFO Hypothesisaz_004:float64, float64
[2023-01-12 21:56:24,888] 83 root INFO Hypothesisaz_005:float64, float64
[2023-01-12 21:56:24,896] 83 root INFO Hypothesisaz_006:float64, float64
[2023-01-12 21:56:24,902] 83 root INFO Hypothesisaz_007:float64, float64
[2023-01-12 21:56:24,906] 83 root INFO Hypothesisaz_008:float64, float64
[2023-01-12 21:56:24,924] 83 root INFO Hypothesisaz_009:float64, float64
[2023-01-12 21:56:24,940] 83 root INFO Hypothesisba_000:float64, float64
[2023-01-12 21:56:24,951] 83 root INFO Hypothesisba_001:float64, float64
[2023-01-12 21:56:24,959] 83 root INFO Hypothesisba_002:float64, float64
[2023-01-12 21:56:24,966] 83 root INFO Hypothesisba_003:float64, float64
[2023-01-12 21:56:24,973] 83 root INFO Hypothesisba_004:float64, float64
[2023-01-12 21:56:24,979] 83 root INFO Hypothesisba_005:float64, float64
[2023-01-12 21:56:24,986] 83 root INFO Hypothesisba_006:float64, float64
[2023-01-12 21:56:24,993] 83 root INFO Hypothesisba_007:float64, float64
[2023-01-12 21:56:24,999] 83 root INFO Hypothesisba_008:float64, float64
[2023-01-12 21:56:25,005] 83 root INFO Hypothesisba_009:float64, float64
[2023-01-12 21:56:25,009] 83 root INFO Hypothesisbb_000:float64, float64
[2023-01-12 21:56:25,017] 83 root INFO Hypothesisbc_000:float64, float64
[2023-01-12 21:56:25,022] 83 root INFO Hypothesisbd_000:float64, float64
[2023-01-12 21:56:25,028] 83 root INFO Hypothesisbe_000:float64, float64
[2023-01-12 21:56:25,033] 83 root INFO Hypothesisbf_000:float64, float64
[2023-01-12 21:56:25,038] 83 root INFO Hypothesisbg_000:float64, float64
[2023-01-12 21:56:25,045] 83 root INFO Hypothesisbh_000:float64, float64
[2023-01-12 21:56:25,052] 83 root INFO Hypothesisbi_000:float64, float64
[2023-01-12 21:56:25,059] 83 root INFO Hypothesisbj_000:float64, float64
[2023-01-12 21:56:25,066] 83 root INFO Hypothesisbk_000:float64, float64
[2023-01-12 21:56:25,072] 83 root INFO Hypothesisbl_000:float64, float64
[2023-01-12 21:56:25,077] 83 root INFO Hypothesisbm_000:float64, float64
[2023-01-12 21:56:25,081] 83 root INFO Hypothesisbs_000:float64, float64
[2023-01-12 21:56:25,088] 83 root INFO Hypothesisbt_000:float64, float64
[2023-01-12 21:56:25,095] 83 root INFO Hypothesisbu_000:float64, float64
[2023-01-12 21:56:25,102] 83 root INFO Hypothesisbv_000:float64, float64
[2023-01-12 21:56:25,109] 83 root INFO Hypothesisbx_000:float64, float64
[2023-01-12 21:56:25,115] 83 root INFO Hypothesisby_000:float64, float64
[2023-01-12 21:56:25,122] 83 root INFO Hypothesisbz_000:float64, float64
[2023-01-12 21:56:25,128] 83 root INFO Hypothesisca_000:float64, float64
[2023-01-12 21:56:25,135] 83 root INFO Hypothesiscb_000:float64, float64
[2023-01-12 21:56:25,142] 83 root INFO Hypothesiscc_000:float64, float64
[2023-01-12 21:56:25,149] 83 root INFO Hypothesiscd_000:float64, float64
[2023-01-12 21:56:25,165] 83 root INFO Hypothesisce_000:float64, float64
[2023-01-12 21:56:25,172] 83 root INFO Hypothesiscf_000:float64, float64
[2023-01-12 21:56:25,175] 83 root INFO Hypothesiscg_000:float64, float64
[2023-01-12 21:56:25,180] 83 root INFO Hypothesisch_000:float64, float64
[2023-01-12 21:56:25,184] 83 root INFO Hypothesisci_000:float64, float64
[2023-01-12 21:56:25,191] 83 root INFO Hypothesiscj_000:float64, float64
[2023-01-12 21:56:25,195] 83 root INFO Hypothesisck_000:float64, float64
[2023-01-12 21:56:25,202] 83 root INFO Hypothesiscl_000:float64, float64
[2023-01-12 21:56:25,206] 83 root INFO Hypothesiscm_000:float64, float64
[2023-01-12 21:56:25,211] 83 root INFO Hypothesiscn_000:float64, float64
[2023-01-12 21:56:25,226] 83 root INFO Hypothesiscn_001:float64, float64
[2023-01-12 21:56:25,230] 83 root INFO Hypothesiscn_002:float64, float64
[2023-01-12 21:56:25,235] 83 root INFO Hypothesiscn_003:float64, float64
[2023-01-12 21:56:25,242] 83 root INFO Hypothesiscn_004:float64, float64
[2023-01-12 21:56:25,249] 83 root INFO Hypothesiscn_005:float64, float64
[2023-01-12 21:56:25,256] 83 root INFO Hypothesiscn_006:float64, float64
[2023-01-12 21:56:25,263] 83 root INFO Hypothesiscn_007:float64, float64
[2023-01-12 21:56:25,270] 83 root INFO Hypothesiscn_008:float64, float64
[2023-01-12 21:56:25,277] 83 root INFO Hypothesiscn_009:float64, float64
[2023-01-12 21:56:25,282] 83 root INFO Hypothesisco_000:float64, float64
[2023-01-12 21:56:25,287] 83 root INFO Hypothesiscp_000:float64, float64
[2023-01-12 21:56:25,292] 83 root INFO Hypothesiscq_000:float64, float64
[2023-01-12 21:56:25,299] 83 root INFO Hypothesiscs_000:float64, float64
[2023-01-12 21:56:25,305] 83 root INFO Hypothesiscs_001:float64, float64
[2023-01-12 21:56:25,311] 83 root INFO Hypothesiscs_002:float64, float64
[2023-01-12 21:56:25,318] 83 root INFO Hypothesiscs_003:float64, float64
[2023-01-12 21:56:25,324] 83 root INFO Hypothesiscs_004:float64, float64
[2023-01-12 21:56:25,331] 83 root INFO Hypothesiscs_005:float64, float64
[2023-01-12 21:56:25,338] 83 root INFO Hypothesiscs_006:float64, float64
[2023-01-12 21:56:25,345] 83 root INFO Hypothesiscs_007:float64, float64
[2023-01-12 21:56:25,352] 83 root INFO Hypothesiscs_008:float64, float64
[2023-01-12 21:56:25,357] 83 root INFO Hypothesiscs_009:float64, float64
[2023-01-12 21:56:25,374] 83 root INFO Hypothesisct_000:float64, float64
[2023-01-12 21:56:25,379] 83 root INFO Hypothesiscu_000:float64, float64
[2023-01-12 21:56:25,385] 83 root INFO Hypothesiscv_000:float64, float64
[2023-01-12 21:56:25,391] 83 root INFO Hypothesiscx_000:float64, float64
[2023-01-12 21:56:25,397] 83 root INFO Hypothesiscy_000:float64, float64
[2023-01-12 21:56:25,401] 83 root INFO Hypothesiscz_000:float64, float64
[2023-01-12 21:56:25,406] 83 root INFO Hypothesisda_000:float64, float64
[2023-01-12 21:56:25,409] 83 root INFO Hypothesisdb_000:float64, float64
[2023-01-12 21:56:25,413] 83 root INFO Hypothesisdc_000:float64, float64
[2023-01-12 21:56:25,420] 83 root INFO Hypothesisdd_000:float64, float64
[2023-01-12 21:56:25,426] 83 root INFO Hypothesisde_000:float64, float64
[2023-01-12 21:56:25,431] 83 root INFO Hypothesisdf_000:float64, float64
[2023-01-12 21:56:25,435] 83 root INFO Hypothesisdg_000:float64, float64
[2023-01-12 21:56:25,438] 83 root INFO Hypothesisdh_000:float64, float64
[2023-01-12 21:56:25,441] 83 root INFO Hypothesisdi_000:float64, float64
[2023-01-12 21:56:25,445] 83 root INFO Hypothesisdj_000:float64, float64
[2023-01-12 21:56:25,461] 83 root INFO Hypothesisdk_000:float64, float64
[2023-01-12 21:56:25,464] 83 root INFO Hypothesisdl_000:float64, float64
[2023-01-12 21:56:25,480] 83 root INFO Hypothesisdm_000:float64, float64
[2023-01-12 21:56:25,496] 83 root INFO Hypothesisdn_000:float64, float64
[2023-01-12 21:56:25,503] 83 root INFO Hypothesisdo_000:float64, float64
[2023-01-12 21:56:25,509] 83 root INFO Hypothesisdp_000:float64, float64
[2023-01-12 21:56:25,516] 83 root INFO Hypothesisdq_000:float64, float64
[2023-01-12 21:56:25,520] 83 root INFO Hypothesisdr_000:float64, float64
[2023-01-12 21:56:25,524] 83 root INFO Hypothesisds_000:float64, float64
[2023-01-12 21:56:25,531] 83 root INFO Hypothesisdt_000:float64, float64
[2023-01-12 21:56:25,538] 83 root INFO Hypothesisdu_000:float64, float64
[2023-01-12 21:56:25,545] 83 root INFO Hypothesisdv_000:float64, float64
[2023-01-12 21:56:25,552] 83 root INFO Hypothesisdx_000:float64, float64
[2023-01-12 21:56:25,557] 83 root INFO Hypothesisdy_000:float64, float64
[2023-01-12 21:56:25,562] 83 root INFO Hypothesisdz_000:float64, float64
[2023-01-12 21:56:25,577] 83 root INFO Hypothesisea_000:float64, float64
[2023-01-12 21:56:25,593] 83 root INFO Hypothesiseb_000:float64, float64
[2023-01-12 21:56:25,599] 83 root INFO Hypothesisec_00:float64, float64
[2023-01-12 21:56:25,605] 83 root INFO Hypothesised_000:float64, float64
[2023-01-12 21:56:25,611] 83 root INFO Hypothesisee_000:float64, float64
[2023-01-12 21:56:25,618] 83 root INFO Hypothesisee_001:float64, float64
[2023-01-12 21:56:25,625] 83 root INFO Hypothesisee_002:float64, float64
[2023-01-12 21:56:25,632] 83 root INFO Hypothesisee_003:float64, float64
[2023-01-12 21:56:25,639] 83 root INFO Hypothesisee_004:float64, float64
[2023-01-12 21:56:25,646] 83 root INFO Hypothesisee_005:float64, float64
[2023-01-12 21:56:25,652] 83 root INFO Hypothesisee_006:float64, float64
[2023-01-12 21:56:25,659] 83 root INFO Hypothesisee_007:float64, float64
[2023-01-12 21:56:25,666] 83 root INFO Hypothesisee_008:float64, float64
[2023-01-12 21:56:25,672] 83 root INFO Hypothesisee_009:float64, float64
[2023-01-12 21:56:25,677] 83 root INFO Hypothesisef_000:float64, float64
[2023-01-12 21:56:25,692] 83 root INFO Hypothesiseg_000:float64, float64
[2023-01-12 21:56:25,708] 149 root INFO Write reprt in yaml file
[2023-01-12 21:56:25,892] 154 root INFO Data validation artifact: DataValidationArtifact(report_file_path='/config/workspace/artifact/01122023__215559/data_validation/report.ymal')
[2023-01-12 21:56:25,897] 21 root INFO >>>>>>>>>>>>>>>>>>>>>>>>>>>>>>>>>>>>>>>> Data Transformation <<<<<<<<<<<<<<<<<<<<<<<<<<<<<<<<<<<<<<<<
