[2023-01-12 12:49:32,118] 22 root INFO This line will create the folder name as artifact in current directory with proper timestamp and date
[2023-01-12 12:49:32,119] 16 root INFO >>>>>>>>>>>>>>>>>>>>>>>>>>>>>>>>>>>>>>>> Data Ingestion <<<<<<<<<<<<<<<<<<<<<<<<<<<<<<<<<<<<<<<<
[2023-01-12 12:49:32,119] 27 root INFO Exporting collection data as pandas dataframe
[2023-01-12 12:49:32,119] 23 root INFO Reading data from database: aps and collection: sensor
[2023-01-12 12:49:35,507] 25 root INFO Found columns: Index(['_id', 'class', 'aa_000', 'ab_000', 'ac_000', 'ad_000', 'ae_000',
       'af_000', 'ag_000', 'ag_001',
       ...
       'ee_002', 'ee_003', 'ee_004', 'ee_005', 'ee_006', 'ee_007', 'ee_008',
       'ee_009', 'ef_000', 'eg_000'],
      dtype='object', length=172)
[2023-01-12 12:49:35,508] 27 root INFO Dropping column: _id 
[2023-01-12 12:49:35,698] 29 root INFO Row and columns in df: (36188, 171)
[2023-01-12 12:49:35,698] 33 root INFO Save data in feature store
[2023-01-12 12:49:36,240] 39 root INFO Create feature store folder if not available
[2023-01-12 12:49:36,240] 43 root INFO Save df to feature store folder
[2023-01-12 12:49:38,748] 48 root INFO split dataset into train and test set
[2023-01-12 12:49:39,365] 52 root INFO create dataset directory folder if not available
[2023-01-12 12:49:39,365] 57 root INFO Save df to feature store folder
[2023-01-12 12:49:41,718] 69 root INFO Data ingestion artifact: DataIngestionArtifact(feature_store_file_path='/config/workspace/artifact/01122023__124932/data_ingetion/feature_store/sensor.csv', train_file_path='/config/workspace/artifact/01122023__124932/data_ingetion/dataset/train.csv', test_file_path='/config/workspace/artifact/01122023__124932/data_ingetion/dataset/test.csv')
[2023-01-12 12:49:42,209] 19 root INFO >>>>>>>>>>>>>>>>>>>>>>>>>>>>>>>>>>>>>>>> Data Validation <<<<<<<<<<<<<<<<<<<<<<<<<<<<<<<<<<<<<<<<
[2023-01-12 12:49:42,210] 107 root INFO Reading base dataframe
[2023-01-12 12:49:45,102] 111 root INFO Replace na value in base df
[2023-01-12 12:49:45,103] 114 root INFO Drop null values colums from base df
[2023-01-12 12:49:46,048] 40 root INFO selecting column name which contains null above to 0.7
[2023-01-12 12:49:46,048] 43 root INFO Columns to drop: ['ab_000', 'bn_000', 'bo_000', 'bp_000', 'bq_000', 'br_000', 'cr_000']
[2023-01-12 12:49:46,126] 117 root INFO Reading train dataframe
[2023-01-12 12:49:46,523] 119 root INFO Reading test dataframe
[2023-01-12 12:49:46,623] 122 root INFO Drop null values colums from train df
[2023-01-12 12:49:46,634] 40 root INFO selecting column name which contains null above to 0.7
[2023-01-12 12:49:46,634] 43 root INFO Columns to drop: ['ab_000', 'bn_000', 'bo_000', 'bp_000', 'bq_000', 'br_000', 'cr_000']
[2023-01-12 12:49:46,647] 124 root INFO Drop null values colums from test df
[2023-01-12 12:49:46,651] 40 root INFO selecting column name which contains null above to 0.7
[2023-01-12 12:49:46,652] 43 root INFO Columns to drop: ['ab_000', 'bn_000', 'bo_000', 'bp_000', 'bq_000', 'br_000', 'cr_000']
[2023-01-12 12:49:53,595] 132 root INFO Is all required columns present in train df
[2023-01-12 12:49:53,596] 135 root INFO Is all required columns present in test df
[2023-01-12 12:49:53,596] 139 root INFO As all column are available in train df hence detecting data drift
[2023-01-12 12:49:53,596] 83 root INFO Hypothesisclass:object, object
[2023-01-12 12:49:53,730] 83 root INFO Hypothesisaa_000:float64, float64
[2023-01-12 12:49:53,741] 83 root INFO Hypothesisac_000:float64, float64
[2023-01-12 12:49:53,784] 83 root INFO Hypothesisad_000:float64, float64
[2023-01-12 12:49:53,793] 83 root INFO Hypothesisae_000:float64, float64
[2023-01-12 12:49:53,829] 83 root INFO Hypothesisaf_000:float64, float64
[2023-01-12 12:49:53,864] 83 root INFO Hypothesisag_000:float64, float64
[2023-01-12 12:49:53,899] 83 root INFO Hypothesisag_001:float64, float64
[2023-01-12 12:49:53,933] 83 root INFO Hypothesisag_002:float64, float64
[2023-01-12 12:49:53,970] 83 root INFO Hypothesisag_003:float64, float64
[2023-01-12 12:49:53,976] 83 root INFO Hypothesisag_004:float64, float64
[2023-01-12 12:49:53,986] 83 root INFO Hypothesisag_005:float64, float64
[2023-01-12 12:49:53,997] 83 root INFO Hypothesisag_006:float64, float64
[2023-01-12 12:49:54,008] 83 root INFO Hypothesisag_007:float64, float64
[2023-01-12 12:49:54,017] 83 root INFO Hypothesisag_008:float64, float64
[2023-01-12 12:49:54,027] 83 root INFO Hypothesisag_009:float64, float64
[2023-01-12 12:49:54,034] 83 root INFO Hypothesisah_000:float64, float64
[2023-01-12 12:49:54,045] 83 root INFO Hypothesisai_000:float64, float64
[2023-01-12 12:49:54,083] 83 root INFO Hypothesisaj_000:float64, float64
[2023-01-12 12:49:54,089] 83 root INFO Hypothesisak_000:float64, float64
[2023-01-12 12:49:54,125] 83 root INFO Hypothesisal_000:float64, float64
[2023-01-12 12:49:54,133] 83 root INFO Hypothesisam_0:float64, float64
[2023-01-12 12:49:54,141] 83 root INFO Hypothesisan_000:float64, float64
[2023-01-12 12:49:54,151] 83 root INFO Hypothesisao_000:float64, float64
[2023-01-12 12:49:54,162] 83 root INFO Hypothesisap_000:float64, float64
[2023-01-12 12:49:54,173] 83 root INFO Hypothesisaq_000:float64, float64
[2023-01-12 12:49:54,186] 83 root INFO Hypothesisar_000:float64, float64
[2023-01-12 12:49:54,222] 83 root INFO Hypothesisas_000:float64, float64
[2023-01-12 12:49:54,257] 83 root INFO Hypothesisat_000:float64, float64
[2023-01-12 12:49:54,293] 83 root INFO Hypothesisau_000:float64, float64
[2023-01-12 12:49:54,328] 83 root INFO Hypothesisav_000:float64, float64
[2023-01-12 12:49:54,337] 83 root INFO Hypothesisax_000:float64, float64
[2023-01-12 12:49:54,345] 83 root INFO Hypothesisay_000:float64, float64
[2023-01-12 12:49:54,380] 83 root INFO Hypothesisay_001:float64, float64
[2023-01-12 12:49:54,416] 83 root INFO Hypothesisay_002:float64, float64
[2023-01-12 12:49:54,452] 83 root INFO Hypothesisay_003:float64, float64
[2023-01-12 12:49:54,488] 83 root INFO Hypothesisay_004:float64, float64
[2023-01-12 12:49:54,524] 83 root INFO Hypothesisay_005:float64, float64
[2023-01-12 12:49:54,563] 83 root INFO Hypothesisay_006:float64, float64
[2023-01-12 12:49:54,572] 83 root INFO Hypothesisay_007:float64, float64
[2023-01-12 12:49:54,582] 83 root INFO Hypothesisay_008:float64, float64
[2023-01-12 12:49:54,593] 83 root INFO Hypothesisay_009:float64, float64
[2023-01-12 12:49:54,631] 83 root INFO Hypothesisaz_000:float64, float64
[2023-01-12 12:49:54,641] 83 root INFO Hypothesisaz_001:float64, float64
[2023-01-12 12:49:54,651] 83 root INFO Hypothesisaz_002:float64, float64
[2023-01-12 12:49:54,661] 83 root INFO Hypothesisaz_003:float64, float64
[2023-01-12 12:49:54,671] 83 root INFO Hypothesisaz_004:float64, float64
[2023-01-12 12:49:54,681] 83 root INFO Hypothesisaz_005:float64, float64
[2023-01-12 12:49:54,692] 83 root INFO Hypothesisaz_006:float64, float64
[2023-01-12 12:49:54,732] 83 root INFO Hypothesisaz_007:float64, float64
[2023-01-12 12:49:54,769] 83 root INFO Hypothesisaz_008:float64, float64
[2023-01-12 12:49:54,807] 83 root INFO Hypothesisaz_009:float64, float64
[2023-01-12 12:49:54,844] 83 root INFO Hypothesisba_000:float64, float64
[2023-01-12 12:49:54,855] 83 root INFO Hypothesisba_001:float64, float64
[2023-01-12 12:49:54,866] 83 root INFO Hypothesisba_002:float64, float64
[2023-01-12 12:49:54,877] 83 root INFO Hypothesisba_003:float64, float64
[2023-01-12 12:49:54,888] 83 root INFO Hypothesisba_004:float64, float64
[2023-01-12 12:49:54,899] 83 root INFO Hypothesisba_005:float64, float64
[2023-01-12 12:49:54,909] 83 root INFO Hypothesisba_006:float64, float64
[2023-01-12 12:49:54,919] 83 root INFO Hypothesisba_007:float64, float64
[2023-01-12 12:49:54,928] 83 root INFO Hypothesisba_008:float64, float64
[2023-01-12 12:49:54,969] 83 root INFO Hypothesisba_009:float64, float64
[2023-01-12 12:49:55,009] 83 root INFO Hypothesisbb_000:float64, float64
[2023-01-12 12:49:55,020] 83 root INFO Hypothesisbc_000:float64, float64
[2023-01-12 12:49:55,059] 83 root INFO Hypothesisbd_000:float64, float64
[2023-01-12 12:49:55,068] 83 root INFO Hypothesisbe_000:float64, float64
[2023-01-12 12:49:55,077] 83 root INFO Hypothesisbf_000:float64, float64
[2023-01-12 12:49:55,085] 83 root INFO Hypothesisbg_000:float64, float64
[2023-01-12 12:49:55,096] 83 root INFO Hypothesisbh_000:float64, float64
[2023-01-12 12:49:55,107] 83 root INFO Hypothesisbi_000:float64, float64
[2023-01-12 12:49:55,117] 83 root INFO Hypothesisbj_000:float64, float64
[2023-01-12 12:49:55,128] 83 root INFO Hypothesisbk_000:float64, float64
[2023-01-12 12:49:55,137] 83 root INFO Hypothesisbl_000:float64, float64
[2023-01-12 12:49:55,145] 83 root INFO Hypothesisbm_000:float64, float64
[2023-01-12 12:49:55,151] 83 root INFO Hypothesisbs_000:float64, float64
[2023-01-12 12:49:55,162] 83 root INFO Hypothesisbt_000:float64, float64
[2023-01-12 12:49:55,173] 83 root INFO Hypothesisbu_000:float64, float64
[2023-01-12 12:49:55,183] 83 root INFO Hypothesisbv_000:float64, float64
[2023-01-12 12:49:55,194] 83 root INFO Hypothesisbx_000:float64, float64
[2023-01-12 12:49:55,204] 83 root INFO Hypothesisby_000:float64, float64
[2023-01-12 12:49:55,214] 83 root INFO Hypothesisbz_000:float64, float64
[2023-01-12 12:49:55,224] 83 root INFO Hypothesisca_000:float64, float64
[2023-01-12 12:49:55,237] 83 root INFO Hypothesiscb_000:float64, float64
[2023-01-12 12:49:55,249] 83 root INFO Hypothesiscc_000:float64, float64
[2023-01-12 12:49:55,261] 83 root INFO Hypothesiscd_000:float64, float64
[2023-01-12 12:49:55,299] 83 root INFO Hypothesisce_000:float64, float64
[2023-01-12 12:49:55,309] 83 root INFO Hypothesiscf_000:float64, float64
[2023-01-12 12:49:55,315] 83 root INFO Hypothesiscg_000:float64, float64
[2023-01-12 12:49:55,322] 83 root INFO Hypothesisch_000:float64, float64
[2023-01-12 12:49:55,359] 83 root INFO Hypothesisci_000:float64, float64
[2023-01-12 12:49:55,370] 83 root INFO Hypothesiscj_000:float64, float64
[2023-01-12 12:49:55,407] 83 root INFO Hypothesisck_000:float64, float64
[2023-01-12 12:49:55,417] 83 root INFO Hypothesiscl_000:float64, float64
[2023-01-12 12:49:55,423] 83 root INFO Hypothesiscm_000:float64, float64
[2023-01-12 12:49:55,431] 83 root INFO Hypothesiscn_000:float64, float64
[2023-01-12 12:49:55,466] 83 root INFO Hypothesiscn_001:float64, float64
[2023-01-12 12:49:55,505] 83 root INFO Hypothesiscn_002:float64, float64
[2023-01-12 12:49:55,513] 83 root INFO Hypothesiscn_003:float64, float64
[2023-01-12 12:49:55,524] 83 root INFO Hypothesiscn_004:float64, float64
[2023-01-12 12:49:55,534] 83 root INFO Hypothesiscn_005:float64, float64
[2023-01-12 12:49:55,545] 83 root INFO Hypothesiscn_006:float64, float64
[2023-01-12 12:49:55,555] 83 root INFO Hypothesiscn_007:float64, float64
[2023-01-12 12:49:55,565] 83 root INFO Hypothesiscn_008:float64, float64
[2023-01-12 12:49:55,574] 83 root INFO Hypothesiscn_009:float64, float64
[2023-01-12 12:49:55,616] 83 root INFO Hypothesisco_000:float64, float64
[2023-01-12 12:49:55,625] 83 root INFO Hypothesiscp_000:float64, float64
[2023-01-12 12:49:55,666] 83 root INFO Hypothesiscq_000:float64, float64
[2023-01-12 12:49:55,677] 83 root INFO Hypothesiscs_000:float64, float64
[2023-01-12 12:49:55,687] 83 root INFO Hypothesiscs_001:float64, float64
[2023-01-12 12:49:55,695] 83 root INFO Hypothesiscs_002:float64, float64
[2023-01-12 12:49:55,705] 83 root INFO Hypothesiscs_003:float64, float64
[2023-01-12 12:49:55,716] 83 root INFO Hypothesiscs_004:float64, float64
[2023-01-12 12:49:55,726] 83 root INFO Hypothesiscs_005:float64, float64
[2023-01-12 12:49:55,737] 83 root INFO Hypothesiscs_006:float64, float64
[2023-01-12 12:49:55,747] 83 root INFO Hypothesiscs_007:float64, float64
[2023-01-12 12:49:55,757] 83 root INFO Hypothesiscs_008:float64, float64
[2023-01-12 12:49:55,796] 83 root INFO Hypothesiscs_009:float64, float64
[2023-01-12 12:49:55,831] 83 root INFO Hypothesisct_000:float64, float64
[2023-01-12 12:49:55,839] 83 root INFO Hypothesiscu_000:float64, float64
[2023-01-12 12:49:55,847] 83 root INFO Hypothesiscv_000:float64, float64
[2023-01-12 12:49:55,856] 83 root INFO Hypothesiscx_000:float64, float64
[2023-01-12 12:49:55,865] 83 root INFO Hypothesiscy_000:float64, float64
[2023-01-12 12:49:55,871] 83 root INFO Hypothesiscz_000:float64, float64
[2023-01-12 12:49:55,880] 83 root INFO Hypothesisda_000:float64, float64
[2023-01-12 12:49:55,885] 83 root INFO Hypothesisdb_000:float64, float64
[2023-01-12 12:49:55,892] 83 root INFO Hypothesisdc_000:float64, float64
[2023-01-12 12:49:55,901] 83 root INFO Hypothesisdd_000:float64, float64
[2023-01-12 12:49:55,911] 83 root INFO Hypothesisde_000:float64, float64
[2023-01-12 12:49:55,920] 83 root INFO Hypothesisdf_000:float64, float64
[2023-01-12 12:49:55,956] 83 root INFO Hypothesisdg_000:float64, float64
[2023-01-12 12:49:55,994] 83 root INFO Hypothesisdh_000:float64, float64
[2023-01-12 12:49:55,999] 83 root INFO Hypothesisdi_000:float64, float64
[2023-01-12 12:49:56,039] 83 root INFO Hypothesisdj_000:float64, float64
[2023-01-12 12:49:56,075] 83 root INFO Hypothesisdk_000:float64, float64
[2023-01-12 12:49:56,111] 83 root INFO Hypothesisdl_000:float64, float64
[2023-01-12 12:49:56,147] 83 root INFO Hypothesisdm_000:float64, float64
[2023-01-12 12:49:56,184] 83 root INFO Hypothesisdn_000:float64, float64
[2023-01-12 12:49:56,195] 83 root INFO Hypothesisdo_000:float64, float64
[2023-01-12 12:49:56,204] 83 root INFO Hypothesisdp_000:float64, float64
[2023-01-12 12:49:56,214] 83 root INFO Hypothesisdq_000:float64, float64
[2023-01-12 12:49:56,252] 83 root INFO Hypothesisdr_000:float64, float64
[2023-01-12 12:49:56,289] 83 root INFO Hypothesisds_000:float64, float64
[2023-01-12 12:49:56,300] 83 root INFO Hypothesisdt_000:float64, float64
[2023-01-12 12:49:56,310] 83 root INFO Hypothesisdu_000:float64, float64
[2023-01-12 12:49:56,320] 83 root INFO Hypothesisdv_000:float64, float64
[2023-01-12 12:49:56,330] 83 root INFO Hypothesisdx_000:float64, float64
[2023-01-12 12:49:56,369] 83 root INFO Hypothesisdy_000:float64, float64
[2023-01-12 12:49:56,407] 83 root INFO Hypothesisdz_000:float64, float64
[2023-01-12 12:49:56,443] 83 root INFO Hypothesisea_000:float64, float64
[2023-01-12 12:49:56,479] 83 root INFO Hypothesiseb_000:float64, float64
[2023-01-12 12:49:56,488] 83 root INFO Hypothesisec_00:float64, float64
[2023-01-12 12:49:56,498] 83 root INFO Hypothesised_000:float64, float64
[2023-01-12 12:49:56,507] 83 root INFO Hypothesisee_000:float64, float64
[2023-01-12 12:49:56,517] 83 root INFO Hypothesisee_001:float64, float64
[2023-01-12 12:49:56,528] 83 root INFO Hypothesisee_002:float64, float64
[2023-01-12 12:49:56,538] 83 root INFO Hypothesisee_003:float64, float64
[2023-01-12 12:49:56,549] 83 root INFO Hypothesisee_004:float64, float64
[2023-01-12 12:49:56,559] 83 root INFO Hypothesisee_005:float64, float64
[2023-01-12 12:49:56,569] 83 root INFO Hypothesisee_006:float64, float64
[2023-01-12 12:49:56,579] 83 root INFO Hypothesisee_007:float64, float64
[2023-01-12 12:49:56,589] 83 root INFO Hypothesisee_008:float64, float64
[2023-01-12 12:49:56,600] 83 root INFO Hypothesisee_009:float64, float64
[2023-01-12 12:49:56,608] 83 root INFO Hypothesisef_000:float64, float64
[2023-01-12 12:49:56,644] 83 root INFO Hypothesiseg_000:float64, float64
[2023-01-12 12:49:56,680] 142 root INFO As all column are available in test df hence detecting data drift
[2023-01-12 12:49:56,680] 83 root INFO Hypothesisclass:object, object
[2023-01-12 12:49:56,755] 83 root INFO Hypothesisaa_000:float64, float64
[2023-01-12 12:49:56,762] 83 root INFO Hypothesisac_000:float64, float64
[2023-01-12 12:49:56,768] 83 root INFO Hypothesisad_000:float64, float64
[2023-01-12 12:49:56,773] 83 root INFO Hypothesisae_000:float64, float64
[2023-01-12 12:49:56,789] 83 root INFO Hypothesisaf_000:float64, float64
[2023-01-12 12:49:56,804] 83 root INFO Hypothesisag_000:float64, float64
[2023-01-12 12:49:56,819] 83 root INFO Hypothesisag_001:float64, float64
[2023-01-12 12:49:56,833] 83 root INFO Hypothesisag_002:float64, float64
[2023-01-12 12:49:56,837] 83 root INFO Hypothesisag_003:float64, float64
[2023-01-12 12:49:56,841] 83 root INFO Hypothesisag_004:float64, float64
[2023-01-12 12:49:56,848] 83 root INFO Hypothesisag_005:float64, float64
[2023-01-12 12:49:56,855] 83 root INFO Hypothesisag_006:float64, float64
[2023-01-12 12:49:56,862] 83 root INFO Hypothesisag_007:float64, float64
[2023-01-12 12:49:56,868] 83 root INFO Hypothesisag_008:float64, float64
[2023-01-12 12:49:56,874] 83 root INFO Hypothesisag_009:float64, float64
[2023-01-12 12:49:56,879] 83 root INFO Hypothesisah_000:float64, float64
[2023-01-12 12:49:56,886] 83 root INFO Hypothesisai_000:float64, float64
[2023-01-12 12:49:56,889] 83 root INFO Hypothesisaj_000:float64, float64
[2023-01-12 12:49:56,893] 83 root INFO Hypothesisak_000:float64, float64
[2023-01-12 12:49:56,897] 83 root INFO Hypothesisal_000:float64, float64
[2023-01-12 12:49:56,902] 83 root INFO Hypothesisam_0:float64, float64
[2023-01-12 12:49:56,907] 83 root INFO Hypothesisan_000:float64, float64
[2023-01-12 12:49:56,913] 83 root INFO Hypothesisao_000:float64, float64
[2023-01-12 12:49:56,920] 83 root INFO Hypothesisap_000:float64, float64
[2023-01-12 12:49:56,927] 83 root INFO Hypothesisaq_000:float64, float64
[2023-01-12 12:49:56,934] 83 root INFO Hypothesisar_000:float64, float64
[2023-01-12 12:49:56,950] 83 root INFO Hypothesisas_000:float64, float64
[2023-01-12 12:49:56,965] 83 root INFO Hypothesisat_000:float64, float64
[2023-01-12 12:49:56,981] 83 root INFO Hypothesisau_000:float64, float64
[2023-01-12 12:49:56,996] 83 root INFO Hypothesisav_000:float64, float64
[2023-01-12 12:49:57,003] 83 root INFO Hypothesisax_000:float64, float64
[2023-01-12 12:49:57,009] 83 root INFO Hypothesisay_000:float64, float64
[2023-01-12 12:49:57,024] 83 root INFO Hypothesisay_001:float64, float64
[2023-01-12 12:49:57,040] 83 root INFO Hypothesisay_002:float64, float64
[2023-01-12 12:49:57,055] 83 root INFO Hypothesisay_003:float64, float64
[2023-01-12 12:49:57,071] 83 root INFO Hypothesisay_004:float64, float64
[2023-01-12 12:49:57,086] 83 root INFO Hypothesisay_005:float64, float64
[2023-01-12 12:49:57,092] 83 root INFO Hypothesisay_006:float64, float64
[2023-01-12 12:49:57,098] 83 root INFO Hypothesisay_007:float64, float64
[2023-01-12 12:49:57,105] 83 root INFO Hypothesisay_008:float64, float64
[2023-01-12 12:49:57,112] 83 root INFO Hypothesisay_009:float64, float64
[2023-01-12 12:49:57,128] 83 root INFO Hypothesisaz_000:float64, float64
[2023-01-12 12:49:57,135] 83 root INFO Hypothesisaz_001:float64, float64
[2023-01-12 12:49:57,141] 83 root INFO Hypothesisaz_002:float64, float64
[2023-01-12 12:49:57,148] 83 root INFO Hypothesisaz_003:float64, float64
[2023-01-12 12:49:57,154] 83 root INFO Hypothesisaz_004:float64, float64
[2023-01-12 12:49:57,161] 83 root INFO Hypothesisaz_005:float64, float64
[2023-01-12 12:49:57,168] 83 root INFO Hypothesisaz_006:float64, float64
[2023-01-12 12:49:57,174] 83 root INFO Hypothesisaz_007:float64, float64
[2023-01-12 12:49:57,179] 83 root INFO Hypothesisaz_008:float64, float64
[2023-01-12 12:49:57,195] 83 root INFO Hypothesisaz_009:float64, float64
[2023-01-12 12:49:57,210] 83 root INFO Hypothesisba_000:float64, float64
[2023-01-12 12:49:57,220] 83 root INFO Hypothesisba_001:float64, float64
[2023-01-12 12:49:57,227] 83 root INFO Hypothesisba_002:float64, float64
[2023-01-12 12:49:57,234] 83 root INFO Hypothesisba_003:float64, float64
[2023-01-12 12:49:57,241] 83 root INFO Hypothesisba_004:float64, float64
[2023-01-12 12:49:57,249] 83 root INFO Hypothesisba_005:float64, float64
[2023-01-12 12:49:57,255] 83 root INFO Hypothesisba_006:float64, float64
[2023-01-12 12:49:57,262] 83 root INFO Hypothesisba_007:float64, float64
[2023-01-12 12:49:57,269] 83 root INFO Hypothesisba_008:float64, float64
[2023-01-12 12:49:57,275] 83 root INFO Hypothesisba_009:float64, float64
[2023-01-12 12:49:57,280] 83 root INFO Hypothesisbb_000:float64, float64
[2023-01-12 12:49:57,287] 83 root INFO Hypothesisbc_000:float64, float64
[2023-01-12 12:49:57,293] 83 root INFO Hypothesisbd_000:float64, float64
[2023-01-12 12:49:57,299] 83 root INFO Hypothesisbe_000:float64, float64
[2023-01-12 12:49:57,305] 83 root INFO Hypothesisbf_000:float64, float64
[2023-01-12 12:49:57,310] 83 root INFO Hypothesisbg_000:float64, float64
[2023-01-12 12:49:57,317] 83 root INFO Hypothesisbh_000:float64, float64
[2023-01-12 12:49:57,325] 83 root INFO Hypothesisbi_000:float64, float64
[2023-01-12 12:49:57,333] 83 root INFO Hypothesisbj_000:float64, float64
[2023-01-12 12:49:57,340] 83 root INFO Hypothesisbk_000:float64, float64
[2023-01-12 12:49:57,346] 83 root INFO Hypothesisbl_000:float64, float64
[2023-01-12 12:49:57,351] 83 root INFO Hypothesisbm_000:float64, float64
[2023-01-12 12:49:57,355] 83 root INFO Hypothesisbs_000:float64, float64
[2023-01-12 12:49:57,362] 83 root INFO Hypothesisbt_000:float64, float64
[2023-01-12 12:49:57,370] 83 root INFO Hypothesisbu_000:float64, float64
[2023-01-12 12:49:57,377] 83 root INFO Hypothesisbv_000:float64, float64
[2023-01-12 12:49:57,384] 83 root INFO Hypothesisbx_000:float64, float64
[2023-01-12 12:49:57,391] 83 root INFO Hypothesisby_000:float64, float64
[2023-01-12 12:49:57,398] 83 root INFO Hypothesisbz_000:float64, float64
[2023-01-12 12:49:57,404] 83 root INFO Hypothesisca_000:float64, float64
[2023-01-12 12:49:57,411] 83 root INFO Hypothesiscb_000:float64, float64
[2023-01-12 12:49:57,418] 83 root INFO Hypothesiscc_000:float64, float64
[2023-01-12 12:49:57,425] 83 root INFO Hypothesiscd_000:float64, float64
[2023-01-12 12:49:57,440] 83 root INFO Hypothesisce_000:float64, float64
[2023-01-12 12:49:57,447] 83 root INFO Hypothesiscf_000:float64, float64
[2023-01-12 12:49:57,451] 83 root INFO Hypothesiscg_000:float64, float64
[2023-01-12 12:49:57,455] 83 root INFO Hypothesisch_000:float64, float64
[2023-01-12 12:49:57,459] 83 root INFO Hypothesisci_000:float64, float64
[2023-01-12 12:49:57,466] 83 root INFO Hypothesiscj_000:float64, float64
[2023-01-12 12:49:57,470] 83 root INFO Hypothesisck_000:float64, float64
[2023-01-12 12:49:57,477] 83 root INFO Hypothesiscl_000:float64, float64
[2023-01-12 12:49:57,482] 83 root INFO Hypothesiscm_000:float64, float64
[2023-01-12 12:49:57,486] 83 root INFO Hypothesiscn_000:float64, float64
[2023-01-12 12:49:57,501] 83 root INFO Hypothesiscn_001:float64, float64
[2023-01-12 12:49:57,508] 83 root INFO Hypothesiscn_002:float64, float64
[2023-01-12 12:49:57,513] 83 root INFO Hypothesiscn_003:float64, float64
[2023-01-12 12:49:57,520] 83 root INFO Hypothesiscn_004:float64, float64
[2023-01-12 12:49:57,527] 83 root INFO Hypothesiscn_005:float64, float64
[2023-01-12 12:49:57,534] 83 root INFO Hypothesiscn_006:float64, float64
[2023-01-12 12:49:57,541] 83 root INFO Hypothesiscn_007:float64, float64
[2023-01-12 12:49:57,548] 83 root INFO Hypothesiscn_008:float64, float64
[2023-01-12 12:49:57,554] 83 root INFO Hypothesiscn_009:float64, float64
[2023-01-12 12:49:57,559] 83 root INFO Hypothesisco_000:float64, float64
[2023-01-12 12:49:57,563] 83 root INFO Hypothesiscp_000:float64, float64
[2023-01-12 12:49:57,569] 83 root INFO Hypothesiscq_000:float64, float64
[2023-01-12 12:49:57,576] 83 root INFO Hypothesiscs_000:float64, float64
[2023-01-12 12:49:57,582] 83 root INFO Hypothesiscs_001:float64, float64
[2023-01-12 12:49:57,588] 83 root INFO Hypothesiscs_002:float64, float64
[2023-01-12 12:49:57,595] 83 root INFO Hypothesiscs_003:float64, float64
[2023-01-12 12:49:57,604] 83 root INFO Hypothesiscs_004:float64, float64
[2023-01-12 12:49:57,612] 83 root INFO Hypothesiscs_005:float64, float64
[2023-01-12 12:49:57,619] 83 root INFO Hypothesiscs_006:float64, float64
[2023-01-12 12:49:57,626] 83 root INFO Hypothesiscs_007:float64, float64
[2023-01-12 12:49:57,634] 83 root INFO Hypothesiscs_008:float64, float64
[2023-01-12 12:49:57,639] 83 root INFO Hypothesiscs_009:float64, float64
[2023-01-12 12:49:57,654] 83 root INFO Hypothesisct_000:float64, float64
[2023-01-12 12:49:57,660] 83 root INFO Hypothesiscu_000:float64, float64
[2023-01-12 12:49:57,665] 83 root INFO Hypothesiscv_000:float64, float64
[2023-01-12 12:49:57,671] 83 root INFO Hypothesiscx_000:float64, float64
[2023-01-12 12:49:57,677] 83 root INFO Hypothesiscy_000:float64, float64
[2023-01-12 12:49:57,681] 83 root INFO Hypothesiscz_000:float64, float64
[2023-01-12 12:49:57,687] 83 root INFO Hypothesisda_000:float64, float64
[2023-01-12 12:49:57,690] 83 root INFO Hypothesisdb_000:float64, float64
[2023-01-12 12:49:57,694] 83 root INFO Hypothesisdc_000:float64, float64
[2023-01-12 12:49:57,701] 83 root INFO Hypothesisdd_000:float64, float64
[2023-01-12 12:49:57,707] 83 root INFO Hypothesisde_000:float64, float64
[2023-01-12 12:49:57,713] 83 root INFO Hypothesisdf_000:float64, float64
[2023-01-12 12:49:57,716] 83 root INFO Hypothesisdg_000:float64, float64
[2023-01-12 12:49:57,719] 83 root INFO Hypothesisdh_000:float64, float64
[2023-01-12 12:49:57,723] 83 root INFO Hypothesisdi_000:float64, float64
[2023-01-12 12:49:57,727] 83 root INFO Hypothesisdj_000:float64, float64
[2023-01-12 12:49:57,742] 83 root INFO Hypothesisdk_000:float64, float64
[2023-01-12 12:49:57,745] 83 root INFO Hypothesisdl_000:float64, float64
[2023-01-12 12:49:57,760] 83 root INFO Hypothesisdm_000:float64, float64
[2023-01-12 12:49:57,775] 83 root INFO Hypothesisdn_000:float64, float64
[2023-01-12 12:49:57,782] 83 root INFO Hypothesisdo_000:float64, float64
[2023-01-12 12:49:57,788] 83 root INFO Hypothesisdp_000:float64, float64
[2023-01-12 12:49:57,795] 83 root INFO Hypothesisdq_000:float64, float64
[2023-01-12 12:49:57,799] 83 root INFO Hypothesisdr_000:float64, float64
[2023-01-12 12:49:57,803] 83 root INFO Hypothesisds_000:float64, float64
[2023-01-12 12:49:57,810] 83 root INFO Hypothesisdt_000:float64, float64
[2023-01-12 12:49:57,817] 83 root INFO Hypothesisdu_000:float64, float64
[2023-01-12 12:49:57,824] 83 root INFO Hypothesisdv_000:float64, float64
[2023-01-12 12:49:57,830] 83 root INFO Hypothesisdx_000:float64, float64
[2023-01-12 12:49:57,835] 83 root INFO Hypothesisdy_000:float64, float64
[2023-01-12 12:49:57,840] 83 root INFO Hypothesisdz_000:float64, float64
[2023-01-12 12:49:57,854] 83 root INFO Hypothesisea_000:float64, float64
[2023-01-12 12:49:57,870] 83 root INFO Hypothesiseb_000:float64, float64
[2023-01-12 12:49:57,876] 83 root INFO Hypothesisec_00:float64, float64
[2023-01-12 12:49:57,882] 83 root INFO Hypothesised_000:float64, float64
[2023-01-12 12:49:57,888] 83 root INFO Hypothesisee_000:float64, float64
[2023-01-12 12:49:57,896] 83 root INFO Hypothesisee_001:float64, float64
[2023-01-12 12:49:57,903] 83 root INFO Hypothesisee_002:float64, float64
[2023-01-12 12:49:57,910] 83 root INFO Hypothesisee_003:float64, float64
[2023-01-12 12:49:57,916] 83 root INFO Hypothesisee_004:float64, float64
[2023-01-12 12:49:57,923] 83 root INFO Hypothesisee_005:float64, float64
[2023-01-12 12:49:57,930] 83 root INFO Hypothesisee_006:float64, float64
[2023-01-12 12:49:57,937] 83 root INFO Hypothesisee_007:float64, float64
[2023-01-12 12:49:57,943] 83 root INFO Hypothesisee_008:float64, float64
[2023-01-12 12:49:57,949] 83 root INFO Hypothesisee_009:float64, float64
[2023-01-12 12:49:57,954] 83 root INFO Hypothesisef_000:float64, float64
[2023-01-12 12:49:57,969] 83 root INFO Hypothesiseg_000:float64, float64
[2023-01-12 12:49:57,984] 149 root INFO Write reprt in yaml file
[2023-01-12 12:49:58,179] 154 root INFO Data validation artifact: DataValidationArtifact(report_file_path='/config/workspace/artifact/01122023__124932/data_validation/report.ymal')
[2023-01-12 12:49:58,185] 21 root INFO >>>>>>>>>>>>>>>>>>>>>>>>>>>>>>>>>>>>>>>> Data Transformation <<<<<<<<<<<<<<<<<<<<<<<<<<<<<<<<<<<<<<<<
