[2023-01-12 22:29:40,337] 22 root INFO This line will create the folder name as artifact in current directory with proper timestamp and date
[2023-01-12 22:29:40,337] 16 root INFO >>>>>>>>>>>>>>>>>>>>>>>>>>>>>>>>>>>>>>>> Data Ingestion <<<<<<<<<<<<<<<<<<<<<<<<<<<<<<<<<<<<<<<<
[2023-01-12 22:29:40,337] 27 root INFO Exporting collection data as pandas dataframe
[2023-01-12 22:29:40,337] 23 root INFO Reading data from database: aps and collection: sensor
[2023-01-12 22:29:43,620] 25 root INFO Found columns: Index(['_id', 'class', 'aa_000', 'ab_000', 'ac_000', 'ad_000', 'ae_000',
       'af_000', 'ag_000', 'ag_001',
       ...
       'ee_002', 'ee_003', 'ee_004', 'ee_005', 'ee_006', 'ee_007', 'ee_008',
       'ee_009', 'ef_000', 'eg_000'],
      dtype='object', length=172)
[2023-01-12 22:29:43,621] 27 root INFO Dropping column: _id 
[2023-01-12 22:29:43,808] 29 root INFO Row and columns in df: (36188, 171)
[2023-01-12 22:29:43,808] 33 root INFO Save data in feature store
[2023-01-12 22:29:44,339] 39 root INFO Create feature store folder if not available
[2023-01-12 22:29:44,340] 43 root INFO Save df to feature store folder
[2023-01-12 22:29:46,772] 48 root INFO split dataset into train and test set
[2023-01-12 22:29:47,309] 52 root INFO create dataset directory folder if not available
[2023-01-12 22:29:47,309] 57 root INFO Save df to feature store folder
[2023-01-12 22:29:49,473] 69 root INFO Data ingestion artifact: DataIngestionArtifact(feature_store_file_path='/config/workspace/artifact/01122023__222940/data_ingetion/feature_store/sensor.csv', train_file_path='/config/workspace/artifact/01122023__222940/data_ingetion/dataset/train.csv', test_file_path='/config/workspace/artifact/01122023__222940/data_ingetion/dataset/test.csv')
[2023-01-12 22:29:49,889] 19 root INFO >>>>>>>>>>>>>>>>>>>>>>>>>>>>>>>>>>>>>>>> Data Validation <<<<<<<<<<<<<<<<<<<<<<<<<<<<<<<<<<<<<<<<
[2023-01-12 22:29:49,889] 107 root INFO Reading base dataframe
[2023-01-12 22:29:52,625] 111 root INFO Replace na value in base df
[2023-01-12 22:29:52,625] 114 root INFO Drop null values colums from base df
[2023-01-12 22:29:53,542] 40 root INFO selecting column name which contains null above to 0.7
[2023-01-12 22:29:53,543] 43 root INFO Columns to drop: ['ab_000', 'bn_000', 'bo_000', 'bp_000', 'bq_000', 'br_000', 'cr_000']
[2023-01-12 22:29:53,620] 117 root INFO Reading train dataframe
[2023-01-12 22:29:54,003] 119 root INFO Reading test dataframe
[2023-01-12 22:29:54,105] 122 root INFO Drop null values colums from train df
[2023-01-12 22:29:54,118] 40 root INFO selecting column name which contains null above to 0.7
[2023-01-12 22:29:54,118] 43 root INFO Columns to drop: ['ab_000', 'bn_000', 'bo_000', 'bp_000', 'bq_000', 'br_000', 'cr_000']
[2023-01-12 22:29:54,125] 124 root INFO Drop null values colums from test df
[2023-01-12 22:29:54,129] 40 root INFO selecting column name which contains null above to 0.7
[2023-01-12 22:29:54,129] 43 root INFO Columns to drop: ['ab_000', 'bn_000', 'bo_000', 'bp_000', 'bq_000', 'br_000', 'cr_000']
[2023-01-12 22:30:01,008] 132 root INFO Is all required columns present in train df
[2023-01-12 22:30:01,009] 135 root INFO Is all required columns present in test df
[2023-01-12 22:30:01,009] 139 root INFO As all column are available in train df hence detecting data drift
[2023-01-12 22:30:01,009] 83 root INFO Hypothesisclass:object, object
[2023-01-12 22:30:01,145] 83 root INFO Hypothesisaa_000:float64, float64
[2023-01-12 22:30:01,156] 83 root INFO Hypothesisac_000:float64, float64
[2023-01-12 22:30:01,195] 83 root INFO Hypothesisad_000:float64, float64
[2023-01-12 22:30:01,203] 83 root INFO Hypothesisae_000:float64, float64
[2023-01-12 22:30:01,238] 83 root INFO Hypothesisaf_000:float64, float64
[2023-01-12 22:30:01,273] 83 root INFO Hypothesisag_000:float64, float64
[2023-01-12 22:30:01,308] 83 root INFO Hypothesisag_001:float64, float64
[2023-01-12 22:30:01,343] 83 root INFO Hypothesisag_002:float64, float64
[2023-01-12 22:30:01,378] 83 root INFO Hypothesisag_003:float64, float64
[2023-01-12 22:30:01,384] 83 root INFO Hypothesisag_004:float64, float64
[2023-01-12 22:30:01,394] 83 root INFO Hypothesisag_005:float64, float64
[2023-01-12 22:30:01,405] 83 root INFO Hypothesisag_006:float64, float64
[2023-01-12 22:30:01,415] 83 root INFO Hypothesisag_007:float64, float64
[2023-01-12 22:30:01,425] 83 root INFO Hypothesisag_008:float64, float64
[2023-01-12 22:30:01,433] 83 root INFO Hypothesisag_009:float64, float64
[2023-01-12 22:30:01,440] 83 root INFO Hypothesisah_000:float64, float64
[2023-01-12 22:30:01,450] 83 root INFO Hypothesisai_000:float64, float64
[2023-01-12 22:30:01,486] 83 root INFO Hypothesisaj_000:float64, float64
[2023-01-12 22:30:01,492] 83 root INFO Hypothesisak_000:float64, float64
[2023-01-12 22:30:01,528] 83 root INFO Hypothesisal_000:float64, float64
[2023-01-12 22:30:01,535] 83 root INFO Hypothesisam_0:float64, float64
[2023-01-12 22:30:01,543] 83 root INFO Hypothesisan_000:float64, float64
[2023-01-12 22:30:01,554] 83 root INFO Hypothesisao_000:float64, float64
[2023-01-12 22:30:01,565] 83 root INFO Hypothesisap_000:float64, float64
[2023-01-12 22:30:01,576] 83 root INFO Hypothesisaq_000:float64, float64
[2023-01-12 22:30:01,587] 83 root INFO Hypothesisar_000:float64, float64
[2023-01-12 22:30:01,623] 83 root INFO Hypothesisas_000:float64, float64
[2023-01-12 22:30:01,659] 83 root INFO Hypothesisat_000:float64, float64
[2023-01-12 22:30:01,694] 83 root INFO Hypothesisau_000:float64, float64
[2023-01-12 22:30:01,729] 83 root INFO Hypothesisav_000:float64, float64
[2023-01-12 22:30:01,738] 83 root INFO Hypothesisax_000:float64, float64
[2023-01-12 22:30:01,746] 83 root INFO Hypothesisay_000:float64, float64
[2023-01-12 22:30:01,781] 83 root INFO Hypothesisay_001:float64, float64
[2023-01-12 22:30:01,817] 83 root INFO Hypothesisay_002:float64, float64
[2023-01-12 22:30:01,853] 83 root INFO Hypothesisay_003:float64, float64
[2023-01-12 22:30:01,890] 83 root INFO Hypothesisay_004:float64, float64
[2023-01-12 22:30:01,927] 83 root INFO Hypothesisay_005:float64, float64
[2023-01-12 22:30:01,967] 83 root INFO Hypothesisay_006:float64, float64
[2023-01-12 22:30:01,977] 83 root INFO Hypothesisay_007:float64, float64
[2023-01-12 22:30:01,987] 83 root INFO Hypothesisay_008:float64, float64
[2023-01-12 22:30:01,997] 83 root INFO Hypothesisay_009:float64, float64
[2023-01-12 22:30:02,033] 83 root INFO Hypothesisaz_000:float64, float64
[2023-01-12 22:30:02,043] 83 root INFO Hypothesisaz_001:float64, float64
[2023-01-12 22:30:02,053] 83 root INFO Hypothesisaz_002:float64, float64
[2023-01-12 22:30:02,063] 83 root INFO Hypothesisaz_003:float64, float64
[2023-01-12 22:30:02,073] 83 root INFO Hypothesisaz_004:float64, float64
[2023-01-12 22:30:02,084] 83 root INFO Hypothesisaz_005:float64, float64
[2023-01-12 22:30:02,094] 83 root INFO Hypothesisaz_006:float64, float64
[2023-01-12 22:30:02,136] 83 root INFO Hypothesisaz_007:float64, float64
[2023-01-12 22:30:02,174] 83 root INFO Hypothesisaz_008:float64, float64
[2023-01-12 22:30:02,211] 83 root INFO Hypothesisaz_009:float64, float64
[2023-01-12 22:30:02,248] 83 root INFO Hypothesisba_000:float64, float64
[2023-01-12 22:30:02,259] 83 root INFO Hypothesisba_001:float64, float64
[2023-01-12 22:30:02,269] 83 root INFO Hypothesisba_002:float64, float64
[2023-01-12 22:30:02,280] 83 root INFO Hypothesisba_003:float64, float64
[2023-01-12 22:30:02,290] 83 root INFO Hypothesisba_004:float64, float64
[2023-01-12 22:30:02,301] 83 root INFO Hypothesisba_005:float64, float64
[2023-01-12 22:30:02,311] 83 root INFO Hypothesisba_006:float64, float64
[2023-01-12 22:30:02,321] 83 root INFO Hypothesisba_007:float64, float64
[2023-01-12 22:30:02,331] 83 root INFO Hypothesisba_008:float64, float64
[2023-01-12 22:30:02,371] 83 root INFO Hypothesisba_009:float64, float64
[2023-01-12 22:30:02,410] 83 root INFO Hypothesisbb_000:float64, float64
[2023-01-12 22:30:02,420] 83 root INFO Hypothesisbc_000:float64, float64
[2023-01-12 22:30:02,460] 83 root INFO Hypothesisbd_000:float64, float64
[2023-01-12 22:30:02,468] 83 root INFO Hypothesisbe_000:float64, float64
[2023-01-12 22:30:02,477] 83 root INFO Hypothesisbf_000:float64, float64
[2023-01-12 22:30:02,484] 83 root INFO Hypothesisbg_000:float64, float64
[2023-01-12 22:30:02,495] 83 root INFO Hypothesisbh_000:float64, float64
[2023-01-12 22:30:02,505] 83 root INFO Hypothesisbi_000:float64, float64
[2023-01-12 22:30:02,516] 83 root INFO Hypothesisbj_000:float64, float64
[2023-01-12 22:30:02,527] 83 root INFO Hypothesisbk_000:float64, float64
[2023-01-12 22:30:02,536] 83 root INFO Hypothesisbl_000:float64, float64
[2023-01-12 22:30:02,545] 83 root INFO Hypothesisbm_000:float64, float64
[2023-01-12 22:30:02,551] 83 root INFO Hypothesisbs_000:float64, float64
[2023-01-12 22:30:02,562] 83 root INFO Hypothesisbt_000:float64, float64
[2023-01-12 22:30:02,573] 83 root INFO Hypothesisbu_000:float64, float64
[2023-01-12 22:30:02,584] 83 root INFO Hypothesisbv_000:float64, float64
[2023-01-12 22:30:02,594] 83 root INFO Hypothesisbx_000:float64, float64
[2023-01-12 22:30:02,605] 83 root INFO Hypothesisby_000:float64, float64
[2023-01-12 22:30:02,615] 83 root INFO Hypothesisbz_000:float64, float64
[2023-01-12 22:30:02,624] 83 root INFO Hypothesisca_000:float64, float64
[2023-01-12 22:30:02,634] 83 root INFO Hypothesiscb_000:float64, float64
[2023-01-12 22:30:02,645] 83 root INFO Hypothesiscc_000:float64, float64
[2023-01-12 22:30:02,655] 83 root INFO Hypothesiscd_000:float64, float64
[2023-01-12 22:30:02,691] 83 root INFO Hypothesisce_000:float64, float64
[2023-01-12 22:30:02,700] 83 root INFO Hypothesiscf_000:float64, float64
[2023-01-12 22:30:02,706] 83 root INFO Hypothesiscg_000:float64, float64
[2023-01-12 22:30:02,713] 83 root INFO Hypothesisch_000:float64, float64
[2023-01-12 22:30:02,752] 83 root INFO Hypothesisci_000:float64, float64
[2023-01-12 22:30:02,763] 83 root INFO Hypothesiscj_000:float64, float64
[2023-01-12 22:30:02,801] 83 root INFO Hypothesisck_000:float64, float64
[2023-01-12 22:30:02,812] 83 root INFO Hypothesiscl_000:float64, float64
[2023-01-12 22:30:02,819] 83 root INFO Hypothesiscm_000:float64, float64
[2023-01-12 22:30:02,826] 83 root INFO Hypothesiscn_000:float64, float64
[2023-01-12 22:30:02,862] 83 root INFO Hypothesiscn_001:float64, float64
[2023-01-12 22:30:02,901] 83 root INFO Hypothesiscn_002:float64, float64
[2023-01-12 22:30:02,909] 83 root INFO Hypothesiscn_003:float64, float64
[2023-01-12 22:30:02,920] 83 root INFO Hypothesiscn_004:float64, float64
[2023-01-12 22:30:02,931] 83 root INFO Hypothesiscn_005:float64, float64
[2023-01-12 22:30:02,942] 83 root INFO Hypothesiscn_006:float64, float64
[2023-01-12 22:30:02,953] 83 root INFO Hypothesiscn_007:float64, float64
[2023-01-12 22:30:02,963] 83 root INFO Hypothesiscn_008:float64, float64
[2023-01-12 22:30:02,973] 83 root INFO Hypothesiscn_009:float64, float64
[2023-01-12 22:30:03,012] 83 root INFO Hypothesisco_000:float64, float64
[2023-01-12 22:30:03,020] 83 root INFO Hypothesiscp_000:float64, float64
[2023-01-12 22:30:03,060] 83 root INFO Hypothesiscq_000:float64, float64
[2023-01-12 22:30:03,070] 83 root INFO Hypothesiscs_000:float64, float64
[2023-01-12 22:30:03,080] 83 root INFO Hypothesiscs_001:float64, float64
[2023-01-12 22:30:03,088] 83 root INFO Hypothesiscs_002:float64, float64
[2023-01-12 22:30:03,098] 83 root INFO Hypothesiscs_003:float64, float64
[2023-01-12 22:30:03,109] 83 root INFO Hypothesiscs_004:float64, float64
[2023-01-12 22:30:03,119] 83 root INFO Hypothesiscs_005:float64, float64
[2023-01-12 22:30:03,129] 83 root INFO Hypothesiscs_006:float64, float64
[2023-01-12 22:30:03,140] 83 root INFO Hypothesiscs_007:float64, float64
[2023-01-12 22:30:03,150] 83 root INFO Hypothesiscs_008:float64, float64
[2023-01-12 22:30:03,188] 83 root INFO Hypothesiscs_009:float64, float64
[2023-01-12 22:30:03,223] 83 root INFO Hypothesisct_000:float64, float64
[2023-01-12 22:30:03,231] 83 root INFO Hypothesiscu_000:float64, float64
[2023-01-12 22:30:03,239] 83 root INFO Hypothesiscv_000:float64, float64
[2023-01-12 22:30:03,248] 83 root INFO Hypothesiscx_000:float64, float64
[2023-01-12 22:30:03,257] 83 root INFO Hypothesiscy_000:float64, float64
[2023-01-12 22:30:03,262] 83 root INFO Hypothesiscz_000:float64, float64
[2023-01-12 22:30:03,270] 83 root INFO Hypothesisda_000:float64, float64
[2023-01-12 22:30:03,275] 83 root INFO Hypothesisdb_000:float64, float64
[2023-01-12 22:30:03,281] 83 root INFO Hypothesisdc_000:float64, float64
[2023-01-12 22:30:03,290] 83 root INFO Hypothesisdd_000:float64, float64
[2023-01-12 22:30:03,299] 83 root INFO Hypothesisde_000:float64, float64
[2023-01-12 22:30:03,308] 83 root INFO Hypothesisdf_000:float64, float64
[2023-01-12 22:30:03,343] 83 root INFO Hypothesisdg_000:float64, float64
[2023-01-12 22:30:03,378] 83 root INFO Hypothesisdh_000:float64, float64
[2023-01-12 22:30:03,383] 83 root INFO Hypothesisdi_000:float64, float64
[2023-01-12 22:30:03,420] 83 root INFO Hypothesisdj_000:float64, float64
[2023-01-12 22:30:03,455] 83 root INFO Hypothesisdk_000:float64, float64
[2023-01-12 22:30:03,489] 83 root INFO Hypothesisdl_000:float64, float64
[2023-01-12 22:30:03,524] 83 root INFO Hypothesisdm_000:float64, float64
[2023-01-12 22:30:03,562] 83 root INFO Hypothesisdn_000:float64, float64
[2023-01-12 22:30:03,573] 83 root INFO Hypothesisdo_000:float64, float64
[2023-01-12 22:30:03,583] 83 root INFO Hypothesisdp_000:float64, float64
[2023-01-12 22:30:03,592] 83 root INFO Hypothesisdq_000:float64, float64
[2023-01-12 22:30:03,630] 83 root INFO Hypothesisdr_000:float64, float64
[2023-01-12 22:30:03,667] 83 root INFO Hypothesisds_000:float64, float64
[2023-01-12 22:30:03,677] 83 root INFO Hypothesisdt_000:float64, float64
[2023-01-12 22:30:03,687] 83 root INFO Hypothesisdu_000:float64, float64
[2023-01-12 22:30:03,698] 83 root INFO Hypothesisdv_000:float64, float64
[2023-01-12 22:30:03,708] 83 root INFO Hypothesisdx_000:float64, float64
[2023-01-12 22:30:03,746] 83 root INFO Hypothesisdy_000:float64, float64
[2023-01-12 22:30:03,785] 83 root INFO Hypothesisdz_000:float64, float64
[2023-01-12 22:30:03,823] 83 root INFO Hypothesisea_000:float64, float64
[2023-01-12 22:30:03,859] 83 root INFO Hypothesiseb_000:float64, float64
[2023-01-12 22:30:03,868] 83 root INFO Hypothesisec_00:float64, float64
[2023-01-12 22:30:03,878] 83 root INFO Hypothesised_000:float64, float64
[2023-01-12 22:30:03,887] 83 root INFO Hypothesisee_000:float64, float64
[2023-01-12 22:30:03,898] 83 root INFO Hypothesisee_001:float64, float64
[2023-01-12 22:30:03,909] 83 root INFO Hypothesisee_002:float64, float64
[2023-01-12 22:30:03,920] 83 root INFO Hypothesisee_003:float64, float64
[2023-01-12 22:30:03,931] 83 root INFO Hypothesisee_004:float64, float64
[2023-01-12 22:30:03,942] 83 root INFO Hypothesisee_005:float64, float64
[2023-01-12 22:30:03,952] 83 root INFO Hypothesisee_006:float64, float64
[2023-01-12 22:30:03,963] 83 root INFO Hypothesisee_007:float64, float64
[2023-01-12 22:30:03,973] 83 root INFO Hypothesisee_008:float64, float64
[2023-01-12 22:30:03,983] 83 root INFO Hypothesisee_009:float64, float64
[2023-01-12 22:30:03,991] 83 root INFO Hypothesisef_000:float64, float64
[2023-01-12 22:30:04,028] 83 root INFO Hypothesiseg_000:float64, float64
[2023-01-12 22:30:04,063] 142 root INFO As all column are available in test df hence detecting data drift
[2023-01-12 22:30:04,063] 83 root INFO Hypothesisclass:object, object
[2023-01-12 22:30:04,140] 83 root INFO Hypothesisaa_000:float64, float64
[2023-01-12 22:30:04,147] 83 root INFO Hypothesisac_000:float64, float64
[2023-01-12 22:30:04,152] 83 root INFO Hypothesisad_000:float64, float64
[2023-01-12 22:30:04,157] 83 root INFO Hypothesisae_000:float64, float64
[2023-01-12 22:30:04,173] 83 root INFO Hypothesisaf_000:float64, float64
[2023-01-12 22:30:04,188] 83 root INFO Hypothesisag_000:float64, float64
[2023-01-12 22:30:04,205] 83 root INFO Hypothesisag_001:float64, float64
[2023-01-12 22:30:04,220] 83 root INFO Hypothesisag_002:float64, float64
[2023-01-12 22:30:04,224] 83 root INFO Hypothesisag_003:float64, float64
[2023-01-12 22:30:04,228] 83 root INFO Hypothesisag_004:float64, float64
[2023-01-12 22:30:04,235] 83 root INFO Hypothesisag_005:float64, float64
[2023-01-12 22:30:04,242] 83 root INFO Hypothesisag_006:float64, float64
[2023-01-12 22:30:04,249] 83 root INFO Hypothesisag_007:float64, float64
[2023-01-12 22:30:04,256] 83 root INFO Hypothesisag_008:float64, float64
[2023-01-12 22:30:04,261] 83 root INFO Hypothesisag_009:float64, float64
[2023-01-12 22:30:04,266] 83 root INFO Hypothesisah_000:float64, float64
[2023-01-12 22:30:04,273] 83 root INFO Hypothesisai_000:float64, float64
[2023-01-12 22:30:04,276] 83 root INFO Hypothesisaj_000:float64, float64
[2023-01-12 22:30:04,280] 83 root INFO Hypothesisak_000:float64, float64
[2023-01-12 22:30:04,283] 83 root INFO Hypothesisal_000:float64, float64
[2023-01-12 22:30:04,288] 83 root INFO Hypothesisam_0:float64, float64
[2023-01-12 22:30:04,293] 83 root INFO Hypothesisan_000:float64, float64
[2023-01-12 22:30:04,300] 83 root INFO Hypothesisao_000:float64, float64
[2023-01-12 22:30:04,307] 83 root INFO Hypothesisap_000:float64, float64
[2023-01-12 22:30:04,315] 83 root INFO Hypothesisaq_000:float64, float64
[2023-01-12 22:30:04,322] 83 root INFO Hypothesisar_000:float64, float64
[2023-01-12 22:30:04,338] 83 root INFO Hypothesisas_000:float64, float64
[2023-01-12 22:30:04,353] 83 root INFO Hypothesisat_000:float64, float64
[2023-01-12 22:30:04,369] 83 root INFO Hypothesisau_000:float64, float64
[2023-01-12 22:30:04,383] 83 root INFO Hypothesisav_000:float64, float64
[2023-01-12 22:30:04,389] 83 root INFO Hypothesisax_000:float64, float64
[2023-01-12 22:30:04,395] 83 root INFO Hypothesisay_000:float64, float64
[2023-01-12 22:30:04,410] 83 root INFO Hypothesisay_001:float64, float64
[2023-01-12 22:30:04,424] 83 root INFO Hypothesisay_002:float64, float64
[2023-01-12 22:30:04,439] 83 root INFO Hypothesisay_003:float64, float64
[2023-01-12 22:30:04,455] 83 root INFO Hypothesisay_004:float64, float64
[2023-01-12 22:30:04,470] 83 root INFO Hypothesisay_005:float64, float64
[2023-01-12 22:30:04,476] 83 root INFO Hypothesisay_006:float64, float64
[2023-01-12 22:30:04,482] 83 root INFO Hypothesisay_007:float64, float64
[2023-01-12 22:30:04,489] 83 root INFO Hypothesisay_008:float64, float64
[2023-01-12 22:30:04,496] 83 root INFO Hypothesisay_009:float64, float64
[2023-01-12 22:30:04,510] 83 root INFO Hypothesisaz_000:float64, float64
[2023-01-12 22:30:04,516] 83 root INFO Hypothesisaz_001:float64, float64
[2023-01-12 22:30:04,523] 83 root INFO Hypothesisaz_002:float64, float64
[2023-01-12 22:30:04,529] 83 root INFO Hypothesisaz_003:float64, float64
[2023-01-12 22:30:04,536] 83 root INFO Hypothesisaz_004:float64, float64
[2023-01-12 22:30:04,544] 83 root INFO Hypothesisaz_005:float64, float64
[2023-01-12 22:30:04,556] 83 root INFO Hypothesisaz_006:float64, float64
[2023-01-12 22:30:04,563] 83 root INFO Hypothesisaz_007:float64, float64
[2023-01-12 22:30:04,567] 83 root INFO Hypothesisaz_008:float64, float64
[2023-01-12 22:30:04,583] 83 root INFO Hypothesisaz_009:float64, float64
[2023-01-12 22:30:04,599] 83 root INFO Hypothesisba_000:float64, float64
[2023-01-12 22:30:04,607] 83 root INFO Hypothesisba_001:float64, float64
[2023-01-12 22:30:04,616] 83 root INFO Hypothesisba_002:float64, float64
[2023-01-12 22:30:04,624] 83 root INFO Hypothesisba_003:float64, float64
[2023-01-12 22:30:04,632] 83 root INFO Hypothesisba_004:float64, float64
[2023-01-12 22:30:04,639] 83 root INFO Hypothesisba_005:float64, float64
[2023-01-12 22:30:04,647] 83 root INFO Hypothesisba_006:float64, float64
[2023-01-12 22:30:04,654] 83 root INFO Hypothesisba_007:float64, float64
[2023-01-12 22:30:04,661] 83 root INFO Hypothesisba_008:float64, float64
[2023-01-12 22:30:04,667] 83 root INFO Hypothesisba_009:float64, float64
[2023-01-12 22:30:04,672] 83 root INFO Hypothesisbb_000:float64, float64
[2023-01-12 22:30:04,679] 83 root INFO Hypothesisbc_000:float64, float64
[2023-01-12 22:30:04,685] 83 root INFO Hypothesisbd_000:float64, float64
[2023-01-12 22:30:04,691] 83 root INFO Hypothesisbe_000:float64, float64
[2023-01-12 22:30:04,698] 83 root INFO Hypothesisbf_000:float64, float64
[2023-01-12 22:30:04,703] 83 root INFO Hypothesisbg_000:float64, float64
[2023-01-12 22:30:04,710] 83 root INFO Hypothesisbh_000:float64, float64
[2023-01-12 22:30:04,718] 83 root INFO Hypothesisbi_000:float64, float64
[2023-01-12 22:30:04,726] 83 root INFO Hypothesisbj_000:float64, float64
[2023-01-12 22:30:04,734] 83 root INFO Hypothesisbk_000:float64, float64
[2023-01-12 22:30:04,740] 83 root INFO Hypothesisbl_000:float64, float64
[2023-01-12 22:30:04,746] 83 root INFO Hypothesisbm_000:float64, float64
[2023-01-12 22:30:04,750] 83 root INFO Hypothesisbs_000:float64, float64
[2023-01-12 22:30:04,758] 83 root INFO Hypothesisbt_000:float64, float64
[2023-01-12 22:30:04,765] 83 root INFO Hypothesisbu_000:float64, float64
[2023-01-12 22:30:04,773] 83 root INFO Hypothesisbv_000:float64, float64
[2023-01-12 22:30:04,780] 83 root INFO Hypothesisbx_000:float64, float64
[2023-01-12 22:30:04,788] 83 root INFO Hypothesisby_000:float64, float64
[2023-01-12 22:30:04,795] 83 root INFO Hypothesisbz_000:float64, float64
[2023-01-12 22:30:04,801] 83 root INFO Hypothesisca_000:float64, float64
[2023-01-12 22:30:04,808] 83 root INFO Hypothesiscb_000:float64, float64
[2023-01-12 22:30:04,815] 83 root INFO Hypothesiscc_000:float64, float64
[2023-01-12 22:30:04,822] 83 root INFO Hypothesiscd_000:float64, float64
[2023-01-12 22:30:04,837] 83 root INFO Hypothesisce_000:float64, float64
[2023-01-12 22:30:04,845] 83 root INFO Hypothesiscf_000:float64, float64
[2023-01-12 22:30:04,849] 83 root INFO Hypothesiscg_000:float64, float64
[2023-01-12 22:30:04,854] 83 root INFO Hypothesisch_000:float64, float64
[2023-01-12 22:30:04,858] 83 root INFO Hypothesisci_000:float64, float64
[2023-01-12 22:30:04,866] 83 root INFO Hypothesiscj_000:float64, float64
[2023-01-12 22:30:04,871] 83 root INFO Hypothesisck_000:float64, float64
[2023-01-12 22:30:04,878] 83 root INFO Hypothesiscl_000:float64, float64
[2023-01-12 22:30:04,883] 83 root INFO Hypothesiscm_000:float64, float64
[2023-01-12 22:30:04,888] 83 root INFO Hypothesiscn_000:float64, float64
[2023-01-12 22:30:04,904] 83 root INFO Hypothesiscn_001:float64, float64
[2023-01-12 22:30:04,908] 83 root INFO Hypothesiscn_002:float64, float64
[2023-01-12 22:30:04,914] 83 root INFO Hypothesiscn_003:float64, float64
[2023-01-12 22:30:04,922] 83 root INFO Hypothesiscn_004:float64, float64
[2023-01-12 22:30:04,930] 83 root INFO Hypothesiscn_005:float64, float64
[2023-01-12 22:30:04,937] 83 root INFO Hypothesiscn_006:float64, float64
[2023-01-12 22:30:04,945] 83 root INFO Hypothesiscn_007:float64, float64
[2023-01-12 22:30:04,952] 83 root INFO Hypothesiscn_008:float64, float64
[2023-01-12 22:30:04,959] 83 root INFO Hypothesiscn_009:float64, float64
[2023-01-12 22:30:04,964] 83 root INFO Hypothesisco_000:float64, float64
[2023-01-12 22:30:04,970] 83 root INFO Hypothesiscp_000:float64, float64
[2023-01-12 22:30:04,975] 83 root INFO Hypothesiscq_000:float64, float64
[2023-01-12 22:30:04,983] 83 root INFO Hypothesiscs_000:float64, float64
[2023-01-12 22:30:04,990] 83 root INFO Hypothesiscs_001:float64, float64
[2023-01-12 22:30:04,996] 83 root INFO Hypothesiscs_002:float64, float64
[2023-01-12 22:30:05,003] 83 root INFO Hypothesiscs_003:float64, float64
[2023-01-12 22:30:05,011] 83 root INFO Hypothesiscs_004:float64, float64
[2023-01-12 22:30:05,018] 83 root INFO Hypothesiscs_005:float64, float64
[2023-01-12 22:30:05,026] 83 root INFO Hypothesiscs_006:float64, float64
[2023-01-12 22:30:05,033] 83 root INFO Hypothesiscs_007:float64, float64
[2023-01-12 22:30:05,041] 83 root INFO Hypothesiscs_008:float64, float64
[2023-01-12 22:30:05,046] 83 root INFO Hypothesiscs_009:float64, float64
[2023-01-12 22:30:05,064] 83 root INFO Hypothesisct_000:float64, float64
[2023-01-12 22:30:05,072] 83 root INFO Hypothesiscu_000:float64, float64
[2023-01-12 22:30:05,079] 83 root INFO Hypothesiscv_000:float64, float64
[2023-01-12 22:30:05,086] 83 root INFO Hypothesiscx_000:float64, float64
[2023-01-12 22:30:05,092] 83 root INFO Hypothesiscy_000:float64, float64
[2023-01-12 22:30:05,097] 83 root INFO Hypothesiscz_000:float64, float64
[2023-01-12 22:30:05,103] 83 root INFO Hypothesisda_000:float64, float64
[2023-01-12 22:30:05,107] 83 root INFO Hypothesisdb_000:float64, float64
[2023-01-12 22:30:05,111] 83 root INFO Hypothesisdc_000:float64, float64
[2023-01-12 22:30:05,118] 83 root INFO Hypothesisdd_000:float64, float64
[2023-01-12 22:30:05,125] 83 root INFO Hypothesisde_000:float64, float64
[2023-01-12 22:30:05,131] 83 root INFO Hypothesisdf_000:float64, float64
[2023-01-12 22:30:05,135] 83 root INFO Hypothesisdg_000:float64, float64
[2023-01-12 22:30:05,138] 83 root INFO Hypothesisdh_000:float64, float64
[2023-01-12 22:30:05,142] 83 root INFO Hypothesisdi_000:float64, float64
[2023-01-12 22:30:05,146] 83 root INFO Hypothesisdj_000:float64, float64
[2023-01-12 22:30:05,162] 83 root INFO Hypothesisdk_000:float64, float64
[2023-01-12 22:30:05,165] 83 root INFO Hypothesisdl_000:float64, float64
[2023-01-12 22:30:05,182] 83 root INFO Hypothesisdm_000:float64, float64
[2023-01-12 22:30:05,198] 83 root INFO Hypothesisdn_000:float64, float64
[2023-01-12 22:30:05,205] 83 root INFO Hypothesisdo_000:float64, float64
[2023-01-12 22:30:05,212] 83 root INFO Hypothesisdp_000:float64, float64
[2023-01-12 22:30:05,218] 83 root INFO Hypothesisdq_000:float64, float64
[2023-01-12 22:30:05,223] 83 root INFO Hypothesisdr_000:float64, float64
[2023-01-12 22:30:05,227] 83 root INFO Hypothesisds_000:float64, float64
[2023-01-12 22:30:05,234] 83 root INFO Hypothesisdt_000:float64, float64
[2023-01-12 22:30:05,241] 83 root INFO Hypothesisdu_000:float64, float64
[2023-01-12 22:30:05,248] 83 root INFO Hypothesisdv_000:float64, float64
[2023-01-12 22:30:05,255] 83 root INFO Hypothesisdx_000:float64, float64
[2023-01-12 22:30:05,260] 83 root INFO Hypothesisdy_000:float64, float64
[2023-01-12 22:30:05,265] 83 root INFO Hypothesisdz_000:float64, float64
[2023-01-12 22:30:05,279] 83 root INFO Hypothesisea_000:float64, float64
[2023-01-12 22:30:05,294] 83 root INFO Hypothesiseb_000:float64, float64
[2023-01-12 22:30:05,300] 83 root INFO Hypothesisec_00:float64, float64
[2023-01-12 22:30:05,306] 83 root INFO Hypothesised_000:float64, float64
[2023-01-12 22:30:05,312] 83 root INFO Hypothesisee_000:float64, float64
[2023-01-12 22:30:05,319] 83 root INFO Hypothesisee_001:float64, float64
[2023-01-12 22:30:05,326] 83 root INFO Hypothesisee_002:float64, float64
[2023-01-12 22:30:05,333] 83 root INFO Hypothesisee_003:float64, float64
[2023-01-12 22:30:05,340] 83 root INFO Hypothesisee_004:float64, float64
[2023-01-12 22:30:05,347] 83 root INFO Hypothesisee_005:float64, float64
[2023-01-12 22:30:05,354] 83 root INFO Hypothesisee_006:float64, float64
[2023-01-12 22:30:05,360] 83 root INFO Hypothesisee_007:float64, float64
[2023-01-12 22:30:05,367] 83 root INFO Hypothesisee_008:float64, float64
[2023-01-12 22:30:05,373] 83 root INFO Hypothesisee_009:float64, float64
[2023-01-12 22:30:05,378] 83 root INFO Hypothesisef_000:float64, float64
[2023-01-12 22:30:05,392] 83 root INFO Hypothesiseg_000:float64, float64
[2023-01-12 22:30:05,407] 149 root INFO Write reprt in yaml file
[2023-01-12 22:30:05,592] 154 root INFO Data validation artifact: DataValidationArtifact(report_file_path='/config/workspace/artifact/01122023__222940/data_validation/report.ymal')
[2023-01-12 22:30:05,597] 21 root INFO >>>>>>>>>>>>>>>>>>>>>>>>>>>>>>>>>>>>>>>> Data Transformation <<<<<<<<<<<<<<<<<<<<<<<<<<<<<<<<<<<<<<<<
[2023-01-12 22:30:06,490] 72 root INFO Before resampling in traning set input: (28950, 170) Target:0        neg
1        neg
2        neg
3        neg
4        neg
        ... 
28945    neg
28946    neg
28947    neg
28948    neg
28949    neg
Name: class, Length: 28950, dtype: object
[2023-01-12 22:30:12,429] 74 root INFO After resampling in traning set input: (56198, 170) Target:0        neg
1        neg
2        neg
3        neg
4        neg
        ... 
28945    neg
28946    neg
28947    neg
28948    neg
28949    neg
Name: class, Length: 28950, dtype: object
[2023-01-12 22:30:12,430] 76 root INFO Before resampling in testing set Input: (7238, 170) Target:0       neg
1       neg
2       neg
3       neg
4       neg
       ... 
7233    neg
7234    neg
7235    neg
7236    neg
7237    neg
Name: class, Length: 7238, dtype: object
[2023-01-12 22:30:13,113] 78 root INFO After resampling in testing set Input: (14084, 170) Target:0       neg
1       neg
2       neg
3       neg
4       neg
       ... 
7233    neg
7234    neg
7235    neg
7236    neg
7237    neg
Name: class, Length: 7238, dtype: object
