[2023-01-12 12:26:25,158] 22 root INFO This line will create the folder name as artifact in current directory with proper timestamp and date
[2023-01-12 12:26:25,159] 16 root INFO >>>>>>>>>>>>>>>>>>>>>>>>>>>>>>>>>>>>>>>> Data Ingestion <<<<<<<<<<<<<<<<<<<<<<<<<<<<<<<<<<<<<<<<
[2023-01-12 12:26:25,159] 27 root INFO Exporting collection data as pandas dataframe
[2023-01-12 12:26:25,159] 23 root INFO Reading data from database: aps and collection: sensor
[2023-01-12 12:26:28,450] 25 root INFO Found columns: Index(['_id', 'class', 'aa_000', 'ab_000', 'ac_000', 'ad_000', 'ae_000',
       'af_000', 'ag_000', 'ag_001',
       ...
       'ee_002', 'ee_003', 'ee_004', 'ee_005', 'ee_006', 'ee_007', 'ee_008',
       'ee_009', 'ef_000', 'eg_000'],
      dtype='object', length=172)
[2023-01-12 12:26:28,451] 27 root INFO Dropping column: _id 
[2023-01-12 12:26:28,636] 29 root INFO Row and columns in df: (36188, 171)
[2023-01-12 12:26:28,636] 33 root INFO Save data in feature store
[2023-01-12 12:26:29,159] 39 root INFO Create feature store folder if not available
[2023-01-12 12:26:29,160] 43 root INFO Save df to feature store folder
[2023-01-12 12:26:31,596] 48 root INFO split dataset into train and test set
[2023-01-12 12:26:32,129] 52 root INFO create dataset directory folder if not available
[2023-01-12 12:26:32,130] 57 root INFO Save df to feature store folder
[2023-01-12 12:26:34,421] 69 root INFO Data ingestion artifact: DataIngestionArtifact(feature_store_file_path='/config/workspace/artifact/01122023__122625/data_ingetion/feature_store/sensor.csv', train_file_path='/config/workspace/artifact/01122023__122625/data_ingetion/dataset/train.csv', test_file_path='/config/workspace/artifact/01122023__122625/data_ingetion/dataset/test.csv')
[2023-01-12 12:26:34,832] 19 root INFO >>>>>>>>>>>>>>>>>>>>>>>>>>>>>>>>>>>>>>>> Data Validation <<<<<<<<<<<<<<<<<<<<<<<<<<<<<<<<<<<<<<<<
[2023-01-12 12:26:34,832] 107 root INFO Reading base dataframe
[2023-01-12 12:26:37,558] 111 root INFO Replace na value in base df
[2023-01-12 12:26:37,558] 114 root INFO Drop null values colums from base df
[2023-01-12 12:26:38,483] 40 root INFO selecting column name which contains null above to 0.7
[2023-01-12 12:26:38,484] 43 root INFO Columns to drop: ['ab_000', 'bn_000', 'bo_000', 'bp_000', 'bq_000', 'br_000', 'cr_000']
[2023-01-12 12:26:38,560] 117 root INFO Reading train dataframe
[2023-01-12 12:26:38,948] 119 root INFO Reading test dataframe
[2023-01-12 12:26:39,047] 122 root INFO Drop null values colums from train df
[2023-01-12 12:26:39,059] 40 root INFO selecting column name which contains null above to 0.7
[2023-01-12 12:26:39,059] 43 root INFO Columns to drop: ['ab_000', 'bn_000', 'bo_000', 'bp_000', 'bq_000', 'br_000', 'cr_000']
[2023-01-12 12:26:39,065] 124 root INFO Drop null values colums from test df
[2023-01-12 12:26:39,070] 40 root INFO selecting column name which contains null above to 0.7
[2023-01-12 12:26:39,070] 43 root INFO Columns to drop: ['ab_000', 'bn_000', 'bo_000', 'bp_000', 'bq_000', 'br_000', 'cr_000']
[2023-01-12 12:26:45,931] 132 root INFO Is all required columns present in train df
[2023-01-12 12:26:45,932] 135 root INFO Is all required columns present in test df
[2023-01-12 12:26:45,932] 139 root INFO As all column are available in train df hence detecting data drift
[2023-01-12 12:26:45,932] 83 root INFO Hypothesisclass:object, object
[2023-01-12 12:26:46,071] 83 root INFO Hypothesisaa_000:float64, float64
[2023-01-12 12:26:46,082] 83 root INFO Hypothesisac_000:float64, float64
[2023-01-12 12:26:46,122] 83 root INFO Hypothesisad_000:float64, float64
[2023-01-12 12:26:46,130] 83 root INFO Hypothesisae_000:float64, float64
[2023-01-12 12:26:46,165] 83 root INFO Hypothesisaf_000:float64, float64
[2023-01-12 12:26:46,202] 83 root INFO Hypothesisag_000:float64, float64
[2023-01-12 12:26:46,240] 83 root INFO Hypothesisag_001:float64, float64
[2023-01-12 12:26:46,276] 83 root INFO Hypothesisag_002:float64, float64
[2023-01-12 12:26:46,313] 83 root INFO Hypothesisag_003:float64, float64
[2023-01-12 12:26:46,319] 83 root INFO Hypothesisag_004:float64, float64
[2023-01-12 12:26:46,329] 83 root INFO Hypothesisag_005:float64, float64
[2023-01-12 12:26:46,340] 83 root INFO Hypothesisag_006:float64, float64
[2023-01-12 12:26:46,351] 83 root INFO Hypothesisag_007:float64, float64
[2023-01-12 12:26:46,360] 83 root INFO Hypothesisag_008:float64, float64
[2023-01-12 12:26:46,369] 83 root INFO Hypothesisag_009:float64, float64
[2023-01-12 12:26:46,376] 83 root INFO Hypothesisah_000:float64, float64
[2023-01-12 12:26:46,386] 83 root INFO Hypothesisai_000:float64, float64
[2023-01-12 12:26:46,424] 83 root INFO Hypothesisaj_000:float64, float64
[2023-01-12 12:26:46,430] 83 root INFO Hypothesisak_000:float64, float64
[2023-01-12 12:26:46,469] 83 root INFO Hypothesisal_000:float64, float64
[2023-01-12 12:26:46,476] 83 root INFO Hypothesisam_0:float64, float64
[2023-01-12 12:26:46,483] 83 root INFO Hypothesisan_000:float64, float64
[2023-01-12 12:26:46,494] 83 root INFO Hypothesisao_000:float64, float64
[2023-01-12 12:26:46,504] 83 root INFO Hypothesisap_000:float64, float64
[2023-01-12 12:26:46,515] 83 root INFO Hypothesisaq_000:float64, float64
[2023-01-12 12:26:46,526] 83 root INFO Hypothesisar_000:float64, float64
[2023-01-12 12:26:46,561] 83 root INFO Hypothesisas_000:float64, float64
[2023-01-12 12:26:46,598] 83 root INFO Hypothesisat_000:float64, float64
[2023-01-12 12:26:46,635] 83 root INFO Hypothesisau_000:float64, float64
[2023-01-12 12:26:46,670] 83 root INFO Hypothesisav_000:float64, float64
[2023-01-12 12:26:46,679] 83 root INFO Hypothesisax_000:float64, float64
[2023-01-12 12:26:46,687] 83 root INFO Hypothesisay_000:float64, float64
[2023-01-12 12:26:46,722] 83 root INFO Hypothesisay_001:float64, float64
[2023-01-12 12:26:46,759] 83 root INFO Hypothesisay_002:float64, float64
[2023-01-12 12:26:46,794] 83 root INFO Hypothesisay_003:float64, float64
[2023-01-12 12:26:46,832] 83 root INFO Hypothesisay_004:float64, float64
[2023-01-12 12:26:46,868] 83 root INFO Hypothesisay_005:float64, float64
[2023-01-12 12:26:46,909] 83 root INFO Hypothesisay_006:float64, float64
[2023-01-12 12:26:46,919] 83 root INFO Hypothesisay_007:float64, float64
[2023-01-12 12:26:46,929] 83 root INFO Hypothesisay_008:float64, float64
[2023-01-12 12:26:46,939] 83 root INFO Hypothesisay_009:float64, float64
[2023-01-12 12:26:46,974] 83 root INFO Hypothesisaz_000:float64, float64
[2023-01-12 12:26:46,984] 83 root INFO Hypothesisaz_001:float64, float64
[2023-01-12 12:26:46,993] 83 root INFO Hypothesisaz_002:float64, float64
[2023-01-12 12:26:47,004] 83 root INFO Hypothesisaz_003:float64, float64
[2023-01-12 12:26:47,014] 83 root INFO Hypothesisaz_004:float64, float64
[2023-01-12 12:26:47,024] 83 root INFO Hypothesisaz_005:float64, float64
[2023-01-12 12:26:47,035] 83 root INFO Hypothesisaz_006:float64, float64
[2023-01-12 12:26:47,077] 83 root INFO Hypothesisaz_007:float64, float64
[2023-01-12 12:26:47,115] 83 root INFO Hypothesisaz_008:float64, float64
[2023-01-12 12:26:47,152] 83 root INFO Hypothesisaz_009:float64, float64
[2023-01-12 12:26:47,189] 83 root INFO Hypothesisba_000:float64, float64
[2023-01-12 12:26:47,200] 83 root INFO Hypothesisba_001:float64, float64
[2023-01-12 12:26:47,211] 83 root INFO Hypothesisba_002:float64, float64
[2023-01-12 12:26:47,223] 83 root INFO Hypothesisba_003:float64, float64
[2023-01-12 12:26:47,233] 83 root INFO Hypothesisba_004:float64, float64
[2023-01-12 12:26:47,243] 83 root INFO Hypothesisba_005:float64, float64
[2023-01-12 12:26:47,253] 83 root INFO Hypothesisba_006:float64, float64
[2023-01-12 12:26:47,263] 83 root INFO Hypothesisba_007:float64, float64
[2023-01-12 12:26:47,273] 83 root INFO Hypothesisba_008:float64, float64
[2023-01-12 12:26:47,313] 83 root INFO Hypothesisba_009:float64, float64
[2023-01-12 12:26:47,352] 83 root INFO Hypothesisbb_000:float64, float64
[2023-01-12 12:26:47,362] 83 root INFO Hypothesisbc_000:float64, float64
[2023-01-12 12:26:47,402] 83 root INFO Hypothesisbd_000:float64, float64
[2023-01-12 12:26:47,411] 83 root INFO Hypothesisbe_000:float64, float64
[2023-01-12 12:26:47,421] 83 root INFO Hypothesisbf_000:float64, float64
[2023-01-12 12:26:47,428] 83 root INFO Hypothesisbg_000:float64, float64
[2023-01-12 12:26:47,439] 83 root INFO Hypothesisbh_000:float64, float64
[2023-01-12 12:26:47,449] 83 root INFO Hypothesisbi_000:float64, float64
[2023-01-12 12:26:47,460] 83 root INFO Hypothesisbj_000:float64, float64
[2023-01-12 12:26:47,471] 83 root INFO Hypothesisbk_000:float64, float64
[2023-01-12 12:26:47,480] 83 root INFO Hypothesisbl_000:float64, float64
[2023-01-12 12:26:47,489] 83 root INFO Hypothesisbm_000:float64, float64
[2023-01-12 12:26:47,495] 83 root INFO Hypothesisbs_000:float64, float64
[2023-01-12 12:26:47,506] 83 root INFO Hypothesisbt_000:float64, float64
[2023-01-12 12:26:47,517] 83 root INFO Hypothesisbu_000:float64, float64
[2023-01-12 12:26:47,527] 83 root INFO Hypothesisbv_000:float64, float64
[2023-01-12 12:26:47,537] 83 root INFO Hypothesisbx_000:float64, float64
[2023-01-12 12:26:47,547] 83 root INFO Hypothesisby_000:float64, float64
[2023-01-12 12:26:47,557] 83 root INFO Hypothesisbz_000:float64, float64
[2023-01-12 12:26:47,566] 83 root INFO Hypothesisca_000:float64, float64
[2023-01-12 12:26:47,577] 83 root INFO Hypothesiscb_000:float64, float64
[2023-01-12 12:26:47,588] 83 root INFO Hypothesiscc_000:float64, float64
[2023-01-12 12:26:47,599] 83 root INFO Hypothesiscd_000:float64, float64
[2023-01-12 12:26:47,638] 83 root INFO Hypothesisce_000:float64, float64
[2023-01-12 12:26:47,648] 83 root INFO Hypothesiscf_000:float64, float64
[2023-01-12 12:26:47,653] 83 root INFO Hypothesiscg_000:float64, float64
[2023-01-12 12:26:47,660] 83 root INFO Hypothesisch_000:float64, float64
[2023-01-12 12:26:47,700] 83 root INFO Hypothesisci_000:float64, float64
[2023-01-12 12:26:47,711] 83 root INFO Hypothesiscj_000:float64, float64
[2023-01-12 12:26:47,749] 83 root INFO Hypothesisck_000:float64, float64
[2023-01-12 12:26:47,759] 83 root INFO Hypothesiscl_000:float64, float64
[2023-01-12 12:26:47,765] 83 root INFO Hypothesiscm_000:float64, float64
[2023-01-12 12:26:47,772] 83 root INFO Hypothesiscn_000:float64, float64
[2023-01-12 12:26:47,809] 83 root INFO Hypothesiscn_001:float64, float64
[2023-01-12 12:26:47,849] 83 root INFO Hypothesiscn_002:float64, float64
[2023-01-12 12:26:47,857] 83 root INFO Hypothesiscn_003:float64, float64
[2023-01-12 12:26:47,868] 83 root INFO Hypothesiscn_004:float64, float64
[2023-01-12 12:26:47,879] 83 root INFO Hypothesiscn_005:float64, float64
[2023-01-12 12:26:47,889] 83 root INFO Hypothesiscn_006:float64, float64
[2023-01-12 12:26:47,900] 83 root INFO Hypothesiscn_007:float64, float64
[2023-01-12 12:26:47,910] 83 root INFO Hypothesiscn_008:float64, float64
[2023-01-12 12:26:47,919] 83 root INFO Hypothesiscn_009:float64, float64
[2023-01-12 12:26:47,959] 83 root INFO Hypothesisco_000:float64, float64
[2023-01-12 12:26:47,965] 83 root INFO Hypothesiscp_000:float64, float64
[2023-01-12 12:26:48,005] 83 root INFO Hypothesiscq_000:float64, float64
[2023-01-12 12:26:48,016] 83 root INFO Hypothesiscs_000:float64, float64
[2023-01-12 12:26:48,027] 83 root INFO Hypothesiscs_001:float64, float64
[2023-01-12 12:26:48,035] 83 root INFO Hypothesiscs_002:float64, float64
[2023-01-12 12:26:48,046] 83 root INFO Hypothesiscs_003:float64, float64
[2023-01-12 12:26:48,056] 83 root INFO Hypothesiscs_004:float64, float64
[2023-01-12 12:26:48,067] 83 root INFO Hypothesiscs_005:float64, float64
[2023-01-12 12:26:48,077] 83 root INFO Hypothesiscs_006:float64, float64
[2023-01-12 12:26:48,088] 83 root INFO Hypothesiscs_007:float64, float64
[2023-01-12 12:26:48,098] 83 root INFO Hypothesiscs_008:float64, float64
[2023-01-12 12:26:48,138] 83 root INFO Hypothesiscs_009:float64, float64
[2023-01-12 12:26:48,177] 83 root INFO Hypothesisct_000:float64, float64
[2023-01-12 12:26:48,186] 83 root INFO Hypothesiscu_000:float64, float64
[2023-01-12 12:26:48,196] 83 root INFO Hypothesiscv_000:float64, float64
[2023-01-12 12:26:48,205] 83 root INFO Hypothesiscx_000:float64, float64
[2023-01-12 12:26:48,216] 83 root INFO Hypothesiscy_000:float64, float64
[2023-01-12 12:26:48,223] 83 root INFO Hypothesiscz_000:float64, float64
[2023-01-12 12:26:48,232] 83 root INFO Hypothesisda_000:float64, float64
[2023-01-12 12:26:48,238] 83 root INFO Hypothesisdb_000:float64, float64
[2023-01-12 12:26:48,245] 83 root INFO Hypothesisdc_000:float64, float64
[2023-01-12 12:26:48,254] 83 root INFO Hypothesisdd_000:float64, float64
[2023-01-12 12:26:48,263] 83 root INFO Hypothesisde_000:float64, float64
[2023-01-12 12:26:48,272] 83 root INFO Hypothesisdf_000:float64, float64
[2023-01-12 12:26:48,308] 83 root INFO Hypothesisdg_000:float64, float64
[2023-01-12 12:26:48,345] 83 root INFO Hypothesisdh_000:float64, float64
[2023-01-12 12:26:48,350] 83 root INFO Hypothesisdi_000:float64, float64
[2023-01-12 12:26:48,389] 83 root INFO Hypothesisdj_000:float64, float64
[2023-01-12 12:26:48,425] 83 root INFO Hypothesisdk_000:float64, float64
[2023-01-12 12:26:48,462] 83 root INFO Hypothesisdl_000:float64, float64
[2023-01-12 12:26:48,498] 83 root INFO Hypothesisdm_000:float64, float64
[2023-01-12 12:26:48,535] 83 root INFO Hypothesisdn_000:float64, float64
[2023-01-12 12:26:48,545] 83 root INFO Hypothesisdo_000:float64, float64
[2023-01-12 12:26:48,555] 83 root INFO Hypothesisdp_000:float64, float64
[2023-01-12 12:26:48,564] 83 root INFO Hypothesisdq_000:float64, float64
[2023-01-12 12:26:48,604] 83 root INFO Hypothesisdr_000:float64, float64
[2023-01-12 12:26:48,643] 83 root INFO Hypothesisds_000:float64, float64
[2023-01-12 12:26:48,653] 83 root INFO Hypothesisdt_000:float64, float64
[2023-01-12 12:26:48,663] 83 root INFO Hypothesisdu_000:float64, float64
[2023-01-12 12:26:48,673] 83 root INFO Hypothesisdv_000:float64, float64
[2023-01-12 12:26:48,683] 83 root INFO Hypothesisdx_000:float64, float64
[2023-01-12 12:26:48,722] 83 root INFO Hypothesisdy_000:float64, float64
[2023-01-12 12:26:48,760] 83 root INFO Hypothesisdz_000:float64, float64
[2023-01-12 12:26:48,796] 83 root INFO Hypothesisea_000:float64, float64
[2023-01-12 12:26:48,833] 83 root INFO Hypothesiseb_000:float64, float64
[2023-01-12 12:26:48,841] 83 root INFO Hypothesisec_00:float64, float64
[2023-01-12 12:26:48,851] 83 root INFO Hypothesised_000:float64, float64
[2023-01-12 12:26:48,860] 83 root INFO Hypothesisee_000:float64, float64
[2023-01-12 12:26:48,870] 83 root INFO Hypothesisee_001:float64, float64
[2023-01-12 12:26:48,880] 83 root INFO Hypothesisee_002:float64, float64
[2023-01-12 12:26:48,891] 83 root INFO Hypothesisee_003:float64, float64
[2023-01-12 12:26:48,901] 83 root INFO Hypothesisee_004:float64, float64
[2023-01-12 12:26:48,911] 83 root INFO Hypothesisee_005:float64, float64
[2023-01-12 12:26:48,921] 83 root INFO Hypothesisee_006:float64, float64
[2023-01-12 12:26:48,931] 83 root INFO Hypothesisee_007:float64, float64
[2023-01-12 12:26:48,941] 83 root INFO Hypothesisee_008:float64, float64
[2023-01-12 12:26:48,950] 83 root INFO Hypothesisee_009:float64, float64
[2023-01-12 12:26:48,957] 83 root INFO Hypothesisef_000:float64, float64
[2023-01-12 12:26:48,994] 83 root INFO Hypothesiseg_000:float64, float64
[2023-01-12 12:26:49,030] 142 root INFO As all column are available in test df hence detecting data drift
[2023-01-12 12:26:49,031] 83 root INFO Hypothesisclass:object, object
[2023-01-12 12:26:49,106] 83 root INFO Hypothesisaa_000:float64, float64
[2023-01-12 12:26:49,114] 83 root INFO Hypothesisac_000:float64, float64
[2023-01-12 12:26:49,120] 83 root INFO Hypothesisad_000:float64, float64
[2023-01-12 12:26:49,125] 83 root INFO Hypothesisae_000:float64, float64
[2023-01-12 12:26:49,140] 83 root INFO Hypothesisaf_000:float64, float64
[2023-01-12 12:26:49,156] 83 root INFO Hypothesisag_000:float64, float64
[2023-01-12 12:26:49,171] 83 root INFO Hypothesisag_001:float64, float64
[2023-01-12 12:26:49,186] 83 root INFO Hypothesisag_002:float64, float64
[2023-01-12 12:26:49,189] 83 root INFO Hypothesisag_003:float64, float64
[2023-01-12 12:26:49,193] 83 root INFO Hypothesisag_004:float64, float64
[2023-01-12 12:26:49,203] 83 root INFO Hypothesisag_005:float64, float64
[2023-01-12 12:26:49,211] 83 root INFO Hypothesisag_006:float64, float64
[2023-01-12 12:26:49,218] 83 root INFO Hypothesisag_007:float64, float64
[2023-01-12 12:26:49,224] 83 root INFO Hypothesisag_008:float64, float64
[2023-01-12 12:26:49,230] 83 root INFO Hypothesisag_009:float64, float64
[2023-01-12 12:26:49,234] 83 root INFO Hypothesisah_000:float64, float64
[2023-01-12 12:26:49,241] 83 root INFO Hypothesisai_000:float64, float64
[2023-01-12 12:26:49,245] 83 root INFO Hypothesisaj_000:float64, float64
[2023-01-12 12:26:49,248] 83 root INFO Hypothesisak_000:float64, float64
[2023-01-12 12:26:49,252] 83 root INFO Hypothesisal_000:float64, float64
[2023-01-12 12:26:49,257] 83 root INFO Hypothesisam_0:float64, float64
[2023-01-12 12:26:49,261] 83 root INFO Hypothesisan_000:float64, float64
[2023-01-12 12:26:49,268] 83 root INFO Hypothesisao_000:float64, float64
[2023-01-12 12:26:49,275] 83 root INFO Hypothesisap_000:float64, float64
[2023-01-12 12:26:49,282] 83 root INFO Hypothesisaq_000:float64, float64
[2023-01-12 12:26:49,289] 83 root INFO Hypothesisar_000:float64, float64
[2023-01-12 12:26:49,305] 83 root INFO Hypothesisas_000:float64, float64
[2023-01-12 12:26:49,320] 83 root INFO Hypothesisat_000:float64, float64
[2023-01-12 12:26:49,336] 83 root INFO Hypothesisau_000:float64, float64
[2023-01-12 12:26:49,351] 83 root INFO Hypothesisav_000:float64, float64
[2023-01-12 12:26:49,357] 83 root INFO Hypothesisax_000:float64, float64
[2023-01-12 12:26:49,362] 83 root INFO Hypothesisay_000:float64, float64
[2023-01-12 12:26:49,377] 83 root INFO Hypothesisay_001:float64, float64
[2023-01-12 12:26:49,392] 83 root INFO Hypothesisay_002:float64, float64
[2023-01-12 12:26:49,407] 83 root INFO Hypothesisay_003:float64, float64
[2023-01-12 12:26:49,422] 83 root INFO Hypothesisay_004:float64, float64
[2023-01-12 12:26:49,438] 83 root INFO Hypothesisay_005:float64, float64
[2023-01-12 12:26:49,443] 83 root INFO Hypothesisay_006:float64, float64
[2023-01-12 12:26:49,449] 83 root INFO Hypothesisay_007:float64, float64
[2023-01-12 12:26:49,456] 83 root INFO Hypothesisay_008:float64, float64
[2023-01-12 12:26:49,462] 83 root INFO Hypothesisay_009:float64, float64
[2023-01-12 12:26:49,477] 83 root INFO Hypothesisaz_000:float64, float64
[2023-01-12 12:26:49,484] 83 root INFO Hypothesisaz_001:float64, float64
[2023-01-12 12:26:49,490] 83 root INFO Hypothesisaz_002:float64, float64
[2023-01-12 12:26:49,496] 83 root INFO Hypothesisaz_003:float64, float64
[2023-01-12 12:26:49,503] 83 root INFO Hypothesisaz_004:float64, float64
[2023-01-12 12:26:49,510] 83 root INFO Hypothesisaz_005:float64, float64
[2023-01-12 12:26:49,517] 83 root INFO Hypothesisaz_006:float64, float64
[2023-01-12 12:26:49,523] 83 root INFO Hypothesisaz_007:float64, float64
[2023-01-12 12:26:49,526] 83 root INFO Hypothesisaz_008:float64, float64
[2023-01-12 12:26:49,542] 83 root INFO Hypothesisaz_009:float64, float64
[2023-01-12 12:26:49,557] 83 root INFO Hypothesisba_000:float64, float64
[2023-01-12 12:26:49,564] 83 root INFO Hypothesisba_001:float64, float64
[2023-01-12 12:26:49,571] 83 root INFO Hypothesisba_002:float64, float64
[2023-01-12 12:26:49,577] 83 root INFO Hypothesisba_003:float64, float64
[2023-01-12 12:26:49,584] 83 root INFO Hypothesisba_004:float64, float64
[2023-01-12 12:26:49,591] 83 root INFO Hypothesisba_005:float64, float64
[2023-01-12 12:26:49,599] 83 root INFO Hypothesisba_006:float64, float64
[2023-01-12 12:26:49,606] 83 root INFO Hypothesisba_007:float64, float64
[2023-01-12 12:26:49,612] 83 root INFO Hypothesisba_008:float64, float64
[2023-01-12 12:26:49,618] 83 root INFO Hypothesisba_009:float64, float64
[2023-01-12 12:26:49,623] 83 root INFO Hypothesisbb_000:float64, float64
[2023-01-12 12:26:49,630] 83 root INFO Hypothesisbc_000:float64, float64
[2023-01-12 12:26:49,635] 83 root INFO Hypothesisbd_000:float64, float64
[2023-01-12 12:26:49,641] 83 root INFO Hypothesisbe_000:float64, float64
[2023-01-12 12:26:49,647] 83 root INFO Hypothesisbf_000:float64, float64
[2023-01-12 12:26:49,651] 83 root INFO Hypothesisbg_000:float64, float64
[2023-01-12 12:26:49,658] 83 root INFO Hypothesisbh_000:float64, float64
[2023-01-12 12:26:49,665] 83 root INFO Hypothesisbi_000:float64, float64
[2023-01-12 12:26:49,672] 83 root INFO Hypothesisbj_000:float64, float64
[2023-01-12 12:26:49,679] 83 root INFO Hypothesisbk_000:float64, float64
[2023-01-12 12:26:49,685] 83 root INFO Hypothesisbl_000:float64, float64
[2023-01-12 12:26:49,691] 83 root INFO Hypothesisbm_000:float64, float64
[2023-01-12 12:26:49,695] 83 root INFO Hypothesisbs_000:float64, float64
[2023-01-12 12:26:49,702] 83 root INFO Hypothesisbt_000:float64, float64
[2023-01-12 12:26:49,709] 83 root INFO Hypothesisbu_000:float64, float64
[2023-01-12 12:26:49,716] 83 root INFO Hypothesisbv_000:float64, float64
[2023-01-12 12:26:49,722] 83 root INFO Hypothesisbx_000:float64, float64
[2023-01-12 12:26:49,729] 83 root INFO Hypothesisby_000:float64, float64
[2023-01-12 12:26:49,736] 83 root INFO Hypothesisbz_000:float64, float64
[2023-01-12 12:26:49,742] 83 root INFO Hypothesisca_000:float64, float64
[2023-01-12 12:26:49,749] 83 root INFO Hypothesiscb_000:float64, float64
[2023-01-12 12:26:49,756] 83 root INFO Hypothesiscc_000:float64, float64
[2023-01-12 12:26:49,763] 83 root INFO Hypothesiscd_000:float64, float64
[2023-01-12 12:26:49,778] 83 root INFO Hypothesisce_000:float64, float64
[2023-01-12 12:26:49,785] 83 root INFO Hypothesiscf_000:float64, float64
[2023-01-12 12:26:49,789] 83 root INFO Hypothesiscg_000:float64, float64
[2023-01-12 12:26:49,793] 83 root INFO Hypothesisch_000:float64, float64
[2023-01-12 12:26:49,797] 83 root INFO Hypothesisci_000:float64, float64
[2023-01-12 12:26:49,805] 83 root INFO Hypothesiscj_000:float64, float64
[2023-01-12 12:26:49,809] 83 root INFO Hypothesisck_000:float64, float64
[2023-01-12 12:26:49,816] 83 root INFO Hypothesiscl_000:float64, float64
[2023-01-12 12:26:49,820] 83 root INFO Hypothesiscm_000:float64, float64
[2023-01-12 12:26:49,825] 83 root INFO Hypothesiscn_000:float64, float64
[2023-01-12 12:26:49,840] 83 root INFO Hypothesiscn_001:float64, float64
[2023-01-12 12:26:49,844] 83 root INFO Hypothesiscn_002:float64, float64
[2023-01-12 12:26:49,849] 83 root INFO Hypothesiscn_003:float64, float64
[2023-01-12 12:26:49,857] 83 root INFO Hypothesiscn_004:float64, float64
[2023-01-12 12:26:49,864] 83 root INFO Hypothesiscn_005:float64, float64
[2023-01-12 12:26:49,871] 83 root INFO Hypothesiscn_006:float64, float64
[2023-01-12 12:26:49,877] 83 root INFO Hypothesiscn_007:float64, float64
[2023-01-12 12:26:49,884] 83 root INFO Hypothesiscn_008:float64, float64
[2023-01-12 12:26:49,890] 83 root INFO Hypothesiscn_009:float64, float64
[2023-01-12 12:26:49,895] 83 root INFO Hypothesisco_000:float64, float64
[2023-01-12 12:26:49,900] 83 root INFO Hypothesiscp_000:float64, float64
[2023-01-12 12:26:49,905] 83 root INFO Hypothesiscq_000:float64, float64
[2023-01-12 12:26:49,912] 83 root INFO Hypothesiscs_000:float64, float64
[2023-01-12 12:26:49,919] 83 root INFO Hypothesiscs_001:float64, float64
[2023-01-12 12:26:49,925] 83 root INFO Hypothesiscs_002:float64, float64
[2023-01-12 12:26:49,932] 83 root INFO Hypothesiscs_003:float64, float64
[2023-01-12 12:26:49,939] 83 root INFO Hypothesiscs_004:float64, float64
[2023-01-12 12:26:49,946] 83 root INFO Hypothesiscs_005:float64, float64
[2023-01-12 12:26:49,953] 83 root INFO Hypothesiscs_006:float64, float64
[2023-01-12 12:26:49,960] 83 root INFO Hypothesiscs_007:float64, float64
[2023-01-12 12:26:49,968] 83 root INFO Hypothesiscs_008:float64, float64
[2023-01-12 12:26:49,973] 83 root INFO Hypothesiscs_009:float64, float64
[2023-01-12 12:26:49,989] 83 root INFO Hypothesisct_000:float64, float64
[2023-01-12 12:26:49,995] 83 root INFO Hypothesiscu_000:float64, float64
[2023-01-12 12:26:50,001] 83 root INFO Hypothesiscv_000:float64, float64
[2023-01-12 12:26:50,008] 83 root INFO Hypothesiscx_000:float64, float64
[2023-01-12 12:26:50,014] 83 root INFO Hypothesiscy_000:float64, float64
[2023-01-12 12:26:50,018] 83 root INFO Hypothesiscz_000:float64, float64
[2023-01-12 12:26:50,024] 83 root INFO Hypothesisda_000:float64, float64
[2023-01-12 12:26:50,027] 83 root INFO Hypothesisdb_000:float64, float64
[2023-01-12 12:26:50,031] 83 root INFO Hypothesisdc_000:float64, float64
[2023-01-12 12:26:50,038] 83 root INFO Hypothesisdd_000:float64, float64
[2023-01-12 12:26:50,044] 83 root INFO Hypothesisde_000:float64, float64
[2023-01-12 12:26:50,050] 83 root INFO Hypothesisdf_000:float64, float64
[2023-01-12 12:26:50,053] 83 root INFO Hypothesisdg_000:float64, float64
[2023-01-12 12:26:50,056] 83 root INFO Hypothesisdh_000:float64, float64
[2023-01-12 12:26:50,060] 83 root INFO Hypothesisdi_000:float64, float64
[2023-01-12 12:26:50,064] 83 root INFO Hypothesisdj_000:float64, float64
[2023-01-12 12:26:50,079] 83 root INFO Hypothesisdk_000:float64, float64
[2023-01-12 12:26:50,082] 83 root INFO Hypothesisdl_000:float64, float64
[2023-01-12 12:26:50,098] 83 root INFO Hypothesisdm_000:float64, float64
[2023-01-12 12:26:50,113] 83 root INFO Hypothesisdn_000:float64, float64
[2023-01-12 12:26:50,120] 83 root INFO Hypothesisdo_000:float64, float64
[2023-01-12 12:26:50,126] 83 root INFO Hypothesisdp_000:float64, float64
[2023-01-12 12:26:50,132] 83 root INFO Hypothesisdq_000:float64, float64
[2023-01-12 12:26:50,137] 83 root INFO Hypothesisdr_000:float64, float64
[2023-01-12 12:26:50,141] 83 root INFO Hypothesisds_000:float64, float64
[2023-01-12 12:26:50,148] 83 root INFO Hypothesisdt_000:float64, float64
[2023-01-12 12:26:50,154] 83 root INFO Hypothesisdu_000:float64, float64
[2023-01-12 12:26:50,162] 83 root INFO Hypothesisdv_000:float64, float64
[2023-01-12 12:26:50,169] 83 root INFO Hypothesisdx_000:float64, float64
[2023-01-12 12:26:50,174] 83 root INFO Hypothesisdy_000:float64, float64
[2023-01-12 12:26:50,178] 83 root INFO Hypothesisdz_000:float64, float64
[2023-01-12 12:26:50,194] 83 root INFO Hypothesisea_000:float64, float64
[2023-01-12 12:26:50,209] 83 root INFO Hypothesiseb_000:float64, float64
[2023-01-12 12:26:50,215] 83 root INFO Hypothesisec_00:float64, float64
[2023-01-12 12:26:50,222] 83 root INFO Hypothesised_000:float64, float64
[2023-01-12 12:26:50,228] 83 root INFO Hypothesisee_000:float64, float64
[2023-01-12 12:26:50,236] 83 root INFO Hypothesisee_001:float64, float64
[2023-01-12 12:26:50,243] 83 root INFO Hypothesisee_002:float64, float64
[2023-01-12 12:26:50,250] 83 root INFO Hypothesisee_003:float64, float64
[2023-01-12 12:26:50,260] 83 root INFO Hypothesisee_004:float64, float64
[2023-01-12 12:26:50,267] 83 root INFO Hypothesisee_005:float64, float64
[2023-01-12 12:26:50,274] 83 root INFO Hypothesisee_006:float64, float64
[2023-01-12 12:26:50,280] 83 root INFO Hypothesisee_007:float64, float64
[2023-01-12 12:26:50,287] 83 root INFO Hypothesisee_008:float64, float64
[2023-01-12 12:26:50,293] 83 root INFO Hypothesisee_009:float64, float64
[2023-01-12 12:26:50,299] 83 root INFO Hypothesisef_000:float64, float64
[2023-01-12 12:26:50,318] 83 root INFO Hypothesiseg_000:float64, float64
[2023-01-12 12:26:50,334] 149 root INFO Write reprt in yaml file
[2023-01-12 12:26:50,471] 154 root INFO Data validation artifact: DataValidationArtifact(report_file_path='/config/workspace/artifact/01122023__122625/data_validation/report.ymal')
[2023-01-12 12:26:50,478] 21 root INFO >>>>>>>>>>>>>>>>>>>>>>>>>>>>>>>>>>>>>>>> Data Transformation <<<<<<<<<<<<<<<<<<<<<<<<<<<<<<<<<<<<<<<<
