[2023-01-12 12:32:38,201] 22 root INFO This line will create the folder name as artifact in current directory with proper timestamp and date
[2023-01-12 12:32:38,201] 16 root INFO >>>>>>>>>>>>>>>>>>>>>>>>>>>>>>>>>>>>>>>> Data Ingestion <<<<<<<<<<<<<<<<<<<<<<<<<<<<<<<<<<<<<<<<
[2023-01-12 12:32:38,201] 27 root INFO Exporting collection data as pandas dataframe
[2023-01-12 12:32:38,201] 23 root INFO Reading data from database: aps and collection: sensor
[2023-01-12 12:32:41,532] 25 root INFO Found columns: Index(['_id', 'class', 'aa_000', 'ab_000', 'ac_000', 'ad_000', 'ae_000',
       'af_000', 'ag_000', 'ag_001',
       ...
       'ee_002', 'ee_003', 'ee_004', 'ee_005', 'ee_006', 'ee_007', 'ee_008',
       'ee_009', 'ef_000', 'eg_000'],
      dtype='object', length=172)
[2023-01-12 12:32:41,533] 27 root INFO Dropping column: _id 
[2023-01-12 12:32:41,730] 29 root INFO Row and columns in df: (36188, 171)
[2023-01-12 12:32:41,731] 33 root INFO Save data in feature store
[2023-01-12 12:32:42,267] 39 root INFO Create feature store folder if not available
[2023-01-12 12:32:42,267] 43 root INFO Save df to feature store folder
[2023-01-12 12:32:44,723] 48 root INFO split dataset into train and test set
[2023-01-12 12:32:45,238] 52 root INFO create dataset directory folder if not available
[2023-01-12 12:32:45,239] 57 root INFO Save df to feature store folder
[2023-01-12 12:32:47,503] 69 root INFO Data ingestion artifact: DataIngestionArtifact(feature_store_file_path='/config/workspace/artifact/01122023__123238/data_ingetion/feature_store/sensor.csv', train_file_path='/config/workspace/artifact/01122023__123238/data_ingetion/dataset/train.csv', test_file_path='/config/workspace/artifact/01122023__123238/data_ingetion/dataset/test.csv')
[2023-01-12 12:32:47,908] 19 root INFO >>>>>>>>>>>>>>>>>>>>>>>>>>>>>>>>>>>>>>>> Data Validation <<<<<<<<<<<<<<<<<<<<<<<<<<<<<<<<<<<<<<<<
[2023-01-12 12:32:47,909] 107 root INFO Reading base dataframe
[2023-01-12 12:32:50,724] 111 root INFO Replace na value in base df
[2023-01-12 12:32:50,724] 114 root INFO Drop null values colums from base df
[2023-01-12 12:32:51,663] 40 root INFO selecting column name which contains null above to 0.7
[2023-01-12 12:32:51,664] 43 root INFO Columns to drop: ['ab_000', 'bn_000', 'bo_000', 'bp_000', 'bq_000', 'br_000', 'cr_000']
[2023-01-12 12:32:51,739] 117 root INFO Reading train dataframe
[2023-01-12 12:32:52,137] 119 root INFO Reading test dataframe
[2023-01-12 12:32:52,241] 122 root INFO Drop null values colums from train df
[2023-01-12 12:32:52,253] 40 root INFO selecting column name which contains null above to 0.7
[2023-01-12 12:32:52,253] 43 root INFO Columns to drop: ['ab_000', 'bn_000', 'bo_000', 'bp_000', 'bq_000', 'br_000', 'cr_000']
[2023-01-12 12:32:52,260] 124 root INFO Drop null values colums from test df
[2023-01-12 12:32:52,264] 40 root INFO selecting column name which contains null above to 0.7
[2023-01-12 12:32:52,265] 43 root INFO Columns to drop: ['ab_000', 'bn_000', 'bo_000', 'bp_000', 'bq_000', 'br_000', 'cr_000']
[2023-01-12 12:32:59,136] 132 root INFO Is all required columns present in train df
[2023-01-12 12:32:59,136] 135 root INFO Is all required columns present in test df
[2023-01-12 12:32:59,136] 139 root INFO As all column are available in train df hence detecting data drift
[2023-01-12 12:32:59,137] 83 root INFO Hypothesisclass:object, object
[2023-01-12 12:32:59,271] 83 root INFO Hypothesisaa_000:float64, float64
[2023-01-12 12:32:59,282] 83 root INFO Hypothesisac_000:float64, float64
[2023-01-12 12:32:59,321] 83 root INFO Hypothesisad_000:float64, float64
[2023-01-12 12:32:59,329] 83 root INFO Hypothesisae_000:float64, float64
[2023-01-12 12:32:59,366] 83 root INFO Hypothesisaf_000:float64, float64
[2023-01-12 12:32:59,404] 83 root INFO Hypothesisag_000:float64, float64
[2023-01-12 12:32:59,440] 83 root INFO Hypothesisag_001:float64, float64
[2023-01-12 12:32:59,475] 83 root INFO Hypothesisag_002:float64, float64
[2023-01-12 12:32:59,512] 83 root INFO Hypothesisag_003:float64, float64
[2023-01-12 12:32:59,518] 83 root INFO Hypothesisag_004:float64, float64
[2023-01-12 12:32:59,528] 83 root INFO Hypothesisag_005:float64, float64
[2023-01-12 12:32:59,539] 83 root INFO Hypothesisag_006:float64, float64
[2023-01-12 12:32:59,549] 83 root INFO Hypothesisag_007:float64, float64
[2023-01-12 12:32:59,559] 83 root INFO Hypothesisag_008:float64, float64
[2023-01-12 12:32:59,567] 83 root INFO Hypothesisag_009:float64, float64
[2023-01-12 12:32:59,574] 83 root INFO Hypothesisah_000:float64, float64
[2023-01-12 12:32:59,585] 83 root INFO Hypothesisai_000:float64, float64
[2023-01-12 12:32:59,623] 83 root INFO Hypothesisaj_000:float64, float64
[2023-01-12 12:32:59,629] 83 root INFO Hypothesisak_000:float64, float64
[2023-01-12 12:32:59,668] 83 root INFO Hypothesisal_000:float64, float64
[2023-01-12 12:32:59,675] 83 root INFO Hypothesisam_0:float64, float64
[2023-01-12 12:32:59,682] 83 root INFO Hypothesisan_000:float64, float64
[2023-01-12 12:32:59,693] 83 root INFO Hypothesisao_000:float64, float64
[2023-01-12 12:32:59,703] 83 root INFO Hypothesisap_000:float64, float64
[2023-01-12 12:32:59,714] 83 root INFO Hypothesisaq_000:float64, float64
[2023-01-12 12:32:59,724] 83 root INFO Hypothesisar_000:float64, float64
[2023-01-12 12:32:59,761] 83 root INFO Hypothesisas_000:float64, float64
[2023-01-12 12:32:59,799] 83 root INFO Hypothesisat_000:float64, float64
[2023-01-12 12:32:59,836] 83 root INFO Hypothesisau_000:float64, float64
[2023-01-12 12:32:59,873] 83 root INFO Hypothesisav_000:float64, float64
[2023-01-12 12:32:59,881] 83 root INFO Hypothesisax_000:float64, float64
[2023-01-12 12:32:59,889] 83 root INFO Hypothesisay_000:float64, float64
[2023-01-12 12:32:59,926] 83 root INFO Hypothesisay_001:float64, float64
[2023-01-12 12:32:59,963] 83 root INFO Hypothesisay_002:float64, float64
[2023-01-12 12:32:59,999] 83 root INFO Hypothesisay_003:float64, float64
[2023-01-12 12:33:00,036] 83 root INFO Hypothesisay_004:float64, float64
[2023-01-12 12:33:00,073] 83 root INFO Hypothesisay_005:float64, float64
[2023-01-12 12:33:00,114] 83 root INFO Hypothesisay_006:float64, float64
[2023-01-12 12:33:00,123] 83 root INFO Hypothesisay_007:float64, float64
[2023-01-12 12:33:00,133] 83 root INFO Hypothesisay_008:float64, float64
[2023-01-12 12:33:00,143] 83 root INFO Hypothesisay_009:float64, float64
[2023-01-12 12:33:00,182] 83 root INFO Hypothesisaz_000:float64, float64
[2023-01-12 12:33:00,192] 83 root INFO Hypothesisaz_001:float64, float64
[2023-01-12 12:33:00,201] 83 root INFO Hypothesisaz_002:float64, float64
[2023-01-12 12:33:00,211] 83 root INFO Hypothesisaz_003:float64, float64
[2023-01-12 12:33:00,221] 83 root INFO Hypothesisaz_004:float64, float64
[2023-01-12 12:33:00,231] 83 root INFO Hypothesisaz_005:float64, float64
[2023-01-12 12:33:00,241] 83 root INFO Hypothesisaz_006:float64, float64
[2023-01-12 12:33:00,283] 83 root INFO Hypothesisaz_007:float64, float64
[2023-01-12 12:33:00,322] 83 root INFO Hypothesisaz_008:float64, float64
[2023-01-12 12:33:00,359] 83 root INFO Hypothesisaz_009:float64, float64
[2023-01-12 12:33:00,397] 83 root INFO Hypothesisba_000:float64, float64
[2023-01-12 12:33:00,408] 83 root INFO Hypothesisba_001:float64, float64
[2023-01-12 12:33:00,418] 83 root INFO Hypothesisba_002:float64, float64
[2023-01-12 12:33:00,429] 83 root INFO Hypothesisba_003:float64, float64
[2023-01-12 12:33:00,439] 83 root INFO Hypothesisba_004:float64, float64
[2023-01-12 12:33:00,449] 83 root INFO Hypothesisba_005:float64, float64
[2023-01-12 12:33:00,459] 83 root INFO Hypothesisba_006:float64, float64
[2023-01-12 12:33:00,469] 83 root INFO Hypothesisba_007:float64, float64
[2023-01-12 12:33:00,478] 83 root INFO Hypothesisba_008:float64, float64
[2023-01-12 12:33:00,518] 83 root INFO Hypothesisba_009:float64, float64
[2023-01-12 12:33:00,557] 83 root INFO Hypothesisbb_000:float64, float64
[2023-01-12 12:33:00,568] 83 root INFO Hypothesisbc_000:float64, float64
[2023-01-12 12:33:00,608] 83 root INFO Hypothesisbd_000:float64, float64
[2023-01-12 12:33:00,617] 83 root INFO Hypothesisbe_000:float64, float64
[2023-01-12 12:33:00,627] 83 root INFO Hypothesisbf_000:float64, float64
[2023-01-12 12:33:00,636] 83 root INFO Hypothesisbg_000:float64, float64
[2023-01-12 12:33:00,647] 83 root INFO Hypothesisbh_000:float64, float64
[2023-01-12 12:33:00,658] 83 root INFO Hypothesisbi_000:float64, float64
[2023-01-12 12:33:00,668] 83 root INFO Hypothesisbj_000:float64, float64
[2023-01-12 12:33:00,679] 83 root INFO Hypothesisbk_000:float64, float64
[2023-01-12 12:33:00,687] 83 root INFO Hypothesisbl_000:float64, float64
[2023-01-12 12:33:00,695] 83 root INFO Hypothesisbm_000:float64, float64
[2023-01-12 12:33:00,701] 83 root INFO Hypothesisbs_000:float64, float64
[2023-01-12 12:33:00,711] 83 root INFO Hypothesisbt_000:float64, float64
[2023-01-12 12:33:00,722] 83 root INFO Hypothesisbu_000:float64, float64
[2023-01-12 12:33:00,732] 83 root INFO Hypothesisbv_000:float64, float64
[2023-01-12 12:33:00,742] 83 root INFO Hypothesisbx_000:float64, float64
[2023-01-12 12:33:00,752] 83 root INFO Hypothesisby_000:float64, float64
[2023-01-12 12:33:00,762] 83 root INFO Hypothesisbz_000:float64, float64
[2023-01-12 12:33:00,771] 83 root INFO Hypothesisca_000:float64, float64
[2023-01-12 12:33:00,781] 83 root INFO Hypothesiscb_000:float64, float64
[2023-01-12 12:33:00,792] 83 root INFO Hypothesiscc_000:float64, float64
[2023-01-12 12:33:00,802] 83 root INFO Hypothesiscd_000:float64, float64
[2023-01-12 12:33:00,840] 83 root INFO Hypothesisce_000:float64, float64
[2023-01-12 12:33:00,849] 83 root INFO Hypothesiscf_000:float64, float64
[2023-01-12 12:33:00,855] 83 root INFO Hypothesiscg_000:float64, float64
[2023-01-12 12:33:00,862] 83 root INFO Hypothesisch_000:float64, float64
[2023-01-12 12:33:00,900] 83 root INFO Hypothesisci_000:float64, float64
[2023-01-12 12:33:00,910] 83 root INFO Hypothesiscj_000:float64, float64
[2023-01-12 12:33:00,948] 83 root INFO Hypothesisck_000:float64, float64
[2023-01-12 12:33:00,958] 83 root INFO Hypothesiscl_000:float64, float64
[2023-01-12 12:33:00,964] 83 root INFO Hypothesiscm_000:float64, float64
[2023-01-12 12:33:00,971] 83 root INFO Hypothesiscn_000:float64, float64
[2023-01-12 12:33:01,007] 83 root INFO Hypothesiscn_001:float64, float64
[2023-01-12 12:33:01,047] 83 root INFO Hypothesiscn_002:float64, float64
[2023-01-12 12:33:01,055] 83 root INFO Hypothesiscn_003:float64, float64
[2023-01-12 12:33:01,065] 83 root INFO Hypothesiscn_004:float64, float64
[2023-01-12 12:33:01,076] 83 root INFO Hypothesiscn_005:float64, float64
[2023-01-12 12:33:01,086] 83 root INFO Hypothesiscn_006:float64, float64
[2023-01-12 12:33:01,096] 83 root INFO Hypothesiscn_007:float64, float64
[2023-01-12 12:33:01,105] 83 root INFO Hypothesiscn_008:float64, float64
[2023-01-12 12:33:01,114] 83 root INFO Hypothesiscn_009:float64, float64
[2023-01-12 12:33:01,156] 83 root INFO Hypothesisco_000:float64, float64
[2023-01-12 12:33:01,163] 83 root INFO Hypothesiscp_000:float64, float64
[2023-01-12 12:33:01,204] 83 root INFO Hypothesiscq_000:float64, float64
[2023-01-12 12:33:01,214] 83 root INFO Hypothesiscs_000:float64, float64
[2023-01-12 12:33:01,228] 83 root INFO Hypothesiscs_001:float64, float64
[2023-01-12 12:33:01,237] 83 root INFO Hypothesiscs_002:float64, float64
[2023-01-12 12:33:01,247] 83 root INFO Hypothesiscs_003:float64, float64
[2023-01-12 12:33:01,257] 83 root INFO Hypothesiscs_004:float64, float64
[2023-01-12 12:33:01,267] 83 root INFO Hypothesiscs_005:float64, float64
[2023-01-12 12:33:01,277] 83 root INFO Hypothesiscs_006:float64, float64
[2023-01-12 12:33:01,288] 83 root INFO Hypothesiscs_007:float64, float64
[2023-01-12 12:33:01,298] 83 root INFO Hypothesiscs_008:float64, float64
[2023-01-12 12:33:01,338] 83 root INFO Hypothesiscs_009:float64, float64
[2023-01-12 12:33:01,374] 83 root INFO Hypothesisct_000:float64, float64
[2023-01-12 12:33:01,382] 83 root INFO Hypothesiscu_000:float64, float64
[2023-01-12 12:33:01,391] 83 root INFO Hypothesiscv_000:float64, float64
[2023-01-12 12:33:01,400] 83 root INFO Hypothesiscx_000:float64, float64
[2023-01-12 12:33:01,409] 83 root INFO Hypothesiscy_000:float64, float64
[2023-01-12 12:33:01,415] 83 root INFO Hypothesiscz_000:float64, float64
[2023-01-12 12:33:01,423] 83 root INFO Hypothesisda_000:float64, float64
[2023-01-12 12:33:01,428] 83 root INFO Hypothesisdb_000:float64, float64
[2023-01-12 12:33:01,434] 83 root INFO Hypothesisdc_000:float64, float64
[2023-01-12 12:33:01,444] 83 root INFO Hypothesisdd_000:float64, float64
[2023-01-12 12:33:01,454] 83 root INFO Hypothesisde_000:float64, float64
[2023-01-12 12:33:01,462] 83 root INFO Hypothesisdf_000:float64, float64
[2023-01-12 12:33:01,500] 83 root INFO Hypothesisdg_000:float64, float64
[2023-01-12 12:33:01,537] 83 root INFO Hypothesisdh_000:float64, float64
[2023-01-12 12:33:01,543] 83 root INFO Hypothesisdi_000:float64, float64
[2023-01-12 12:33:01,581] 83 root INFO Hypothesisdj_000:float64, float64
[2023-01-12 12:33:01,618] 83 root INFO Hypothesisdk_000:float64, float64
[2023-01-12 12:33:01,655] 83 root INFO Hypothesisdl_000:float64, float64
[2023-01-12 12:33:01,692] 83 root INFO Hypothesisdm_000:float64, float64
[2023-01-12 12:33:01,730] 83 root INFO Hypothesisdn_000:float64, float64
[2023-01-12 12:33:01,740] 83 root INFO Hypothesisdo_000:float64, float64
[2023-01-12 12:33:01,750] 83 root INFO Hypothesisdp_000:float64, float64
[2023-01-12 12:33:01,759] 83 root INFO Hypothesisdq_000:float64, float64
[2023-01-12 12:33:01,798] 83 root INFO Hypothesisdr_000:float64, float64
[2023-01-12 12:33:01,837] 83 root INFO Hypothesisds_000:float64, float64
[2023-01-12 12:33:01,847] 83 root INFO Hypothesisdt_000:float64, float64
[2023-01-12 12:33:01,857] 83 root INFO Hypothesisdu_000:float64, float64
[2023-01-12 12:33:01,868] 83 root INFO Hypothesisdv_000:float64, float64
[2023-01-12 12:33:01,879] 83 root INFO Hypothesisdx_000:float64, float64
[2023-01-12 12:33:01,921] 83 root INFO Hypothesisdy_000:float64, float64
[2023-01-12 12:33:01,960] 83 root INFO Hypothesisdz_000:float64, float64
[2023-01-12 12:33:01,997] 83 root INFO Hypothesisea_000:float64, float64
[2023-01-12 12:33:02,036] 83 root INFO Hypothesiseb_000:float64, float64
[2023-01-12 12:33:02,044] 83 root INFO Hypothesisec_00:float64, float64
[2023-01-12 12:33:02,054] 83 root INFO Hypothesised_000:float64, float64
[2023-01-12 12:33:02,063] 83 root INFO Hypothesisee_000:float64, float64
[2023-01-12 12:33:02,074] 83 root INFO Hypothesisee_001:float64, float64
[2023-01-12 12:33:02,085] 83 root INFO Hypothesisee_002:float64, float64
[2023-01-12 12:33:02,095] 83 root INFO Hypothesisee_003:float64, float64
[2023-01-12 12:33:02,106] 83 root INFO Hypothesisee_004:float64, float64
[2023-01-12 12:33:02,117] 83 root INFO Hypothesisee_005:float64, float64
[2023-01-12 12:33:02,127] 83 root INFO Hypothesisee_006:float64, float64
[2023-01-12 12:33:02,137] 83 root INFO Hypothesisee_007:float64, float64
[2023-01-12 12:33:02,147] 83 root INFO Hypothesisee_008:float64, float64
[2023-01-12 12:33:02,156] 83 root INFO Hypothesisee_009:float64, float64
[2023-01-12 12:33:02,164] 83 root INFO Hypothesisef_000:float64, float64
[2023-01-12 12:33:02,201] 83 root INFO Hypothesiseg_000:float64, float64
[2023-01-12 12:33:02,239] 142 root INFO As all column are available in test df hence detecting data drift
[2023-01-12 12:33:02,239] 83 root INFO Hypothesisclass:object, object
[2023-01-12 12:33:02,314] 83 root INFO Hypothesisaa_000:float64, float64
[2023-01-12 12:33:02,321] 83 root INFO Hypothesisac_000:float64, float64
[2023-01-12 12:33:02,326] 83 root INFO Hypothesisad_000:float64, float64
[2023-01-12 12:33:02,331] 83 root INFO Hypothesisae_000:float64, float64
[2023-01-12 12:33:02,347] 83 root INFO Hypothesisaf_000:float64, float64
[2023-01-12 12:33:02,363] 83 root INFO Hypothesisag_000:float64, float64
[2023-01-12 12:33:02,378] 83 root INFO Hypothesisag_001:float64, float64
[2023-01-12 12:33:02,393] 83 root INFO Hypothesisag_002:float64, float64
[2023-01-12 12:33:02,396] 83 root INFO Hypothesisag_003:float64, float64
[2023-01-12 12:33:02,400] 83 root INFO Hypothesisag_004:float64, float64
[2023-01-12 12:33:02,407] 83 root INFO Hypothesisag_005:float64, float64
[2023-01-12 12:33:02,414] 83 root INFO Hypothesisag_006:float64, float64
[2023-01-12 12:33:02,421] 83 root INFO Hypothesisag_007:float64, float64
[2023-01-12 12:33:02,427] 83 root INFO Hypothesisag_008:float64, float64
[2023-01-12 12:33:02,433] 83 root INFO Hypothesisag_009:float64, float64
[2023-01-12 12:33:02,437] 83 root INFO Hypothesisah_000:float64, float64
[2023-01-12 12:33:02,444] 83 root INFO Hypothesisai_000:float64, float64
[2023-01-12 12:33:02,448] 83 root INFO Hypothesisaj_000:float64, float64
[2023-01-12 12:33:02,452] 83 root INFO Hypothesisak_000:float64, float64
[2023-01-12 12:33:02,455] 83 root INFO Hypothesisal_000:float64, float64
[2023-01-12 12:33:02,460] 83 root INFO Hypothesisam_0:float64, float64
[2023-01-12 12:33:02,465] 83 root INFO Hypothesisan_000:float64, float64
[2023-01-12 12:33:02,472] 83 root INFO Hypothesisao_000:float64, float64
[2023-01-12 12:33:02,478] 83 root INFO Hypothesisap_000:float64, float64
[2023-01-12 12:33:02,485] 83 root INFO Hypothesisaq_000:float64, float64
[2023-01-12 12:33:02,492] 83 root INFO Hypothesisar_000:float64, float64
[2023-01-12 12:33:02,508] 83 root INFO Hypothesisas_000:float64, float64
[2023-01-12 12:33:02,523] 83 root INFO Hypothesisat_000:float64, float64
[2023-01-12 12:33:02,539] 83 root INFO Hypothesisau_000:float64, float64
[2023-01-12 12:33:02,554] 83 root INFO Hypothesisav_000:float64, float64
[2023-01-12 12:33:02,560] 83 root INFO Hypothesisax_000:float64, float64
[2023-01-12 12:33:02,565] 83 root INFO Hypothesisay_000:float64, float64
[2023-01-12 12:33:02,581] 83 root INFO Hypothesisay_001:float64, float64
[2023-01-12 12:33:02,597] 83 root INFO Hypothesisay_002:float64, float64
[2023-01-12 12:33:02,613] 83 root INFO Hypothesisay_003:float64, float64
[2023-01-12 12:33:02,629] 83 root INFO Hypothesisay_004:float64, float64
[2023-01-12 12:33:02,644] 83 root INFO Hypothesisay_005:float64, float64
[2023-01-12 12:33:02,650] 83 root INFO Hypothesisay_006:float64, float64
[2023-01-12 12:33:02,656] 83 root INFO Hypothesisay_007:float64, float64
[2023-01-12 12:33:02,663] 83 root INFO Hypothesisay_008:float64, float64
[2023-01-12 12:33:02,669] 83 root INFO Hypothesisay_009:float64, float64
[2023-01-12 12:33:02,684] 83 root INFO Hypothesisaz_000:float64, float64
[2023-01-12 12:33:02,691] 83 root INFO Hypothesisaz_001:float64, float64
[2023-01-12 12:33:02,697] 83 root INFO Hypothesisaz_002:float64, float64
[2023-01-12 12:33:02,704] 83 root INFO Hypothesisaz_003:float64, float64
[2023-01-12 12:33:02,710] 83 root INFO Hypothesisaz_004:float64, float64
[2023-01-12 12:33:02,717] 83 root INFO Hypothesisaz_005:float64, float64
[2023-01-12 12:33:02,724] 83 root INFO Hypothesisaz_006:float64, float64
[2023-01-12 12:33:02,730] 83 root INFO Hypothesisaz_007:float64, float64
[2023-01-12 12:33:02,734] 83 root INFO Hypothesisaz_008:float64, float64
[2023-01-12 12:33:02,750] 83 root INFO Hypothesisaz_009:float64, float64
[2023-01-12 12:33:02,765] 83 root INFO Hypothesisba_000:float64, float64
[2023-01-12 12:33:02,772] 83 root INFO Hypothesisba_001:float64, float64
[2023-01-12 12:33:02,779] 83 root INFO Hypothesisba_002:float64, float64
[2023-01-12 12:33:02,786] 83 root INFO Hypothesisba_003:float64, float64
[2023-01-12 12:33:02,793] 83 root INFO Hypothesisba_004:float64, float64
[2023-01-12 12:33:02,800] 83 root INFO Hypothesisba_005:float64, float64
[2023-01-12 12:33:02,806] 83 root INFO Hypothesisba_006:float64, float64
[2023-01-12 12:33:02,813] 83 root INFO Hypothesisba_007:float64, float64
[2023-01-12 12:33:02,819] 83 root INFO Hypothesisba_008:float64, float64
[2023-01-12 12:33:02,825] 83 root INFO Hypothesisba_009:float64, float64
[2023-01-12 12:33:02,829] 83 root INFO Hypothesisbb_000:float64, float64
[2023-01-12 12:33:02,836] 83 root INFO Hypothesisbc_000:float64, float64
[2023-01-12 12:33:02,841] 83 root INFO Hypothesisbd_000:float64, float64
[2023-01-12 12:33:02,847] 83 root INFO Hypothesisbe_000:float64, float64
[2023-01-12 12:33:02,852] 83 root INFO Hypothesisbf_000:float64, float64
[2023-01-12 12:33:02,857] 83 root INFO Hypothesisbg_000:float64, float64
[2023-01-12 12:33:02,864] 83 root INFO Hypothesisbh_000:float64, float64
[2023-01-12 12:33:02,871] 83 root INFO Hypothesisbi_000:float64, float64
[2023-01-12 12:33:02,878] 83 root INFO Hypothesisbj_000:float64, float64
[2023-01-12 12:33:02,885] 83 root INFO Hypothesisbk_000:float64, float64
[2023-01-12 12:33:02,891] 83 root INFO Hypothesisbl_000:float64, float64
[2023-01-12 12:33:02,896] 83 root INFO Hypothesisbm_000:float64, float64
[2023-01-12 12:33:02,900] 83 root INFO Hypothesisbs_000:float64, float64
[2023-01-12 12:33:02,907] 83 root INFO Hypothesisbt_000:float64, float64
[2023-01-12 12:33:02,914] 83 root INFO Hypothesisbu_000:float64, float64
[2023-01-12 12:33:02,921] 83 root INFO Hypothesisbv_000:float64, float64
[2023-01-12 12:33:02,929] 83 root INFO Hypothesisbx_000:float64, float64
[2023-01-12 12:33:02,936] 83 root INFO Hypothesisby_000:float64, float64
[2023-01-12 12:33:02,944] 83 root INFO Hypothesisbz_000:float64, float64
[2023-01-12 12:33:02,950] 83 root INFO Hypothesisca_000:float64, float64
[2023-01-12 12:33:02,957] 83 root INFO Hypothesiscb_000:float64, float64
[2023-01-12 12:33:02,965] 83 root INFO Hypothesiscc_000:float64, float64
[2023-01-12 12:33:02,972] 83 root INFO Hypothesiscd_000:float64, float64
[2023-01-12 12:33:02,987] 83 root INFO Hypothesisce_000:float64, float64
[2023-01-12 12:33:02,993] 83 root INFO Hypothesiscf_000:float64, float64
[2023-01-12 12:33:02,997] 83 root INFO Hypothesiscg_000:float64, float64
[2023-01-12 12:33:03,002] 83 root INFO Hypothesisch_000:float64, float64
[2023-01-12 12:33:03,006] 83 root INFO Hypothesisci_000:float64, float64
[2023-01-12 12:33:03,013] 83 root INFO Hypothesiscj_000:float64, float64
[2023-01-12 12:33:03,017] 83 root INFO Hypothesisck_000:float64, float64
[2023-01-12 12:33:03,024] 83 root INFO Hypothesiscl_000:float64, float64
[2023-01-12 12:33:03,028] 83 root INFO Hypothesiscm_000:float64, float64
[2023-01-12 12:33:03,033] 83 root INFO Hypothesiscn_000:float64, float64
[2023-01-12 12:33:03,049] 83 root INFO Hypothesiscn_001:float64, float64
[2023-01-12 12:33:03,052] 83 root INFO Hypothesiscn_002:float64, float64
[2023-01-12 12:33:03,058] 83 root INFO Hypothesiscn_003:float64, float64
[2023-01-12 12:33:03,065] 83 root INFO Hypothesiscn_004:float64, float64
[2023-01-12 12:33:03,072] 83 root INFO Hypothesiscn_005:float64, float64
[2023-01-12 12:33:03,079] 83 root INFO Hypothesiscn_006:float64, float64
[2023-01-12 12:33:03,085] 83 root INFO Hypothesiscn_007:float64, float64
[2023-01-12 12:33:03,092] 83 root INFO Hypothesiscn_008:float64, float64
[2023-01-12 12:33:03,098] 83 root INFO Hypothesiscn_009:float64, float64
[2023-01-12 12:33:03,103] 83 root INFO Hypothesisco_000:float64, float64
[2023-01-12 12:33:03,108] 83 root INFO Hypothesiscp_000:float64, float64
[2023-01-12 12:33:03,113] 83 root INFO Hypothesiscq_000:float64, float64
[2023-01-12 12:33:03,120] 83 root INFO Hypothesiscs_000:float64, float64
[2023-01-12 12:33:03,126] 83 root INFO Hypothesiscs_001:float64, float64
[2023-01-12 12:33:03,132] 83 root INFO Hypothesiscs_002:float64, float64
[2023-01-12 12:33:03,139] 83 root INFO Hypothesiscs_003:float64, float64
[2023-01-12 12:33:03,147] 83 root INFO Hypothesiscs_004:float64, float64
[2023-01-12 12:33:03,154] 83 root INFO Hypothesiscs_005:float64, float64
[2023-01-12 12:33:03,162] 83 root INFO Hypothesiscs_006:float64, float64
[2023-01-12 12:33:03,170] 83 root INFO Hypothesiscs_007:float64, float64
[2023-01-12 12:33:03,177] 83 root INFO Hypothesiscs_008:float64, float64
[2023-01-12 12:33:03,183] 83 root INFO Hypothesiscs_009:float64, float64
[2023-01-12 12:33:03,199] 83 root INFO Hypothesisct_000:float64, float64
[2023-01-12 12:33:03,204] 83 root INFO Hypothesiscu_000:float64, float64
[2023-01-12 12:33:03,210] 83 root INFO Hypothesiscv_000:float64, float64
[2023-01-12 12:33:03,216] 83 root INFO Hypothesiscx_000:float64, float64
[2023-01-12 12:33:03,222] 83 root INFO Hypothesiscy_000:float64, float64
[2023-01-12 12:33:03,225] 83 root INFO Hypothesiscz_000:float64, float64
[2023-01-12 12:33:03,231] 83 root INFO Hypothesisda_000:float64, float64
[2023-01-12 12:33:03,235] 83 root INFO Hypothesisdb_000:float64, float64
[2023-01-12 12:33:03,239] 83 root INFO Hypothesisdc_000:float64, float64
[2023-01-12 12:33:03,245] 83 root INFO Hypothesisdd_000:float64, float64
[2023-01-12 12:33:03,252] 83 root INFO Hypothesisde_000:float64, float64
[2023-01-12 12:33:03,257] 83 root INFO Hypothesisdf_000:float64, float64
[2023-01-12 12:33:03,261] 83 root INFO Hypothesisdg_000:float64, float64
[2023-01-12 12:33:03,264] 83 root INFO Hypothesisdh_000:float64, float64
[2023-01-12 12:33:03,267] 83 root INFO Hypothesisdi_000:float64, float64
[2023-01-12 12:33:03,271] 83 root INFO Hypothesisdj_000:float64, float64
[2023-01-12 12:33:03,287] 83 root INFO Hypothesisdk_000:float64, float64
[2023-01-12 12:33:03,291] 83 root INFO Hypothesisdl_000:float64, float64
[2023-01-12 12:33:03,306] 83 root INFO Hypothesisdm_000:float64, float64
[2023-01-12 12:33:03,322] 83 root INFO Hypothesisdn_000:float64, float64
[2023-01-12 12:33:03,329] 83 root INFO Hypothesisdo_000:float64, float64
[2023-01-12 12:33:03,335] 83 root INFO Hypothesisdp_000:float64, float64
[2023-01-12 12:33:03,341] 83 root INFO Hypothesisdq_000:float64, float64
[2023-01-12 12:33:03,345] 83 root INFO Hypothesisdr_000:float64, float64
[2023-01-12 12:33:03,350] 83 root INFO Hypothesisds_000:float64, float64
[2023-01-12 12:33:03,357] 83 root INFO Hypothesisdt_000:float64, float64
[2023-01-12 12:33:03,368] 83 root INFO Hypothesisdu_000:float64, float64
[2023-01-12 12:33:03,375] 83 root INFO Hypothesisdv_000:float64, float64
[2023-01-12 12:33:03,382] 83 root INFO Hypothesisdx_000:float64, float64
[2023-01-12 12:33:03,387] 83 root INFO Hypothesisdy_000:float64, float64
[2023-01-12 12:33:03,391] 83 root INFO Hypothesisdz_000:float64, float64
[2023-01-12 12:33:03,407] 83 root INFO Hypothesisea_000:float64, float64
[2023-01-12 12:33:03,422] 83 root INFO Hypothesiseb_000:float64, float64
[2023-01-12 12:33:03,428] 83 root INFO Hypothesisec_00:float64, float64
[2023-01-12 12:33:03,435] 83 root INFO Hypothesised_000:float64, float64
[2023-01-12 12:33:03,441] 83 root INFO Hypothesisee_000:float64, float64
[2023-01-12 12:33:03,449] 83 root INFO Hypothesisee_001:float64, float64
[2023-01-12 12:33:03,456] 83 root INFO Hypothesisee_002:float64, float64
[2023-01-12 12:33:03,463] 83 root INFO Hypothesisee_003:float64, float64
[2023-01-12 12:33:03,470] 83 root INFO Hypothesisee_004:float64, float64
[2023-01-12 12:33:03,477] 83 root INFO Hypothesisee_005:float64, float64
[2023-01-12 12:33:03,484] 83 root INFO Hypothesisee_006:float64, float64
[2023-01-12 12:33:03,490] 83 root INFO Hypothesisee_007:float64, float64
[2023-01-12 12:33:03,497] 83 root INFO Hypothesisee_008:float64, float64
[2023-01-12 12:33:03,503] 83 root INFO Hypothesisee_009:float64, float64
[2023-01-12 12:33:03,508] 83 root INFO Hypothesisef_000:float64, float64
[2023-01-12 12:33:03,524] 83 root INFO Hypothesiseg_000:float64, float64
[2023-01-12 12:33:03,539] 149 root INFO Write reprt in yaml file
[2023-01-12 12:33:03,680] 154 root INFO Data validation artifact: DataValidationArtifact(report_file_path='/config/workspace/artifact/01122023__123238/data_validation/report.ymal')
[2023-01-12 12:33:03,687] 21 root INFO >>>>>>>>>>>>>>>>>>>>>>>>>>>>>>>>>>>>>>>> Data Transformation <<<<<<<<<<<<<<<<<<<<<<<<<<<<<<<<<<<<<<<<
