[2023-01-12 22:36:20,632] 22 root INFO This line will create the folder name as artifact in current directory with proper timestamp and date
[2023-01-12 22:36:20,632] 16 root INFO >>>>>>>>>>>>>>>>>>>>>>>>>>>>>>>>>>>>>>>> Data Ingestion <<<<<<<<<<<<<<<<<<<<<<<<<<<<<<<<<<<<<<<<
[2023-01-12 22:36:20,633] 27 root INFO Exporting collection data as pandas dataframe
[2023-01-12 22:36:20,633] 23 root INFO Reading data from database: aps and collection: sensor
[2023-01-12 22:36:23,945] 25 root INFO Found columns: Index(['_id', 'class', 'aa_000', 'ab_000', 'ac_000', 'ad_000', 'ae_000',
       'af_000', 'ag_000', 'ag_001',
       ...
       'ee_002', 'ee_003', 'ee_004', 'ee_005', 'ee_006', 'ee_007', 'ee_008',
       'ee_009', 'ef_000', 'eg_000'],
      dtype='object', length=172)
[2023-01-12 22:36:23,946] 27 root INFO Dropping column: _id 
[2023-01-12 22:36:24,151] 29 root INFO Row and columns in df: (36188, 171)
[2023-01-12 22:36:24,151] 33 root INFO Save data in feature store
[2023-01-12 22:36:24,707] 39 root INFO Create feature store folder if not available
[2023-01-12 22:36:24,708] 43 root INFO Save df to feature store folder
[2023-01-12 22:36:27,233] 48 root INFO split dataset into train and test set
[2023-01-12 22:36:27,743] 52 root INFO create dataset directory folder if not available
[2023-01-12 22:36:27,744] 57 root INFO Save df to feature store folder
[2023-01-12 22:36:30,274] 69 root INFO Data ingestion artifact: DataIngestionArtifact(feature_store_file_path='/config/workspace/artifact/01122023__223620/data_ingetion/feature_store/sensor.csv', train_file_path='/config/workspace/artifact/01122023__223620/data_ingetion/dataset/train.csv', test_file_path='/config/workspace/artifact/01122023__223620/data_ingetion/dataset/test.csv')
[2023-01-12 22:36:30,717] 19 root INFO >>>>>>>>>>>>>>>>>>>>>>>>>>>>>>>>>>>>>>>> Data Validation <<<<<<<<<<<<<<<<<<<<<<<<<<<<<<<<<<<<<<<<
[2023-01-12 22:36:30,717] 107 root INFO Reading base dataframe
[2023-01-12 22:36:33,695] 111 root INFO Replace na value in base df
[2023-01-12 22:36:33,695] 114 root INFO Drop null values colums from base df
[2023-01-12 22:36:34,709] 40 root INFO selecting column name which contains null above to 0.7
[2023-01-12 22:36:34,710] 43 root INFO Columns to drop: ['ab_000', 'bn_000', 'bo_000', 'bp_000', 'bq_000', 'br_000', 'cr_000']
[2023-01-12 22:36:34,826] 117 root INFO Reading train dataframe
[2023-01-12 22:36:35,232] 119 root INFO Reading test dataframe
[2023-01-12 22:36:35,338] 122 root INFO Drop null values colums from train df
[2023-01-12 22:36:35,352] 40 root INFO selecting column name which contains null above to 0.7
[2023-01-12 22:36:35,352] 43 root INFO Columns to drop: ['ab_000', 'bn_000', 'bo_000', 'bp_000', 'bq_000', 'br_000', 'cr_000']
[2023-01-12 22:36:35,362] 124 root INFO Drop null values colums from test df
[2023-01-12 22:36:35,367] 40 root INFO selecting column name which contains null above to 0.7
[2023-01-12 22:36:35,367] 43 root INFO Columns to drop: ['ab_000', 'bn_000', 'bo_000', 'bp_000', 'bq_000', 'br_000', 'cr_000']
[2023-01-12 22:36:42,679] 132 root INFO Is all required columns present in train df
[2023-01-12 22:36:42,679] 135 root INFO Is all required columns present in test df
[2023-01-12 22:36:42,679] 139 root INFO As all column are available in train df hence detecting data drift
[2023-01-12 22:36:42,680] 83 root INFO Hypothesisclass:object, object
[2023-01-12 22:36:42,814] 83 root INFO Hypothesisaa_000:float64, float64
[2023-01-12 22:36:42,825] 83 root INFO Hypothesisac_000:float64, float64
[2023-01-12 22:36:42,866] 83 root INFO Hypothesisad_000:float64, float64
[2023-01-12 22:36:42,874] 83 root INFO Hypothesisae_000:float64, float64
[2023-01-12 22:36:42,911] 83 root INFO Hypothesisaf_000:float64, float64
[2023-01-12 22:36:42,949] 83 root INFO Hypothesisag_000:float64, float64
[2023-01-12 22:36:42,985] 83 root INFO Hypothesisag_001:float64, float64
[2023-01-12 22:36:43,021] 83 root INFO Hypothesisag_002:float64, float64
[2023-01-12 22:36:43,059] 83 root INFO Hypothesisag_003:float64, float64
[2023-01-12 22:36:43,065] 83 root INFO Hypothesisag_004:float64, float64
[2023-01-12 22:36:43,075] 83 root INFO Hypothesisag_005:float64, float64
[2023-01-12 22:36:43,086] 83 root INFO Hypothesisag_006:float64, float64
[2023-01-12 22:36:43,096] 83 root INFO Hypothesisag_007:float64, float64
[2023-01-12 22:36:43,105] 83 root INFO Hypothesisag_008:float64, float64
[2023-01-12 22:36:43,114] 83 root INFO Hypothesisag_009:float64, float64
[2023-01-12 22:36:43,121] 83 root INFO Hypothesisah_000:float64, float64
[2023-01-12 22:36:43,131] 83 root INFO Hypothesisai_000:float64, float64
[2023-01-12 22:36:43,168] 83 root INFO Hypothesisaj_000:float64, float64
[2023-01-12 22:36:43,174] 83 root INFO Hypothesisak_000:float64, float64
[2023-01-12 22:36:43,213] 83 root INFO Hypothesisal_000:float64, float64
[2023-01-12 22:36:43,220] 83 root INFO Hypothesisam_0:float64, float64
[2023-01-12 22:36:43,228] 83 root INFO Hypothesisan_000:float64, float64
[2023-01-12 22:36:43,238] 83 root INFO Hypothesisao_000:float64, float64
[2023-01-12 22:36:43,248] 83 root INFO Hypothesisap_000:float64, float64
[2023-01-12 22:36:43,259] 83 root INFO Hypothesisaq_000:float64, float64
[2023-01-12 22:36:43,269] 83 root INFO Hypothesisar_000:float64, float64
[2023-01-12 22:36:43,306] 83 root INFO Hypothesisas_000:float64, float64
[2023-01-12 22:36:43,343] 83 root INFO Hypothesisat_000:float64, float64
[2023-01-12 22:36:43,382] 83 root INFO Hypothesisau_000:float64, float64
[2023-01-12 22:36:43,418] 83 root INFO Hypothesisav_000:float64, float64
[2023-01-12 22:36:43,426] 83 root INFO Hypothesisax_000:float64, float64
[2023-01-12 22:36:43,434] 83 root INFO Hypothesisay_000:float64, float64
[2023-01-12 22:36:43,470] 83 root INFO Hypothesisay_001:float64, float64
[2023-01-12 22:36:43,506] 83 root INFO Hypothesisay_002:float64, float64
[2023-01-12 22:36:43,543] 83 root INFO Hypothesisay_003:float64, float64
[2023-01-12 22:36:43,581] 83 root INFO Hypothesisay_004:float64, float64
[2023-01-12 22:36:43,617] 83 root INFO Hypothesisay_005:float64, float64
[2023-01-12 22:36:43,658] 83 root INFO Hypothesisay_006:float64, float64
[2023-01-12 22:36:43,667] 83 root INFO Hypothesisay_007:float64, float64
[2023-01-12 22:36:43,677] 83 root INFO Hypothesisay_008:float64, float64
[2023-01-12 22:36:43,687] 83 root INFO Hypothesisay_009:float64, float64
[2023-01-12 22:36:43,724] 83 root INFO Hypothesisaz_000:float64, float64
[2023-01-12 22:36:43,734] 83 root INFO Hypothesisaz_001:float64, float64
[2023-01-12 22:36:43,743] 83 root INFO Hypothesisaz_002:float64, float64
[2023-01-12 22:36:43,753] 83 root INFO Hypothesisaz_003:float64, float64
[2023-01-12 22:36:43,763] 83 root INFO Hypothesisaz_004:float64, float64
[2023-01-12 22:36:43,773] 83 root INFO Hypothesisaz_005:float64, float64
[2023-01-12 22:36:43,784] 83 root INFO Hypothesisaz_006:float64, float64
[2023-01-12 22:36:43,827] 83 root INFO Hypothesisaz_007:float64, float64
[2023-01-12 22:36:43,867] 83 root INFO Hypothesisaz_008:float64, float64
[2023-01-12 22:36:43,911] 83 root INFO Hypothesisaz_009:float64, float64
[2023-01-12 22:36:43,951] 83 root INFO Hypothesisba_000:float64, float64
[2023-01-12 22:36:43,962] 83 root INFO Hypothesisba_001:float64, float64
[2023-01-12 22:36:43,973] 83 root INFO Hypothesisba_002:float64, float64
[2023-01-12 22:36:43,983] 83 root INFO Hypothesisba_003:float64, float64
[2023-01-12 22:36:43,994] 83 root INFO Hypothesisba_004:float64, float64
[2023-01-12 22:36:44,004] 83 root INFO Hypothesisba_005:float64, float64
[2023-01-12 22:36:44,019] 83 root INFO Hypothesisba_006:float64, float64
[2023-01-12 22:36:44,031] 83 root INFO Hypothesisba_007:float64, float64
[2023-01-12 22:36:44,041] 83 root INFO Hypothesisba_008:float64, float64
[2023-01-12 22:36:44,083] 83 root INFO Hypothesisba_009:float64, float64
[2023-01-12 22:36:44,123] 83 root INFO Hypothesisbb_000:float64, float64
[2023-01-12 22:36:44,134] 83 root INFO Hypothesisbc_000:float64, float64
[2023-01-12 22:36:44,176] 83 root INFO Hypothesisbd_000:float64, float64
[2023-01-12 22:36:44,185] 83 root INFO Hypothesisbe_000:float64, float64
[2023-01-12 22:36:44,193] 83 root INFO Hypothesisbf_000:float64, float64
[2023-01-12 22:36:44,200] 83 root INFO Hypothesisbg_000:float64, float64
[2023-01-12 22:36:44,211] 83 root INFO Hypothesisbh_000:float64, float64
[2023-01-12 22:36:44,221] 83 root INFO Hypothesisbi_000:float64, float64
[2023-01-12 22:36:44,232] 83 root INFO Hypothesisbj_000:float64, float64
[2023-01-12 22:36:44,242] 83 root INFO Hypothesisbk_000:float64, float64
[2023-01-12 22:36:44,251] 83 root INFO Hypothesisbl_000:float64, float64
[2023-01-12 22:36:44,259] 83 root INFO Hypothesisbm_000:float64, float64
[2023-01-12 22:36:44,265] 83 root INFO Hypothesisbs_000:float64, float64
[2023-01-12 22:36:44,275] 83 root INFO Hypothesisbt_000:float64, float64
[2023-01-12 22:36:44,286] 83 root INFO Hypothesisbu_000:float64, float64
[2023-01-12 22:36:44,296] 83 root INFO Hypothesisbv_000:float64, float64
[2023-01-12 22:36:44,307] 83 root INFO Hypothesisbx_000:float64, float64
[2023-01-12 22:36:44,317] 83 root INFO Hypothesisby_000:float64, float64
[2023-01-12 22:36:44,327] 83 root INFO Hypothesisbz_000:float64, float64
[2023-01-12 22:36:44,336] 83 root INFO Hypothesisca_000:float64, float64
[2023-01-12 22:36:44,347] 83 root INFO Hypothesiscb_000:float64, float64
[2023-01-12 22:36:44,358] 83 root INFO Hypothesiscc_000:float64, float64
[2023-01-12 22:36:44,368] 83 root INFO Hypothesiscd_000:float64, float64
[2023-01-12 22:36:44,406] 83 root INFO Hypothesisce_000:float64, float64
[2023-01-12 22:36:44,415] 83 root INFO Hypothesiscf_000:float64, float64
[2023-01-12 22:36:44,421] 83 root INFO Hypothesiscg_000:float64, float64
[2023-01-12 22:36:44,429] 83 root INFO Hypothesisch_000:float64, float64
[2023-01-12 22:36:44,468] 83 root INFO Hypothesisci_000:float64, float64
[2023-01-12 22:36:44,479] 83 root INFO Hypothesiscj_000:float64, float64
[2023-01-12 22:36:44,518] 83 root INFO Hypothesisck_000:float64, float64
[2023-01-12 22:36:44,529] 83 root INFO Hypothesiscl_000:float64, float64
[2023-01-12 22:36:44,536] 83 root INFO Hypothesiscm_000:float64, float64
[2023-01-12 22:36:44,544] 83 root INFO Hypothesiscn_000:float64, float64
[2023-01-12 22:36:44,581] 83 root INFO Hypothesiscn_001:float64, float64
[2023-01-12 22:36:44,620] 83 root INFO Hypothesiscn_002:float64, float64
[2023-01-12 22:36:44,628] 83 root INFO Hypothesiscn_003:float64, float64
[2023-01-12 22:36:44,639] 83 root INFO Hypothesiscn_004:float64, float64
[2023-01-12 22:36:44,650] 83 root INFO Hypothesiscn_005:float64, float64
[2023-01-12 22:36:44,660] 83 root INFO Hypothesiscn_006:float64, float64
[2023-01-12 22:36:44,670] 83 root INFO Hypothesiscn_007:float64, float64
[2023-01-12 22:36:44,680] 83 root INFO Hypothesiscn_008:float64, float64
[2023-01-12 22:36:44,690] 83 root INFO Hypothesiscn_009:float64, float64
[2023-01-12 22:36:44,732] 83 root INFO Hypothesisco_000:float64, float64
[2023-01-12 22:36:44,740] 83 root INFO Hypothesiscp_000:float64, float64
[2023-01-12 22:36:44,780] 83 root INFO Hypothesiscq_000:float64, float64
[2023-01-12 22:36:44,791] 83 root INFO Hypothesiscs_000:float64, float64
[2023-01-12 22:36:44,801] 83 root INFO Hypothesiscs_001:float64, float64
[2023-01-12 22:36:44,810] 83 root INFO Hypothesiscs_002:float64, float64
[2023-01-12 22:36:44,820] 83 root INFO Hypothesiscs_003:float64, float64
[2023-01-12 22:36:44,831] 83 root INFO Hypothesiscs_004:float64, float64
[2023-01-12 22:36:44,841] 83 root INFO Hypothesiscs_005:float64, float64
[2023-01-12 22:36:44,852] 83 root INFO Hypothesiscs_006:float64, float64
[2023-01-12 22:36:44,863] 83 root INFO Hypothesiscs_007:float64, float64
[2023-01-12 22:36:44,874] 83 root INFO Hypothesiscs_008:float64, float64
[2023-01-12 22:36:44,916] 83 root INFO Hypothesiscs_009:float64, float64
[2023-01-12 22:36:44,955] 83 root INFO Hypothesisct_000:float64, float64
[2023-01-12 22:36:44,963] 83 root INFO Hypothesiscu_000:float64, float64
[2023-01-12 22:36:44,973] 83 root INFO Hypothesiscv_000:float64, float64
[2023-01-12 22:36:44,982] 83 root INFO Hypothesiscx_000:float64, float64
[2023-01-12 22:36:44,992] 83 root INFO Hypothesiscy_000:float64, float64
[2023-01-12 22:36:44,998] 83 root INFO Hypothesiscz_000:float64, float64
[2023-01-12 22:36:45,006] 83 root INFO Hypothesisda_000:float64, float64
[2023-01-12 22:36:45,011] 83 root INFO Hypothesisdb_000:float64, float64
[2023-01-12 22:36:45,018] 83 root INFO Hypothesisdc_000:float64, float64
[2023-01-12 22:36:45,027] 83 root INFO Hypothesisdd_000:float64, float64
[2023-01-12 22:36:45,037] 83 root INFO Hypothesisde_000:float64, float64
[2023-01-12 22:36:45,045] 83 root INFO Hypothesisdf_000:float64, float64
[2023-01-12 22:36:45,083] 83 root INFO Hypothesisdg_000:float64, float64
[2023-01-12 22:36:45,122] 83 root INFO Hypothesisdh_000:float64, float64
[2023-01-12 22:36:45,128] 83 root INFO Hypothesisdi_000:float64, float64
[2023-01-12 22:36:45,168] 83 root INFO Hypothesisdj_000:float64, float64
[2023-01-12 22:36:45,205] 83 root INFO Hypothesisdk_000:float64, float64
[2023-01-12 22:36:45,243] 83 root INFO Hypothesisdl_000:float64, float64
[2023-01-12 22:36:45,280] 83 root INFO Hypothesisdm_000:float64, float64
[2023-01-12 22:36:45,318] 83 root INFO Hypothesisdn_000:float64, float64
[2023-01-12 22:36:45,329] 83 root INFO Hypothesisdo_000:float64, float64
[2023-01-12 22:36:45,338] 83 root INFO Hypothesisdp_000:float64, float64
[2023-01-12 22:36:45,348] 83 root INFO Hypothesisdq_000:float64, float64
[2023-01-12 22:36:45,387] 83 root INFO Hypothesisdr_000:float64, float64
[2023-01-12 22:36:45,426] 83 root INFO Hypothesisds_000:float64, float64
[2023-01-12 22:36:45,437] 83 root INFO Hypothesisdt_000:float64, float64
[2023-01-12 22:36:45,447] 83 root INFO Hypothesisdu_000:float64, float64
[2023-01-12 22:36:45,458] 83 root INFO Hypothesisdv_000:float64, float64
[2023-01-12 22:36:45,469] 83 root INFO Hypothesisdx_000:float64, float64
[2023-01-12 22:36:45,510] 83 root INFO Hypothesisdy_000:float64, float64
[2023-01-12 22:36:45,551] 83 root INFO Hypothesisdz_000:float64, float64
[2023-01-12 22:36:45,590] 83 root INFO Hypothesisea_000:float64, float64
[2023-01-12 22:36:45,627] 83 root INFO Hypothesiseb_000:float64, float64
[2023-01-12 22:36:45,636] 83 root INFO Hypothesisec_00:float64, float64
[2023-01-12 22:36:45,646] 83 root INFO Hypothesised_000:float64, float64
[2023-01-12 22:36:45,656] 83 root INFO Hypothesisee_000:float64, float64
[2023-01-12 22:36:45,666] 83 root INFO Hypothesisee_001:float64, float64
[2023-01-12 22:36:45,677] 83 root INFO Hypothesisee_002:float64, float64
[2023-01-12 22:36:45,688] 83 root INFO Hypothesisee_003:float64, float64
[2023-01-12 22:36:45,699] 83 root INFO Hypothesisee_004:float64, float64
[2023-01-12 22:36:45,709] 83 root INFO Hypothesisee_005:float64, float64
[2023-01-12 22:36:45,719] 83 root INFO Hypothesisee_006:float64, float64
[2023-01-12 22:36:45,730] 83 root INFO Hypothesisee_007:float64, float64
[2023-01-12 22:36:45,740] 83 root INFO Hypothesisee_008:float64, float64
[2023-01-12 22:36:45,749] 83 root INFO Hypothesisee_009:float64, float64
[2023-01-12 22:36:45,757] 83 root INFO Hypothesisef_000:float64, float64
[2023-01-12 22:36:45,793] 83 root INFO Hypothesiseg_000:float64, float64
[2023-01-12 22:36:45,830] 142 root INFO As all column are available in test df hence detecting data drift
[2023-01-12 22:36:45,830] 83 root INFO Hypothesisclass:object, object
[2023-01-12 22:36:45,910] 83 root INFO Hypothesisaa_000:float64, float64
[2023-01-12 22:36:45,917] 83 root INFO Hypothesisac_000:float64, float64
[2023-01-12 22:36:45,923] 83 root INFO Hypothesisad_000:float64, float64
[2023-01-12 22:36:45,931] 83 root INFO Hypothesisae_000:float64, float64
[2023-01-12 22:36:45,948] 83 root INFO Hypothesisaf_000:float64, float64
[2023-01-12 22:36:45,964] 83 root INFO Hypothesisag_000:float64, float64
[2023-01-12 22:36:45,980] 83 root INFO Hypothesisag_001:float64, float64
[2023-01-12 22:36:45,996] 83 root INFO Hypothesisag_002:float64, float64
[2023-01-12 22:36:46,000] 83 root INFO Hypothesisag_003:float64, float64
[2023-01-12 22:36:46,004] 83 root INFO Hypothesisag_004:float64, float64
[2023-01-12 22:36:46,012] 83 root INFO Hypothesisag_005:float64, float64
[2023-01-12 22:36:46,019] 83 root INFO Hypothesisag_006:float64, float64
[2023-01-12 22:36:46,027] 83 root INFO Hypothesisag_007:float64, float64
[2023-01-12 22:36:46,034] 83 root INFO Hypothesisag_008:float64, float64
[2023-01-12 22:36:46,040] 83 root INFO Hypothesisag_009:float64, float64
[2023-01-12 22:36:46,045] 83 root INFO Hypothesisah_000:float64, float64
[2023-01-12 22:36:46,052] 83 root INFO Hypothesisai_000:float64, float64
[2023-01-12 22:36:46,056] 83 root INFO Hypothesisaj_000:float64, float64
[2023-01-12 22:36:46,061] 83 root INFO Hypothesisak_000:float64, float64
[2023-01-12 22:36:46,064] 83 root INFO Hypothesisal_000:float64, float64
[2023-01-12 22:36:46,070] 83 root INFO Hypothesisam_0:float64, float64
[2023-01-12 22:36:46,075] 83 root INFO Hypothesisan_000:float64, float64
[2023-01-12 22:36:46,083] 83 root INFO Hypothesisao_000:float64, float64
[2023-01-12 22:36:46,091] 83 root INFO Hypothesisap_000:float64, float64
[2023-01-12 22:36:46,098] 83 root INFO Hypothesisaq_000:float64, float64
[2023-01-12 22:36:46,105] 83 root INFO Hypothesisar_000:float64, float64
[2023-01-12 22:36:46,121] 83 root INFO Hypothesisas_000:float64, float64
[2023-01-12 22:36:46,137] 83 root INFO Hypothesisat_000:float64, float64
[2023-01-12 22:36:46,154] 83 root INFO Hypothesisau_000:float64, float64
[2023-01-12 22:36:46,169] 83 root INFO Hypothesisav_000:float64, float64
[2023-01-12 22:36:46,175] 83 root INFO Hypothesisax_000:float64, float64
[2023-01-12 22:36:46,180] 83 root INFO Hypothesisay_000:float64, float64
[2023-01-12 22:36:46,195] 83 root INFO Hypothesisay_001:float64, float64
[2023-01-12 22:36:46,210] 83 root INFO Hypothesisay_002:float64, float64
[2023-01-12 22:36:46,225] 83 root INFO Hypothesisay_003:float64, float64
[2023-01-12 22:36:46,240] 83 root INFO Hypothesisay_004:float64, float64
[2023-01-12 22:36:46,255] 83 root INFO Hypothesisay_005:float64, float64
[2023-01-12 22:36:46,265] 83 root INFO Hypothesisay_006:float64, float64
[2023-01-12 22:36:46,272] 83 root INFO Hypothesisay_007:float64, float64
[2023-01-12 22:36:46,278] 83 root INFO Hypothesisay_008:float64, float64
[2023-01-12 22:36:46,285] 83 root INFO Hypothesisay_009:float64, float64
[2023-01-12 22:36:46,301] 83 root INFO Hypothesisaz_000:float64, float64
[2023-01-12 22:36:46,307] 83 root INFO Hypothesisaz_001:float64, float64
[2023-01-12 22:36:46,314] 83 root INFO Hypothesisaz_002:float64, float64
[2023-01-12 22:36:46,320] 83 root INFO Hypothesisaz_003:float64, float64
[2023-01-12 22:36:46,327] 83 root INFO Hypothesisaz_004:float64, float64
[2023-01-12 22:36:46,334] 83 root INFO Hypothesisaz_005:float64, float64
[2023-01-12 22:36:46,341] 83 root INFO Hypothesisaz_006:float64, float64
[2023-01-12 22:36:46,347] 83 root INFO Hypothesisaz_007:float64, float64
[2023-01-12 22:36:46,351] 83 root INFO Hypothesisaz_008:float64, float64
[2023-01-12 22:36:46,367] 83 root INFO Hypothesisaz_009:float64, float64
[2023-01-12 22:36:46,383] 83 root INFO Hypothesisba_000:float64, float64
[2023-01-12 22:36:46,390] 83 root INFO Hypothesisba_001:float64, float64
[2023-01-12 22:36:46,397] 83 root INFO Hypothesisba_002:float64, float64
[2023-01-12 22:36:46,404] 83 root INFO Hypothesisba_003:float64, float64
[2023-01-12 22:36:46,411] 83 root INFO Hypothesisba_004:float64, float64
[2023-01-12 22:36:46,418] 83 root INFO Hypothesisba_005:float64, float64
[2023-01-12 22:36:46,424] 83 root INFO Hypothesisba_006:float64, float64
[2023-01-12 22:36:46,431] 83 root INFO Hypothesisba_007:float64, float64
[2023-01-12 22:36:46,437] 83 root INFO Hypothesisba_008:float64, float64
[2023-01-12 22:36:46,443] 83 root INFO Hypothesisba_009:float64, float64
[2023-01-12 22:36:46,447] 83 root INFO Hypothesisbb_000:float64, float64
[2023-01-12 22:36:46,454] 83 root INFO Hypothesisbc_000:float64, float64
[2023-01-12 22:36:46,459] 83 root INFO Hypothesisbd_000:float64, float64
[2023-01-12 22:36:46,465] 83 root INFO Hypothesisbe_000:float64, float64
[2023-01-12 22:36:46,471] 83 root INFO Hypothesisbf_000:float64, float64
[2023-01-12 22:36:46,475] 83 root INFO Hypothesisbg_000:float64, float64
[2023-01-12 22:36:46,482] 83 root INFO Hypothesisbh_000:float64, float64
[2023-01-12 22:36:46,489] 83 root INFO Hypothesisbi_000:float64, float64
[2023-01-12 22:36:46,497] 83 root INFO Hypothesisbj_000:float64, float64
[2023-01-12 22:36:46,504] 83 root INFO Hypothesisbk_000:float64, float64
[2023-01-12 22:36:46,509] 83 root INFO Hypothesisbl_000:float64, float64
[2023-01-12 22:36:46,515] 83 root INFO Hypothesisbm_000:float64, float64
[2023-01-12 22:36:46,519] 83 root INFO Hypothesisbs_000:float64, float64
[2023-01-12 22:36:46,526] 83 root INFO Hypothesisbt_000:float64, float64
[2023-01-12 22:36:46,534] 83 root INFO Hypothesisbu_000:float64, float64
[2023-01-12 22:36:46,541] 83 root INFO Hypothesisbv_000:float64, float64
[2023-01-12 22:36:46,548] 83 root INFO Hypothesisbx_000:float64, float64
[2023-01-12 22:36:46,556] 83 root INFO Hypothesisby_000:float64, float64
[2023-01-12 22:36:46,563] 83 root INFO Hypothesisbz_000:float64, float64
[2023-01-12 22:36:46,569] 83 root INFO Hypothesisca_000:float64, float64
[2023-01-12 22:36:46,576] 83 root INFO Hypothesiscb_000:float64, float64
[2023-01-12 22:36:46,583] 83 root INFO Hypothesiscc_000:float64, float64
[2023-01-12 22:36:46,590] 83 root INFO Hypothesiscd_000:float64, float64
[2023-01-12 22:36:46,607] 83 root INFO Hypothesisce_000:float64, float64
[2023-01-12 22:36:46,613] 83 root INFO Hypothesiscf_000:float64, float64
[2023-01-12 22:36:46,617] 83 root INFO Hypothesiscg_000:float64, float64
[2023-01-12 22:36:46,622] 83 root INFO Hypothesisch_000:float64, float64
[2023-01-12 22:36:46,626] 83 root INFO Hypothesisci_000:float64, float64
[2023-01-12 22:36:46,633] 83 root INFO Hypothesiscj_000:float64, float64
[2023-01-12 22:36:46,637] 83 root INFO Hypothesisck_000:float64, float64
[2023-01-12 22:36:46,645] 83 root INFO Hypothesiscl_000:float64, float64
[2023-01-12 22:36:46,649] 83 root INFO Hypothesiscm_000:float64, float64
[2023-01-12 22:36:46,654] 83 root INFO Hypothesiscn_000:float64, float64
[2023-01-12 22:36:46,669] 83 root INFO Hypothesiscn_001:float64, float64
[2023-01-12 22:36:46,673] 83 root INFO Hypothesiscn_002:float64, float64
[2023-01-12 22:36:46,679] 83 root INFO Hypothesiscn_003:float64, float64
[2023-01-12 22:36:46,686] 83 root INFO Hypothesiscn_004:float64, float64
[2023-01-12 22:36:46,693] 83 root INFO Hypothesiscn_005:float64, float64
[2023-01-12 22:36:46,701] 83 root INFO Hypothesiscn_006:float64, float64
[2023-01-12 22:36:46,708] 83 root INFO Hypothesiscn_007:float64, float64
[2023-01-12 22:36:46,714] 83 root INFO Hypothesiscn_008:float64, float64
[2023-01-12 22:36:46,720] 83 root INFO Hypothesiscn_009:float64, float64
[2023-01-12 22:36:46,726] 83 root INFO Hypothesisco_000:float64, float64
[2023-01-12 22:36:46,731] 83 root INFO Hypothesiscp_000:float64, float64
[2023-01-12 22:36:46,736] 83 root INFO Hypothesiscq_000:float64, float64
[2023-01-12 22:36:46,743] 83 root INFO Hypothesiscs_000:float64, float64
[2023-01-12 22:36:46,750] 83 root INFO Hypothesiscs_001:float64, float64
[2023-01-12 22:36:46,756] 83 root INFO Hypothesiscs_002:float64, float64
[2023-01-12 22:36:46,763] 83 root INFO Hypothesiscs_003:float64, float64
[2023-01-12 22:36:46,769] 83 root INFO Hypothesiscs_004:float64, float64
[2023-01-12 22:36:46,777] 83 root INFO Hypothesiscs_005:float64, float64
[2023-01-12 22:36:46,784] 83 root INFO Hypothesiscs_006:float64, float64
[2023-01-12 22:36:46,791] 83 root INFO Hypothesiscs_007:float64, float64
[2023-01-12 22:36:46,797] 83 root INFO Hypothesiscs_008:float64, float64
[2023-01-12 22:36:46,803] 83 root INFO Hypothesiscs_009:float64, float64
[2023-01-12 22:36:46,818] 83 root INFO Hypothesisct_000:float64, float64
[2023-01-12 22:36:46,825] 83 root INFO Hypothesiscu_000:float64, float64
[2023-01-12 22:36:46,830] 83 root INFO Hypothesiscv_000:float64, float64
[2023-01-12 22:36:46,837] 83 root INFO Hypothesiscx_000:float64, float64
[2023-01-12 22:36:46,844] 83 root INFO Hypothesiscy_000:float64, float64
[2023-01-12 22:36:46,848] 83 root INFO Hypothesiscz_000:float64, float64
[2023-01-12 22:36:46,853] 83 root INFO Hypothesisda_000:float64, float64
[2023-01-12 22:36:46,857] 83 root INFO Hypothesisdb_000:float64, float64
[2023-01-12 22:36:46,862] 83 root INFO Hypothesisdc_000:float64, float64
[2023-01-12 22:36:46,868] 83 root INFO Hypothesisdd_000:float64, float64
[2023-01-12 22:36:46,875] 83 root INFO Hypothesisde_000:float64, float64
[2023-01-12 22:36:46,881] 83 root INFO Hypothesisdf_000:float64, float64
[2023-01-12 22:36:46,885] 83 root INFO Hypothesisdg_000:float64, float64
[2023-01-12 22:36:46,890] 83 root INFO Hypothesisdh_000:float64, float64
[2023-01-12 22:36:46,894] 83 root INFO Hypothesisdi_000:float64, float64
[2023-01-12 22:36:46,898] 83 root INFO Hypothesisdj_000:float64, float64
[2023-01-12 22:36:46,914] 83 root INFO Hypothesisdk_000:float64, float64
[2023-01-12 22:36:46,917] 83 root INFO Hypothesisdl_000:float64, float64
[2023-01-12 22:36:46,934] 83 root INFO Hypothesisdm_000:float64, float64
[2023-01-12 22:36:46,951] 83 root INFO Hypothesisdn_000:float64, float64
[2023-01-12 22:36:46,958] 83 root INFO Hypothesisdo_000:float64, float64
[2023-01-12 22:36:46,964] 83 root INFO Hypothesisdp_000:float64, float64
[2023-01-12 22:36:46,970] 83 root INFO Hypothesisdq_000:float64, float64
[2023-01-12 22:36:46,975] 83 root INFO Hypothesisdr_000:float64, float64
[2023-01-12 22:36:46,979] 83 root INFO Hypothesisds_000:float64, float64
[2023-01-12 22:36:46,986] 83 root INFO Hypothesisdt_000:float64, float64
[2023-01-12 22:36:46,993] 83 root INFO Hypothesisdu_000:float64, float64
[2023-01-12 22:36:47,000] 83 root INFO Hypothesisdv_000:float64, float64
[2023-01-12 22:36:47,007] 83 root INFO Hypothesisdx_000:float64, float64
[2023-01-12 22:36:47,012] 83 root INFO Hypothesisdy_000:float64, float64
[2023-01-12 22:36:47,017] 83 root INFO Hypothesisdz_000:float64, float64
[2023-01-12 22:36:47,034] 83 root INFO Hypothesisea_000:float64, float64
[2023-01-12 22:36:47,055] 83 root INFO Hypothesiseb_000:float64, float64
[2023-01-12 22:36:47,061] 83 root INFO Hypothesisec_00:float64, float64
[2023-01-12 22:36:47,067] 83 root INFO Hypothesised_000:float64, float64
[2023-01-12 22:36:47,074] 83 root INFO Hypothesisee_000:float64, float64
[2023-01-12 22:36:47,081] 83 root INFO Hypothesisee_001:float64, float64
[2023-01-12 22:36:47,088] 83 root INFO Hypothesisee_002:float64, float64
[2023-01-12 22:36:47,095] 83 root INFO Hypothesisee_003:float64, float64
[2023-01-12 22:36:47,102] 83 root INFO Hypothesisee_004:float64, float64
[2023-01-12 22:36:47,109] 83 root INFO Hypothesisee_005:float64, float64
[2023-01-12 22:36:47,116] 83 root INFO Hypothesisee_006:float64, float64
[2023-01-12 22:36:47,123] 83 root INFO Hypothesisee_007:float64, float64
[2023-01-12 22:36:47,129] 83 root INFO Hypothesisee_008:float64, float64
[2023-01-12 22:36:47,135] 83 root INFO Hypothesisee_009:float64, float64
[2023-01-12 22:36:47,140] 83 root INFO Hypothesisef_000:float64, float64
[2023-01-12 22:36:47,156] 83 root INFO Hypothesiseg_000:float64, float64
[2023-01-12 22:36:47,170] 149 root INFO Write reprt in yaml file
[2023-01-12 22:36:47,357] 154 root INFO Data validation artifact: DataValidationArtifact(report_file_path='/config/workspace/artifact/01122023__223620/data_validation/report.ymal')
[2023-01-12 22:36:47,362] 21 root INFO >>>>>>>>>>>>>>>>>>>>>>>>>>>>>>>>>>>>>>>> Data Transformation <<<<<<<<<<<<<<<<<<<<<<<<<<<<<<<<<<<<<<<<
[2023-01-12 22:36:48,260] 72 root INFO Before resampling in traning set input: (28950, 170) Target:0        neg
1        neg
2        neg
3        neg
4        neg
        ... 
28945    neg
28946    neg
28947    neg
28948    neg
28949    neg
Name: class, Length: 28950, dtype: object
[2023-01-12 22:36:53,900] 74 root INFO After resampling in traning set input: (56152, 170) Target:0        neg
1        neg
2        neg
3        neg
4        neg
        ... 
28945    neg
28946    neg
28947    neg
28948    neg
28949    neg
Name: class, Length: 28950, dtype: object
[2023-01-12 22:36:53,901] 76 root INFO Before resampling in testing set Input: (7238, 170) Target:0       neg
1       neg
2       neg
3       neg
4       neg
       ... 
7233    neg
7234    neg
7235    neg
7236    neg
7237    neg
Name: class, Length: 7238, dtype: object
[2023-01-12 22:36:54,541] 78 root INFO After resampling in testing set Input: (14072, 170) Target:0       neg
1       neg
2       neg
3       neg
4       neg
       ... 
7233    neg
7234    neg
7235    neg
7236    neg
7237    neg
Name: class, Length: 7238, dtype: object
[2023-01-12 22:36:54,836] 56 root INFO Entered the save_object method of utils
[2023-01-12 22:36:54,839] 60 root INFO Exited the save_object method of utils
[2023-01-12 22:36:54,839] 56 root INFO Entered the save_object method of utils
[2023-01-12 22:36:54,840] 60 root INFO Exited the save_object method of utils
[2023-01-12 22:36:54,840] 98 root INFO Data transformation object DataTransformationArtifact(transform_object_path='/config/workspace/artifact/01122023__223620/data_transformation/transformer/transformer.pkl', transformed_train_path='/config/workspace/artifact/01122023__223620/data_transformation/transformed/train.npz', transformed_test_path='/config/workspace/artifact/01122023__223620/data_transformation/transformed/test.npz', target_encoder_path='/config/workspace/artifact/01122023__223620/data_transformation/target_encoder/target_encoder.pkl')
[2023-01-12 22:36:54,861] 29 root INFO Loading train and test array.
