[2023-01-12 22:00:35,308] 22 root INFO This line will create the folder name as artifact in current directory with proper timestamp and date
[2023-01-12 22:00:35,308] 16 root INFO >>>>>>>>>>>>>>>>>>>>>>>>>>>>>>>>>>>>>>>> Data Ingestion <<<<<<<<<<<<<<<<<<<<<<<<<<<<<<<<<<<<<<<<
[2023-01-12 22:00:35,308] 27 root INFO Exporting collection data as pandas dataframe
[2023-01-12 22:00:35,308] 23 root INFO Reading data from database: aps and collection: sensor
[2023-01-12 22:00:38,863] 25 root INFO Found columns: Index(['_id', 'class', 'aa_000', 'ab_000', 'ac_000', 'ad_000', 'ae_000',
       'af_000', 'ag_000', 'ag_001',
       ...
       'ee_002', 'ee_003', 'ee_004', 'ee_005', 'ee_006', 'ee_007', 'ee_008',
       'ee_009', 'ef_000', 'eg_000'],
      dtype='object', length=172)
[2023-01-12 22:00:38,863] 27 root INFO Dropping column: _id 
[2023-01-12 22:00:39,066] 29 root INFO Row and columns in df: (36188, 171)
[2023-01-12 22:00:39,066] 33 root INFO Save data in feature store
[2023-01-12 22:00:39,653] 39 root INFO Create feature store folder if not available
[2023-01-12 22:00:39,653] 43 root INFO Save df to feature store folder
[2023-01-12 22:00:42,153] 48 root INFO split dataset into train and test set
[2023-01-12 22:00:42,755] 52 root INFO create dataset directory folder if not available
[2023-01-12 22:00:42,755] 57 root INFO Save df to feature store folder
[2023-01-12 22:00:44,929] 69 root INFO Data ingestion artifact: DataIngestionArtifact(feature_store_file_path='/config/workspace/artifact/01122023__220035/data_ingetion/feature_store/sensor.csv', train_file_path='/config/workspace/artifact/01122023__220035/data_ingetion/dataset/train.csv', test_file_path='/config/workspace/artifact/01122023__220035/data_ingetion/dataset/test.csv')
[2023-01-12 22:00:45,359] 19 root INFO >>>>>>>>>>>>>>>>>>>>>>>>>>>>>>>>>>>>>>>> Data Validation <<<<<<<<<<<<<<<<<<<<<<<<<<<<<<<<<<<<<<<<
[2023-01-12 22:00:45,359] 107 root INFO Reading base dataframe
[2023-01-12 22:00:48,223] 111 root INFO Replace na value in base df
[2023-01-12 22:00:48,224] 114 root INFO Drop null values colums from base df
[2023-01-12 22:00:49,148] 40 root INFO selecting column name which contains null above to 0.7
[2023-01-12 22:00:49,149] 43 root INFO Columns to drop: ['ab_000', 'bn_000', 'bo_000', 'bp_000', 'bq_000', 'br_000', 'cr_000']
[2023-01-12 22:00:49,227] 117 root INFO Reading train dataframe
[2023-01-12 22:00:49,609] 119 root INFO Reading test dataframe
[2023-01-12 22:00:49,710] 122 root INFO Drop null values colums from train df
[2023-01-12 22:00:49,722] 40 root INFO selecting column name which contains null above to 0.7
[2023-01-12 22:00:49,722] 43 root INFO Columns to drop: ['ab_000', 'bn_000', 'bo_000', 'bp_000', 'bq_000', 'br_000', 'cr_000']
[2023-01-12 22:00:49,731] 124 root INFO Drop null values colums from test df
[2023-01-12 22:00:49,735] 40 root INFO selecting column name which contains null above to 0.7
[2023-01-12 22:00:49,736] 43 root INFO Columns to drop: ['ab_000', 'bn_000', 'bo_000', 'bp_000', 'bq_000', 'br_000', 'cr_000']
[2023-01-12 22:00:56,851] 132 root INFO Is all required columns present in train df
[2023-01-12 22:00:56,851] 135 root INFO Is all required columns present in test df
[2023-01-12 22:00:56,852] 139 root INFO As all column are available in train df hence detecting data drift
[2023-01-12 22:00:56,852] 83 root INFO Hypothesisclass:object, object
[2023-01-12 22:00:56,995] 83 root INFO Hypothesisaa_000:float64, float64
[2023-01-12 22:00:57,005] 83 root INFO Hypothesisac_000:float64, float64
[2023-01-12 22:00:57,044] 83 root INFO Hypothesisad_000:float64, float64
[2023-01-12 22:00:57,052] 83 root INFO Hypothesisae_000:float64, float64
[2023-01-12 22:00:57,088] 83 root INFO Hypothesisaf_000:float64, float64
[2023-01-12 22:00:57,127] 83 root INFO Hypothesisag_000:float64, float64
[2023-01-12 22:00:57,163] 83 root INFO Hypothesisag_001:float64, float64
[2023-01-12 22:00:57,199] 83 root INFO Hypothesisag_002:float64, float64
[2023-01-12 22:00:57,236] 83 root INFO Hypothesisag_003:float64, float64
[2023-01-12 22:00:57,242] 83 root INFO Hypothesisag_004:float64, float64
[2023-01-12 22:00:57,252] 83 root INFO Hypothesisag_005:float64, float64
[2023-01-12 22:00:57,263] 83 root INFO Hypothesisag_006:float64, float64
[2023-01-12 22:00:57,273] 83 root INFO Hypothesisag_007:float64, float64
[2023-01-12 22:00:57,282] 83 root INFO Hypothesisag_008:float64, float64
[2023-01-12 22:00:57,291] 83 root INFO Hypothesisag_009:float64, float64
[2023-01-12 22:00:57,298] 83 root INFO Hypothesisah_000:float64, float64
[2023-01-12 22:00:57,308] 83 root INFO Hypothesisai_000:float64, float64
[2023-01-12 22:00:57,346] 83 root INFO Hypothesisaj_000:float64, float64
[2023-01-12 22:00:57,352] 83 root INFO Hypothesisak_000:float64, float64
[2023-01-12 22:00:57,389] 83 root INFO Hypothesisal_000:float64, float64
[2023-01-12 22:00:57,396] 83 root INFO Hypothesisam_0:float64, float64
[2023-01-12 22:00:57,403] 83 root INFO Hypothesisan_000:float64, float64
[2023-01-12 22:00:57,414] 83 root INFO Hypothesisao_000:float64, float64
[2023-01-12 22:00:57,424] 83 root INFO Hypothesisap_000:float64, float64
[2023-01-12 22:00:57,435] 83 root INFO Hypothesisaq_000:float64, float64
[2023-01-12 22:00:57,445] 83 root INFO Hypothesisar_000:float64, float64
[2023-01-12 22:00:57,481] 83 root INFO Hypothesisas_000:float64, float64
[2023-01-12 22:00:57,518] 83 root INFO Hypothesisat_000:float64, float64
[2023-01-12 22:00:57,555] 83 root INFO Hypothesisau_000:float64, float64
[2023-01-12 22:00:57,591] 83 root INFO Hypothesisav_000:float64, float64
[2023-01-12 22:00:57,600] 83 root INFO Hypothesisax_000:float64, float64
[2023-01-12 22:00:57,608] 83 root INFO Hypothesisay_000:float64, float64
[2023-01-12 22:00:57,643] 83 root INFO Hypothesisay_001:float64, float64
[2023-01-12 22:00:57,679] 83 root INFO Hypothesisay_002:float64, float64
[2023-01-12 22:00:57,716] 83 root INFO Hypothesisay_003:float64, float64
[2023-01-12 22:00:57,753] 83 root INFO Hypothesisay_004:float64, float64
[2023-01-12 22:00:57,790] 83 root INFO Hypothesisay_005:float64, float64
[2023-01-12 22:00:57,832] 83 root INFO Hypothesisay_006:float64, float64
[2023-01-12 22:00:57,841] 83 root INFO Hypothesisay_007:float64, float64
[2023-01-12 22:00:57,852] 83 root INFO Hypothesisay_008:float64, float64
[2023-01-12 22:00:57,862] 83 root INFO Hypothesisay_009:float64, float64
[2023-01-12 22:00:57,899] 83 root INFO Hypothesisaz_000:float64, float64
[2023-01-12 22:00:57,909] 83 root INFO Hypothesisaz_001:float64, float64
[2023-01-12 22:00:57,919] 83 root INFO Hypothesisaz_002:float64, float64
[2023-01-12 22:00:57,928] 83 root INFO Hypothesisaz_003:float64, float64
[2023-01-12 22:00:57,938] 83 root INFO Hypothesisaz_004:float64, float64
[2023-01-12 22:00:57,949] 83 root INFO Hypothesisaz_005:float64, float64
[2023-01-12 22:00:57,960] 83 root INFO Hypothesisaz_006:float64, float64
[2023-01-12 22:00:58,003] 83 root INFO Hypothesisaz_007:float64, float64
[2023-01-12 22:00:58,043] 83 root INFO Hypothesisaz_008:float64, float64
[2023-01-12 22:00:58,079] 83 root INFO Hypothesisaz_009:float64, float64
[2023-01-12 22:00:58,115] 83 root INFO Hypothesisba_000:float64, float64
[2023-01-12 22:00:58,126] 83 root INFO Hypothesisba_001:float64, float64
[2023-01-12 22:00:58,136] 83 root INFO Hypothesisba_002:float64, float64
[2023-01-12 22:00:58,147] 83 root INFO Hypothesisba_003:float64, float64
[2023-01-12 22:00:58,158] 83 root INFO Hypothesisba_004:float64, float64
[2023-01-12 22:00:58,169] 83 root INFO Hypothesisba_005:float64, float64
[2023-01-12 22:00:58,179] 83 root INFO Hypothesisba_006:float64, float64
[2023-01-12 22:00:58,189] 83 root INFO Hypothesisba_007:float64, float64
[2023-01-12 22:00:58,199] 83 root INFO Hypothesisba_008:float64, float64
[2023-01-12 22:00:58,241] 83 root INFO Hypothesisba_009:float64, float64
[2023-01-12 22:00:58,280] 83 root INFO Hypothesisbb_000:float64, float64
[2023-01-12 22:00:58,291] 83 root INFO Hypothesisbc_000:float64, float64
[2023-01-12 22:00:58,332] 83 root INFO Hypothesisbd_000:float64, float64
[2023-01-12 22:00:58,341] 83 root INFO Hypothesisbe_000:float64, float64
[2023-01-12 22:00:58,350] 83 root INFO Hypothesisbf_000:float64, float64
[2023-01-12 22:00:58,357] 83 root INFO Hypothesisbg_000:float64, float64
[2023-01-12 22:00:58,367] 83 root INFO Hypothesisbh_000:float64, float64
[2023-01-12 22:00:58,377] 83 root INFO Hypothesisbi_000:float64, float64
[2023-01-12 22:00:58,388] 83 root INFO Hypothesisbj_000:float64, float64
[2023-01-12 22:00:58,399] 83 root INFO Hypothesisbk_000:float64, float64
[2023-01-12 22:00:58,407] 83 root INFO Hypothesisbl_000:float64, float64
[2023-01-12 22:00:58,415] 83 root INFO Hypothesisbm_000:float64, float64
[2023-01-12 22:00:58,421] 83 root INFO Hypothesisbs_000:float64, float64
[2023-01-12 22:00:58,432] 83 root INFO Hypothesisbt_000:float64, float64
[2023-01-12 22:00:58,442] 83 root INFO Hypothesisbu_000:float64, float64
[2023-01-12 22:00:58,453] 83 root INFO Hypothesisbv_000:float64, float64
[2023-01-12 22:00:58,463] 83 root INFO Hypothesisbx_000:float64, float64
[2023-01-12 22:00:58,473] 83 root INFO Hypothesisby_000:float64, float64
[2023-01-12 22:00:58,483] 83 root INFO Hypothesisbz_000:float64, float64
[2023-01-12 22:00:58,492] 83 root INFO Hypothesisca_000:float64, float64
[2023-01-12 22:00:58,503] 83 root INFO Hypothesiscb_000:float64, float64
[2023-01-12 22:00:58,513] 83 root INFO Hypothesiscc_000:float64, float64
[2023-01-12 22:00:58,524] 83 root INFO Hypothesiscd_000:float64, float64
[2023-01-12 22:00:58,560] 83 root INFO Hypothesisce_000:float64, float64
[2023-01-12 22:00:58,570] 83 root INFO Hypothesiscf_000:float64, float64
[2023-01-12 22:00:58,576] 83 root INFO Hypothesiscg_000:float64, float64
[2023-01-12 22:00:58,583] 83 root INFO Hypothesisch_000:float64, float64
[2023-01-12 22:00:58,621] 83 root INFO Hypothesisci_000:float64, float64
[2023-01-12 22:00:58,632] 83 root INFO Hypothesiscj_000:float64, float64
[2023-01-12 22:00:58,669] 83 root INFO Hypothesisck_000:float64, float64
[2023-01-12 22:00:58,680] 83 root INFO Hypothesiscl_000:float64, float64
[2023-01-12 22:00:58,686] 83 root INFO Hypothesiscm_000:float64, float64
[2023-01-12 22:00:58,693] 83 root INFO Hypothesiscn_000:float64, float64
[2023-01-12 22:00:58,729] 83 root INFO Hypothesiscn_001:float64, float64
[2023-01-12 22:00:58,767] 83 root INFO Hypothesiscn_002:float64, float64
[2023-01-12 22:00:58,775] 83 root INFO Hypothesiscn_003:float64, float64
[2023-01-12 22:00:58,785] 83 root INFO Hypothesiscn_004:float64, float64
[2023-01-12 22:00:58,796] 83 root INFO Hypothesiscn_005:float64, float64
[2023-01-12 22:00:58,807] 83 root INFO Hypothesiscn_006:float64, float64
[2023-01-12 22:00:58,817] 83 root INFO Hypothesiscn_007:float64, float64
[2023-01-12 22:00:58,826] 83 root INFO Hypothesiscn_008:float64, float64
[2023-01-12 22:00:58,835] 83 root INFO Hypothesiscn_009:float64, float64
[2023-01-12 22:00:58,879] 83 root INFO Hypothesisco_000:float64, float64
[2023-01-12 22:00:58,887] 83 root INFO Hypothesiscp_000:float64, float64
[2023-01-12 22:00:58,927] 83 root INFO Hypothesiscq_000:float64, float64
[2023-01-12 22:00:58,937] 83 root INFO Hypothesiscs_000:float64, float64
[2023-01-12 22:00:58,947] 83 root INFO Hypothesiscs_001:float64, float64
[2023-01-12 22:00:58,956] 83 root INFO Hypothesiscs_002:float64, float64
[2023-01-12 22:00:58,965] 83 root INFO Hypothesiscs_003:float64, float64
[2023-01-12 22:00:58,976] 83 root INFO Hypothesiscs_004:float64, float64
[2023-01-12 22:00:58,992] 83 root INFO Hypothesiscs_005:float64, float64
[2023-01-12 22:00:59,003] 83 root INFO Hypothesiscs_006:float64, float64
[2023-01-12 22:00:59,013] 83 root INFO Hypothesiscs_007:float64, float64
[2023-01-12 22:00:59,024] 83 root INFO Hypothesiscs_008:float64, float64
[2023-01-12 22:00:59,063] 83 root INFO Hypothesiscs_009:float64, float64
[2023-01-12 22:00:59,099] 83 root INFO Hypothesisct_000:float64, float64
[2023-01-12 22:00:59,107] 83 root INFO Hypothesiscu_000:float64, float64
[2023-01-12 22:00:59,115] 83 root INFO Hypothesiscv_000:float64, float64
[2023-01-12 22:00:59,125] 83 root INFO Hypothesiscx_000:float64, float64
[2023-01-12 22:00:59,133] 83 root INFO Hypothesiscy_000:float64, float64
[2023-01-12 22:00:59,139] 83 root INFO Hypothesiscz_000:float64, float64
[2023-01-12 22:00:59,147] 83 root INFO Hypothesisda_000:float64, float64
[2023-01-12 22:00:59,152] 83 root INFO Hypothesisdb_000:float64, float64
[2023-01-12 22:00:59,158] 83 root INFO Hypothesisdc_000:float64, float64
[2023-01-12 22:00:59,167] 83 root INFO Hypothesisdd_000:float64, float64
[2023-01-12 22:00:59,177] 83 root INFO Hypothesisde_000:float64, float64
[2023-01-12 22:00:59,186] 83 root INFO Hypothesisdf_000:float64, float64
[2023-01-12 22:00:59,223] 83 root INFO Hypothesisdg_000:float64, float64
[2023-01-12 22:00:59,259] 83 root INFO Hypothesisdh_000:float64, float64
[2023-01-12 22:00:59,264] 83 root INFO Hypothesisdi_000:float64, float64
[2023-01-12 22:00:59,303] 83 root INFO Hypothesisdj_000:float64, float64
[2023-01-12 22:00:59,340] 83 root INFO Hypothesisdk_000:float64, float64
[2023-01-12 22:00:59,376] 83 root INFO Hypothesisdl_000:float64, float64
[2023-01-12 22:00:59,412] 83 root INFO Hypothesisdm_000:float64, float64
[2023-01-12 22:00:59,449] 83 root INFO Hypothesisdn_000:float64, float64
[2023-01-12 22:00:59,459] 83 root INFO Hypothesisdo_000:float64, float64
[2023-01-12 22:00:59,469] 83 root INFO Hypothesisdp_000:float64, float64
[2023-01-12 22:00:59,478] 83 root INFO Hypothesisdq_000:float64, float64
[2023-01-12 22:00:59,516] 83 root INFO Hypothesisdr_000:float64, float64
[2023-01-12 22:00:59,555] 83 root INFO Hypothesisds_000:float64, float64
[2023-01-12 22:00:59,565] 83 root INFO Hypothesisdt_000:float64, float64
[2023-01-12 22:00:59,575] 83 root INFO Hypothesisdu_000:float64, float64
[2023-01-12 22:00:59,585] 83 root INFO Hypothesisdv_000:float64, float64
[2023-01-12 22:00:59,595] 83 root INFO Hypothesisdx_000:float64, float64
[2023-01-12 22:00:59,634] 83 root INFO Hypothesisdy_000:float64, float64
[2023-01-12 22:00:59,673] 83 root INFO Hypothesisdz_000:float64, float64
[2023-01-12 22:00:59,709] 83 root INFO Hypothesisea_000:float64, float64
[2023-01-12 22:00:59,745] 83 root INFO Hypothesiseb_000:float64, float64
[2023-01-12 22:00:59,754] 83 root INFO Hypothesisec_00:float64, float64
[2023-01-12 22:00:59,763] 83 root INFO Hypothesised_000:float64, float64
[2023-01-12 22:00:59,772] 83 root INFO Hypothesisee_000:float64, float64
[2023-01-12 22:00:59,783] 83 root INFO Hypothesisee_001:float64, float64
[2023-01-12 22:00:59,793] 83 root INFO Hypothesisee_002:float64, float64
[2023-01-12 22:00:59,804] 83 root INFO Hypothesisee_003:float64, float64
[2023-01-12 22:00:59,814] 83 root INFO Hypothesisee_004:float64, float64
[2023-01-12 22:00:59,824] 83 root INFO Hypothesisee_005:float64, float64
[2023-01-12 22:00:59,835] 83 root INFO Hypothesisee_006:float64, float64
[2023-01-12 22:00:59,845] 83 root INFO Hypothesisee_007:float64, float64
[2023-01-12 22:00:59,854] 83 root INFO Hypothesisee_008:float64, float64
[2023-01-12 22:00:59,863] 83 root INFO Hypothesisee_009:float64, float64
[2023-01-12 22:00:59,871] 83 root INFO Hypothesisef_000:float64, float64
[2023-01-12 22:00:59,907] 83 root INFO Hypothesiseg_000:float64, float64
[2023-01-12 22:00:59,945] 142 root INFO As all column are available in test df hence detecting data drift
[2023-01-12 22:00:59,945] 83 root INFO Hypothesisclass:object, object
[2023-01-12 22:01:00,022] 83 root INFO Hypothesisaa_000:float64, float64
[2023-01-12 22:01:00,029] 83 root INFO Hypothesisac_000:float64, float64
[2023-01-12 22:01:00,035] 83 root INFO Hypothesisad_000:float64, float64
[2023-01-12 22:01:00,040] 83 root INFO Hypothesisae_000:float64, float64
[2023-01-12 22:01:00,055] 83 root INFO Hypothesisaf_000:float64, float64
[2023-01-12 22:01:00,070] 83 root INFO Hypothesisag_000:float64, float64
[2023-01-12 22:01:00,085] 83 root INFO Hypothesisag_001:float64, float64
[2023-01-12 22:01:00,100] 83 root INFO Hypothesisag_002:float64, float64
[2023-01-12 22:01:00,103] 83 root INFO Hypothesisag_003:float64, float64
[2023-01-12 22:01:00,108] 83 root INFO Hypothesisag_004:float64, float64
[2023-01-12 22:01:00,115] 83 root INFO Hypothesisag_005:float64, float64
[2023-01-12 22:01:00,122] 83 root INFO Hypothesisag_006:float64, float64
[2023-01-12 22:01:00,130] 83 root INFO Hypothesisag_007:float64, float64
[2023-01-12 22:01:00,136] 83 root INFO Hypothesisag_008:float64, float64
[2023-01-12 22:01:00,142] 83 root INFO Hypothesisag_009:float64, float64
[2023-01-12 22:01:00,147] 83 root INFO Hypothesisah_000:float64, float64
[2023-01-12 22:01:00,154] 83 root INFO Hypothesisai_000:float64, float64
[2023-01-12 22:01:00,158] 83 root INFO Hypothesisaj_000:float64, float64
[2023-01-12 22:01:00,162] 83 root INFO Hypothesisak_000:float64, float64
[2023-01-12 22:01:00,165] 83 root INFO Hypothesisal_000:float64, float64
[2023-01-12 22:01:00,170] 83 root INFO Hypothesisam_0:float64, float64
[2023-01-12 22:01:00,175] 83 root INFO Hypothesisan_000:float64, float64
[2023-01-12 22:01:00,182] 83 root INFO Hypothesisao_000:float64, float64
[2023-01-12 22:01:00,189] 83 root INFO Hypothesisap_000:float64, float64
[2023-01-12 22:01:00,196] 83 root INFO Hypothesisaq_000:float64, float64
[2023-01-12 22:01:00,203] 83 root INFO Hypothesisar_000:float64, float64
[2023-01-12 22:01:00,219] 83 root INFO Hypothesisas_000:float64, float64
[2023-01-12 22:01:00,234] 83 root INFO Hypothesisat_000:float64, float64
[2023-01-12 22:01:00,249] 83 root INFO Hypothesisau_000:float64, float64
[2023-01-12 22:01:00,264] 83 root INFO Hypothesisav_000:float64, float64
[2023-01-12 22:01:00,270] 83 root INFO Hypothesisax_000:float64, float64
[2023-01-12 22:01:00,275] 83 root INFO Hypothesisay_000:float64, float64
[2023-01-12 22:01:00,290] 83 root INFO Hypothesisay_001:float64, float64
[2023-01-12 22:01:00,305] 83 root INFO Hypothesisay_002:float64, float64
[2023-01-12 22:01:00,321] 83 root INFO Hypothesisay_003:float64, float64
[2023-01-12 22:01:00,336] 83 root INFO Hypothesisay_004:float64, float64
[2023-01-12 22:01:00,351] 83 root INFO Hypothesisay_005:float64, float64
[2023-01-12 22:01:00,357] 83 root INFO Hypothesisay_006:float64, float64
[2023-01-12 22:01:00,363] 83 root INFO Hypothesisay_007:float64, float64
[2023-01-12 22:01:00,369] 83 root INFO Hypothesisay_008:float64, float64
[2023-01-12 22:01:00,376] 83 root INFO Hypothesisay_009:float64, float64
[2023-01-12 22:01:00,391] 83 root INFO Hypothesisaz_000:float64, float64
[2023-01-12 22:01:00,398] 83 root INFO Hypothesisaz_001:float64, float64
[2023-01-12 22:01:00,404] 83 root INFO Hypothesisaz_002:float64, float64
[2023-01-12 22:01:00,410] 83 root INFO Hypothesisaz_003:float64, float64
[2023-01-12 22:01:00,417] 83 root INFO Hypothesisaz_004:float64, float64
[2023-01-12 22:01:00,424] 83 root INFO Hypothesisaz_005:float64, float64
[2023-01-12 22:01:00,431] 83 root INFO Hypothesisaz_006:float64, float64
[2023-01-12 22:01:00,437] 83 root INFO Hypothesisaz_007:float64, float64
[2023-01-12 22:01:00,440] 83 root INFO Hypothesisaz_008:float64, float64
[2023-01-12 22:01:00,456] 83 root INFO Hypothesisaz_009:float64, float64
[2023-01-12 22:01:00,471] 83 root INFO Hypothesisba_000:float64, float64
[2023-01-12 22:01:00,478] 83 root INFO Hypothesisba_001:float64, float64
[2023-01-12 22:01:00,485] 83 root INFO Hypothesisba_002:float64, float64
[2023-01-12 22:01:00,492] 83 root INFO Hypothesisba_003:float64, float64
[2023-01-12 22:01:00,499] 83 root INFO Hypothesisba_004:float64, float64
[2023-01-12 22:01:00,505] 83 root INFO Hypothesisba_005:float64, float64
[2023-01-12 22:01:00,512] 83 root INFO Hypothesisba_006:float64, float64
[2023-01-12 22:01:00,519] 83 root INFO Hypothesisba_007:float64, float64
[2023-01-12 22:01:00,525] 83 root INFO Hypothesisba_008:float64, float64
[2023-01-12 22:01:00,531] 83 root INFO Hypothesisba_009:float64, float64
[2023-01-12 22:01:00,535] 83 root INFO Hypothesisbb_000:float64, float64
[2023-01-12 22:01:00,542] 83 root INFO Hypothesisbc_000:float64, float64
[2023-01-12 22:01:00,548] 83 root INFO Hypothesisbd_000:float64, float64
[2023-01-12 22:01:00,553] 83 root INFO Hypothesisbe_000:float64, float64
[2023-01-12 22:01:00,559] 83 root INFO Hypothesisbf_000:float64, float64
[2023-01-12 22:01:00,564] 83 root INFO Hypothesisbg_000:float64, float64
[2023-01-12 22:01:00,571] 83 root INFO Hypothesisbh_000:float64, float64
[2023-01-12 22:01:00,578] 83 root INFO Hypothesisbi_000:float64, float64
[2023-01-12 22:01:00,585] 83 root INFO Hypothesisbj_000:float64, float64
[2023-01-12 22:01:00,592] 83 root INFO Hypothesisbk_000:float64, float64
[2023-01-12 22:01:00,597] 83 root INFO Hypothesisbl_000:float64, float64
[2023-01-12 22:01:00,603] 83 root INFO Hypothesisbm_000:float64, float64
[2023-01-12 22:01:00,607] 83 root INFO Hypothesisbs_000:float64, float64
[2023-01-12 22:01:00,614] 83 root INFO Hypothesisbt_000:float64, float64
[2023-01-12 22:01:00,621] 83 root INFO Hypothesisbu_000:float64, float64
[2023-01-12 22:01:00,628] 83 root INFO Hypothesisbv_000:float64, float64
[2023-01-12 22:01:00,635] 83 root INFO Hypothesisbx_000:float64, float64
[2023-01-12 22:01:00,642] 83 root INFO Hypothesisby_000:float64, float64
[2023-01-12 22:01:00,648] 83 root INFO Hypothesisbz_000:float64, float64
[2023-01-12 22:01:00,655] 83 root INFO Hypothesisca_000:float64, float64
[2023-01-12 22:01:00,661] 83 root INFO Hypothesiscb_000:float64, float64
[2023-01-12 22:01:00,668] 83 root INFO Hypothesiscc_000:float64, float64
[2023-01-12 22:01:00,675] 83 root INFO Hypothesiscd_000:float64, float64
[2023-01-12 22:01:00,690] 83 root INFO Hypothesisce_000:float64, float64
[2023-01-12 22:01:00,697] 83 root INFO Hypothesiscf_000:float64, float64
[2023-01-12 22:01:00,701] 83 root INFO Hypothesiscg_000:float64, float64
[2023-01-12 22:01:00,706] 83 root INFO Hypothesisch_000:float64, float64
[2023-01-12 22:01:00,710] 83 root INFO Hypothesisci_000:float64, float64
[2023-01-12 22:01:00,716] 83 root INFO Hypothesiscj_000:float64, float64
[2023-01-12 22:01:00,720] 83 root INFO Hypothesisck_000:float64, float64
[2023-01-12 22:01:00,727] 83 root INFO Hypothesiscl_000:float64, float64
[2023-01-12 22:01:00,732] 83 root INFO Hypothesiscm_000:float64, float64
[2023-01-12 22:01:00,736] 83 root INFO Hypothesiscn_000:float64, float64
[2023-01-12 22:01:00,751] 83 root INFO Hypothesiscn_001:float64, float64
[2023-01-12 22:01:00,755] 83 root INFO Hypothesiscn_002:float64, float64
[2023-01-12 22:01:00,761] 83 root INFO Hypothesiscn_003:float64, float64
[2023-01-12 22:01:00,768] 83 root INFO Hypothesiscn_004:float64, float64
[2023-01-12 22:01:00,775] 83 root INFO Hypothesiscn_005:float64, float64
[2023-01-12 22:01:00,782] 83 root INFO Hypothesiscn_006:float64, float64
[2023-01-12 22:01:00,789] 83 root INFO Hypothesiscn_007:float64, float64
[2023-01-12 22:01:00,795] 83 root INFO Hypothesiscn_008:float64, float64
[2023-01-12 22:01:00,801] 83 root INFO Hypothesiscn_009:float64, float64
[2023-01-12 22:01:00,806] 83 root INFO Hypothesisco_000:float64, float64
[2023-01-12 22:01:00,811] 83 root INFO Hypothesiscp_000:float64, float64
[2023-01-12 22:01:00,817] 83 root INFO Hypothesiscq_000:float64, float64
[2023-01-12 22:01:00,824] 83 root INFO Hypothesiscs_000:float64, float64
[2023-01-12 22:01:00,831] 83 root INFO Hypothesiscs_001:float64, float64
[2023-01-12 22:01:00,836] 83 root INFO Hypothesiscs_002:float64, float64
[2023-01-12 22:01:00,843] 83 root INFO Hypothesiscs_003:float64, float64
[2023-01-12 22:01:00,850] 83 root INFO Hypothesiscs_004:float64, float64
[2023-01-12 22:01:00,857] 83 root INFO Hypothesiscs_005:float64, float64
[2023-01-12 22:01:00,864] 83 root INFO Hypothesiscs_006:float64, float64
[2023-01-12 22:01:00,871] 83 root INFO Hypothesiscs_007:float64, float64
[2023-01-12 22:01:00,878] 83 root INFO Hypothesiscs_008:float64, float64
[2023-01-12 22:01:00,883] 83 root INFO Hypothesiscs_009:float64, float64
[2023-01-12 22:01:00,898] 83 root INFO Hypothesisct_000:float64, float64
[2023-01-12 22:01:00,904] 83 root INFO Hypothesiscu_000:float64, float64
[2023-01-12 22:01:00,909] 83 root INFO Hypothesiscv_000:float64, float64
[2023-01-12 22:01:00,915] 83 root INFO Hypothesiscx_000:float64, float64
[2023-01-12 22:01:00,921] 83 root INFO Hypothesiscy_000:float64, float64
[2023-01-12 22:01:00,925] 83 root INFO Hypothesiscz_000:float64, float64
[2023-01-12 22:01:00,930] 83 root INFO Hypothesisda_000:float64, float64
[2023-01-12 22:01:00,934] 83 root INFO Hypothesisdb_000:float64, float64
[2023-01-12 22:01:00,938] 83 root INFO Hypothesisdc_000:float64, float64
[2023-01-12 22:01:00,944] 83 root INFO Hypothesisdd_000:float64, float64
[2023-01-12 22:01:00,950] 83 root INFO Hypothesisde_000:float64, float64
[2023-01-12 22:01:00,956] 83 root INFO Hypothesisdf_000:float64, float64
[2023-01-12 22:01:00,959] 83 root INFO Hypothesisdg_000:float64, float64
[2023-01-12 22:01:00,962] 83 root INFO Hypothesisdh_000:float64, float64
[2023-01-12 22:01:00,966] 83 root INFO Hypothesisdi_000:float64, float64
[2023-01-12 22:01:00,970] 83 root INFO Hypothesisdj_000:float64, float64
[2023-01-12 22:01:00,985] 83 root INFO Hypothesisdk_000:float64, float64
[2023-01-12 22:01:00,988] 83 root INFO Hypothesisdl_000:float64, float64
[2023-01-12 22:01:01,010] 83 root INFO Hypothesisdm_000:float64, float64
[2023-01-12 22:01:01,025] 83 root INFO Hypothesisdn_000:float64, float64
[2023-01-12 22:01:01,032] 83 root INFO Hypothesisdo_000:float64, float64
[2023-01-12 22:01:01,038] 83 root INFO Hypothesisdp_000:float64, float64
[2023-01-12 22:01:01,045] 83 root INFO Hypothesisdq_000:float64, float64
[2023-01-12 22:01:01,049] 83 root INFO Hypothesisdr_000:float64, float64
[2023-01-12 22:01:01,053] 83 root INFO Hypothesisds_000:float64, float64
[2023-01-12 22:01:01,060] 83 root INFO Hypothesisdt_000:float64, float64
[2023-01-12 22:01:01,067] 83 root INFO Hypothesisdu_000:float64, float64
[2023-01-12 22:01:01,073] 83 root INFO Hypothesisdv_000:float64, float64
[2023-01-12 22:01:01,080] 83 root INFO Hypothesisdx_000:float64, float64
[2023-01-12 22:01:01,085] 83 root INFO Hypothesisdy_000:float64, float64
[2023-01-12 22:01:01,090] 83 root INFO Hypothesisdz_000:float64, float64
[2023-01-12 22:01:01,105] 83 root INFO Hypothesisea_000:float64, float64
[2023-01-12 22:01:01,120] 83 root INFO Hypothesiseb_000:float64, float64
[2023-01-12 22:01:01,126] 83 root INFO Hypothesisec_00:float64, float64
[2023-01-12 22:01:01,132] 83 root INFO Hypothesised_000:float64, float64
[2023-01-12 22:01:01,138] 83 root INFO Hypothesisee_000:float64, float64
[2023-01-12 22:01:01,145] 83 root INFO Hypothesisee_001:float64, float64
[2023-01-12 22:01:01,152] 83 root INFO Hypothesisee_002:float64, float64
[2023-01-12 22:01:01,159] 83 root INFO Hypothesisee_003:float64, float64
[2023-01-12 22:01:01,166] 83 root INFO Hypothesisee_004:float64, float64
[2023-01-12 22:01:01,173] 83 root INFO Hypothesisee_005:float64, float64
[2023-01-12 22:01:01,180] 83 root INFO Hypothesisee_006:float64, float64
[2023-01-12 22:01:01,187] 83 root INFO Hypothesisee_007:float64, float64
[2023-01-12 22:01:01,193] 83 root INFO Hypothesisee_008:float64, float64
[2023-01-12 22:01:01,199] 83 root INFO Hypothesisee_009:float64, float64
[2023-01-12 22:01:01,204] 83 root INFO Hypothesisef_000:float64, float64
[2023-01-12 22:01:01,220] 83 root INFO Hypothesiseg_000:float64, float64
[2023-01-12 22:01:01,235] 149 root INFO Write reprt in yaml file
[2023-01-12 22:01:01,370] 154 root INFO Data validation artifact: DataValidationArtifact(report_file_path='/config/workspace/artifact/01122023__220035/data_validation/report.ymal')
[2023-01-12 22:01:01,376] 21 root INFO >>>>>>>>>>>>>>>>>>>>>>>>>>>>>>>>>>>>>>>> Data Transformation <<<<<<<<<<<<<<<<<<<<<<<<<<<<<<<<<<<<<<<<
