[2023-01-13 00:28:31,015] 22 root INFO This line will create the folder name as artifact in current directory with proper timestamp and date
[2023-01-13 00:28:31,015] 16 root INFO >>>>>>>>>>>>>>>>>>>>>>>>>>>>>>>>>>>>>>>> Data Ingestion <<<<<<<<<<<<<<<<<<<<<<<<<<<<<<<<<<<<<<<<
[2023-01-13 00:28:31,015] 27 root INFO Exporting collection data as pandas dataframe
[2023-01-13 00:28:31,015] 23 root INFO Reading data from database: aps and collection: sensor
[2023-01-13 00:28:34,990] 25 root INFO Found columns: Index(['_id', 'class', 'aa_000', 'ab_000', 'ac_000', 'ad_000', 'ae_000',
       'af_000', 'ag_000', 'ag_001',
       ...
       'ee_002', 'ee_003', 'ee_004', 'ee_005', 'ee_006', 'ee_007', 'ee_008',
       'ee_009', 'ef_000', 'eg_000'],
      dtype='object', length=172)
[2023-01-13 00:28:34,991] 27 root INFO Dropping column: _id 
[2023-01-13 00:28:35,249] 29 root INFO Row and columns in df: (36188, 171)
[2023-01-13 00:28:35,249] 33 root INFO Save data in feature store
[2023-01-13 00:28:35,800] 39 root INFO Create feature store folder if not available
[2023-01-13 00:28:35,801] 43 root INFO Save df to feature store folder
[2023-01-13 00:28:38,344] 48 root INFO split dataset into train and test set
[2023-01-13 00:28:38,947] 52 root INFO create dataset directory folder if not available
[2023-01-13 00:28:38,947] 57 root INFO Save df to feature store folder
[2023-01-13 00:28:41,232] 69 root INFO Data ingestion artifact: DataIngestionArtifact(feature_store_file_path='/config/workspace/artifact/01132023__002831/data_ingetion/feature_store/sensor.csv', train_file_path='/config/workspace/artifact/01132023__002831/data_ingetion/dataset/train.csv', test_file_path='/config/workspace/artifact/01132023__002831/data_ingetion/dataset/test.csv')
[2023-01-13 00:28:41,629] 19 root INFO >>>>>>>>>>>>>>>>>>>>>>>>>>>>>>>>>>>>>>>> Data Validation <<<<<<<<<<<<<<<<<<<<<<<<<<<<<<<<<<<<<<<<
[2023-01-13 00:28:41,629] 107 root INFO Reading base dataframe
[2023-01-13 00:28:44,527] 111 root INFO Replace na value in base df
[2023-01-13 00:28:44,528] 114 root INFO Drop null values colums from base df
[2023-01-13 00:28:45,468] 40 root INFO selecting column name which contains null above to 0.7
[2023-01-13 00:28:45,468] 43 root INFO Columns to drop: ['ab_000', 'bn_000', 'bo_000', 'bp_000', 'bq_000', 'br_000', 'cr_000']
[2023-01-13 00:28:45,553] 117 root INFO Reading train dataframe
[2023-01-13 00:28:45,969] 119 root INFO Reading test dataframe
[2023-01-13 00:28:46,073] 122 root INFO Drop null values colums from train df
[2023-01-13 00:28:46,085] 40 root INFO selecting column name which contains null above to 0.7
[2023-01-13 00:28:46,085] 43 root INFO Columns to drop: ['ab_000', 'bn_000', 'bo_000', 'bp_000', 'bq_000', 'br_000', 'cr_000']
[2023-01-13 00:28:46,096] 124 root INFO Drop null values colums from test df
[2023-01-13 00:28:46,100] 40 root INFO selecting column name which contains null above to 0.7
[2023-01-13 00:28:46,100] 43 root INFO Columns to drop: ['ab_000', 'bn_000', 'bo_000', 'bp_000', 'bq_000', 'br_000', 'cr_000']
[2023-01-13 00:28:53,195] 132 root INFO Is all required columns present in train df
[2023-01-13 00:28:53,195] 135 root INFO Is all required columns present in test df
[2023-01-13 00:28:53,196] 139 root INFO As all column are available in train df hence detecting data drift
[2023-01-13 00:28:53,196] 83 root INFO Hypothesisclass:object, object
[2023-01-13 00:28:53,324] 83 root INFO Hypothesisaa_000:float64, float64
[2023-01-13 00:28:53,334] 83 root INFO Hypothesisac_000:float64, float64
[2023-01-13 00:28:53,374] 83 root INFO Hypothesisad_000:float64, float64
[2023-01-13 00:28:53,381] 83 root INFO Hypothesisae_000:float64, float64
[2023-01-13 00:28:53,417] 83 root INFO Hypothesisaf_000:float64, float64
[2023-01-13 00:28:53,453] 83 root INFO Hypothesisag_000:float64, float64
[2023-01-13 00:28:53,488] 83 root INFO Hypothesisag_001:float64, float64
[2023-01-13 00:28:53,523] 83 root INFO Hypothesisag_002:float64, float64
[2023-01-13 00:28:53,560] 83 root INFO Hypothesisag_003:float64, float64
[2023-01-13 00:28:53,566] 83 root INFO Hypothesisag_004:float64, float64
[2023-01-13 00:28:53,576] 83 root INFO Hypothesisag_005:float64, float64
[2023-01-13 00:28:53,587] 83 root INFO Hypothesisag_006:float64, float64
[2023-01-13 00:28:53,597] 83 root INFO Hypothesisag_007:float64, float64
[2023-01-13 00:28:53,607] 83 root INFO Hypothesisag_008:float64, float64
[2023-01-13 00:28:53,615] 83 root INFO Hypothesisag_009:float64, float64
[2023-01-13 00:28:53,622] 83 root INFO Hypothesisah_000:float64, float64
[2023-01-13 00:28:53,633] 83 root INFO Hypothesisai_000:float64, float64
[2023-01-13 00:28:53,669] 83 root INFO Hypothesisaj_000:float64, float64
[2023-01-13 00:28:53,675] 83 root INFO Hypothesisak_000:float64, float64
[2023-01-13 00:28:53,711] 83 root INFO Hypothesisal_000:float64, float64
[2023-01-13 00:28:53,719] 83 root INFO Hypothesisam_0:float64, float64
[2023-01-13 00:28:53,726] 83 root INFO Hypothesisan_000:float64, float64
[2023-01-13 00:28:53,736] 83 root INFO Hypothesisao_000:float64, float64
[2023-01-13 00:28:53,747] 83 root INFO Hypothesisap_000:float64, float64
[2023-01-13 00:28:53,757] 83 root INFO Hypothesisaq_000:float64, float64
[2023-01-13 00:28:53,768] 83 root INFO Hypothesisar_000:float64, float64
[2023-01-13 00:28:53,803] 83 root INFO Hypothesisas_000:float64, float64
[2023-01-13 00:28:53,838] 83 root INFO Hypothesisat_000:float64, float64
[2023-01-13 00:28:53,874] 83 root INFO Hypothesisau_000:float64, float64
[2023-01-13 00:28:53,909] 83 root INFO Hypothesisav_000:float64, float64
[2023-01-13 00:28:53,918] 83 root INFO Hypothesisax_000:float64, float64
[2023-01-13 00:28:53,926] 83 root INFO Hypothesisay_000:float64, float64
[2023-01-13 00:28:53,960] 83 root INFO Hypothesisay_001:float64, float64
[2023-01-13 00:28:53,996] 83 root INFO Hypothesisay_002:float64, float64
[2023-01-13 00:28:54,035] 83 root INFO Hypothesisay_003:float64, float64
[2023-01-13 00:28:54,071] 83 root INFO Hypothesisay_004:float64, float64
[2023-01-13 00:28:54,107] 83 root INFO Hypothesisay_005:float64, float64
[2023-01-13 00:28:54,147] 83 root INFO Hypothesisay_006:float64, float64
[2023-01-13 00:28:54,156] 83 root INFO Hypothesisay_007:float64, float64
[2023-01-13 00:28:54,166] 83 root INFO Hypothesisay_008:float64, float64
[2023-01-13 00:28:54,176] 83 root INFO Hypothesisay_009:float64, float64
[2023-01-13 00:28:54,212] 83 root INFO Hypothesisaz_000:float64, float64
[2023-01-13 00:28:54,221] 83 root INFO Hypothesisaz_001:float64, float64
[2023-01-13 00:28:54,231] 83 root INFO Hypothesisaz_002:float64, float64
[2023-01-13 00:28:54,240] 83 root INFO Hypothesisaz_003:float64, float64
[2023-01-13 00:28:54,250] 83 root INFO Hypothesisaz_004:float64, float64
[2023-01-13 00:28:54,261] 83 root INFO Hypothesisaz_005:float64, float64
[2023-01-13 00:28:54,272] 83 root INFO Hypothesisaz_006:float64, float64
[2023-01-13 00:28:54,315] 83 root INFO Hypothesisaz_007:float64, float64
[2023-01-13 00:28:54,351] 83 root INFO Hypothesisaz_008:float64, float64
[2023-01-13 00:28:54,388] 83 root INFO Hypothesisaz_009:float64, float64
[2023-01-13 00:28:54,423] 83 root INFO Hypothesisba_000:float64, float64
[2023-01-13 00:28:54,434] 83 root INFO Hypothesisba_001:float64, float64
[2023-01-13 00:28:54,444] 83 root INFO Hypothesisba_002:float64, float64
[2023-01-13 00:28:54,455] 83 root INFO Hypothesisba_003:float64, float64
[2023-01-13 00:28:54,465] 83 root INFO Hypothesisba_004:float64, float64
[2023-01-13 00:28:54,475] 83 root INFO Hypothesisba_005:float64, float64
[2023-01-13 00:28:54,485] 83 root INFO Hypothesisba_006:float64, float64
[2023-01-13 00:28:54,495] 83 root INFO Hypothesisba_007:float64, float64
[2023-01-13 00:28:54,505] 83 root INFO Hypothesisba_008:float64, float64
[2023-01-13 00:28:54,544] 83 root INFO Hypothesisba_009:float64, float64
[2023-01-13 00:28:54,583] 83 root INFO Hypothesisbb_000:float64, float64
[2023-01-13 00:28:54,593] 83 root INFO Hypothesisbc_000:float64, float64
[2023-01-13 00:28:54,632] 83 root INFO Hypothesisbd_000:float64, float64
[2023-01-13 00:28:54,640] 83 root INFO Hypothesisbe_000:float64, float64
[2023-01-13 00:28:54,649] 83 root INFO Hypothesisbf_000:float64, float64
[2023-01-13 00:28:54,655] 83 root INFO Hypothesisbg_000:float64, float64
[2023-01-13 00:28:54,666] 83 root INFO Hypothesisbh_000:float64, float64
[2023-01-13 00:28:54,676] 83 root INFO Hypothesisbi_000:float64, float64
[2023-01-13 00:28:54,687] 83 root INFO Hypothesisbj_000:float64, float64
[2023-01-13 00:28:54,698] 83 root INFO Hypothesisbk_000:float64, float64
[2023-01-13 00:28:54,706] 83 root INFO Hypothesisbl_000:float64, float64
[2023-01-13 00:28:54,714] 83 root INFO Hypothesisbm_000:float64, float64
[2023-01-13 00:28:54,720] 83 root INFO Hypothesisbs_000:float64, float64
[2023-01-13 00:28:54,731] 83 root INFO Hypothesisbt_000:float64, float64
[2023-01-13 00:28:54,741] 83 root INFO Hypothesisbu_000:float64, float64
[2023-01-13 00:28:54,752] 83 root INFO Hypothesisbv_000:float64, float64
[2023-01-13 00:28:54,762] 83 root INFO Hypothesisbx_000:float64, float64
[2023-01-13 00:28:54,772] 83 root INFO Hypothesisby_000:float64, float64
[2023-01-13 00:28:54,783] 83 root INFO Hypothesisbz_000:float64, float64
[2023-01-13 00:28:54,792] 83 root INFO Hypothesisca_000:float64, float64
[2023-01-13 00:28:54,802] 83 root INFO Hypothesiscb_000:float64, float64
[2023-01-13 00:28:54,813] 83 root INFO Hypothesiscc_000:float64, float64
[2023-01-13 00:28:54,824] 83 root INFO Hypothesiscd_000:float64, float64
[2023-01-13 00:28:54,859] 83 root INFO Hypothesisce_000:float64, float64
[2023-01-13 00:28:54,869] 83 root INFO Hypothesiscf_000:float64, float64
[2023-01-13 00:28:54,875] 83 root INFO Hypothesiscg_000:float64, float64
[2023-01-13 00:28:54,882] 83 root INFO Hypothesisch_000:float64, float64
[2023-01-13 00:28:54,921] 83 root INFO Hypothesisci_000:float64, float64
[2023-01-13 00:28:54,932] 83 root INFO Hypothesiscj_000:float64, float64
[2023-01-13 00:28:54,969] 83 root INFO Hypothesisck_000:float64, float64
[2023-01-13 00:28:54,980] 83 root INFO Hypothesiscl_000:float64, float64
[2023-01-13 00:28:54,986] 83 root INFO Hypothesiscm_000:float64, float64
[2023-01-13 00:28:54,993] 83 root INFO Hypothesiscn_000:float64, float64
[2023-01-13 00:28:55,029] 83 root INFO Hypothesiscn_001:float64, float64
[2023-01-13 00:28:55,066] 83 root INFO Hypothesiscn_002:float64, float64
[2023-01-13 00:28:55,075] 83 root INFO Hypothesiscn_003:float64, float64
[2023-01-13 00:28:55,085] 83 root INFO Hypothesiscn_004:float64, float64
[2023-01-13 00:28:55,096] 83 root INFO Hypothesiscn_005:float64, float64
[2023-01-13 00:28:55,106] 83 root INFO Hypothesiscn_006:float64, float64
[2023-01-13 00:28:55,116] 83 root INFO Hypothesiscn_007:float64, float64
[2023-01-13 00:28:55,126] 83 root INFO Hypothesiscn_008:float64, float64
[2023-01-13 00:28:55,135] 83 root INFO Hypothesiscn_009:float64, float64
[2023-01-13 00:28:55,174] 83 root INFO Hypothesisco_000:float64, float64
[2023-01-13 00:28:55,181] 83 root INFO Hypothesiscp_000:float64, float64
[2023-01-13 00:28:55,220] 83 root INFO Hypothesiscq_000:float64, float64
[2023-01-13 00:28:55,231] 83 root INFO Hypothesiscs_000:float64, float64
[2023-01-13 00:28:55,241] 83 root INFO Hypothesiscs_001:float64, float64
[2023-01-13 00:28:55,249] 83 root INFO Hypothesiscs_002:float64, float64
[2023-01-13 00:28:55,259] 83 root INFO Hypothesiscs_003:float64, float64
[2023-01-13 00:28:55,270] 83 root INFO Hypothesiscs_004:float64, float64
[2023-01-13 00:28:55,280] 83 root INFO Hypothesiscs_005:float64, float64
[2023-01-13 00:28:55,291] 83 root INFO Hypothesiscs_006:float64, float64
[2023-01-13 00:28:55,302] 83 root INFO Hypothesiscs_007:float64, float64
[2023-01-13 00:28:55,312] 83 root INFO Hypothesiscs_008:float64, float64
[2023-01-13 00:28:55,351] 83 root INFO Hypothesiscs_009:float64, float64
[2023-01-13 00:28:55,387] 83 root INFO Hypothesisct_000:float64, float64
[2023-01-13 00:28:55,395] 83 root INFO Hypothesiscu_000:float64, float64
[2023-01-13 00:28:55,403] 83 root INFO Hypothesiscv_000:float64, float64
[2023-01-13 00:28:55,412] 83 root INFO Hypothesiscx_000:float64, float64
[2023-01-13 00:28:55,421] 83 root INFO Hypothesiscy_000:float64, float64
[2023-01-13 00:28:55,427] 83 root INFO Hypothesiscz_000:float64, float64
[2023-01-13 00:28:55,435] 83 root INFO Hypothesisda_000:float64, float64
[2023-01-13 00:28:55,440] 83 root INFO Hypothesisdb_000:float64, float64
[2023-01-13 00:28:55,446] 83 root INFO Hypothesisdc_000:float64, float64
[2023-01-13 00:28:55,455] 83 root INFO Hypothesisdd_000:float64, float64
[2023-01-13 00:28:55,464] 83 root INFO Hypothesisde_000:float64, float64
[2023-01-13 00:28:55,473] 83 root INFO Hypothesisdf_000:float64, float64
[2023-01-13 00:28:55,508] 83 root INFO Hypothesisdg_000:float64, float64
[2023-01-13 00:28:55,545] 83 root INFO Hypothesisdh_000:float64, float64
[2023-01-13 00:28:55,554] 83 root INFO Hypothesisdi_000:float64, float64
[2023-01-13 00:28:55,591] 83 root INFO Hypothesisdj_000:float64, float64
[2023-01-13 00:28:55,627] 83 root INFO Hypothesisdk_000:float64, float64
[2023-01-13 00:28:55,663] 83 root INFO Hypothesisdl_000:float64, float64
[2023-01-13 00:28:55,699] 83 root INFO Hypothesisdm_000:float64, float64
[2023-01-13 00:28:55,735] 83 root INFO Hypothesisdn_000:float64, float64
[2023-01-13 00:28:55,745] 83 root INFO Hypothesisdo_000:float64, float64
[2023-01-13 00:28:55,754] 83 root INFO Hypothesisdp_000:float64, float64
[2023-01-13 00:28:55,763] 83 root INFO Hypothesisdq_000:float64, float64
[2023-01-13 00:28:55,802] 83 root INFO Hypothesisdr_000:float64, float64
[2023-01-13 00:28:55,839] 83 root INFO Hypothesisds_000:float64, float64
[2023-01-13 00:28:55,850] 83 root INFO Hypothesisdt_000:float64, float64
[2023-01-13 00:28:55,862] 83 root INFO Hypothesisdu_000:float64, float64
[2023-01-13 00:28:55,872] 83 root INFO Hypothesisdv_000:float64, float64
[2023-01-13 00:28:55,882] 83 root INFO Hypothesisdx_000:float64, float64
[2023-01-13 00:28:55,922] 83 root INFO Hypothesisdy_000:float64, float64
[2023-01-13 00:28:55,965] 83 root INFO Hypothesisdz_000:float64, float64
[2023-01-13 00:28:56,001] 83 root INFO Hypothesisea_000:float64, float64
[2023-01-13 00:28:56,037] 83 root INFO Hypothesiseb_000:float64, float64
[2023-01-13 00:28:56,045] 83 root INFO Hypothesisec_00:float64, float64
[2023-01-13 00:28:56,055] 83 root INFO Hypothesised_000:float64, float64
[2023-01-13 00:28:56,064] 83 root INFO Hypothesisee_000:float64, float64
[2023-01-13 00:28:56,075] 83 root INFO Hypothesisee_001:float64, float64
[2023-01-13 00:28:56,085] 83 root INFO Hypothesisee_002:float64, float64
[2023-01-13 00:28:56,095] 83 root INFO Hypothesisee_003:float64, float64
[2023-01-13 00:28:56,106] 83 root INFO Hypothesisee_004:float64, float64
[2023-01-13 00:28:56,116] 83 root INFO Hypothesisee_005:float64, float64
[2023-01-13 00:28:56,126] 83 root INFO Hypothesisee_006:float64, float64
[2023-01-13 00:28:56,136] 83 root INFO Hypothesisee_007:float64, float64
[2023-01-13 00:28:56,146] 83 root INFO Hypothesisee_008:float64, float64
[2023-01-13 00:28:56,155] 83 root INFO Hypothesisee_009:float64, float64
[2023-01-13 00:28:56,162] 83 root INFO Hypothesisef_000:float64, float64
[2023-01-13 00:28:56,196] 83 root INFO Hypothesiseg_000:float64, float64
[2023-01-13 00:28:56,231] 142 root INFO As all column are available in test df hence detecting data drift
[2023-01-13 00:28:56,232] 83 root INFO Hypothesisclass:object, object
[2023-01-13 00:28:56,303] 83 root INFO Hypothesisaa_000:float64, float64
[2023-01-13 00:28:56,310] 83 root INFO Hypothesisac_000:float64, float64
[2023-01-13 00:28:56,316] 83 root INFO Hypothesisad_000:float64, float64
[2023-01-13 00:28:56,321] 83 root INFO Hypothesisae_000:float64, float64
[2023-01-13 00:28:56,336] 83 root INFO Hypothesisaf_000:float64, float64
[2023-01-13 00:28:56,352] 83 root INFO Hypothesisag_000:float64, float64
[2023-01-13 00:28:56,367] 83 root INFO Hypothesisag_001:float64, float64
[2023-01-13 00:28:56,382] 83 root INFO Hypothesisag_002:float64, float64
[2023-01-13 00:28:56,386] 83 root INFO Hypothesisag_003:float64, float64
[2023-01-13 00:28:56,390] 83 root INFO Hypothesisag_004:float64, float64
[2023-01-13 00:28:56,397] 83 root INFO Hypothesisag_005:float64, float64
[2023-01-13 00:28:56,405] 83 root INFO Hypothesisag_006:float64, float64
[2023-01-13 00:28:56,412] 83 root INFO Hypothesisag_007:float64, float64
[2023-01-13 00:28:56,418] 83 root INFO Hypothesisag_008:float64, float64
[2023-01-13 00:28:56,424] 83 root INFO Hypothesisag_009:float64, float64
[2023-01-13 00:28:56,428] 83 root INFO Hypothesisah_000:float64, float64
[2023-01-13 00:28:56,435] 83 root INFO Hypothesisai_000:float64, float64
[2023-01-13 00:28:56,439] 83 root INFO Hypothesisaj_000:float64, float64
[2023-01-13 00:28:56,443] 83 root INFO Hypothesisak_000:float64, float64
[2023-01-13 00:28:56,446] 83 root INFO Hypothesisal_000:float64, float64
[2023-01-13 00:28:56,451] 83 root INFO Hypothesisam_0:float64, float64
[2023-01-13 00:28:56,457] 83 root INFO Hypothesisan_000:float64, float64
[2023-01-13 00:28:56,464] 83 root INFO Hypothesisao_000:float64, float64
[2023-01-13 00:28:56,471] 83 root INFO Hypothesisap_000:float64, float64
[2023-01-13 00:28:56,478] 83 root INFO Hypothesisaq_000:float64, float64
[2023-01-13 00:28:56,485] 83 root INFO Hypothesisar_000:float64, float64
[2023-01-13 00:28:56,500] 83 root INFO Hypothesisas_000:float64, float64
[2023-01-13 00:28:56,515] 83 root INFO Hypothesisat_000:float64, float64
[2023-01-13 00:28:56,531] 83 root INFO Hypothesisau_000:float64, float64
[2023-01-13 00:28:56,546] 83 root INFO Hypothesisav_000:float64, float64
[2023-01-13 00:28:56,552] 83 root INFO Hypothesisax_000:float64, float64
[2023-01-13 00:28:56,557] 83 root INFO Hypothesisay_000:float64, float64
[2023-01-13 00:28:56,571] 83 root INFO Hypothesisay_001:float64, float64
[2023-01-13 00:28:56,586] 83 root INFO Hypothesisay_002:float64, float64
[2023-01-13 00:28:56,601] 83 root INFO Hypothesisay_003:float64, float64
[2023-01-13 00:28:56,616] 83 root INFO Hypothesisay_004:float64, float64
[2023-01-13 00:28:56,631] 83 root INFO Hypothesisay_005:float64, float64
[2023-01-13 00:28:56,636] 83 root INFO Hypothesisay_006:float64, float64
[2023-01-13 00:28:56,642] 83 root INFO Hypothesisay_007:float64, float64
[2023-01-13 00:28:56,649] 83 root INFO Hypothesisay_008:float64, float64
[2023-01-13 00:28:56,656] 83 root INFO Hypothesisay_009:float64, float64
[2023-01-13 00:28:56,670] 83 root INFO Hypothesisaz_000:float64, float64
[2023-01-13 00:28:56,677] 83 root INFO Hypothesisaz_001:float64, float64
[2023-01-13 00:28:56,683] 83 root INFO Hypothesisaz_002:float64, float64
[2023-01-13 00:28:56,690] 83 root INFO Hypothesisaz_003:float64, float64
[2023-01-13 00:28:56,696] 83 root INFO Hypothesisaz_004:float64, float64
[2023-01-13 00:28:56,703] 83 root INFO Hypothesisaz_005:float64, float64
[2023-01-13 00:28:56,710] 83 root INFO Hypothesisaz_006:float64, float64
[2023-01-13 00:28:56,716] 83 root INFO Hypothesisaz_007:float64, float64
[2023-01-13 00:28:56,721] 83 root INFO Hypothesisaz_008:float64, float64
[2023-01-13 00:28:56,736] 83 root INFO Hypothesisaz_009:float64, float64
[2023-01-13 00:28:56,751] 83 root INFO Hypothesisba_000:float64, float64
[2023-01-13 00:28:56,758] 83 root INFO Hypothesisba_001:float64, float64
[2023-01-13 00:28:56,765] 83 root INFO Hypothesisba_002:float64, float64
[2023-01-13 00:28:56,772] 83 root INFO Hypothesisba_003:float64, float64
[2023-01-13 00:28:56,779] 83 root INFO Hypothesisba_004:float64, float64
[2023-01-13 00:28:56,786] 83 root INFO Hypothesisba_005:float64, float64
[2023-01-13 00:28:56,792] 83 root INFO Hypothesisba_006:float64, float64
[2023-01-13 00:28:56,799] 83 root INFO Hypothesisba_007:float64, float64
[2023-01-13 00:28:56,805] 83 root INFO Hypothesisba_008:float64, float64
[2023-01-13 00:28:56,811] 83 root INFO Hypothesisba_009:float64, float64
[2023-01-13 00:28:56,815] 83 root INFO Hypothesisbb_000:float64, float64
[2023-01-13 00:28:56,822] 83 root INFO Hypothesisbc_000:float64, float64
[2023-01-13 00:28:56,828] 83 root INFO Hypothesisbd_000:float64, float64
[2023-01-13 00:28:56,833] 83 root INFO Hypothesisbe_000:float64, float64
[2023-01-13 00:28:56,839] 83 root INFO Hypothesisbf_000:float64, float64
[2023-01-13 00:28:56,844] 83 root INFO Hypothesisbg_000:float64, float64
[2023-01-13 00:28:56,851] 83 root INFO Hypothesisbh_000:float64, float64
[2023-01-13 00:28:56,858] 83 root INFO Hypothesisbi_000:float64, float64
[2023-01-13 00:28:56,865] 83 root INFO Hypothesisbj_000:float64, float64
[2023-01-13 00:28:56,872] 83 root INFO Hypothesisbk_000:float64, float64
[2023-01-13 00:28:56,878] 83 root INFO Hypothesisbl_000:float64, float64
[2023-01-13 00:28:56,883] 83 root INFO Hypothesisbm_000:float64, float64
[2023-01-13 00:28:56,887] 83 root INFO Hypothesisbs_000:float64, float64
[2023-01-13 00:28:56,894] 83 root INFO Hypothesisbt_000:float64, float64
[2023-01-13 00:28:56,903] 83 root INFO Hypothesisbu_000:float64, float64
[2023-01-13 00:28:56,910] 83 root INFO Hypothesisbv_000:float64, float64
[2023-01-13 00:28:56,917] 83 root INFO Hypothesisbx_000:float64, float64
[2023-01-13 00:28:56,924] 83 root INFO Hypothesisby_000:float64, float64
[2023-01-13 00:28:56,931] 83 root INFO Hypothesisbz_000:float64, float64
[2023-01-13 00:28:56,937] 83 root INFO Hypothesisca_000:float64, float64
[2023-01-13 00:28:56,944] 83 root INFO Hypothesiscb_000:float64, float64
[2023-01-13 00:28:56,951] 83 root INFO Hypothesiscc_000:float64, float64
[2023-01-13 00:28:56,958] 83 root INFO Hypothesiscd_000:float64, float64
[2023-01-13 00:28:56,972] 83 root INFO Hypothesisce_000:float64, float64
[2023-01-13 00:28:56,979] 83 root INFO Hypothesiscf_000:float64, float64
[2023-01-13 00:28:56,983] 83 root INFO Hypothesiscg_000:float64, float64
[2023-01-13 00:28:56,987] 83 root INFO Hypothesisch_000:float64, float64
[2023-01-13 00:28:56,991] 83 root INFO Hypothesisci_000:float64, float64
[2023-01-13 00:28:56,998] 83 root INFO Hypothesiscj_000:float64, float64
[2023-01-13 00:28:57,002] 83 root INFO Hypothesisck_000:float64, float64
[2023-01-13 00:28:57,009] 83 root INFO Hypothesiscl_000:float64, float64
[2023-01-13 00:28:57,014] 83 root INFO Hypothesiscm_000:float64, float64
[2023-01-13 00:28:57,018] 83 root INFO Hypothesiscn_000:float64, float64
[2023-01-13 00:28:57,033] 83 root INFO Hypothesiscn_001:float64, float64
[2023-01-13 00:28:57,037] 83 root INFO Hypothesiscn_002:float64, float64
[2023-01-13 00:28:57,043] 83 root INFO Hypothesiscn_003:float64, float64
[2023-01-13 00:28:57,049] 83 root INFO Hypothesiscn_004:float64, float64
[2023-01-13 00:28:57,056] 83 root INFO Hypothesiscn_005:float64, float64
[2023-01-13 00:28:57,064] 83 root INFO Hypothesiscn_006:float64, float64
[2023-01-13 00:28:57,070] 83 root INFO Hypothesiscn_007:float64, float64
[2023-01-13 00:28:57,077] 83 root INFO Hypothesiscn_008:float64, float64
[2023-01-13 00:28:57,083] 83 root INFO Hypothesiscn_009:float64, float64
[2023-01-13 00:28:57,088] 83 root INFO Hypothesisco_000:float64, float64
[2023-01-13 00:28:57,093] 83 root INFO Hypothesiscp_000:float64, float64
[2023-01-13 00:28:57,098] 83 root INFO Hypothesiscq_000:float64, float64
[2023-01-13 00:28:57,105] 83 root INFO Hypothesiscs_000:float64, float64
[2023-01-13 00:28:57,112] 83 root INFO Hypothesiscs_001:float64, float64
[2023-01-13 00:28:57,117] 83 root INFO Hypothesiscs_002:float64, float64
[2023-01-13 00:28:57,124] 83 root INFO Hypothesiscs_003:float64, float64
[2023-01-13 00:28:57,131] 83 root INFO Hypothesiscs_004:float64, float64
[2023-01-13 00:28:57,138] 83 root INFO Hypothesiscs_005:float64, float64
[2023-01-13 00:28:57,145] 83 root INFO Hypothesiscs_006:float64, float64
[2023-01-13 00:28:57,152] 83 root INFO Hypothesiscs_007:float64, float64
[2023-01-13 00:28:57,159] 83 root INFO Hypothesiscs_008:float64, float64
[2023-01-13 00:28:57,164] 83 root INFO Hypothesiscs_009:float64, float64
[2023-01-13 00:28:57,179] 83 root INFO Hypothesisct_000:float64, float64
[2023-01-13 00:28:57,185] 83 root INFO Hypothesiscu_000:float64, float64
[2023-01-13 00:28:57,190] 83 root INFO Hypothesiscv_000:float64, float64
[2023-01-13 00:28:57,197] 83 root INFO Hypothesiscx_000:float64, float64
[2023-01-13 00:28:57,203] 83 root INFO Hypothesiscy_000:float64, float64
[2023-01-13 00:28:57,206] 83 root INFO Hypothesiscz_000:float64, float64
[2023-01-13 00:28:57,212] 83 root INFO Hypothesisda_000:float64, float64
[2023-01-13 00:28:57,215] 83 root INFO Hypothesisdb_000:float64, float64
[2023-01-13 00:28:57,220] 83 root INFO Hypothesisdc_000:float64, float64
[2023-01-13 00:28:57,226] 83 root INFO Hypothesisdd_000:float64, float64
[2023-01-13 00:28:57,232] 83 root INFO Hypothesisde_000:float64, float64
[2023-01-13 00:28:57,238] 83 root INFO Hypothesisdf_000:float64, float64
[2023-01-13 00:28:57,241] 83 root INFO Hypothesisdg_000:float64, float64
[2023-01-13 00:28:57,244] 83 root INFO Hypothesisdh_000:float64, float64
[2023-01-13 00:28:57,248] 83 root INFO Hypothesisdi_000:float64, float64
[2023-01-13 00:28:57,252] 83 root INFO Hypothesisdj_000:float64, float64
[2023-01-13 00:28:57,267] 83 root INFO Hypothesisdk_000:float64, float64
[2023-01-13 00:28:57,270] 83 root INFO Hypothesisdl_000:float64, float64
[2023-01-13 00:28:57,286] 83 root INFO Hypothesisdm_000:float64, float64
[2023-01-13 00:28:57,301] 83 root INFO Hypothesisdn_000:float64, float64
[2023-01-13 00:28:57,308] 83 root INFO Hypothesisdo_000:float64, float64
[2023-01-13 00:28:57,314] 83 root INFO Hypothesisdp_000:float64, float64
[2023-01-13 00:28:57,320] 83 root INFO Hypothesisdq_000:float64, float64
[2023-01-13 00:28:57,325] 83 root INFO Hypothesisdr_000:float64, float64
[2023-01-13 00:28:57,329] 83 root INFO Hypothesisds_000:float64, float64
[2023-01-13 00:28:57,336] 83 root INFO Hypothesisdt_000:float64, float64
[2023-01-13 00:28:57,342] 83 root INFO Hypothesisdu_000:float64, float64
[2023-01-13 00:28:57,349] 83 root INFO Hypothesisdv_000:float64, float64
[2023-01-13 00:28:57,356] 83 root INFO Hypothesisdx_000:float64, float64
[2023-01-13 00:28:57,360] 83 root INFO Hypothesisdy_000:float64, float64
[2023-01-13 00:28:57,365] 83 root INFO Hypothesisdz_000:float64, float64
[2023-01-13 00:28:57,380] 83 root INFO Hypothesisea_000:float64, float64
[2023-01-13 00:28:57,395] 83 root INFO Hypothesiseb_000:float64, float64
[2023-01-13 00:28:57,404] 83 root INFO Hypothesisec_00:float64, float64
[2023-01-13 00:28:57,411] 83 root INFO Hypothesised_000:float64, float64
[2023-01-13 00:28:57,417] 83 root INFO Hypothesisee_000:float64, float64
[2023-01-13 00:28:57,425] 83 root INFO Hypothesisee_001:float64, float64
[2023-01-13 00:28:57,433] 83 root INFO Hypothesisee_002:float64, float64
[2023-01-13 00:28:57,440] 83 root INFO Hypothesisee_003:float64, float64
[2023-01-13 00:28:57,447] 83 root INFO Hypothesisee_004:float64, float64
[2023-01-13 00:28:57,454] 83 root INFO Hypothesisee_005:float64, float64
[2023-01-13 00:28:57,461] 83 root INFO Hypothesisee_006:float64, float64
[2023-01-13 00:28:57,467] 83 root INFO Hypothesisee_007:float64, float64
[2023-01-13 00:28:57,474] 83 root INFO Hypothesisee_008:float64, float64
[2023-01-13 00:28:57,480] 83 root INFO Hypothesisee_009:float64, float64
[2023-01-13 00:28:57,485] 83 root INFO Hypothesisef_000:float64, float64
[2023-01-13 00:28:57,501] 83 root INFO Hypothesiseg_000:float64, float64
[2023-01-13 00:28:57,516] 149 root INFO Write reprt in yaml file
[2023-01-13 00:28:57,690] 154 root INFO Data validation artifact: DataValidationArtifact(report_file_path='/config/workspace/artifact/01132023__002831/data_validation/report.ymal')
[2023-01-13 00:28:57,695] 21 root INFO >>>>>>>>>>>>>>>>>>>>>>>>>>>>>>>>>>>>>>>> Data Transformation <<<<<<<<<<<<<<<<<<<<<<<<<<<<<<<<<<<<<<<<
[2023-01-13 00:28:58,598] 72 root INFO Before resampling in traning set input: (28950, 170) Target:0        neg
1        neg
2        neg
3        neg
4        neg
        ... 
28945    neg
28946    neg
28947    neg
28948    neg
28949    neg
Name: class, Length: 28950, dtype: object
[2023-01-13 00:29:03,861] 74 root INFO After resampling in traning set input: (56152, 170) Target:0        neg
1        neg
2        neg
3        neg
4        neg
        ... 
28945    neg
28946    neg
28947    neg
28948    neg
28949    neg
Name: class, Length: 28950, dtype: object
[2023-01-13 00:29:03,862] 76 root INFO Before resampling in testing set Input: (7238, 170) Target:0       neg
1       neg
2       neg
3       neg
4       neg
       ... 
7233    neg
7234    neg
7235    neg
7236    neg
7237    neg
Name: class, Length: 7238, dtype: object
[2023-01-13 00:29:04,475] 78 root INFO After resampling in testing set Input: (14072, 170) Target:0       neg
1       neg
2       neg
3       neg
4       neg
       ... 
7233    neg
7234    neg
7235    neg
7236    neg
7237    neg
Name: class, Length: 7238, dtype: object
[2023-01-13 00:29:04,757] 56 root INFO Entered the save_object method of utils
[2023-01-13 00:29:04,759] 60 root INFO Exited the save_object method of utils
[2023-01-13 00:29:04,760] 56 root INFO Entered the save_object method of utils
[2023-01-13 00:29:04,760] 60 root INFO Exited the save_object method of utils
[2023-01-13 00:29:04,760] 98 root INFO Data transformation object DataTransformationArtifact(transform_object_path='/config/workspace/artifact/01132023__002831/data_transformation/transformer/transformer.pkl', transformed_train_path='/config/workspace/artifact/01132023__002831/data_transformation/transformed/train.npz', transformed_test_path='/config/workspace/artifact/01132023__002831/data_transformation/transformed/test.npz', target_encoder_path='/config/workspace/artifact/01132023__002831/data_transformation/target_encoder/target_encoder.pkl')
[2023-01-13 00:29:04,781] 15 root INFO >>>>>>>>>>>>>>>>>>>>>>>>>>>>>>>>>>>>>>>> Model Trainer <<<<<<<<<<<<<<<<<<<<<<<<<<<<<<<<<<<<<<<<
[2023-01-13 00:29:04,782] 31 root INFO Loading train and test array.
