[2023-01-13 11:59:12,392] 22 root INFO This line will create the folder name as artifact in current directory with proper timestamp and date
[2023-01-13 11:59:12,393] 16 root INFO >>>>>>>>>>>>>>>>>>>>>>>>>>>>>>>>>>>>>>>> Data Ingestion <<<<<<<<<<<<<<<<<<<<<<<<<<<<<<<<<<<<<<<<
[2023-01-13 11:59:12,393] 27 root INFO Exporting collection data as pandas dataframe
[2023-01-13 11:59:12,393] 23 root INFO Reading data from database: aps and collection: sensor
[2023-01-13 11:59:16,120] 25 root INFO Found columns: Index(['_id', 'class', 'aa_000', 'ab_000', 'ac_000', 'ad_000', 'ae_000',
       'af_000', 'ag_000', 'ag_001',
       ...
       'ee_002', 'ee_003', 'ee_004', 'ee_005', 'ee_006', 'ee_007', 'ee_008',
       'ee_009', 'ef_000', 'eg_000'],
      dtype='object', length=172)
[2023-01-13 11:59:16,120] 27 root INFO Dropping column: _id 
[2023-01-13 11:59:16,323] 29 root INFO Row and columns in df: (36188, 171)
[2023-01-13 11:59:16,323] 33 root INFO Save data in feature store
[2023-01-13 11:59:16,870] 39 root INFO Create feature store folder if not available
[2023-01-13 11:59:16,871] 43 root INFO Save df to feature store folder
[2023-01-13 11:59:19,369] 48 root INFO split dataset into train and test set
[2023-01-13 11:59:19,913] 52 root INFO create dataset directory folder if not available
[2023-01-13 11:59:19,913] 57 root INFO Save df to feature store folder
[2023-01-13 11:59:22,139] 69 root INFO Data ingestion artifact: DataIngestionArtifact(feature_store_file_path='/config/workspace/artifact/01132023__115912/data_ingetion/feature_store/sensor.csv', train_file_path='/config/workspace/artifact/01132023__115912/data_ingetion/dataset/train.csv', test_file_path='/config/workspace/artifact/01132023__115912/data_ingetion/dataset/test.csv')
[2023-01-13 11:59:22,565] 19 root INFO >>>>>>>>>>>>>>>>>>>>>>>>>>>>>>>>>>>>>>>> Data Validation <<<<<<<<<<<<<<<<<<<<<<<<<<<<<<<<<<<<<<<<
[2023-01-13 11:59:22,565] 107 root INFO Reading base dataframe
[2023-01-13 11:59:25,420] 111 root INFO Replace na value in base df
[2023-01-13 11:59:25,421] 114 root INFO Drop null values colums from base df
[2023-01-13 11:59:26,349] 40 root INFO selecting column name which contains null above to 0.7
[2023-01-13 11:59:26,350] 43 root INFO Columns to drop: ['ab_000', 'bn_000', 'bo_000', 'bp_000', 'bq_000', 'br_000', 'cr_000']
[2023-01-13 11:59:26,431] 117 root INFO Reading train dataframe
[2023-01-13 11:59:26,804] 119 root INFO Reading test dataframe
[2023-01-13 11:59:26,902] 122 root INFO Drop null values colums from train df
[2023-01-13 11:59:26,914] 40 root INFO selecting column name which contains null above to 0.7
[2023-01-13 11:59:26,914] 43 root INFO Columns to drop: ['ab_000', 'bn_000', 'bo_000', 'bp_000', 'bq_000', 'br_000', 'cr_000']
[2023-01-13 11:59:26,924] 124 root INFO Drop null values colums from test df
[2023-01-13 11:59:26,929] 40 root INFO selecting column name which contains null above to 0.7
[2023-01-13 11:59:26,929] 43 root INFO Columns to drop: ['ab_000', 'bn_000', 'bo_000', 'bp_000', 'bq_000', 'br_000', 'cr_000']
[2023-01-13 11:59:34,125] 132 root INFO Is all required columns present in train df
[2023-01-13 11:59:34,125] 135 root INFO Is all required columns present in test df
[2023-01-13 11:59:34,126] 139 root INFO As all column are available in train df hence detecting data drift
[2023-01-13 11:59:34,126] 83 root INFO Hypothesisclass:object, object
[2023-01-13 11:59:34,259] 83 root INFO Hypothesisaa_000:float64, float64
[2023-01-13 11:59:34,269] 83 root INFO Hypothesisac_000:float64, float64
[2023-01-13 11:59:34,309] 83 root INFO Hypothesisad_000:float64, float64
[2023-01-13 11:59:34,316] 83 root INFO Hypothesisae_000:float64, float64
[2023-01-13 11:59:34,352] 83 root INFO Hypothesisaf_000:float64, float64
[2023-01-13 11:59:34,389] 83 root INFO Hypothesisag_000:float64, float64
[2023-01-13 11:59:34,425] 83 root INFO Hypothesisag_001:float64, float64
[2023-01-13 11:59:34,459] 83 root INFO Hypothesisag_002:float64, float64
[2023-01-13 11:59:34,496] 83 root INFO Hypothesisag_003:float64, float64
[2023-01-13 11:59:34,502] 83 root INFO Hypothesisag_004:float64, float64
[2023-01-13 11:59:34,512] 83 root INFO Hypothesisag_005:float64, float64
[2023-01-13 11:59:34,522] 83 root INFO Hypothesisag_006:float64, float64
[2023-01-13 11:59:34,533] 83 root INFO Hypothesisag_007:float64, float64
[2023-01-13 11:59:34,542] 83 root INFO Hypothesisag_008:float64, float64
[2023-01-13 11:59:34,550] 83 root INFO Hypothesisag_009:float64, float64
[2023-01-13 11:59:34,557] 83 root INFO Hypothesisah_000:float64, float64
[2023-01-13 11:59:34,568] 83 root INFO Hypothesisai_000:float64, float64
[2023-01-13 11:59:34,604] 83 root INFO Hypothesisaj_000:float64, float64
[2023-01-13 11:59:34,610] 83 root INFO Hypothesisak_000:float64, float64
[2023-01-13 11:59:34,647] 83 root INFO Hypothesisal_000:float64, float64
[2023-01-13 11:59:34,659] 83 root INFO Hypothesisam_0:float64, float64
[2023-01-13 11:59:34,666] 83 root INFO Hypothesisan_000:float64, float64
[2023-01-13 11:59:34,677] 83 root INFO Hypothesisao_000:float64, float64
[2023-01-13 11:59:34,687] 83 root INFO Hypothesisap_000:float64, float64
[2023-01-13 11:59:34,698] 83 root INFO Hypothesisaq_000:float64, float64
[2023-01-13 11:59:34,708] 83 root INFO Hypothesisar_000:float64, float64
[2023-01-13 11:59:34,744] 83 root INFO Hypothesisas_000:float64, float64
[2023-01-13 11:59:34,779] 83 root INFO Hypothesisat_000:float64, float64
[2023-01-13 11:59:34,814] 83 root INFO Hypothesisau_000:float64, float64
[2023-01-13 11:59:34,849] 83 root INFO Hypothesisav_000:float64, float64
[2023-01-13 11:59:34,857] 83 root INFO Hypothesisax_000:float64, float64
[2023-01-13 11:59:34,865] 83 root INFO Hypothesisay_000:float64, float64
[2023-01-13 11:59:34,901] 83 root INFO Hypothesisay_001:float64, float64
[2023-01-13 11:59:34,937] 83 root INFO Hypothesisay_002:float64, float64
[2023-01-13 11:59:34,973] 83 root INFO Hypothesisay_003:float64, float64
[2023-01-13 11:59:35,009] 83 root INFO Hypothesisay_004:float64, float64
[2023-01-13 11:59:35,044] 83 root INFO Hypothesisay_005:float64, float64
[2023-01-13 11:59:35,084] 83 root INFO Hypothesisay_006:float64, float64
[2023-01-13 11:59:35,093] 83 root INFO Hypothesisay_007:float64, float64
[2023-01-13 11:59:35,103] 83 root INFO Hypothesisay_008:float64, float64
[2023-01-13 11:59:35,113] 83 root INFO Hypothesisay_009:float64, float64
[2023-01-13 11:59:35,148] 83 root INFO Hypothesisaz_000:float64, float64
[2023-01-13 11:59:35,158] 83 root INFO Hypothesisaz_001:float64, float64
[2023-01-13 11:59:35,167] 83 root INFO Hypothesisaz_002:float64, float64
[2023-01-13 11:59:35,177] 83 root INFO Hypothesisaz_003:float64, float64
[2023-01-13 11:59:35,187] 83 root INFO Hypothesisaz_004:float64, float64
[2023-01-13 11:59:35,197] 83 root INFO Hypothesisaz_005:float64, float64
[2023-01-13 11:59:35,207] 83 root INFO Hypothesisaz_006:float64, float64
[2023-01-13 11:59:35,248] 83 root INFO Hypothesisaz_007:float64, float64
[2023-01-13 11:59:35,286] 83 root INFO Hypothesisaz_008:float64, float64
[2023-01-13 11:59:35,322] 83 root INFO Hypothesisaz_009:float64, float64
[2023-01-13 11:59:35,357] 83 root INFO Hypothesisba_000:float64, float64
[2023-01-13 11:59:35,368] 83 root INFO Hypothesisba_001:float64, float64
[2023-01-13 11:59:35,378] 83 root INFO Hypothesisba_002:float64, float64
[2023-01-13 11:59:35,389] 83 root INFO Hypothesisba_003:float64, float64
[2023-01-13 11:59:35,399] 83 root INFO Hypothesisba_004:float64, float64
[2023-01-13 11:59:35,409] 83 root INFO Hypothesisba_005:float64, float64
[2023-01-13 11:59:35,420] 83 root INFO Hypothesisba_006:float64, float64
[2023-01-13 11:59:35,430] 83 root INFO Hypothesisba_007:float64, float64
[2023-01-13 11:59:35,439] 83 root INFO Hypothesisba_008:float64, float64
[2023-01-13 11:59:35,478] 83 root INFO Hypothesisba_009:float64, float64
[2023-01-13 11:59:35,516] 83 root INFO Hypothesisbb_000:float64, float64
[2023-01-13 11:59:35,526] 83 root INFO Hypothesisbc_000:float64, float64
[2023-01-13 11:59:35,565] 83 root INFO Hypothesisbd_000:float64, float64
[2023-01-13 11:59:35,574] 83 root INFO Hypothesisbe_000:float64, float64
[2023-01-13 11:59:35,582] 83 root INFO Hypothesisbf_000:float64, float64
[2023-01-13 11:59:35,589] 83 root INFO Hypothesisbg_000:float64, float64
[2023-01-13 11:59:35,599] 83 root INFO Hypothesisbh_000:float64, float64
[2023-01-13 11:59:35,609] 83 root INFO Hypothesisbi_000:float64, float64
[2023-01-13 11:59:35,622] 83 root INFO Hypothesisbj_000:float64, float64
[2023-01-13 11:59:35,632] 83 root INFO Hypothesisbk_000:float64, float64
[2023-01-13 11:59:35,641] 83 root INFO Hypothesisbl_000:float64, float64
[2023-01-13 11:59:35,649] 83 root INFO Hypothesisbm_000:float64, float64
[2023-01-13 11:59:35,655] 83 root INFO Hypothesisbs_000:float64, float64
[2023-01-13 11:59:35,665] 83 root INFO Hypothesisbt_000:float64, float64
[2023-01-13 11:59:35,676] 83 root INFO Hypothesisbu_000:float64, float64
[2023-01-13 11:59:35,686] 83 root INFO Hypothesisbv_000:float64, float64
[2023-01-13 11:59:35,696] 83 root INFO Hypothesisbx_000:float64, float64
[2023-01-13 11:59:35,706] 83 root INFO Hypothesisby_000:float64, float64
[2023-01-13 11:59:35,716] 83 root INFO Hypothesisbz_000:float64, float64
[2023-01-13 11:59:35,725] 83 root INFO Hypothesisca_000:float64, float64
[2023-01-13 11:59:35,736] 83 root INFO Hypothesiscb_000:float64, float64
[2023-01-13 11:59:35,746] 83 root INFO Hypothesiscc_000:float64, float64
[2023-01-13 11:59:35,757] 83 root INFO Hypothesiscd_000:float64, float64
[2023-01-13 11:59:35,792] 83 root INFO Hypothesisce_000:float64, float64
[2023-01-13 11:59:35,802] 83 root INFO Hypothesiscf_000:float64, float64
[2023-01-13 11:59:35,807] 83 root INFO Hypothesiscg_000:float64, float64
[2023-01-13 11:59:35,814] 83 root INFO Hypothesisch_000:float64, float64
[2023-01-13 11:59:35,853] 83 root INFO Hypothesisci_000:float64, float64
[2023-01-13 11:59:35,864] 83 root INFO Hypothesiscj_000:float64, float64
[2023-01-13 11:59:35,901] 83 root INFO Hypothesisck_000:float64, float64
[2023-01-13 11:59:35,911] 83 root INFO Hypothesiscl_000:float64, float64
[2023-01-13 11:59:35,918] 83 root INFO Hypothesiscm_000:float64, float64
[2023-01-13 11:59:35,925] 83 root INFO Hypothesiscn_000:float64, float64
[2023-01-13 11:59:35,960] 83 root INFO Hypothesiscn_001:float64, float64
[2023-01-13 11:59:35,997] 83 root INFO Hypothesiscn_002:float64, float64
[2023-01-13 11:59:36,005] 83 root INFO Hypothesiscn_003:float64, float64
[2023-01-13 11:59:36,016] 83 root INFO Hypothesiscn_004:float64, float64
[2023-01-13 11:59:36,026] 83 root INFO Hypothesiscn_005:float64, float64
[2023-01-13 11:59:36,036] 83 root INFO Hypothesiscn_006:float64, float64
[2023-01-13 11:59:36,046] 83 root INFO Hypothesiscn_007:float64, float64
[2023-01-13 11:59:36,056] 83 root INFO Hypothesiscn_008:float64, float64
[2023-01-13 11:59:36,065] 83 root INFO Hypothesiscn_009:float64, float64
[2023-01-13 11:59:36,104] 83 root INFO Hypothesisco_000:float64, float64
[2023-01-13 11:59:36,110] 83 root INFO Hypothesiscp_000:float64, float64
[2023-01-13 11:59:36,149] 83 root INFO Hypothesiscq_000:float64, float64
[2023-01-13 11:59:36,160] 83 root INFO Hypothesiscs_000:float64, float64
[2023-01-13 11:59:36,170] 83 root INFO Hypothesiscs_001:float64, float64
[2023-01-13 11:59:36,178] 83 root INFO Hypothesiscs_002:float64, float64
[2023-01-13 11:59:36,188] 83 root INFO Hypothesiscs_003:float64, float64
[2023-01-13 11:59:36,198] 83 root INFO Hypothesiscs_004:float64, float64
[2023-01-13 11:59:36,208] 83 root INFO Hypothesiscs_005:float64, float64
[2023-01-13 11:59:36,219] 83 root INFO Hypothesiscs_006:float64, float64
[2023-01-13 11:59:36,229] 83 root INFO Hypothesiscs_007:float64, float64
[2023-01-13 11:59:36,239] 83 root INFO Hypothesiscs_008:float64, float64
[2023-01-13 11:59:36,278] 83 root INFO Hypothesiscs_009:float64, float64
[2023-01-13 11:59:36,313] 83 root INFO Hypothesisct_000:float64, float64
[2023-01-13 11:59:36,321] 83 root INFO Hypothesiscu_000:float64, float64
[2023-01-13 11:59:36,329] 83 root INFO Hypothesiscv_000:float64, float64
[2023-01-13 11:59:36,338] 83 root INFO Hypothesiscx_000:float64, float64
[2023-01-13 11:59:36,347] 83 root INFO Hypothesiscy_000:float64, float64
[2023-01-13 11:59:36,352] 83 root INFO Hypothesiscz_000:float64, float64
[2023-01-13 11:59:36,360] 83 root INFO Hypothesisda_000:float64, float64
[2023-01-13 11:59:36,365] 83 root INFO Hypothesisdb_000:float64, float64
[2023-01-13 11:59:36,371] 83 root INFO Hypothesisdc_000:float64, float64
[2023-01-13 11:59:36,380] 83 root INFO Hypothesisdd_000:float64, float64
[2023-01-13 11:59:36,389] 83 root INFO Hypothesisde_000:float64, float64
[2023-01-13 11:59:36,398] 83 root INFO Hypothesisdf_000:float64, float64
[2023-01-13 11:59:36,433] 83 root INFO Hypothesisdg_000:float64, float64
[2023-01-13 11:59:36,470] 83 root INFO Hypothesisdh_000:float64, float64
[2023-01-13 11:59:36,475] 83 root INFO Hypothesisdi_000:float64, float64
[2023-01-13 11:59:36,513] 83 root INFO Hypothesisdj_000:float64, float64
[2023-01-13 11:59:36,550] 83 root INFO Hypothesisdk_000:float64, float64
[2023-01-13 11:59:36,586] 83 root INFO Hypothesisdl_000:float64, float64
[2023-01-13 11:59:36,621] 83 root INFO Hypothesisdm_000:float64, float64
[2023-01-13 11:59:36,661] 83 root INFO Hypothesisdn_000:float64, float64
[2023-01-13 11:59:36,672] 83 root INFO Hypothesisdo_000:float64, float64
[2023-01-13 11:59:36,681] 83 root INFO Hypothesisdp_000:float64, float64
[2023-01-13 11:59:36,690] 83 root INFO Hypothesisdq_000:float64, float64
[2023-01-13 11:59:36,728] 83 root INFO Hypothesisdr_000:float64, float64
[2023-01-13 11:59:36,765] 83 root INFO Hypothesisds_000:float64, float64
[2023-01-13 11:59:36,775] 83 root INFO Hypothesisdt_000:float64, float64
[2023-01-13 11:59:36,786] 83 root INFO Hypothesisdu_000:float64, float64
[2023-01-13 11:59:36,796] 83 root INFO Hypothesisdv_000:float64, float64
[2023-01-13 11:59:36,806] 83 root INFO Hypothesisdx_000:float64, float64
[2023-01-13 11:59:36,845] 83 root INFO Hypothesisdy_000:float64, float64
[2023-01-13 11:59:36,883] 83 root INFO Hypothesisdz_000:float64, float64
[2023-01-13 11:59:36,919] 83 root INFO Hypothesisea_000:float64, float64
[2023-01-13 11:59:36,954] 83 root INFO Hypothesiseb_000:float64, float64
[2023-01-13 11:59:36,963] 83 root INFO Hypothesisec_00:float64, float64
[2023-01-13 11:59:36,973] 83 root INFO Hypothesised_000:float64, float64
[2023-01-13 11:59:36,982] 83 root INFO Hypothesisee_000:float64, float64
[2023-01-13 11:59:36,992] 83 root INFO Hypothesisee_001:float64, float64
[2023-01-13 11:59:37,003] 83 root INFO Hypothesisee_002:float64, float64
[2023-01-13 11:59:37,013] 83 root INFO Hypothesisee_003:float64, float64
[2023-01-13 11:59:37,023] 83 root INFO Hypothesisee_004:float64, float64
[2023-01-13 11:59:37,033] 83 root INFO Hypothesisee_005:float64, float64
[2023-01-13 11:59:37,043] 83 root INFO Hypothesisee_006:float64, float64
[2023-01-13 11:59:37,053] 83 root INFO Hypothesisee_007:float64, float64
[2023-01-13 11:59:37,062] 83 root INFO Hypothesisee_008:float64, float64
[2023-01-13 11:59:37,071] 83 root INFO Hypothesisee_009:float64, float64
[2023-01-13 11:59:37,079] 83 root INFO Hypothesisef_000:float64, float64
[2023-01-13 11:59:37,114] 83 root INFO Hypothesiseg_000:float64, float64
[2023-01-13 11:59:37,150] 142 root INFO As all column are available in test df hence detecting data drift
[2023-01-13 11:59:37,150] 83 root INFO Hypothesisclass:object, object
[2023-01-13 11:59:37,224] 83 root INFO Hypothesisaa_000:float64, float64
[2023-01-13 11:59:37,231] 83 root INFO Hypothesisac_000:float64, float64
[2023-01-13 11:59:37,236] 83 root INFO Hypothesisad_000:float64, float64
[2023-01-13 11:59:37,241] 83 root INFO Hypothesisae_000:float64, float64
[2023-01-13 11:59:37,257] 83 root INFO Hypothesisaf_000:float64, float64
[2023-01-13 11:59:37,272] 83 root INFO Hypothesisag_000:float64, float64
[2023-01-13 11:59:37,286] 83 root INFO Hypothesisag_001:float64, float64
[2023-01-13 11:59:37,301] 83 root INFO Hypothesisag_002:float64, float64
[2023-01-13 11:59:37,304] 83 root INFO Hypothesisag_003:float64, float64
[2023-01-13 11:59:37,309] 83 root INFO Hypothesisag_004:float64, float64
[2023-01-13 11:59:37,315] 83 root INFO Hypothesisag_005:float64, float64
[2023-01-13 11:59:37,322] 83 root INFO Hypothesisag_006:float64, float64
[2023-01-13 11:59:37,329] 83 root INFO Hypothesisag_007:float64, float64
[2023-01-13 11:59:37,336] 83 root INFO Hypothesisag_008:float64, float64
[2023-01-13 11:59:37,341] 83 root INFO Hypothesisag_009:float64, float64
[2023-01-13 11:59:37,346] 83 root INFO Hypothesisah_000:float64, float64
[2023-01-13 11:59:37,353] 83 root INFO Hypothesisai_000:float64, float64
[2023-01-13 11:59:37,356] 83 root INFO Hypothesisaj_000:float64, float64
[2023-01-13 11:59:37,360] 83 root INFO Hypothesisak_000:float64, float64
[2023-01-13 11:59:37,363] 83 root INFO Hypothesisal_000:float64, float64
[2023-01-13 11:59:37,368] 83 root INFO Hypothesisam_0:float64, float64
[2023-01-13 11:59:37,373] 83 root INFO Hypothesisan_000:float64, float64
[2023-01-13 11:59:37,380] 83 root INFO Hypothesisao_000:float64, float64
[2023-01-13 11:59:37,387] 83 root INFO Hypothesisap_000:float64, float64
[2023-01-13 11:59:37,394] 83 root INFO Hypothesisaq_000:float64, float64
[2023-01-13 11:59:37,401] 83 root INFO Hypothesisar_000:float64, float64
[2023-01-13 11:59:37,416] 83 root INFO Hypothesisas_000:float64, float64
[2023-01-13 11:59:37,431] 83 root INFO Hypothesisat_000:float64, float64
[2023-01-13 11:59:37,446] 83 root INFO Hypothesisau_000:float64, float64
[2023-01-13 11:59:37,461] 83 root INFO Hypothesisav_000:float64, float64
[2023-01-13 11:59:37,466] 83 root INFO Hypothesisax_000:float64, float64
[2023-01-13 11:59:37,472] 83 root INFO Hypothesisay_000:float64, float64
[2023-01-13 11:59:37,488] 83 root INFO Hypothesisay_001:float64, float64
[2023-01-13 11:59:37,504] 83 root INFO Hypothesisay_002:float64, float64
[2023-01-13 11:59:37,519] 83 root INFO Hypothesisay_003:float64, float64
[2023-01-13 11:59:37,534] 83 root INFO Hypothesisay_004:float64, float64
[2023-01-13 11:59:37,550] 83 root INFO Hypothesisay_005:float64, float64
[2023-01-13 11:59:37,555] 83 root INFO Hypothesisay_006:float64, float64
[2023-01-13 11:59:37,561] 83 root INFO Hypothesisay_007:float64, float64
[2023-01-13 11:59:37,569] 83 root INFO Hypothesisay_008:float64, float64
[2023-01-13 11:59:37,576] 83 root INFO Hypothesisay_009:float64, float64
[2023-01-13 11:59:37,593] 83 root INFO Hypothesisaz_000:float64, float64
[2023-01-13 11:59:37,599] 83 root INFO Hypothesisaz_001:float64, float64
[2023-01-13 11:59:37,606] 83 root INFO Hypothesisaz_002:float64, float64
[2023-01-13 11:59:37,613] 83 root INFO Hypothesisaz_003:float64, float64
[2023-01-13 11:59:37,619] 83 root INFO Hypothesisaz_004:float64, float64
[2023-01-13 11:59:37,626] 83 root INFO Hypothesisaz_005:float64, float64
[2023-01-13 11:59:37,633] 83 root INFO Hypothesisaz_006:float64, float64
[2023-01-13 11:59:37,639] 83 root INFO Hypothesisaz_007:float64, float64
[2023-01-13 11:59:37,643] 83 root INFO Hypothesisaz_008:float64, float64
[2023-01-13 11:59:37,659] 83 root INFO Hypothesisaz_009:float64, float64
[2023-01-13 11:59:37,674] 83 root INFO Hypothesisba_000:float64, float64
[2023-01-13 11:59:37,681] 83 root INFO Hypothesisba_001:float64, float64
[2023-01-13 11:59:37,688] 83 root INFO Hypothesisba_002:float64, float64
[2023-01-13 11:59:37,695] 83 root INFO Hypothesisba_003:float64, float64
[2023-01-13 11:59:37,702] 83 root INFO Hypothesisba_004:float64, float64
[2023-01-13 11:59:37,708] 83 root INFO Hypothesisba_005:float64, float64
[2023-01-13 11:59:37,715] 83 root INFO Hypothesisba_006:float64, float64
[2023-01-13 11:59:37,722] 83 root INFO Hypothesisba_007:float64, float64
[2023-01-13 11:59:37,728] 83 root INFO Hypothesisba_008:float64, float64
[2023-01-13 11:59:37,733] 83 root INFO Hypothesisba_009:float64, float64
[2023-01-13 11:59:37,738] 83 root INFO Hypothesisbb_000:float64, float64
[2023-01-13 11:59:37,744] 83 root INFO Hypothesisbc_000:float64, float64
[2023-01-13 11:59:37,750] 83 root INFO Hypothesisbd_000:float64, float64
[2023-01-13 11:59:37,755] 83 root INFO Hypothesisbe_000:float64, float64
[2023-01-13 11:59:37,761] 83 root INFO Hypothesisbf_000:float64, float64
[2023-01-13 11:59:37,765] 83 root INFO Hypothesisbg_000:float64, float64
[2023-01-13 11:59:37,772] 83 root INFO Hypothesisbh_000:float64, float64
[2023-01-13 11:59:37,779] 83 root INFO Hypothesisbi_000:float64, float64
[2023-01-13 11:59:37,786] 83 root INFO Hypothesisbj_000:float64, float64
[2023-01-13 11:59:37,793] 83 root INFO Hypothesisbk_000:float64, float64
[2023-01-13 11:59:37,799] 83 root INFO Hypothesisbl_000:float64, float64
[2023-01-13 11:59:37,804] 83 root INFO Hypothesisbm_000:float64, float64
[2023-01-13 11:59:37,809] 83 root INFO Hypothesisbs_000:float64, float64
[2023-01-13 11:59:37,816] 83 root INFO Hypothesisbt_000:float64, float64
[2023-01-13 11:59:37,823] 83 root INFO Hypothesisbu_000:float64, float64
[2023-01-13 11:59:37,829] 83 root INFO Hypothesisbv_000:float64, float64
[2023-01-13 11:59:37,836] 83 root INFO Hypothesisbx_000:float64, float64
[2023-01-13 11:59:37,843] 83 root INFO Hypothesisby_000:float64, float64
[2023-01-13 11:59:37,850] 83 root INFO Hypothesisbz_000:float64, float64
[2023-01-13 11:59:37,856] 83 root INFO Hypothesisca_000:float64, float64
[2023-01-13 11:59:37,864] 83 root INFO Hypothesiscb_000:float64, float64
[2023-01-13 11:59:37,872] 83 root INFO Hypothesiscc_000:float64, float64
[2023-01-13 11:59:37,879] 83 root INFO Hypothesiscd_000:float64, float64
[2023-01-13 11:59:37,894] 83 root INFO Hypothesisce_000:float64, float64
[2023-01-13 11:59:37,901] 83 root INFO Hypothesiscf_000:float64, float64
[2023-01-13 11:59:37,905] 83 root INFO Hypothesiscg_000:float64, float64
[2023-01-13 11:59:37,910] 83 root INFO Hypothesisch_000:float64, float64
[2023-01-13 11:59:37,915] 83 root INFO Hypothesisci_000:float64, float64
[2023-01-13 11:59:37,922] 83 root INFO Hypothesiscj_000:float64, float64
[2023-01-13 11:59:37,926] 83 root INFO Hypothesisck_000:float64, float64
[2023-01-13 11:59:37,934] 83 root INFO Hypothesiscl_000:float64, float64
[2023-01-13 11:59:37,938] 83 root INFO Hypothesiscm_000:float64, float64
[2023-01-13 11:59:37,944] 83 root INFO Hypothesiscn_000:float64, float64
[2023-01-13 11:59:37,959] 83 root INFO Hypothesiscn_001:float64, float64
[2023-01-13 11:59:37,963] 83 root INFO Hypothesiscn_002:float64, float64
[2023-01-13 11:59:37,968] 83 root INFO Hypothesiscn_003:float64, float64
[2023-01-13 11:59:37,975] 83 root INFO Hypothesiscn_004:float64, float64
[2023-01-13 11:59:37,982] 83 root INFO Hypothesiscn_005:float64, float64
[2023-01-13 11:59:37,989] 83 root INFO Hypothesiscn_006:float64, float64
[2023-01-13 11:59:37,996] 83 root INFO Hypothesiscn_007:float64, float64
[2023-01-13 11:59:38,002] 83 root INFO Hypothesiscn_008:float64, float64
[2023-01-13 11:59:38,008] 83 root INFO Hypothesiscn_009:float64, float64
[2023-01-13 11:59:38,013] 83 root INFO Hypothesisco_000:float64, float64
[2023-01-13 11:59:38,018] 83 root INFO Hypothesiscp_000:float64, float64
[2023-01-13 11:59:38,023] 83 root INFO Hypothesiscq_000:float64, float64
[2023-01-13 11:59:38,030] 83 root INFO Hypothesiscs_000:float64, float64
[2023-01-13 11:59:38,037] 83 root INFO Hypothesiscs_001:float64, float64
[2023-01-13 11:59:38,042] 83 root INFO Hypothesiscs_002:float64, float64
[2023-01-13 11:59:38,049] 83 root INFO Hypothesiscs_003:float64, float64
[2023-01-13 11:59:38,056] 83 root INFO Hypothesiscs_004:float64, float64
[2023-01-13 11:59:38,063] 83 root INFO Hypothesiscs_005:float64, float64
[2023-01-13 11:59:38,070] 83 root INFO Hypothesiscs_006:float64, float64
[2023-01-13 11:59:38,077] 83 root INFO Hypothesiscs_007:float64, float64
[2023-01-13 11:59:38,083] 83 root INFO Hypothesiscs_008:float64, float64
[2023-01-13 11:59:38,088] 83 root INFO Hypothesiscs_009:float64, float64
[2023-01-13 11:59:38,103] 83 root INFO Hypothesisct_000:float64, float64
[2023-01-13 11:59:38,109] 83 root INFO Hypothesiscu_000:float64, float64
[2023-01-13 11:59:38,114] 83 root INFO Hypothesiscv_000:float64, float64
[2023-01-13 11:59:38,120] 83 root INFO Hypothesiscx_000:float64, float64
[2023-01-13 11:59:38,126] 83 root INFO Hypothesiscy_000:float64, float64
[2023-01-13 11:59:38,130] 83 root INFO Hypothesiscz_000:float64, float64
[2023-01-13 11:59:38,135] 83 root INFO Hypothesisda_000:float64, float64
[2023-01-13 11:59:38,139] 83 root INFO Hypothesisdb_000:float64, float64
[2023-01-13 11:59:38,143] 83 root INFO Hypothesisdc_000:float64, float64
[2023-01-13 11:59:38,149] 83 root INFO Hypothesisdd_000:float64, float64
[2023-01-13 11:59:38,155] 83 root INFO Hypothesisde_000:float64, float64
[2023-01-13 11:59:38,161] 83 root INFO Hypothesisdf_000:float64, float64
[2023-01-13 11:59:38,164] 83 root INFO Hypothesisdg_000:float64, float64
[2023-01-13 11:59:38,167] 83 root INFO Hypothesisdh_000:float64, float64
[2023-01-13 11:59:38,171] 83 root INFO Hypothesisdi_000:float64, float64
[2023-01-13 11:59:38,174] 83 root INFO Hypothesisdj_000:float64, float64
[2023-01-13 11:59:38,189] 83 root INFO Hypothesisdk_000:float64, float64
[2023-01-13 11:59:38,193] 83 root INFO Hypothesisdl_000:float64, float64
[2023-01-13 11:59:38,208] 83 root INFO Hypothesisdm_000:float64, float64
[2023-01-13 11:59:38,223] 83 root INFO Hypothesisdn_000:float64, float64
[2023-01-13 11:59:38,230] 83 root INFO Hypothesisdo_000:float64, float64
[2023-01-13 11:59:38,236] 83 root INFO Hypothesisdp_000:float64, float64
[2023-01-13 11:59:38,242] 83 root INFO Hypothesisdq_000:float64, float64
[2023-01-13 11:59:38,246] 83 root INFO Hypothesisdr_000:float64, float64
[2023-01-13 11:59:38,251] 83 root INFO Hypothesisds_000:float64, float64
[2023-01-13 11:59:38,257] 83 root INFO Hypothesisdt_000:float64, float64
[2023-01-13 11:59:38,264] 83 root INFO Hypothesisdu_000:float64, float64
[2023-01-13 11:59:38,270] 83 root INFO Hypothesisdv_000:float64, float64
[2023-01-13 11:59:38,277] 83 root INFO Hypothesisdx_000:float64, float64
[2023-01-13 11:59:38,282] 83 root INFO Hypothesisdy_000:float64, float64
[2023-01-13 11:59:38,286] 83 root INFO Hypothesisdz_000:float64, float64
[2023-01-13 11:59:38,301] 83 root INFO Hypothesisea_000:float64, float64
[2023-01-13 11:59:38,317] 83 root INFO Hypothesiseb_000:float64, float64
[2023-01-13 11:59:38,322] 83 root INFO Hypothesisec_00:float64, float64
[2023-01-13 11:59:38,329] 83 root INFO Hypothesised_000:float64, float64
[2023-01-13 11:59:38,335] 83 root INFO Hypothesisee_000:float64, float64
[2023-01-13 11:59:38,342] 83 root INFO Hypothesisee_001:float64, float64
[2023-01-13 11:59:38,349] 83 root INFO Hypothesisee_002:float64, float64
[2023-01-13 11:59:38,356] 83 root INFO Hypothesisee_003:float64, float64
[2023-01-13 11:59:38,362] 83 root INFO Hypothesisee_004:float64, float64
[2023-01-13 11:59:38,369] 83 root INFO Hypothesisee_005:float64, float64
[2023-01-13 11:59:38,376] 83 root INFO Hypothesisee_006:float64, float64
[2023-01-13 11:59:38,382] 83 root INFO Hypothesisee_007:float64, float64
[2023-01-13 11:59:38,389] 83 root INFO Hypothesisee_008:float64, float64
[2023-01-13 11:59:38,395] 83 root INFO Hypothesisee_009:float64, float64
[2023-01-13 11:59:38,400] 83 root INFO Hypothesisef_000:float64, float64
[2023-01-13 11:59:38,415] 83 root INFO Hypothesiseg_000:float64, float64
[2023-01-13 11:59:38,430] 149 root INFO Write reprt in yaml file
[2023-01-13 11:59:38,616] 154 root INFO Data validation artifact: DataValidationArtifact(report_file_path='/config/workspace/artifact/01132023__115912/data_validation/report.ymal')
[2023-01-13 11:59:38,622] 21 root INFO >>>>>>>>>>>>>>>>>>>>>>>>>>>>>>>>>>>>>>>> Data Transformation <<<<<<<<<<<<<<<<<<<<<<<<<<<<<<<<<<<<<<<<
[2023-01-13 11:59:39,496] 72 root INFO Before resampling in traning set input: (28950, 170) Target:0        neg
1        neg
2        neg
3        neg
4        neg
        ... 
28945    neg
28946    neg
28947    neg
28948    neg
28949    neg
Name: class, Length: 28950, dtype: object
[2023-01-13 11:59:45,196] 74 root INFO After resampling in traning set input: (56152, 170) Target:0        neg
1        neg
2        neg
3        neg
4        neg
        ... 
28945    neg
28946    neg
28947    neg
28948    neg
28949    neg
Name: class, Length: 28950, dtype: object
[2023-01-13 11:59:45,197] 76 root INFO Before resampling in testing set Input: (7238, 170) Target:0       neg
1       neg
2       neg
3       neg
4       neg
       ... 
7233    neg
7234    neg
7235    neg
7236    neg
7237    neg
Name: class, Length: 7238, dtype: object
[2023-01-13 11:59:45,849] 78 root INFO After resampling in testing set Input: (14072, 170) Target:0       neg
1       neg
2       neg
3       neg
4       neg
       ... 
7233    neg
7234    neg
7235    neg
7236    neg
7237    neg
Name: class, Length: 7238, dtype: object
[2023-01-13 11:59:46,259] 56 root INFO Entered the save_object method of utils
[2023-01-13 11:59:46,263] 60 root INFO Exited the save_object method of utils
[2023-01-13 11:59:46,263] 56 root INFO Entered the save_object method of utils
[2023-01-13 11:59:46,263] 60 root INFO Exited the save_object method of utils
[2023-01-13 11:59:46,264] 98 root INFO Data transformation object DataTransformationArtifact(transform_object_path='/config/workspace/artifact/01132023__115912/data_transformation/transformer/transformer.pkl', transformed_train_path='/config/workspace/artifact/01132023__115912/data_transformation/transformed/train.npz', transformed_test_path='/config/workspace/artifact/01132023__115912/data_transformation/transformed/test.npz', target_encoder_path='/config/workspace/artifact/01132023__115912/data_transformation/target_encoder/target_encoder.pkl')
[2023-01-13 11:59:46,286] 15 root INFO >>>>>>>>>>>>>>>>>>>>>>>>>>>>>>>>>>>>>>>> Model Trainer <<<<<<<<<<<<<<<<<<<<<<<<<<<<<<<<<<<<<<<<
[2023-01-13 11:59:46,286] 31 root INFO Loading train and test array.
