[2023-01-14 10:56:17,113] 22 root INFO This line will create the folder name as artifact in current directory with proper timestamp and date
[2023-01-14 10:56:17,113] 16 root INFO >>>>>>>>>>>>>>>>>>>>>>>>>>>>>>>>>>>>>>>> Data Ingestion <<<<<<<<<<<<<<<<<<<<<<<<<<<<<<<<<<<<<<<<
[2023-01-14 10:56:17,113] 27 root INFO Exporting collection data as pandas dataframe
[2023-01-14 10:56:17,113] 23 root INFO Reading data from database: aps and collection: sensor
[2023-01-14 10:56:20,716] 25 root INFO Found columns: Index(['_id', 'class', 'aa_000', 'ab_000', 'ac_000', 'ad_000', 'ae_000',
       'af_000', 'ag_000', 'ag_001',
       ...
       'ee_002', 'ee_003', 'ee_004', 'ee_005', 'ee_006', 'ee_007', 'ee_008',
       'ee_009', 'ef_000', 'eg_000'],
      dtype='object', length=172)
[2023-01-14 10:56:20,716] 27 root INFO Dropping column: _id 
[2023-01-14 10:56:20,916] 29 root INFO Row and columns in df: (36188, 171)
[2023-01-14 10:56:20,916] 33 root INFO Save data in feature store
[2023-01-14 10:56:21,469] 39 root INFO Create feature store folder if not available
[2023-01-14 10:56:21,470] 43 root INFO Save df to feature store folder
[2023-01-14 10:56:23,942] 48 root INFO split dataset into train and test set
[2023-01-14 10:56:24,508] 52 root INFO create dataset directory folder if not available
[2023-01-14 10:56:24,509] 57 root INFO Save df to feature store folder
[2023-01-14 10:56:26,756] 69 root INFO Data ingestion artifact: DataIngestionArtifact(feature_store_file_path='/config/workspace/artifact/01142023__105617/data_ingetion/feature_store/sensor.csv', train_file_path='/config/workspace/artifact/01142023__105617/data_ingetion/dataset/train.csv', test_file_path='/config/workspace/artifact/01142023__105617/data_ingetion/dataset/test.csv')
[2023-01-14 10:56:27,140] 19 root INFO >>>>>>>>>>>>>>>>>>>>>>>>>>>>>>>>>>>>>>>> Data Validation <<<<<<<<<<<<<<<<<<<<<<<<<<<<<<<<<<<<<<<<
[2023-01-14 10:56:27,140] 107 root INFO Reading base dataframe
[2023-01-14 10:56:30,032] 111 root INFO Replace na value in base df
[2023-01-14 10:56:30,032] 114 root INFO Drop null values colums from base df
[2023-01-14 10:56:30,957] 40 root INFO selecting column name which contains null above to 0.7
[2023-01-14 10:56:30,958] 43 root INFO Columns to drop: ['ab_000', 'bn_000', 'bo_000', 'bp_000', 'bq_000', 'br_000', 'cr_000']
[2023-01-14 10:56:31,094] 117 root INFO Reading train dataframe
[2023-01-14 10:56:31,476] 119 root INFO Reading test dataframe
[2023-01-14 10:56:31,577] 122 root INFO Drop null values colums from train df
[2023-01-14 10:56:31,589] 40 root INFO selecting column name which contains null above to 0.7
[2023-01-14 10:56:31,589] 43 root INFO Columns to drop: ['ab_000', 'bn_000', 'bo_000', 'bp_000', 'bq_000', 'br_000', 'cr_000']
[2023-01-14 10:56:31,599] 124 root INFO Drop null values colums from test df
[2023-01-14 10:56:31,603] 40 root INFO selecting column name which contains null above to 0.7
[2023-01-14 10:56:31,603] 43 root INFO Columns to drop: ['ab_000', 'bn_000', 'bo_000', 'bp_000', 'bq_000', 'br_000', 'cr_000']
[2023-01-14 10:56:39,040] 132 root INFO Is all required columns present in train df
[2023-01-14 10:56:39,040] 135 root INFO Is all required columns present in test df
[2023-01-14 10:56:39,041] 139 root INFO As all column are available in train df hence detecting data drift
[2023-01-14 10:56:39,041] 83 root INFO Hypothesisclass:object, object
[2023-01-14 10:56:39,177] 83 root INFO Hypothesisaa_000:float64, float64
[2023-01-14 10:56:39,188] 83 root INFO Hypothesisac_000:float64, float64
[2023-01-14 10:56:39,229] 83 root INFO Hypothesisad_000:float64, float64
[2023-01-14 10:56:39,237] 83 root INFO Hypothesisae_000:float64, float64
[2023-01-14 10:56:39,274] 83 root INFO Hypothesisaf_000:float64, float64
[2023-01-14 10:56:39,311] 83 root INFO Hypothesisag_000:float64, float64
[2023-01-14 10:56:39,347] 83 root INFO Hypothesisag_001:float64, float64
[2023-01-14 10:56:39,383] 83 root INFO Hypothesisag_002:float64, float64
[2023-01-14 10:56:39,419] 83 root INFO Hypothesisag_003:float64, float64
[2023-01-14 10:56:39,425] 83 root INFO Hypothesisag_004:float64, float64
[2023-01-14 10:56:39,435] 83 root INFO Hypothesisag_005:float64, float64
[2023-01-14 10:56:39,446] 83 root INFO Hypothesisag_006:float64, float64
[2023-01-14 10:56:39,456] 83 root INFO Hypothesisag_007:float64, float64
[2023-01-14 10:56:39,465] 83 root INFO Hypothesisag_008:float64, float64
[2023-01-14 10:56:39,474] 83 root INFO Hypothesisag_009:float64, float64
[2023-01-14 10:56:39,481] 83 root INFO Hypothesisah_000:float64, float64
[2023-01-14 10:56:39,491] 83 root INFO Hypothesisai_000:float64, float64
[2023-01-14 10:56:39,529] 83 root INFO Hypothesisaj_000:float64, float64
[2023-01-14 10:56:39,536] 83 root INFO Hypothesisak_000:float64, float64
[2023-01-14 10:56:39,574] 83 root INFO Hypothesisal_000:float64, float64
[2023-01-14 10:56:39,582] 83 root INFO Hypothesisam_0:float64, float64
[2023-01-14 10:56:39,590] 83 root INFO Hypothesisan_000:float64, float64
[2023-01-14 10:56:39,600] 83 root INFO Hypothesisao_000:float64, float64
[2023-01-14 10:56:39,611] 83 root INFO Hypothesisap_000:float64, float64
[2023-01-14 10:56:39,621] 83 root INFO Hypothesisaq_000:float64, float64
[2023-01-14 10:56:39,632] 83 root INFO Hypothesisar_000:float64, float64
[2023-01-14 10:56:39,668] 83 root INFO Hypothesisas_000:float64, float64
[2023-01-14 10:56:39,704] 83 root INFO Hypothesisat_000:float64, float64
[2023-01-14 10:56:39,742] 83 root INFO Hypothesisau_000:float64, float64
[2023-01-14 10:56:39,778] 83 root INFO Hypothesisav_000:float64, float64
[2023-01-14 10:56:39,786] 83 root INFO Hypothesisax_000:float64, float64
[2023-01-14 10:56:39,794] 83 root INFO Hypothesisay_000:float64, float64
[2023-01-14 10:56:39,832] 83 root INFO Hypothesisay_001:float64, float64
[2023-01-14 10:56:39,868] 83 root INFO Hypothesisay_002:float64, float64
[2023-01-14 10:56:39,904] 83 root INFO Hypothesisay_003:float64, float64
[2023-01-14 10:56:39,941] 83 root INFO Hypothesisay_004:float64, float64
[2023-01-14 10:56:39,977] 83 root INFO Hypothesisay_005:float64, float64
[2023-01-14 10:56:40,018] 83 root INFO Hypothesisay_006:float64, float64
[2023-01-14 10:56:40,027] 83 root INFO Hypothesisay_007:float64, float64
[2023-01-14 10:56:40,037] 83 root INFO Hypothesisay_008:float64, float64
[2023-01-14 10:56:40,047] 83 root INFO Hypothesisay_009:float64, float64
[2023-01-14 10:56:40,084] 83 root INFO Hypothesisaz_000:float64, float64
[2023-01-14 10:56:40,094] 83 root INFO Hypothesisaz_001:float64, float64
[2023-01-14 10:56:40,103] 83 root INFO Hypothesisaz_002:float64, float64
[2023-01-14 10:56:40,112] 83 root INFO Hypothesisaz_003:float64, float64
[2023-01-14 10:56:40,122] 83 root INFO Hypothesisaz_004:float64, float64
[2023-01-14 10:56:40,132] 83 root INFO Hypothesisaz_005:float64, float64
[2023-01-14 10:56:40,142] 83 root INFO Hypothesisaz_006:float64, float64
[2023-01-14 10:56:40,184] 83 root INFO Hypothesisaz_007:float64, float64
[2023-01-14 10:56:40,223] 83 root INFO Hypothesisaz_008:float64, float64
[2023-01-14 10:56:40,259] 83 root INFO Hypothesisaz_009:float64, float64
[2023-01-14 10:56:40,294] 83 root INFO Hypothesisba_000:float64, float64
[2023-01-14 10:56:40,305] 83 root INFO Hypothesisba_001:float64, float64
[2023-01-14 10:56:40,315] 83 root INFO Hypothesisba_002:float64, float64
[2023-01-14 10:56:40,325] 83 root INFO Hypothesisba_003:float64, float64
[2023-01-14 10:56:40,335] 83 root INFO Hypothesisba_004:float64, float64
[2023-01-14 10:56:40,345] 83 root INFO Hypothesisba_005:float64, float64
[2023-01-14 10:56:40,355] 83 root INFO Hypothesisba_006:float64, float64
[2023-01-14 10:56:40,365] 83 root INFO Hypothesisba_007:float64, float64
[2023-01-14 10:56:40,374] 83 root INFO Hypothesisba_008:float64, float64
[2023-01-14 10:56:40,414] 83 root INFO Hypothesisba_009:float64, float64
[2023-01-14 10:56:40,454] 83 root INFO Hypothesisbb_000:float64, float64
[2023-01-14 10:56:40,464] 83 root INFO Hypothesisbc_000:float64, float64
[2023-01-14 10:56:40,504] 83 root INFO Hypothesisbd_000:float64, float64
[2023-01-14 10:56:40,512] 83 root INFO Hypothesisbe_000:float64, float64
[2023-01-14 10:56:40,521] 83 root INFO Hypothesisbf_000:float64, float64
[2023-01-14 10:56:40,529] 83 root INFO Hypothesisbg_000:float64, float64
[2023-01-14 10:56:40,541] 83 root INFO Hypothesisbh_000:float64, float64
[2023-01-14 10:56:40,551] 83 root INFO Hypothesisbi_000:float64, float64
[2023-01-14 10:56:40,563] 83 root INFO Hypothesisbj_000:float64, float64
[2023-01-14 10:56:40,574] 83 root INFO Hypothesisbk_000:float64, float64
[2023-01-14 10:56:40,582] 83 root INFO Hypothesisbl_000:float64, float64
[2023-01-14 10:56:40,590] 83 root INFO Hypothesisbm_000:float64, float64
[2023-01-14 10:56:40,596] 83 root INFO Hypothesisbs_000:float64, float64
[2023-01-14 10:56:40,608] 83 root INFO Hypothesisbt_000:float64, float64
[2023-01-14 10:56:40,619] 83 root INFO Hypothesisbu_000:float64, float64
[2023-01-14 10:56:40,629] 83 root INFO Hypothesisbv_000:float64, float64
[2023-01-14 10:56:40,639] 83 root INFO Hypothesisbx_000:float64, float64
[2023-01-14 10:56:40,650] 83 root INFO Hypothesisby_000:float64, float64
[2023-01-14 10:56:40,660] 83 root INFO Hypothesisbz_000:float64, float64
[2023-01-14 10:56:40,669] 83 root INFO Hypothesisca_000:float64, float64
[2023-01-14 10:56:40,680] 83 root INFO Hypothesiscb_000:float64, float64
[2023-01-14 10:56:40,691] 83 root INFO Hypothesiscc_000:float64, float64
[2023-01-14 10:56:40,702] 83 root INFO Hypothesiscd_000:float64, float64
[2023-01-14 10:56:40,737] 83 root INFO Hypothesisce_000:float64, float64
[2023-01-14 10:56:40,747] 83 root INFO Hypothesiscf_000:float64, float64
[2023-01-14 10:56:40,752] 83 root INFO Hypothesiscg_000:float64, float64
[2023-01-14 10:56:40,759] 83 root INFO Hypothesisch_000:float64, float64
[2023-01-14 10:56:40,797] 83 root INFO Hypothesisci_000:float64, float64
[2023-01-14 10:56:40,808] 83 root INFO Hypothesiscj_000:float64, float64
[2023-01-14 10:56:40,845] 83 root INFO Hypothesisck_000:float64, float64
[2023-01-14 10:56:40,856] 83 root INFO Hypothesiscl_000:float64, float64
[2023-01-14 10:56:40,862] 83 root INFO Hypothesiscm_000:float64, float64
[2023-01-14 10:56:40,869] 83 root INFO Hypothesiscn_000:float64, float64
[2023-01-14 10:56:40,906] 83 root INFO Hypothesiscn_001:float64, float64
[2023-01-14 10:56:40,944] 83 root INFO Hypothesiscn_002:float64, float64
[2023-01-14 10:56:40,952] 83 root INFO Hypothesiscn_003:float64, float64
[2023-01-14 10:56:40,962] 83 root INFO Hypothesiscn_004:float64, float64
[2023-01-14 10:56:40,972] 83 root INFO Hypothesiscn_005:float64, float64
[2023-01-14 10:56:40,983] 83 root INFO Hypothesiscn_006:float64, float64
[2023-01-14 10:56:40,993] 83 root INFO Hypothesiscn_007:float64, float64
[2023-01-14 10:56:41,003] 83 root INFO Hypothesiscn_008:float64, float64
[2023-01-14 10:56:41,012] 83 root INFO Hypothesiscn_009:float64, float64
[2023-01-14 10:56:41,051] 83 root INFO Hypothesisco_000:float64, float64
[2023-01-14 10:56:41,058] 83 root INFO Hypothesiscp_000:float64, float64
[2023-01-14 10:56:41,098] 83 root INFO Hypothesiscq_000:float64, float64
[2023-01-14 10:56:41,108] 83 root INFO Hypothesiscs_000:float64, float64
[2023-01-14 10:56:41,118] 83 root INFO Hypothesiscs_001:float64, float64
[2023-01-14 10:56:41,127] 83 root INFO Hypothesiscs_002:float64, float64
[2023-01-14 10:56:41,136] 83 root INFO Hypothesiscs_003:float64, float64
[2023-01-14 10:56:41,147] 83 root INFO Hypothesiscs_004:float64, float64
[2023-01-14 10:56:41,157] 83 root INFO Hypothesiscs_005:float64, float64
[2023-01-14 10:56:41,167] 83 root INFO Hypothesiscs_006:float64, float64
[2023-01-14 10:56:41,182] 83 root INFO Hypothesiscs_007:float64, float64
[2023-01-14 10:56:41,193] 83 root INFO Hypothesiscs_008:float64, float64
[2023-01-14 10:56:41,234] 83 root INFO Hypothesiscs_009:float64, float64
[2023-01-14 10:56:41,270] 83 root INFO Hypothesisct_000:float64, float64
[2023-01-14 10:56:41,278] 83 root INFO Hypothesiscu_000:float64, float64
[2023-01-14 10:56:41,286] 83 root INFO Hypothesiscv_000:float64, float64
[2023-01-14 10:56:41,296] 83 root INFO Hypothesiscx_000:float64, float64
[2023-01-14 10:56:41,305] 83 root INFO Hypothesiscy_000:float64, float64
[2023-01-14 10:56:41,310] 83 root INFO Hypothesiscz_000:float64, float64
[2023-01-14 10:56:41,318] 83 root INFO Hypothesisda_000:float64, float64
[2023-01-14 10:56:41,324] 83 root INFO Hypothesisdb_000:float64, float64
[2023-01-14 10:56:41,330] 83 root INFO Hypothesisdc_000:float64, float64
[2023-01-14 10:56:41,339] 83 root INFO Hypothesisdd_000:float64, float64
[2023-01-14 10:56:41,348] 83 root INFO Hypothesisde_000:float64, float64
[2023-01-14 10:56:41,357] 83 root INFO Hypothesisdf_000:float64, float64
[2023-01-14 10:56:41,394] 83 root INFO Hypothesisdg_000:float64, float64
[2023-01-14 10:56:41,431] 83 root INFO Hypothesisdh_000:float64, float64
[2023-01-14 10:56:41,437] 83 root INFO Hypothesisdi_000:float64, float64
[2023-01-14 10:56:41,475] 83 root INFO Hypothesisdj_000:float64, float64
[2023-01-14 10:56:41,512] 83 root INFO Hypothesisdk_000:float64, float64
[2023-01-14 10:56:41,550] 83 root INFO Hypothesisdl_000:float64, float64
[2023-01-14 10:56:41,591] 83 root INFO Hypothesisdm_000:float64, float64
[2023-01-14 10:56:41,630] 83 root INFO Hypothesisdn_000:float64, float64
[2023-01-14 10:56:41,645] 83 root INFO Hypothesisdo_000:float64, float64
[2023-01-14 10:56:41,655] 83 root INFO Hypothesisdp_000:float64, float64
[2023-01-14 10:56:41,665] 83 root INFO Hypothesisdq_000:float64, float64
[2023-01-14 10:56:41,704] 83 root INFO Hypothesisdr_000:float64, float64
[2023-01-14 10:56:41,743] 83 root INFO Hypothesisds_000:float64, float64
[2023-01-14 10:56:41,753] 83 root INFO Hypothesisdt_000:float64, float64
[2023-01-14 10:56:41,763] 83 root INFO Hypothesisdu_000:float64, float64
[2023-01-14 10:56:41,773] 83 root INFO Hypothesisdv_000:float64, float64
[2023-01-14 10:56:41,783] 83 root INFO Hypothesisdx_000:float64, float64
[2023-01-14 10:56:41,823] 83 root INFO Hypothesisdy_000:float64, float64
[2023-01-14 10:56:41,861] 83 root INFO Hypothesisdz_000:float64, float64
[2023-01-14 10:56:41,898] 83 root INFO Hypothesisea_000:float64, float64
[2023-01-14 10:56:41,935] 83 root INFO Hypothesiseb_000:float64, float64
[2023-01-14 10:56:41,944] 83 root INFO Hypothesisec_00:float64, float64
[2023-01-14 10:56:41,954] 83 root INFO Hypothesised_000:float64, float64
[2023-01-14 10:56:41,963] 83 root INFO Hypothesisee_000:float64, float64
[2023-01-14 10:56:41,973] 83 root INFO Hypothesisee_001:float64, float64
[2023-01-14 10:56:41,984] 83 root INFO Hypothesisee_002:float64, float64
[2023-01-14 10:56:41,994] 83 root INFO Hypothesisee_003:float64, float64
[2023-01-14 10:56:42,005] 83 root INFO Hypothesisee_004:float64, float64
[2023-01-14 10:56:42,015] 83 root INFO Hypothesisee_005:float64, float64
[2023-01-14 10:56:42,026] 83 root INFO Hypothesisee_006:float64, float64
[2023-01-14 10:56:42,036] 83 root INFO Hypothesisee_007:float64, float64
[2023-01-14 10:56:42,046] 83 root INFO Hypothesisee_008:float64, float64
[2023-01-14 10:56:42,055] 83 root INFO Hypothesisee_009:float64, float64
[2023-01-14 10:56:42,063] 83 root INFO Hypothesisef_000:float64, float64
[2023-01-14 10:56:42,099] 83 root INFO Hypothesiseg_000:float64, float64
[2023-01-14 10:56:42,135] 142 root INFO As all column are available in test df hence detecting data drift
[2023-01-14 10:56:42,136] 83 root INFO Hypothesisclass:object, object
[2023-01-14 10:56:42,212] 83 root INFO Hypothesisaa_000:float64, float64
[2023-01-14 10:56:42,219] 83 root INFO Hypothesisac_000:float64, float64
[2023-01-14 10:56:42,225] 83 root INFO Hypothesisad_000:float64, float64
[2023-01-14 10:56:42,230] 83 root INFO Hypothesisae_000:float64, float64
[2023-01-14 10:56:42,245] 83 root INFO Hypothesisaf_000:float64, float64
[2023-01-14 10:56:42,261] 83 root INFO Hypothesisag_000:float64, float64
[2023-01-14 10:56:42,276] 83 root INFO Hypothesisag_001:float64, float64
[2023-01-14 10:56:42,291] 83 root INFO Hypothesisag_002:float64, float64
[2023-01-14 10:56:42,294] 83 root INFO Hypothesisag_003:float64, float64
[2023-01-14 10:56:42,298] 83 root INFO Hypothesisag_004:float64, float64
[2023-01-14 10:56:42,305] 83 root INFO Hypothesisag_005:float64, float64
[2023-01-14 10:56:42,312] 83 root INFO Hypothesisag_006:float64, float64
[2023-01-14 10:56:42,319] 83 root INFO Hypothesisag_007:float64, float64
[2023-01-14 10:56:42,325] 83 root INFO Hypothesisag_008:float64, float64
[2023-01-14 10:56:42,331] 83 root INFO Hypothesisag_009:float64, float64
[2023-01-14 10:56:42,336] 83 root INFO Hypothesisah_000:float64, float64
[2023-01-14 10:56:42,343] 83 root INFO Hypothesisai_000:float64, float64
[2023-01-14 10:56:42,346] 83 root INFO Hypothesisaj_000:float64, float64
[2023-01-14 10:56:42,350] 83 root INFO Hypothesisak_000:float64, float64
[2023-01-14 10:56:42,353] 83 root INFO Hypothesisal_000:float64, float64
[2023-01-14 10:56:42,358] 83 root INFO Hypothesisam_0:float64, float64
[2023-01-14 10:56:42,363] 83 root INFO Hypothesisan_000:float64, float64
[2023-01-14 10:56:42,370] 83 root INFO Hypothesisao_000:float64, float64
[2023-01-14 10:56:42,377] 83 root INFO Hypothesisap_000:float64, float64
[2023-01-14 10:56:42,384] 83 root INFO Hypothesisaq_000:float64, float64
[2023-01-14 10:56:42,391] 83 root INFO Hypothesisar_000:float64, float64
[2023-01-14 10:56:42,407] 83 root INFO Hypothesisas_000:float64, float64
[2023-01-14 10:56:42,422] 83 root INFO Hypothesisat_000:float64, float64
[2023-01-14 10:56:42,438] 83 root INFO Hypothesisau_000:float64, float64
[2023-01-14 10:56:42,453] 83 root INFO Hypothesisav_000:float64, float64
[2023-01-14 10:56:42,458] 83 root INFO Hypothesisax_000:float64, float64
[2023-01-14 10:56:42,464] 83 root INFO Hypothesisay_000:float64, float64
[2023-01-14 10:56:42,479] 83 root INFO Hypothesisay_001:float64, float64
[2023-01-14 10:56:42,494] 83 root INFO Hypothesisay_002:float64, float64
[2023-01-14 10:56:42,509] 83 root INFO Hypothesisay_003:float64, float64
[2023-01-14 10:56:42,525] 83 root INFO Hypothesisay_004:float64, float64
[2023-01-14 10:56:42,542] 83 root INFO Hypothesisay_005:float64, float64
[2023-01-14 10:56:42,547] 83 root INFO Hypothesisay_006:float64, float64
[2023-01-14 10:56:42,554] 83 root INFO Hypothesisay_007:float64, float64
[2023-01-14 10:56:42,561] 83 root INFO Hypothesisay_008:float64, float64
[2023-01-14 10:56:42,569] 83 root INFO Hypothesisay_009:float64, float64
[2023-01-14 10:56:42,584] 83 root INFO Hypothesisaz_000:float64, float64
[2023-01-14 10:56:42,591] 83 root INFO Hypothesisaz_001:float64, float64
[2023-01-14 10:56:42,597] 83 root INFO Hypothesisaz_002:float64, float64
[2023-01-14 10:56:42,606] 83 root INFO Hypothesisaz_003:float64, float64
[2023-01-14 10:56:42,613] 83 root INFO Hypothesisaz_004:float64, float64
[2023-01-14 10:56:42,621] 83 root INFO Hypothesisaz_005:float64, float64
[2023-01-14 10:56:42,628] 83 root INFO Hypothesisaz_006:float64, float64
[2023-01-14 10:56:42,634] 83 root INFO Hypothesisaz_007:float64, float64
[2023-01-14 10:56:42,638] 83 root INFO Hypothesisaz_008:float64, float64
[2023-01-14 10:56:42,654] 83 root INFO Hypothesisaz_009:float64, float64
[2023-01-14 10:56:42,670] 83 root INFO Hypothesisba_000:float64, float64
[2023-01-14 10:56:42,678] 83 root INFO Hypothesisba_001:float64, float64
[2023-01-14 10:56:42,685] 83 root INFO Hypothesisba_002:float64, float64
[2023-01-14 10:56:42,692] 83 root INFO Hypothesisba_003:float64, float64
[2023-01-14 10:56:42,699] 83 root INFO Hypothesisba_004:float64, float64
[2023-01-14 10:56:42,706] 83 root INFO Hypothesisba_005:float64, float64
[2023-01-14 10:56:42,713] 83 root INFO Hypothesisba_006:float64, float64
[2023-01-14 10:56:42,720] 83 root INFO Hypothesisba_007:float64, float64
[2023-01-14 10:56:42,726] 83 root INFO Hypothesisba_008:float64, float64
[2023-01-14 10:56:42,732] 83 root INFO Hypothesisba_009:float64, float64
[2023-01-14 10:56:42,736] 83 root INFO Hypothesisbb_000:float64, float64
[2023-01-14 10:56:42,743] 83 root INFO Hypothesisbc_000:float64, float64
[2023-01-14 10:56:42,748] 83 root INFO Hypothesisbd_000:float64, float64
[2023-01-14 10:56:42,754] 83 root INFO Hypothesisbe_000:float64, float64
[2023-01-14 10:56:42,760] 83 root INFO Hypothesisbf_000:float64, float64
[2023-01-14 10:56:42,764] 83 root INFO Hypothesisbg_000:float64, float64
[2023-01-14 10:56:42,771] 83 root INFO Hypothesisbh_000:float64, float64
[2023-01-14 10:56:42,778] 83 root INFO Hypothesisbi_000:float64, float64
[2023-01-14 10:56:42,785] 83 root INFO Hypothesisbj_000:float64, float64
[2023-01-14 10:56:42,792] 83 root INFO Hypothesisbk_000:float64, float64
[2023-01-14 10:56:42,798] 83 root INFO Hypothesisbl_000:float64, float64
[2023-01-14 10:56:42,803] 83 root INFO Hypothesisbm_000:float64, float64
[2023-01-14 10:56:42,807] 83 root INFO Hypothesisbs_000:float64, float64
[2023-01-14 10:56:42,814] 83 root INFO Hypothesisbt_000:float64, float64
[2023-01-14 10:56:42,821] 83 root INFO Hypothesisbu_000:float64, float64
[2023-01-14 10:56:42,828] 83 root INFO Hypothesisbv_000:float64, float64
[2023-01-14 10:56:42,835] 83 root INFO Hypothesisbx_000:float64, float64
[2023-01-14 10:56:42,842] 83 root INFO Hypothesisby_000:float64, float64
[2023-01-14 10:56:42,849] 83 root INFO Hypothesisbz_000:float64, float64
[2023-01-14 10:56:42,856] 83 root INFO Hypothesisca_000:float64, float64
[2023-01-14 10:56:42,863] 83 root INFO Hypothesiscb_000:float64, float64
[2023-01-14 10:56:42,870] 83 root INFO Hypothesiscc_000:float64, float64
[2023-01-14 10:56:42,877] 83 root INFO Hypothesiscd_000:float64, float64
[2023-01-14 10:56:42,892] 83 root INFO Hypothesisce_000:float64, float64
[2023-01-14 10:56:42,899] 83 root INFO Hypothesiscf_000:float64, float64
[2023-01-14 10:56:42,903] 83 root INFO Hypothesiscg_000:float64, float64
[2023-01-14 10:56:42,908] 83 root INFO Hypothesisch_000:float64, float64
[2023-01-14 10:56:42,911] 83 root INFO Hypothesisci_000:float64, float64
[2023-01-14 10:56:42,918] 83 root INFO Hypothesiscj_000:float64, float64
[2023-01-14 10:56:42,922] 83 root INFO Hypothesisck_000:float64, float64
[2023-01-14 10:56:42,929] 83 root INFO Hypothesiscl_000:float64, float64
[2023-01-14 10:56:42,934] 83 root INFO Hypothesiscm_000:float64, float64
[2023-01-14 10:56:42,938] 83 root INFO Hypothesiscn_000:float64, float64
[2023-01-14 10:56:42,954] 83 root INFO Hypothesiscn_001:float64, float64
[2023-01-14 10:56:42,958] 83 root INFO Hypothesiscn_002:float64, float64
[2023-01-14 10:56:42,963] 83 root INFO Hypothesiscn_003:float64, float64
[2023-01-14 10:56:42,970] 83 root INFO Hypothesiscn_004:float64, float64
[2023-01-14 10:56:42,978] 83 root INFO Hypothesiscn_005:float64, float64
[2023-01-14 10:56:42,985] 83 root INFO Hypothesiscn_006:float64, float64
[2023-01-14 10:56:42,991] 83 root INFO Hypothesiscn_007:float64, float64
[2023-01-14 10:56:42,998] 83 root INFO Hypothesiscn_008:float64, float64
[2023-01-14 10:56:43,004] 83 root INFO Hypothesiscn_009:float64, float64
[2023-01-14 10:56:43,010] 83 root INFO Hypothesisco_000:float64, float64
[2023-01-14 10:56:43,014] 83 root INFO Hypothesiscp_000:float64, float64
[2023-01-14 10:56:43,020] 83 root INFO Hypothesiscq_000:float64, float64
[2023-01-14 10:56:43,027] 83 root INFO Hypothesiscs_000:float64, float64
[2023-01-14 10:56:43,034] 83 root INFO Hypothesiscs_001:float64, float64
[2023-01-14 10:56:43,040] 83 root INFO Hypothesiscs_002:float64, float64
[2023-01-14 10:56:43,046] 83 root INFO Hypothesiscs_003:float64, float64
[2023-01-14 10:56:43,053] 83 root INFO Hypothesiscs_004:float64, float64
[2023-01-14 10:56:43,060] 83 root INFO Hypothesiscs_005:float64, float64
[2023-01-14 10:56:43,067] 83 root INFO Hypothesiscs_006:float64, float64
[2023-01-14 10:56:43,074] 83 root INFO Hypothesiscs_007:float64, float64
[2023-01-14 10:56:43,081] 83 root INFO Hypothesiscs_008:float64, float64
[2023-01-14 10:56:43,086] 83 root INFO Hypothesiscs_009:float64, float64
[2023-01-14 10:56:43,101] 83 root INFO Hypothesisct_000:float64, float64
[2023-01-14 10:56:43,107] 83 root INFO Hypothesiscu_000:float64, float64
[2023-01-14 10:56:43,112] 83 root INFO Hypothesiscv_000:float64, float64
[2023-01-14 10:56:43,118] 83 root INFO Hypothesiscx_000:float64, float64
[2023-01-14 10:56:43,124] 83 root INFO Hypothesiscy_000:float64, float64
[2023-01-14 10:56:43,128] 83 root INFO Hypothesiscz_000:float64, float64
[2023-01-14 10:56:43,133] 83 root INFO Hypothesisda_000:float64, float64
[2023-01-14 10:56:43,137] 83 root INFO Hypothesisdb_000:float64, float64
[2023-01-14 10:56:43,141] 83 root INFO Hypothesisdc_000:float64, float64
[2023-01-14 10:56:43,147] 83 root INFO Hypothesisdd_000:float64, float64
[2023-01-14 10:56:43,153] 83 root INFO Hypothesisde_000:float64, float64
[2023-01-14 10:56:43,159] 83 root INFO Hypothesisdf_000:float64, float64
[2023-01-14 10:56:43,162] 83 root INFO Hypothesisdg_000:float64, float64
[2023-01-14 10:56:43,166] 83 root INFO Hypothesisdh_000:float64, float64
[2023-01-14 10:56:43,169] 83 root INFO Hypothesisdi_000:float64, float64
[2023-01-14 10:56:43,173] 83 root INFO Hypothesisdj_000:float64, float64
[2023-01-14 10:56:43,189] 83 root INFO Hypothesisdk_000:float64, float64
[2023-01-14 10:56:43,192] 83 root INFO Hypothesisdl_000:float64, float64
[2023-01-14 10:56:43,208] 83 root INFO Hypothesisdm_000:float64, float64
[2023-01-14 10:56:43,223] 83 root INFO Hypothesisdn_000:float64, float64
[2023-01-14 10:56:43,230] 83 root INFO Hypothesisdo_000:float64, float64
[2023-01-14 10:56:43,236] 83 root INFO Hypothesisdp_000:float64, float64
[2023-01-14 10:56:43,242] 83 root INFO Hypothesisdq_000:float64, float64
[2023-01-14 10:56:43,247] 83 root INFO Hypothesisdr_000:float64, float64
[2023-01-14 10:56:43,251] 83 root INFO Hypothesisds_000:float64, float64
[2023-01-14 10:56:43,258] 83 root INFO Hypothesisdt_000:float64, float64
[2023-01-14 10:56:43,264] 83 root INFO Hypothesisdu_000:float64, float64
[2023-01-14 10:56:43,271] 83 root INFO Hypothesisdv_000:float64, float64
[2023-01-14 10:56:43,277] 83 root INFO Hypothesisdx_000:float64, float64
[2023-01-14 10:56:43,282] 83 root INFO Hypothesisdy_000:float64, float64
[2023-01-14 10:56:43,287] 83 root INFO Hypothesisdz_000:float64, float64
[2023-01-14 10:56:43,302] 83 root INFO Hypothesisea_000:float64, float64
[2023-01-14 10:56:43,317] 83 root INFO Hypothesiseb_000:float64, float64
[2023-01-14 10:56:43,323] 83 root INFO Hypothesisec_00:float64, float64
[2023-01-14 10:56:43,330] 83 root INFO Hypothesised_000:float64, float64
[2023-01-14 10:56:43,336] 83 root INFO Hypothesisee_000:float64, float64
[2023-01-14 10:56:43,342] 83 root INFO Hypothesisee_001:float64, float64
[2023-01-14 10:56:43,349] 83 root INFO Hypothesisee_002:float64, float64
[2023-01-14 10:56:43,356] 83 root INFO Hypothesisee_003:float64, float64
[2023-01-14 10:56:43,363] 83 root INFO Hypothesisee_004:float64, float64
[2023-01-14 10:56:43,370] 83 root INFO Hypothesisee_005:float64, float64
[2023-01-14 10:56:43,377] 83 root INFO Hypothesisee_006:float64, float64
[2023-01-14 10:56:43,383] 83 root INFO Hypothesisee_007:float64, float64
[2023-01-14 10:56:43,390] 83 root INFO Hypothesisee_008:float64, float64
[2023-01-14 10:56:43,396] 83 root INFO Hypothesisee_009:float64, float64
[2023-01-14 10:56:43,401] 83 root INFO Hypothesisef_000:float64, float64
[2023-01-14 10:56:43,416] 83 root INFO Hypothesiseg_000:float64, float64
[2023-01-14 10:56:43,431] 149 root INFO Write reprt in yaml file
[2023-01-14 10:56:43,624] 154 root INFO Data validation artifact: DataValidationArtifact(report_file_path='/config/workspace/artifact/01142023__105617/data_validation/report.ymal')
[2023-01-14 10:56:43,631] 21 root INFO >>>>>>>>>>>>>>>>>>>>>>>>>>>>>>>>>>>>>>>> Data Transformation <<<<<<<<<<<<<<<<<<<<<<<<<<<<<<<<<<<<<<<<
[2023-01-14 10:56:44,528] 72 root INFO Before resampling in traning set input: (28950, 170) Target:0        neg
1        neg
2        neg
3        neg
4        neg
        ... 
28945    neg
28946    neg
28947    neg
28948    neg
28949    neg
Name: class, Length: 28950, dtype: object
[2023-01-14 10:56:49,963] 74 root INFO After resampling in traning set input: (56152, 170) Target:0        neg
1        neg
2        neg
3        neg
4        neg
        ... 
28945    neg
28946    neg
28947    neg
28948    neg
28949    neg
Name: class, Length: 28950, dtype: object
[2023-01-14 10:56:49,964] 76 root INFO Before resampling in testing set Input: (7238, 170) Target:0       neg
1       neg
2       neg
3       neg
4       neg
       ... 
7233    neg
7234    neg
7235    neg
7236    neg
7237    neg
Name: class, Length: 7238, dtype: object
[2023-01-14 10:56:50,627] 78 root INFO After resampling in testing set Input: (14072, 170) Target:0       neg
1       neg
2       neg
3       neg
4       neg
       ... 
7233    neg
7234    neg
7235    neg
7236    neg
7237    neg
Name: class, Length: 7238, dtype: object
[2023-01-14 10:56:50,943] 56 root INFO Entered the save_object method of utils
[2023-01-14 10:56:50,946] 60 root INFO Exited the save_object method of utils
[2023-01-14 10:56:50,946] 56 root INFO Entered the save_object method of utils
[2023-01-14 10:56:50,947] 60 root INFO Exited the save_object method of utils
[2023-01-14 10:56:50,947] 98 root INFO Data transformation object DataTransformationArtifact(transform_object_path='/config/workspace/artifact/01142023__105617/data_transformation/transformer/transformer.pkl', transformed_train_path='/config/workspace/artifact/01142023__105617/data_transformation/transformed/train.npz', transformed_test_path='/config/workspace/artifact/01142023__105617/data_transformation/transformed/test.npz', target_encoder_path='/config/workspace/artifact/01142023__105617/data_transformation/target_encoder/target_encoder.pkl')
[2023-01-14 10:56:50,971] 15 root INFO >>>>>>>>>>>>>>>>>>>>>>>>>>>>>>>>>>>>>>>> Model Trainer <<<<<<<<<<<<<<<<<<<<<<<<<<<<<<<<<<<<<<<<
[2023-01-14 10:56:50,971] 31 root INFO Loading train and test array.
