[2023-01-18 23:37:34,182] 15 root INFO >>>>>>>>>>>>>>>>>>>>>>>>>>>>>>>>>>>>>>>> Data Ingestion <<<<<<<<<<<<<<<<<<<<<<<<<<<<<<<<<<<<<<<<
[2023-01-18 23:37:34,182] 22 root INFO Exporting collection data as pandas dataframe
[2023-01-18 23:37:34,182] 21 root INFO Reading data from database: aps and collection: sensor
[2023-01-18 23:37:37,443] 23 root INFO Found columns: Index(['_id', 'class', 'aa_000', 'ab_000', 'ac_000', 'ad_000', 'ae_000',
       'af_000', 'ag_000', 'ag_001',
       ...
       'ee_002', 'ee_003', 'ee_004', 'ee_005', 'ee_006', 'ee_007', 'ee_008',
       'ee_009', 'ef_000', 'eg_000'],
      dtype='object', length=172)
[2023-01-18 23:37:37,444] 25 root INFO Dropping column: _id 
[2023-01-18 23:37:37,639] 27 root INFO Row and columns in df: (36188, 171)
[2023-01-18 23:37:37,640] 28 root INFO Save data in feature store
[2023-01-18 23:37:38,169] 34 root INFO Create feature store folder if not available
[2023-01-18 23:37:38,170] 38 root INFO Save df to feature store folder
[2023-01-18 23:37:40,571] 43 root INFO split dataset into train and test set
[2023-01-18 23:37:41,178] 47 root INFO create dataset directory folder if not available
[2023-01-18 23:37:41,178] 52 root INFO Save df to feature store folder
[2023-01-18 23:37:43,387] 64 root INFO Data ingestion artifact: DataIngestionArtifact(feature_store_file_path='/config/workspace/artifact/01182023__233734/data_ingestion/feature_store/sensor.csv', train_file_path='/config/workspace/artifact/01182023__233734/data_ingestion/dataset/train.csv', test_file_path='/config/workspace/artifact/01182023__233734/data_ingestion/dataset/test.csv')
[2023-01-18 23:37:43,802] 22 root INFO >>>>>>>>>>>>>>>>>>>>>>>>>>>>>>>>>>>>>>>> Data Validation <<<<<<<<<<<<<<<<<<<<<<<<<<<<<<<<<<<<<<<<
[2023-01-18 23:37:43,803] 110 root INFO Reading base dataframe
[2023-01-18 23:37:46,673] 113 root INFO Replace na value in base df
[2023-01-18 23:37:46,673] 115 root INFO Drop null values colums from base df
[2023-01-18 23:37:47,580] 44 root INFO selecting column name which contains null above to 0.2
[2023-01-18 23:37:47,581] 47 root INFO Columns to drop: ['ab_000', 'ad_000', 'bk_000', 'bl_000', 'bm_000', 'bn_000', 'bo_000', 'bp_000', 'bq_000', 'br_000', 'cf_000', 'cg_000', 'ch_000', 'co_000', 'cr_000', 'ct_000', 'cu_000', 'cv_000', 'cx_000', 'cy_000', 'cz_000', 'da_000', 'db_000', 'dc_000']
[2023-01-18 23:37:47,667] 118 root INFO Reading train dataframe
[2023-01-18 23:37:48,058] 120 root INFO Reading test dataframe
[2023-01-18 23:37:48,160] 123 root INFO Drop null values colums from train df
[2023-01-18 23:37:48,171] 44 root INFO selecting column name which contains null above to 0.2
[2023-01-18 23:37:48,172] 47 root INFO Columns to drop: ['ab_000', 'ad_000', 'bk_000', 'bl_000', 'bm_000', 'bn_000', 'bo_000', 'bp_000', 'bq_000', 'br_000', 'cf_000', 'cg_000', 'ch_000', 'co_000', 'cr_000', 'ct_000', 'cu_000', 'cv_000', 'cx_000', 'cy_000', 'cz_000', 'da_000', 'db_000', 'dc_000']
[2023-01-18 23:37:48,180] 125 root INFO Drop null values colums from test df
[2023-01-18 23:37:48,185] 44 root INFO selecting column name which contains null above to 0.2
[2023-01-18 23:37:48,185] 47 root INFO Columns to drop: ['ab_000', 'ad_000', 'bk_000', 'bl_000', 'bm_000', 'bn_000', 'bo_000', 'bp_000', 'bq_000', 'br_000', 'cf_000', 'cg_000', 'ch_000', 'co_000', 'cr_000', 'ct_000', 'cu_000', 'cv_000', 'cx_000', 'cy_000', 'cz_000', 'da_000', 'db_000', 'dc_000']
[2023-01-18 23:37:54,133] 134 root INFO Is all required columns present in train df
[2023-01-18 23:37:54,133] 136 root INFO Is all required columns present in test df
[2023-01-18 23:37:54,133] 140 root INFO As all column are available in train df hence detecting data drift
[2023-01-18 23:37:54,134] 88 root INFO Hypothesis class: object, object 
[2023-01-18 23:37:54,269] 88 root INFO Hypothesis aa_000: float64, float64 
[2023-01-18 23:37:54,279] 88 root INFO Hypothesis ac_000: float64, float64 
[2023-01-18 23:37:54,318] 88 root INFO Hypothesis ae_000: float64, float64 
[2023-01-18 23:37:54,354] 88 root INFO Hypothesis af_000: float64, float64 
[2023-01-18 23:37:54,391] 88 root INFO Hypothesis ag_000: float64, float64 
[2023-01-18 23:37:54,426] 88 root INFO Hypothesis ag_001: float64, float64 
[2023-01-18 23:37:54,462] 88 root INFO Hypothesis ag_002: float64, float64 
[2023-01-18 23:37:54,498] 88 root INFO Hypothesis ag_003: float64, float64 
[2023-01-18 23:37:54,504] 88 root INFO Hypothesis ag_004: float64, float64 
[2023-01-18 23:37:54,514] 88 root INFO Hypothesis ag_005: float64, float64 
[2023-01-18 23:37:54,525] 88 root INFO Hypothesis ag_006: float64, float64 
[2023-01-18 23:37:54,535] 88 root INFO Hypothesis ag_007: float64, float64 
[2023-01-18 23:37:54,544] 88 root INFO Hypothesis ag_008: float64, float64 
[2023-01-18 23:37:54,553] 88 root INFO Hypothesis ag_009: float64, float64 
[2023-01-18 23:37:54,560] 88 root INFO Hypothesis ah_000: float64, float64 
[2023-01-18 23:37:54,570] 88 root INFO Hypothesis ai_000: float64, float64 
[2023-01-18 23:37:54,607] 88 root INFO Hypothesis aj_000: float64, float64 
[2023-01-18 23:37:54,613] 88 root INFO Hypothesis ak_000: float64, float64 
[2023-01-18 23:37:54,650] 88 root INFO Hypothesis al_000: float64, float64 
[2023-01-18 23:37:54,657] 88 root INFO Hypothesis am_0: float64, float64 
[2023-01-18 23:37:54,664] 88 root INFO Hypothesis an_000: float64, float64 
[2023-01-18 23:37:54,675] 88 root INFO Hypothesis ao_000: float64, float64 
[2023-01-18 23:37:54,685] 88 root INFO Hypothesis ap_000: float64, float64 
[2023-01-18 23:37:54,695] 88 root INFO Hypothesis aq_000: float64, float64 
[2023-01-18 23:37:54,706] 88 root INFO Hypothesis ar_000: float64, float64 
[2023-01-18 23:37:54,743] 88 root INFO Hypothesis as_000: float64, float64 
[2023-01-18 23:37:54,779] 88 root INFO Hypothesis at_000: float64, float64 
[2023-01-18 23:37:54,816] 88 root INFO Hypothesis au_000: float64, float64 
[2023-01-18 23:37:54,852] 88 root INFO Hypothesis av_000: float64, float64 
[2023-01-18 23:37:54,860] 88 root INFO Hypothesis ax_000: float64, float64 
[2023-01-18 23:37:54,868] 88 root INFO Hypothesis ay_000: float64, float64 
[2023-01-18 23:37:54,904] 88 root INFO Hypothesis ay_001: float64, float64 
[2023-01-18 23:37:54,941] 88 root INFO Hypothesis ay_002: float64, float64 
[2023-01-18 23:37:54,978] 88 root INFO Hypothesis ay_003: float64, float64 
[2023-01-18 23:37:55,015] 88 root INFO Hypothesis ay_004: float64, float64 
[2023-01-18 23:37:55,052] 88 root INFO Hypothesis ay_005: float64, float64 
[2023-01-18 23:37:55,094] 88 root INFO Hypothesis ay_006: float64, float64 
[2023-01-18 23:37:55,103] 88 root INFO Hypothesis ay_007: float64, float64 
[2023-01-18 23:37:55,113] 88 root INFO Hypothesis ay_008: float64, float64 
[2023-01-18 23:37:55,123] 88 root INFO Hypothesis ay_009: float64, float64 
[2023-01-18 23:37:55,161] 88 root INFO Hypothesis az_000: float64, float64 
[2023-01-18 23:37:55,171] 88 root INFO Hypothesis az_001: float64, float64 
[2023-01-18 23:37:55,180] 88 root INFO Hypothesis az_002: float64, float64 
[2023-01-18 23:37:55,190] 88 root INFO Hypothesis az_003: float64, float64 
[2023-01-18 23:37:55,200] 88 root INFO Hypothesis az_004: float64, float64 
[2023-01-18 23:37:55,211] 88 root INFO Hypothesis az_005: float64, float64 
[2023-01-18 23:37:55,222] 88 root INFO Hypothesis az_006: float64, float64 
[2023-01-18 23:37:55,263] 88 root INFO Hypothesis az_007: float64, float64 
[2023-01-18 23:37:55,300] 88 root INFO Hypothesis az_008: float64, float64 
[2023-01-18 23:37:55,337] 88 root INFO Hypothesis az_009: float64, float64 
[2023-01-18 23:37:55,372] 88 root INFO Hypothesis ba_000: float64, float64 
[2023-01-18 23:37:55,383] 88 root INFO Hypothesis ba_001: float64, float64 
[2023-01-18 23:37:55,394] 88 root INFO Hypothesis ba_002: float64, float64 
[2023-01-18 23:37:55,404] 88 root INFO Hypothesis ba_003: float64, float64 
[2023-01-18 23:37:55,415] 88 root INFO Hypothesis ba_004: float64, float64 
[2023-01-18 23:37:55,425] 88 root INFO Hypothesis ba_005: float64, float64 
[2023-01-18 23:37:55,435] 88 root INFO Hypothesis ba_006: float64, float64 
[2023-01-18 23:37:55,444] 88 root INFO Hypothesis ba_007: float64, float64 
[2023-01-18 23:37:55,454] 88 root INFO Hypothesis ba_008: float64, float64 
[2023-01-18 23:37:55,494] 88 root INFO Hypothesis ba_009: float64, float64 
[2023-01-18 23:37:55,532] 88 root INFO Hypothesis bb_000: float64, float64 
[2023-01-18 23:37:55,543] 88 root INFO Hypothesis bc_000: float64, float64 
[2023-01-18 23:37:55,582] 88 root INFO Hypothesis bd_000: float64, float64 
[2023-01-18 23:37:55,591] 88 root INFO Hypothesis be_000: float64, float64 
[2023-01-18 23:37:55,600] 88 root INFO Hypothesis bf_000: float64, float64 
[2023-01-18 23:37:55,606] 88 root INFO Hypothesis bg_000: float64, float64 
[2023-01-18 23:37:55,617] 88 root INFO Hypothesis bh_000: float64, float64 
[2023-01-18 23:37:55,627] 88 root INFO Hypothesis bi_000: float64, float64 
[2023-01-18 23:37:55,638] 88 root INFO Hypothesis bj_000: float64, float64 
[2023-01-18 23:37:55,648] 88 root INFO Hypothesis bs_000: float64, float64 
[2023-01-18 23:37:55,659] 88 root INFO Hypothesis bt_000: float64, float64 
[2023-01-18 23:37:55,669] 88 root INFO Hypothesis bu_000: float64, float64 
[2023-01-18 23:37:55,679] 88 root INFO Hypothesis bv_000: float64, float64 
[2023-01-18 23:37:55,690] 88 root INFO Hypothesis bx_000: float64, float64 
[2023-01-18 23:37:55,700] 88 root INFO Hypothesis by_000: float64, float64 
[2023-01-18 23:37:55,710] 88 root INFO Hypothesis bz_000: float64, float64 
[2023-01-18 23:37:55,719] 88 root INFO Hypothesis ca_000: float64, float64 
[2023-01-18 23:37:55,729] 88 root INFO Hypothesis cb_000: float64, float64 
[2023-01-18 23:37:55,740] 88 root INFO Hypothesis cc_000: float64, float64 
[2023-01-18 23:37:55,751] 88 root INFO Hypothesis cd_000: float64, float64 
[2023-01-18 23:37:55,787] 88 root INFO Hypothesis ce_000: float64, float64 
[2023-01-18 23:37:55,797] 88 root INFO Hypothesis ci_000: float64, float64 
[2023-01-18 23:37:55,807] 88 root INFO Hypothesis cj_000: float64, float64 
[2023-01-18 23:37:55,845] 88 root INFO Hypothesis ck_000: float64, float64 
[2023-01-18 23:37:55,856] 88 root INFO Hypothesis cl_000: float64, float64 
[2023-01-18 23:37:55,862] 88 root INFO Hypothesis cm_000: float64, float64 
[2023-01-18 23:37:55,869] 88 root INFO Hypothesis cn_000: float64, float64 
[2023-01-18 23:37:55,905] 88 root INFO Hypothesis cn_001: float64, float64 
[2023-01-18 23:37:55,944] 88 root INFO Hypothesis cn_002: float64, float64 
[2023-01-18 23:37:55,952] 88 root INFO Hypothesis cn_003: float64, float64 
[2023-01-18 23:37:55,962] 88 root INFO Hypothesis cn_004: float64, float64 
[2023-01-18 23:37:55,973] 88 root INFO Hypothesis cn_005: float64, float64 
[2023-01-18 23:37:55,983] 88 root INFO Hypothesis cn_006: float64, float64 
[2023-01-18 23:37:55,993] 88 root INFO Hypothesis cn_007: float64, float64 
[2023-01-18 23:37:56,003] 88 root INFO Hypothesis cn_008: float64, float64 
[2023-01-18 23:37:56,012] 88 root INFO Hypothesis cn_009: float64, float64 
[2023-01-18 23:37:56,051] 88 root INFO Hypothesis cp_000: float64, float64 
[2023-01-18 23:37:56,095] 88 root INFO Hypothesis cq_000: float64, float64 
[2023-01-18 23:37:56,106] 88 root INFO Hypothesis cs_000: float64, float64 
[2023-01-18 23:37:56,117] 88 root INFO Hypothesis cs_001: float64, float64 
[2023-01-18 23:37:56,125] 88 root INFO Hypothesis cs_002: float64, float64 
[2023-01-18 23:37:56,136] 88 root INFO Hypothesis cs_003: float64, float64 
[2023-01-18 23:37:56,147] 88 root INFO Hypothesis cs_004: float64, float64 
[2023-01-18 23:37:56,157] 88 root INFO Hypothesis cs_005: float64, float64 
[2023-01-18 23:37:56,168] 88 root INFO Hypothesis cs_006: float64, float64 
[2023-01-18 23:37:56,178] 88 root INFO Hypothesis cs_007: float64, float64 
[2023-01-18 23:37:56,189] 88 root INFO Hypothesis cs_008: float64, float64 
[2023-01-18 23:37:56,236] 88 root INFO Hypothesis cs_009: float64, float64 
[2023-01-18 23:37:56,272] 88 root INFO Hypothesis dd_000: float64, float64 
[2023-01-18 23:37:56,282] 88 root INFO Hypothesis de_000: float64, float64 
[2023-01-18 23:37:56,291] 88 root INFO Hypothesis df_000: float64, float64 
[2023-01-18 23:37:56,329] 88 root INFO Hypothesis dg_000: float64, float64 
[2023-01-18 23:37:56,366] 88 root INFO Hypothesis dh_000: float64, float64 
[2023-01-18 23:37:56,372] 88 root INFO Hypothesis di_000: float64, float64 
[2023-01-18 23:37:56,410] 88 root INFO Hypothesis dj_000: float64, float64 
[2023-01-18 23:37:56,446] 88 root INFO Hypothesis dk_000: float64, float64 
[2023-01-18 23:37:56,483] 88 root INFO Hypothesis dl_000: float64, float64 
[2023-01-18 23:37:56,519] 88 root INFO Hypothesis dm_000: float64, float64 
[2023-01-18 23:37:56,555] 88 root INFO Hypothesis dn_000: float64, float64 
[2023-01-18 23:37:56,565] 88 root INFO Hypothesis do_000: float64, float64 
[2023-01-18 23:37:56,575] 88 root INFO Hypothesis dp_000: float64, float64 
[2023-01-18 23:37:56,584] 88 root INFO Hypothesis dq_000: float64, float64 
[2023-01-18 23:37:56,622] 88 root INFO Hypothesis dr_000: float64, float64 
[2023-01-18 23:37:56,660] 88 root INFO Hypothesis ds_000: float64, float64 
[2023-01-18 23:37:56,670] 88 root INFO Hypothesis dt_000: float64, float64 
[2023-01-18 23:37:56,680] 88 root INFO Hypothesis du_000: float64, float64 
[2023-01-18 23:37:56,690] 88 root INFO Hypothesis dv_000: float64, float64 
[2023-01-18 23:37:56,700] 88 root INFO Hypothesis dx_000: float64, float64 
[2023-01-18 23:37:56,739] 88 root INFO Hypothesis dy_000: float64, float64 
[2023-01-18 23:37:56,778] 88 root INFO Hypothesis dz_000: float64, float64 
[2023-01-18 23:37:56,814] 88 root INFO Hypothesis ea_000: float64, float64 
[2023-01-18 23:37:56,851] 88 root INFO Hypothesis eb_000: float64, float64 
[2023-01-18 23:37:56,859] 88 root INFO Hypothesis ec_00: float64, float64 
[2023-01-18 23:37:56,869] 88 root INFO Hypothesis ed_000: float64, float64 
[2023-01-18 23:37:56,878] 88 root INFO Hypothesis ee_000: float64, float64 
[2023-01-18 23:37:56,888] 88 root INFO Hypothesis ee_001: float64, float64 
[2023-01-18 23:37:56,899] 88 root INFO Hypothesis ee_002: float64, float64 
[2023-01-18 23:37:56,909] 88 root INFO Hypothesis ee_003: float64, float64 
[2023-01-18 23:37:56,919] 88 root INFO Hypothesis ee_004: float64, float64 
[2023-01-18 23:37:56,930] 88 root INFO Hypothesis ee_005: float64, float64 
[2023-01-18 23:37:56,940] 88 root INFO Hypothesis ee_006: float64, float64 
[2023-01-18 23:37:56,950] 88 root INFO Hypothesis ee_007: float64, float64 
[2023-01-18 23:37:56,959] 88 root INFO Hypothesis ee_008: float64, float64 
[2023-01-18 23:37:56,969] 88 root INFO Hypothesis ee_009: float64, float64 
[2023-01-18 23:37:56,976] 88 root INFO Hypothesis ef_000: float64, float64 
[2023-01-18 23:37:57,013] 88 root INFO Hypothesis eg_000: float64, float64 
[2023-01-18 23:37:57,049] 143 root INFO As all column are available in test df hence detecting data drift
[2023-01-18 23:37:57,049] 88 root INFO Hypothesis class: object, object 
[2023-01-18 23:37:57,125] 88 root INFO Hypothesis aa_000: float64, float64 
[2023-01-18 23:37:57,132] 88 root INFO Hypothesis ac_000: float64, float64 
[2023-01-18 23:37:57,137] 88 root INFO Hypothesis ae_000: float64, float64 
[2023-01-18 23:37:57,153] 88 root INFO Hypothesis af_000: float64, float64 
[2023-01-18 23:37:57,170] 88 root INFO Hypothesis ag_000: float64, float64 
[2023-01-18 23:37:57,189] 88 root INFO Hypothesis ag_001: float64, float64 
[2023-01-18 23:37:57,205] 88 root INFO Hypothesis ag_002: float64, float64 
[2023-01-18 23:37:57,208] 88 root INFO Hypothesis ag_003: float64, float64 
[2023-01-18 23:37:57,213] 88 root INFO Hypothesis ag_004: float64, float64 
[2023-01-18 23:37:57,220] 88 root INFO Hypothesis ag_005: float64, float64 
[2023-01-18 23:37:57,227] 88 root INFO Hypothesis ag_006: float64, float64 
[2023-01-18 23:37:57,234] 88 root INFO Hypothesis ag_007: float64, float64 
[2023-01-18 23:37:57,241] 88 root INFO Hypothesis ag_008: float64, float64 
[2023-01-18 23:37:57,247] 88 root INFO Hypothesis ag_009: float64, float64 
[2023-01-18 23:37:57,251] 88 root INFO Hypothesis ah_000: float64, float64 
[2023-01-18 23:37:57,259] 88 root INFO Hypothesis ai_000: float64, float64 
[2023-01-18 23:37:57,262] 88 root INFO Hypothesis aj_000: float64, float64 
[2023-01-18 23:37:57,266] 88 root INFO Hypothesis ak_000: float64, float64 
[2023-01-18 23:37:57,270] 88 root INFO Hypothesis al_000: float64, float64 
[2023-01-18 23:37:57,275] 88 root INFO Hypothesis am_0: float64, float64 
[2023-01-18 23:37:57,280] 88 root INFO Hypothesis an_000: float64, float64 
[2023-01-18 23:37:57,287] 88 root INFO Hypothesis ao_000: float64, float64 
[2023-01-18 23:37:57,295] 88 root INFO Hypothesis ap_000: float64, float64 
[2023-01-18 23:37:57,302] 88 root INFO Hypothesis aq_000: float64, float64 
[2023-01-18 23:37:57,309] 88 root INFO Hypothesis ar_000: float64, float64 
[2023-01-18 23:37:57,325] 88 root INFO Hypothesis as_000: float64, float64 
[2023-01-18 23:37:57,340] 88 root INFO Hypothesis at_000: float64, float64 
[2023-01-18 23:37:57,356] 88 root INFO Hypothesis au_000: float64, float64 
[2023-01-18 23:37:57,371] 88 root INFO Hypothesis av_000: float64, float64 
[2023-01-18 23:37:57,377] 88 root INFO Hypothesis ax_000: float64, float64 
[2023-01-18 23:37:57,382] 88 root INFO Hypothesis ay_000: float64, float64 
[2023-01-18 23:37:57,397] 88 root INFO Hypothesis ay_001: float64, float64 
[2023-01-18 23:37:57,412] 88 root INFO Hypothesis ay_002: float64, float64 
[2023-01-18 23:37:57,427] 88 root INFO Hypothesis ay_003: float64, float64 
[2023-01-18 23:37:57,442] 88 root INFO Hypothesis ay_004: float64, float64 
[2023-01-18 23:37:57,457] 88 root INFO Hypothesis ay_005: float64, float64 
[2023-01-18 23:37:57,463] 88 root INFO Hypothesis ay_006: float64, float64 
[2023-01-18 23:37:57,469] 88 root INFO Hypothesis ay_007: float64, float64 
[2023-01-18 23:37:57,475] 88 root INFO Hypothesis ay_008: float64, float64 
[2023-01-18 23:37:57,482] 88 root INFO Hypothesis ay_009: float64, float64 
[2023-01-18 23:37:57,497] 88 root INFO Hypothesis az_000: float64, float64 
[2023-01-18 23:37:57,504] 88 root INFO Hypothesis az_001: float64, float64 
[2023-01-18 23:37:57,510] 88 root INFO Hypothesis az_002: float64, float64 
[2023-01-18 23:37:57,517] 88 root INFO Hypothesis az_003: float64, float64 
[2023-01-18 23:37:57,523] 88 root INFO Hypothesis az_004: float64, float64 
[2023-01-18 23:37:57,530] 88 root INFO Hypothesis az_005: float64, float64 
[2023-01-18 23:37:57,537] 88 root INFO Hypothesis az_006: float64, float64 
[2023-01-18 23:37:57,544] 88 root INFO Hypothesis az_007: float64, float64 
[2023-01-18 23:37:57,548] 88 root INFO Hypothesis az_008: float64, float64 
[2023-01-18 23:37:57,564] 88 root INFO Hypothesis az_009: float64, float64 
[2023-01-18 23:37:57,579] 88 root INFO Hypothesis ba_000: float64, float64 
[2023-01-18 23:37:57,586] 88 root INFO Hypothesis ba_001: float64, float64 
[2023-01-18 23:37:57,593] 88 root INFO Hypothesis ba_002: float64, float64 
[2023-01-18 23:37:57,600] 88 root INFO Hypothesis ba_003: float64, float64 
[2023-01-18 23:37:57,607] 88 root INFO Hypothesis ba_004: float64, float64 
[2023-01-18 23:37:57,614] 88 root INFO Hypothesis ba_005: float64, float64 
[2023-01-18 23:37:57,621] 88 root INFO Hypothesis ba_006: float64, float64 
[2023-01-18 23:37:57,628] 88 root INFO Hypothesis ba_007: float64, float64 
[2023-01-18 23:37:57,634] 88 root INFO Hypothesis ba_008: float64, float64 
[2023-01-18 23:37:57,639] 88 root INFO Hypothesis ba_009: float64, float64 
[2023-01-18 23:37:57,644] 88 root INFO Hypothesis bb_000: float64, float64 
[2023-01-18 23:37:57,651] 88 root INFO Hypothesis bc_000: float64, float64 
[2023-01-18 23:37:57,656] 88 root INFO Hypothesis bd_000: float64, float64 
[2023-01-18 23:37:57,662] 88 root INFO Hypothesis be_000: float64, float64 
[2023-01-18 23:37:57,667] 88 root INFO Hypothesis bf_000: float64, float64 
[2023-01-18 23:37:57,672] 88 root INFO Hypothesis bg_000: float64, float64 
[2023-01-18 23:37:57,679] 88 root INFO Hypothesis bh_000: float64, float64 
[2023-01-18 23:37:57,686] 88 root INFO Hypothesis bi_000: float64, float64 
[2023-01-18 23:37:57,693] 88 root INFO Hypothesis bj_000: float64, float64 
[2023-01-18 23:37:57,700] 88 root INFO Hypothesis bs_000: float64, float64 
[2023-01-18 23:37:57,707] 88 root INFO Hypothesis bt_000: float64, float64 
[2023-01-18 23:37:57,714] 88 root INFO Hypothesis bu_000: float64, float64 
[2023-01-18 23:37:57,721] 88 root INFO Hypothesis bv_000: float64, float64 
[2023-01-18 23:37:57,728] 88 root INFO Hypothesis bx_000: float64, float64 
[2023-01-18 23:37:57,735] 88 root INFO Hypothesis by_000: float64, float64 
[2023-01-18 23:37:57,742] 88 root INFO Hypothesis bz_000: float64, float64 
[2023-01-18 23:37:57,748] 88 root INFO Hypothesis ca_000: float64, float64 
[2023-01-18 23:37:57,755] 88 root INFO Hypothesis cb_000: float64, float64 
[2023-01-18 23:37:57,762] 88 root INFO Hypothesis cc_000: float64, float64 
[2023-01-18 23:37:57,769] 88 root INFO Hypothesis cd_000: float64, float64 
[2023-01-18 23:37:57,784] 88 root INFO Hypothesis ce_000: float64, float64 
[2023-01-18 23:37:57,790] 88 root INFO Hypothesis ci_000: float64, float64 
[2023-01-18 23:37:57,797] 88 root INFO Hypothesis cj_000: float64, float64 
[2023-01-18 23:37:57,801] 88 root INFO Hypothesis ck_000: float64, float64 
[2023-01-18 23:37:57,808] 88 root INFO Hypothesis cl_000: float64, float64 
[2023-01-18 23:37:57,812] 88 root INFO Hypothesis cm_000: float64, float64 
[2023-01-18 23:37:57,817] 88 root INFO Hypothesis cn_000: float64, float64 
[2023-01-18 23:37:57,833] 88 root INFO Hypothesis cn_001: float64, float64 
[2023-01-18 23:37:57,837] 88 root INFO Hypothesis cn_002: float64, float64 
[2023-01-18 23:37:57,843] 88 root INFO Hypothesis cn_003: float64, float64 
[2023-01-18 23:37:57,850] 88 root INFO Hypothesis cn_004: float64, float64 
[2023-01-18 23:37:57,858] 88 root INFO Hypothesis cn_005: float64, float64 
[2023-01-18 23:37:57,865] 88 root INFO Hypothesis cn_006: float64, float64 
[2023-01-18 23:37:57,872] 88 root INFO Hypothesis cn_007: float64, float64 
[2023-01-18 23:37:57,879] 88 root INFO Hypothesis cn_008: float64, float64 
[2023-01-18 23:37:57,885] 88 root INFO Hypothesis cn_009: float64, float64 
[2023-01-18 23:37:57,890] 88 root INFO Hypothesis cp_000: float64, float64 
[2023-01-18 23:37:57,895] 88 root INFO Hypothesis cq_000: float64, float64 
[2023-01-18 23:37:57,902] 88 root INFO Hypothesis cs_000: float64, float64 
[2023-01-18 23:37:57,909] 88 root INFO Hypothesis cs_001: float64, float64 
[2023-01-18 23:37:57,915] 88 root INFO Hypothesis cs_002: float64, float64 
[2023-01-18 23:37:57,921] 88 root INFO Hypothesis cs_003: float64, float64 
[2023-01-18 23:37:57,928] 88 root INFO Hypothesis cs_004: float64, float64 
[2023-01-18 23:37:57,935] 88 root INFO Hypothesis cs_005: float64, float64 
[2023-01-18 23:37:57,942] 88 root INFO Hypothesis cs_006: float64, float64 
[2023-01-18 23:37:57,949] 88 root INFO Hypothesis cs_007: float64, float64 
[2023-01-18 23:37:57,956] 88 root INFO Hypothesis cs_008: float64, float64 
[2023-01-18 23:37:57,961] 88 root INFO Hypothesis cs_009: float64, float64 
[2023-01-18 23:37:57,976] 88 root INFO Hypothesis dd_000: float64, float64 
[2023-01-18 23:37:57,983] 88 root INFO Hypothesis de_000: float64, float64 
[2023-01-18 23:37:57,988] 88 root INFO Hypothesis df_000: float64, float64 
[2023-01-18 23:37:57,992] 88 root INFO Hypothesis dg_000: float64, float64 
[2023-01-18 23:37:57,995] 88 root INFO Hypothesis dh_000: float64, float64 
[2023-01-18 23:37:57,998] 88 root INFO Hypothesis di_000: float64, float64 
[2023-01-18 23:37:58,002] 88 root INFO Hypothesis dj_000: float64, float64 
[2023-01-18 23:37:58,018] 88 root INFO Hypothesis dk_000: float64, float64 
[2023-01-18 23:37:58,021] 88 root INFO Hypothesis dl_000: float64, float64 
[2023-01-18 23:37:58,036] 88 root INFO Hypothesis dm_000: float64, float64 
[2023-01-18 23:37:58,052] 88 root INFO Hypothesis dn_000: float64, float64 
[2023-01-18 23:37:58,058] 88 root INFO Hypothesis do_000: float64, float64 
[2023-01-18 23:37:58,065] 88 root INFO Hypothesis dp_000: float64, float64 
[2023-01-18 23:37:58,071] 88 root INFO Hypothesis dq_000: float64, float64 
[2023-01-18 23:37:58,075] 88 root INFO Hypothesis dr_000: float64, float64 
[2023-01-18 23:37:58,079] 88 root INFO Hypothesis ds_000: float64, float64 
[2023-01-18 23:37:58,086] 88 root INFO Hypothesis dt_000: float64, float64 
[2023-01-18 23:37:58,093] 88 root INFO Hypothesis du_000: float64, float64 
[2023-01-18 23:37:58,100] 88 root INFO Hypothesis dv_000: float64, float64 
[2023-01-18 23:37:58,107] 88 root INFO Hypothesis dx_000: float64, float64 
[2023-01-18 23:37:58,112] 88 root INFO Hypothesis dy_000: float64, float64 
[2023-01-18 23:37:58,117] 88 root INFO Hypothesis dz_000: float64, float64 
[2023-01-18 23:37:58,134] 88 root INFO Hypothesis ea_000: float64, float64 
[2023-01-18 23:37:58,152] 88 root INFO Hypothesis eb_000: float64, float64 
[2023-01-18 23:37:58,159] 88 root INFO Hypothesis ec_00: float64, float64 
[2023-01-18 23:37:58,166] 88 root INFO Hypothesis ed_000: float64, float64 
[2023-01-18 23:37:58,172] 88 root INFO Hypothesis ee_000: float64, float64 
[2023-01-18 23:37:58,180] 88 root INFO Hypothesis ee_001: float64, float64 
[2023-01-18 23:37:58,187] 88 root INFO Hypothesis ee_002: float64, float64 
[2023-01-18 23:37:58,195] 88 root INFO Hypothesis ee_003: float64, float64 
[2023-01-18 23:37:58,205] 88 root INFO Hypothesis ee_004: float64, float64 
[2023-01-18 23:37:58,214] 88 root INFO Hypothesis ee_005: float64, float64 
[2023-01-18 23:37:58,221] 88 root INFO Hypothesis ee_006: float64, float64 
[2023-01-18 23:37:58,228] 88 root INFO Hypothesis ee_007: float64, float64 
[2023-01-18 23:37:58,235] 88 root INFO Hypothesis ee_008: float64, float64 
[2023-01-18 23:37:58,241] 88 root INFO Hypothesis ee_009: float64, float64 
[2023-01-18 23:37:58,246] 88 root INFO Hypothesis ef_000: float64, float64 
[2023-01-18 23:37:58,262] 88 root INFO Hypothesis eg_000: float64, float64 
[2023-01-18 23:37:58,277] 147 root INFO Write reprt in yaml file
[2023-01-18 23:37:58,452] 152 root INFO Data validation artifact: DataValidationArtifact(report_file_path='/config/workspace/artifact/01182023__233743/data_validation/report.yaml')
[2023-01-18 23:37:58,455] 24 root INFO >>>>>>>>>>>>>>>>>>>>>>>>>>>>>>>>>>>>>>>> Data Transformation <<<<<<<<<<<<<<<<<<<<<<<<<<<<<<<<<<<<<<<<
[2023-01-18 23:37:59,347] 75 root INFO Before resampling in training set Input: (28950, 170) Target:(28950,)
[2023-01-18 23:38:04,445] 77 root INFO After resampling in training set Input: (56152, 170) Target:(56152,)
[2023-01-18 23:38:04,445] 79 root INFO Before resampling in testing set Input: (7238, 170) Target:(7238,)
[2023-01-18 23:38:04,975] 81 root INFO After resampling in testing set Input: (14072, 170) Target:(14072,)
[2023-01-18 23:38:05,084] 54 root INFO Entered the save_object method of utils
[2023-01-18 23:38:05,087] 58 root INFO Exited the save_object method of utils
[2023-01-18 23:38:05,087] 54 root INFO Entered the save_object method of utils
[2023-01-18 23:38:05,088] 58 root INFO Exited the save_object method of utils
[2023-01-18 23:38:05,088] 112 root INFO Data transformation object DataTransformationArtifact(transform_object_path='/config/workspace/artifact/01182023__233758/data_transformation/transformer/transformer.pkl', transformed_train_path='/config/workspace/artifact/01182023__233758/data_transformation/transformed/train.npz', transformed_test_path='/config/workspace/artifact/01182023__233758/data_transformation/transformed/test.npz', target_encoder_path='/config/workspace/artifact/01182023__233758/data_transformation/target_encoder/target_encoder.pkl')
[2023-01-18 23:38:05,089] 18 root INFO >>>>>>>>>>>>>>>>>>>>>>>>>>>>>>>>>>>>>>>> Model Trainer <<<<<<<<<<<<<<<<<<<<<<<<<<<<<<<<<<<<<<<<
[2023-01-18 23:38:05,089] 45 root INFO Loading train and test array.
[2023-01-18 23:38:05,119] 49 root INFO Splitting input and target feature from both train and test arr.
[2023-01-18 23:38:05,119] 53 root INFO Train the model
[2023-01-18 23:38:13,821] 56 root INFO Calculating f1 train score
[2023-01-18 23:38:13,871] 60 root INFO Calculating f1 test score
[2023-01-18 23:38:13,887] 64 root INFO train score:0.9999821908781678 and tests score 0.9694011365292147
[2023-01-18 23:38:13,888] 66 root INFO Checking if our model is underfitting or not
[2023-01-18 23:38:13,888] 71 root INFO Checking if our model is overfiiting or not
[2023-01-18 23:38:13,888] 78 root INFO Saving mode object
[2023-01-18 23:38:13,888] 54 root INFO Entered the save_object method of utils
[2023-01-18 23:38:13,893] 58 root INFO Exited the save_object method of utils
[2023-01-18 23:38:13,893] 82 root INFO Prepare the artifact
[2023-01-18 23:38:13,893] 85 root INFO Model trainer artifact: ModelTrainerArtifact(model_path='/config/workspace/artifact/01182023__233805/model_trainer/model/model.pkl', f1_train_score=0.9999821908781678, f1_test_score=0.9694011365292147)
