[2023-01-20 10:15:24,185] 15 root INFO >>>>>>>>>>>>>>>>>>>>>>>>>>>>>>>>>>>>>>>> Data Ingestion <<<<<<<<<<<<<<<<<<<<<<<<<<<<<<<<<<<<<<<<
[2023-01-20 10:15:24,186] 22 root INFO Exporting collection data as pandas dataframe
[2023-01-20 10:15:24,186] 21 root INFO Reading data from database: aps and collection: sensor
[2023-01-20 10:15:30,495] 23 root INFO Found columns: Index(['_id', 'class', 'aa_000', 'ab_000', 'ac_000', 'ad_000', 'ae_000',
       'af_000', 'ag_000', 'ag_001',
       ...
       'ee_002', 'ee_003', 'ee_004', 'ee_005', 'ee_006', 'ee_007', 'ee_008',
       'ee_009', 'ef_000', 'eg_000'],
      dtype='object', length=172)
[2023-01-20 10:15:30,495] 25 root INFO Dropping column: _id 
[2023-01-20 10:15:30,694] 27 root INFO Row and columns in df: (36188, 171)
[2023-01-20 10:15:30,694] 28 root INFO Save data in feature store
[2023-01-20 10:15:31,246] 34 root INFO Create feature store folder if not available
[2023-01-20 10:15:31,246] 38 root INFO Save df to feature store folder
[2023-01-20 10:15:33,685] 43 root INFO split dataset into train and test set
[2023-01-20 10:15:34,221] 47 root INFO create dataset directory folder if not available
[2023-01-20 10:15:34,221] 52 root INFO Save df to feature store folder
[2023-01-20 10:15:36,460] 64 root INFO Data ingestion artifact: DataIngestionArtifact(feature_store_file_path='/config/workspace/artifact/01202023__101524/data_ingestion/feature_store/sensor.csv', train_file_path='/config/workspace/artifact/01202023__101524/data_ingestion/dataset/train.csv', test_file_path='/config/workspace/artifact/01202023__101524/data_ingestion/dataset/test.csv')
[2023-01-20 10:15:37,223] 22 root INFO >>>>>>>>>>>>>>>>>>>>>>>>>>>>>>>>>>>>>>>> Data Validation <<<<<<<<<<<<<<<<<<<<<<<<<<<<<<<<<<<<<<<<
[2023-01-20 10:15:37,223] 110 root INFO Reading base dataframe
[2023-01-20 10:15:40,080] 113 root INFO Replace na value in base df
[2023-01-20 10:15:40,081] 115 root INFO Drop null values colums from base df
[2023-01-20 10:15:41,044] 44 root INFO selecting column name which contains null above to 0.2
[2023-01-20 10:15:41,044] 47 root INFO Columns to drop: ['ab_000', 'ad_000', 'bk_000', 'bl_000', 'bm_000', 'bn_000', 'bo_000', 'bp_000', 'bq_000', 'br_000', 'cf_000', 'cg_000', 'ch_000', 'co_000', 'cr_000', 'ct_000', 'cu_000', 'cv_000', 'cx_000', 'cy_000', 'cz_000', 'da_000', 'db_000', 'dc_000']
[2023-01-20 10:15:41,152] 118 root INFO Reading train dataframe
[2023-01-20 10:15:41,536] 120 root INFO Reading test dataframe
[2023-01-20 10:15:41,636] 123 root INFO Drop null values colums from train df
[2023-01-20 10:15:41,647] 44 root INFO selecting column name which contains null above to 0.2
[2023-01-20 10:15:41,648] 47 root INFO Columns to drop: ['ab_000', 'ad_000', 'bk_000', 'bl_000', 'bm_000', 'bn_000', 'bo_000', 'bp_000', 'bq_000', 'br_000', 'cf_000', 'cg_000', 'ch_000', 'co_000', 'cr_000', 'ct_000', 'cu_000', 'cv_000', 'cx_000', 'cy_000', 'cz_000', 'da_000', 'db_000', 'dc_000']
[2023-01-20 10:15:41,657] 125 root INFO Drop null values colums from test df
[2023-01-20 10:15:41,661] 44 root INFO selecting column name which contains null above to 0.2
[2023-01-20 10:15:41,662] 47 root INFO Columns to drop: ['ab_000', 'ad_000', 'bk_000', 'bl_000', 'bm_000', 'bn_000', 'bo_000', 'bp_000', 'bq_000', 'br_000', 'cf_000', 'cg_000', 'ch_000', 'co_000', 'cr_000', 'ct_000', 'cu_000', 'cv_000', 'cx_000', 'cy_000', 'cz_000', 'da_000', 'db_000', 'dc_000']
[2023-01-20 10:15:47,604] 134 root INFO Is all required columns present in train df
[2023-01-20 10:15:47,605] 136 root INFO Is all required columns present in test df
[2023-01-20 10:15:47,605] 140 root INFO As all column are available in train df hence detecting data drift
[2023-01-20 10:15:47,605] 88 root INFO Hypothesis class: object, object 
[2023-01-20 10:15:47,744] 88 root INFO Hypothesis aa_000: float64, float64 
[2023-01-20 10:15:47,754] 88 root INFO Hypothesis ac_000: float64, float64 
[2023-01-20 10:15:47,796] 88 root INFO Hypothesis ae_000: float64, float64 
[2023-01-20 10:15:47,833] 88 root INFO Hypothesis af_000: float64, float64 
[2023-01-20 10:15:47,870] 88 root INFO Hypothesis ag_000: float64, float64 
[2023-01-20 10:15:47,907] 88 root INFO Hypothesis ag_001: float64, float64 
[2023-01-20 10:15:47,943] 88 root INFO Hypothesis ag_002: float64, float64 
[2023-01-20 10:15:47,981] 88 root INFO Hypothesis ag_003: float64, float64 
[2023-01-20 10:15:47,987] 88 root INFO Hypothesis ag_004: float64, float64 
[2023-01-20 10:15:47,997] 88 root INFO Hypothesis ag_005: float64, float64 
[2023-01-20 10:15:48,007] 88 root INFO Hypothesis ag_006: float64, float64 
[2023-01-20 10:15:48,020] 88 root INFO Hypothesis ag_007: float64, float64 
[2023-01-20 10:15:48,029] 88 root INFO Hypothesis ag_008: float64, float64 
[2023-01-20 10:15:48,038] 88 root INFO Hypothesis ag_009: float64, float64 
[2023-01-20 10:15:48,045] 88 root INFO Hypothesis ah_000: float64, float64 
[2023-01-20 10:15:48,055] 88 root INFO Hypothesis ai_000: float64, float64 
[2023-01-20 10:15:48,098] 88 root INFO Hypothesis aj_000: float64, float64 
[2023-01-20 10:15:48,105] 88 root INFO Hypothesis ak_000: float64, float64 
[2023-01-20 10:15:48,143] 88 root INFO Hypothesis al_000: float64, float64 
[2023-01-20 10:15:48,150] 88 root INFO Hypothesis am_0: float64, float64 
[2023-01-20 10:15:48,157] 88 root INFO Hypothesis an_000: float64, float64 
[2023-01-20 10:15:48,168] 88 root INFO Hypothesis ao_000: float64, float64 
[2023-01-20 10:15:48,178] 88 root INFO Hypothesis ap_000: float64, float64 
[2023-01-20 10:15:48,189] 88 root INFO Hypothesis aq_000: float64, float64 
[2023-01-20 10:15:48,199] 88 root INFO Hypothesis ar_000: float64, float64 
[2023-01-20 10:15:48,235] 88 root INFO Hypothesis as_000: float64, float64 
[2023-01-20 10:15:48,271] 88 root INFO Hypothesis at_000: float64, float64 
[2023-01-20 10:15:48,308] 88 root INFO Hypothesis au_000: float64, float64 
[2023-01-20 10:15:48,344] 88 root INFO Hypothesis av_000: float64, float64 
[2023-01-20 10:15:48,352] 88 root INFO Hypothesis ax_000: float64, float64 
[2023-01-20 10:15:48,360] 88 root INFO Hypothesis ay_000: float64, float64 
[2023-01-20 10:15:48,396] 88 root INFO Hypothesis ay_001: float64, float64 
[2023-01-20 10:15:48,433] 88 root INFO Hypothesis ay_002: float64, float64 
[2023-01-20 10:15:48,469] 88 root INFO Hypothesis ay_003: float64, float64 
[2023-01-20 10:15:48,507] 88 root INFO Hypothesis ay_004: float64, float64 
[2023-01-20 10:15:48,543] 88 root INFO Hypothesis ay_005: float64, float64 
[2023-01-20 10:15:48,584] 88 root INFO Hypothesis ay_006: float64, float64 
[2023-01-20 10:15:48,593] 88 root INFO Hypothesis ay_007: float64, float64 
[2023-01-20 10:15:48,603] 88 root INFO Hypothesis ay_008: float64, float64 
[2023-01-20 10:15:48,613] 88 root INFO Hypothesis ay_009: float64, float64 
[2023-01-20 10:15:48,650] 88 root INFO Hypothesis az_000: float64, float64 
[2023-01-20 10:15:48,659] 88 root INFO Hypothesis az_001: float64, float64 
[2023-01-20 10:15:48,668] 88 root INFO Hypothesis az_002: float64, float64 
[2023-01-20 10:15:48,678] 88 root INFO Hypothesis az_003: float64, float64 
[2023-01-20 10:15:48,688] 88 root INFO Hypothesis az_004: float64, float64 
[2023-01-20 10:15:48,698] 88 root INFO Hypothesis az_005: float64, float64 
[2023-01-20 10:15:48,708] 88 root INFO Hypothesis az_006: float64, float64 
[2023-01-20 10:15:48,749] 88 root INFO Hypothesis az_007: float64, float64 
[2023-01-20 10:15:48,787] 88 root INFO Hypothesis az_008: float64, float64 
[2023-01-20 10:15:48,824] 88 root INFO Hypothesis az_009: float64, float64 
[2023-01-20 10:15:48,860] 88 root INFO Hypothesis ba_000: float64, float64 
[2023-01-20 10:15:48,871] 88 root INFO Hypothesis ba_001: float64, float64 
[2023-01-20 10:15:48,881] 88 root INFO Hypothesis ba_002: float64, float64 
[2023-01-20 10:15:48,891] 88 root INFO Hypothesis ba_003: float64, float64 
[2023-01-20 10:15:48,902] 88 root INFO Hypothesis ba_004: float64, float64 
[2023-01-20 10:15:48,912] 88 root INFO Hypothesis ba_005: float64, float64 
[2023-01-20 10:15:48,922] 88 root INFO Hypothesis ba_006: float64, float64 
[2023-01-20 10:15:48,931] 88 root INFO Hypothesis ba_007: float64, float64 
[2023-01-20 10:15:48,941] 88 root INFO Hypothesis ba_008: float64, float64 
[2023-01-20 10:15:48,981] 88 root INFO Hypothesis ba_009: float64, float64 
[2023-01-20 10:15:49,021] 88 root INFO Hypothesis bb_000: float64, float64 
[2023-01-20 10:15:49,031] 88 root INFO Hypothesis bc_000: float64, float64 
[2023-01-20 10:15:49,075] 88 root INFO Hypothesis bd_000: float64, float64 
[2023-01-20 10:15:49,086] 88 root INFO Hypothesis be_000: float64, float64 
[2023-01-20 10:15:49,099] 88 root INFO Hypothesis bf_000: float64, float64 
[2023-01-20 10:15:49,110] 88 root INFO Hypothesis bg_000: float64, float64 
[2023-01-20 10:15:49,122] 88 root INFO Hypothesis bh_000: float64, float64 
[2023-01-20 10:15:49,133] 88 root INFO Hypothesis bi_000: float64, float64 
[2023-01-20 10:15:49,144] 88 root INFO Hypothesis bj_000: float64, float64 
[2023-01-20 10:15:49,155] 88 root INFO Hypothesis bs_000: float64, float64 
[2023-01-20 10:15:49,165] 88 root INFO Hypothesis bt_000: float64, float64 
[2023-01-20 10:15:49,176] 88 root INFO Hypothesis bu_000: float64, float64 
[2023-01-20 10:15:49,186] 88 root INFO Hypothesis bv_000: float64, float64 
[2023-01-20 10:15:49,197] 88 root INFO Hypothesis bx_000: float64, float64 
[2023-01-20 10:15:49,207] 88 root INFO Hypothesis by_000: float64, float64 
[2023-01-20 10:15:49,217] 88 root INFO Hypothesis bz_000: float64, float64 
[2023-01-20 10:15:49,227] 88 root INFO Hypothesis ca_000: float64, float64 
[2023-01-20 10:15:49,237] 88 root INFO Hypothesis cb_000: float64, float64 
[2023-01-20 10:15:49,248] 88 root INFO Hypothesis cc_000: float64, float64 
[2023-01-20 10:15:49,258] 88 root INFO Hypothesis cd_000: float64, float64 
[2023-01-20 10:15:49,295] 88 root INFO Hypothesis ce_000: float64, float64 
[2023-01-20 10:15:49,304] 88 root INFO Hypothesis ci_000: float64, float64 
[2023-01-20 10:15:49,315] 88 root INFO Hypothesis cj_000: float64, float64 
[2023-01-20 10:15:49,352] 88 root INFO Hypothesis ck_000: float64, float64 
[2023-01-20 10:15:49,363] 88 root INFO Hypothesis cl_000: float64, float64 
[2023-01-20 10:15:49,368] 88 root INFO Hypothesis cm_000: float64, float64 
[2023-01-20 10:15:49,375] 88 root INFO Hypothesis cn_000: float64, float64 
[2023-01-20 10:15:49,412] 88 root INFO Hypothesis cn_001: float64, float64 
[2023-01-20 10:15:49,450] 88 root INFO Hypothesis cn_002: float64, float64 
[2023-01-20 10:15:49,458] 88 root INFO Hypothesis cn_003: float64, float64 
[2023-01-20 10:15:49,469] 88 root INFO Hypothesis cn_004: float64, float64 
[2023-01-20 10:15:49,479] 88 root INFO Hypothesis cn_005: float64, float64 
[2023-01-20 10:15:49,490] 88 root INFO Hypothesis cn_006: float64, float64 
[2023-01-20 10:15:49,500] 88 root INFO Hypothesis cn_007: float64, float64 
[2023-01-20 10:15:49,509] 88 root INFO Hypothesis cn_008: float64, float64 
[2023-01-20 10:15:49,518] 88 root INFO Hypothesis cn_009: float64, float64 
[2023-01-20 10:15:49,559] 88 root INFO Hypothesis cp_000: float64, float64 
[2023-01-20 10:15:49,600] 88 root INFO Hypothesis cq_000: float64, float64 
[2023-01-20 10:15:49,611] 88 root INFO Hypothesis cs_000: float64, float64 
[2023-01-20 10:15:49,622] 88 root INFO Hypothesis cs_001: float64, float64 
[2023-01-20 10:15:49,631] 88 root INFO Hypothesis cs_002: float64, float64 
[2023-01-20 10:15:49,641] 88 root INFO Hypothesis cs_003: float64, float64 
[2023-01-20 10:15:49,651] 88 root INFO Hypothesis cs_004: float64, float64 
[2023-01-20 10:15:49,662] 88 root INFO Hypothesis cs_005: float64, float64 
[2023-01-20 10:15:49,672] 88 root INFO Hypothesis cs_006: float64, float64 
[2023-01-20 10:15:49,683] 88 root INFO Hypothesis cs_007: float64, float64 
[2023-01-20 10:15:49,693] 88 root INFO Hypothesis cs_008: float64, float64 
[2023-01-20 10:15:49,733] 88 root INFO Hypothesis cs_009: float64, float64 
[2023-01-20 10:15:49,769] 88 root INFO Hypothesis dd_000: float64, float64 
[2023-01-20 10:15:49,778] 88 root INFO Hypothesis de_000: float64, float64 
[2023-01-20 10:15:49,786] 88 root INFO Hypothesis df_000: float64, float64 
[2023-01-20 10:15:49,824] 88 root INFO Hypothesis dg_000: float64, float64 
[2023-01-20 10:15:49,860] 88 root INFO Hypothesis dh_000: float64, float64 
[2023-01-20 10:15:49,866] 88 root INFO Hypothesis di_000: float64, float64 
[2023-01-20 10:15:49,904] 88 root INFO Hypothesis dj_000: float64, float64 
[2023-01-20 10:15:49,940] 88 root INFO Hypothesis dk_000: float64, float64 
[2023-01-20 10:15:49,977] 88 root INFO Hypothesis dl_000: float64, float64 
[2023-01-20 10:15:50,014] 88 root INFO Hypothesis dm_000: float64, float64 
[2023-01-20 10:15:50,057] 88 root INFO Hypothesis dn_000: float64, float64 
[2023-01-20 10:15:50,067] 88 root INFO Hypothesis do_000: float64, float64 
[2023-01-20 10:15:50,077] 88 root INFO Hypothesis dp_000: float64, float64 
[2023-01-20 10:15:50,086] 88 root INFO Hypothesis dq_000: float64, float64 
[2023-01-20 10:15:50,125] 88 root INFO Hypothesis dr_000: float64, float64 
[2023-01-20 10:15:50,164] 88 root INFO Hypothesis ds_000: float64, float64 
[2023-01-20 10:15:50,175] 88 root INFO Hypothesis dt_000: float64, float64 
[2023-01-20 10:15:50,185] 88 root INFO Hypothesis du_000: float64, float64 
[2023-01-20 10:15:50,195] 88 root INFO Hypothesis dv_000: float64, float64 
[2023-01-20 10:15:50,205] 88 root INFO Hypothesis dx_000: float64, float64 
[2023-01-20 10:15:50,245] 88 root INFO Hypothesis dy_000: float64, float64 
[2023-01-20 10:15:50,284] 88 root INFO Hypothesis dz_000: float64, float64 
[2023-01-20 10:15:50,320] 88 root INFO Hypothesis ea_000: float64, float64 
[2023-01-20 10:15:50,357] 88 root INFO Hypothesis eb_000: float64, float64 
[2023-01-20 10:15:50,365] 88 root INFO Hypothesis ec_00: float64, float64 
[2023-01-20 10:15:50,375] 88 root INFO Hypothesis ed_000: float64, float64 
[2023-01-20 10:15:50,384] 88 root INFO Hypothesis ee_000: float64, float64 
[2023-01-20 10:15:50,394] 88 root INFO Hypothesis ee_001: float64, float64 
[2023-01-20 10:15:50,405] 88 root INFO Hypothesis ee_002: float64, float64 
[2023-01-20 10:15:50,415] 88 root INFO Hypothesis ee_003: float64, float64 
[2023-01-20 10:15:50,425] 88 root INFO Hypothesis ee_004: float64, float64 
[2023-01-20 10:15:50,435] 88 root INFO Hypothesis ee_005: float64, float64 
[2023-01-20 10:15:50,445] 88 root INFO Hypothesis ee_006: float64, float64 
[2023-01-20 10:15:50,455] 88 root INFO Hypothesis ee_007: float64, float64 
[2023-01-20 10:15:50,465] 88 root INFO Hypothesis ee_008: float64, float64 
[2023-01-20 10:15:50,474] 88 root INFO Hypothesis ee_009: float64, float64 
[2023-01-20 10:15:50,482] 88 root INFO Hypothesis ef_000: float64, float64 
[2023-01-20 10:15:50,518] 88 root INFO Hypothesis eg_000: float64, float64 
[2023-01-20 10:15:50,554] 143 root INFO As all column are available in test df hence detecting data drift
[2023-01-20 10:15:50,554] 88 root INFO Hypothesis class: object, object 
[2023-01-20 10:15:50,631] 88 root INFO Hypothesis aa_000: float64, float64 
[2023-01-20 10:15:50,638] 88 root INFO Hypothesis ac_000: float64, float64 
[2023-01-20 10:15:50,643] 88 root INFO Hypothesis ae_000: float64, float64 
[2023-01-20 10:15:50,658] 88 root INFO Hypothesis af_000: float64, float64 
[2023-01-20 10:15:50,674] 88 root INFO Hypothesis ag_000: float64, float64 
[2023-01-20 10:15:50,689] 88 root INFO Hypothesis ag_001: float64, float64 
[2023-01-20 10:15:50,704] 88 root INFO Hypothesis ag_002: float64, float64 
[2023-01-20 10:15:50,708] 88 root INFO Hypothesis ag_003: float64, float64 
[2023-01-20 10:15:50,712] 88 root INFO Hypothesis ag_004: float64, float64 
[2023-01-20 10:15:50,719] 88 root INFO Hypothesis ag_005: float64, float64 
[2023-01-20 10:15:50,726] 88 root INFO Hypothesis ag_006: float64, float64 
[2023-01-20 10:15:50,733] 88 root INFO Hypothesis ag_007: float64, float64 
[2023-01-20 10:15:50,739] 88 root INFO Hypothesis ag_008: float64, float64 
[2023-01-20 10:15:50,745] 88 root INFO Hypothesis ag_009: float64, float64 
[2023-01-20 10:15:50,749] 88 root INFO Hypothesis ah_000: float64, float64 
[2023-01-20 10:15:50,756] 88 root INFO Hypothesis ai_000: float64, float64 
[2023-01-20 10:15:50,760] 88 root INFO Hypothesis aj_000: float64, float64 
[2023-01-20 10:15:50,764] 88 root INFO Hypothesis ak_000: float64, float64 
[2023-01-20 10:15:50,767] 88 root INFO Hypothesis al_000: float64, float64 
[2023-01-20 10:15:50,772] 88 root INFO Hypothesis am_0: float64, float64 
[2023-01-20 10:15:50,777] 88 root INFO Hypothesis an_000: float64, float64 
[2023-01-20 10:15:50,784] 88 root INFO Hypothesis ao_000: float64, float64 
[2023-01-20 10:15:50,791] 88 root INFO Hypothesis ap_000: float64, float64 
[2023-01-20 10:15:50,798] 88 root INFO Hypothesis aq_000: float64, float64 
[2023-01-20 10:15:50,805] 88 root INFO Hypothesis ar_000: float64, float64 
[2023-01-20 10:15:50,820] 88 root INFO Hypothesis as_000: float64, float64 
[2023-01-20 10:15:50,836] 88 root INFO Hypothesis at_000: float64, float64 
[2023-01-20 10:15:50,852] 88 root INFO Hypothesis au_000: float64, float64 
[2023-01-20 10:15:50,867] 88 root INFO Hypothesis av_000: float64, float64 
[2023-01-20 10:15:50,873] 88 root INFO Hypothesis ax_000: float64, float64 
[2023-01-20 10:15:50,878] 88 root INFO Hypothesis ay_000: float64, float64 
[2023-01-20 10:15:50,894] 88 root INFO Hypothesis ay_001: float64, float64 
[2023-01-20 10:15:50,909] 88 root INFO Hypothesis ay_002: float64, float64 
[2023-01-20 10:15:50,924] 88 root INFO Hypothesis ay_003: float64, float64 
[2023-01-20 10:15:50,939] 88 root INFO Hypothesis ay_004: float64, float64 
[2023-01-20 10:15:50,955] 88 root INFO Hypothesis ay_005: float64, float64 
[2023-01-20 10:15:50,960] 88 root INFO Hypothesis ay_006: float64, float64 
[2023-01-20 10:15:50,966] 88 root INFO Hypothesis ay_007: float64, float64 
[2023-01-20 10:15:50,973] 88 root INFO Hypothesis ay_008: float64, float64 
[2023-01-20 10:15:50,980] 88 root INFO Hypothesis ay_009: float64, float64 
[2023-01-20 10:15:50,995] 88 root INFO Hypothesis az_000: float64, float64 
[2023-01-20 10:15:51,001] 88 root INFO Hypothesis az_001: float64, float64 
[2023-01-20 10:15:51,008] 88 root INFO Hypothesis az_002: float64, float64 
[2023-01-20 10:15:51,014] 88 root INFO Hypothesis az_003: float64, float64 
[2023-01-20 10:15:51,021] 88 root INFO Hypothesis az_004: float64, float64 
[2023-01-20 10:15:51,028] 88 root INFO Hypothesis az_005: float64, float64 
[2023-01-20 10:15:51,035] 88 root INFO Hypothesis az_006: float64, float64 
[2023-01-20 10:15:51,041] 88 root INFO Hypothesis az_007: float64, float64 
[2023-01-20 10:15:51,045] 88 root INFO Hypothesis az_008: float64, float64 
[2023-01-20 10:15:51,061] 88 root INFO Hypothesis az_009: float64, float64 
[2023-01-20 10:15:51,079] 88 root INFO Hypothesis ba_000: float64, float64 
[2023-01-20 10:15:51,087] 88 root INFO Hypothesis ba_001: float64, float64 
[2023-01-20 10:15:51,094] 88 root INFO Hypothesis ba_002: float64, float64 
[2023-01-20 10:15:51,101] 88 root INFO Hypothesis ba_003: float64, float64 
[2023-01-20 10:15:51,108] 88 root INFO Hypothesis ba_004: float64, float64 
[2023-01-20 10:15:51,115] 88 root INFO Hypothesis ba_005: float64, float64 
[2023-01-20 10:15:51,122] 88 root INFO Hypothesis ba_006: float64, float64 
[2023-01-20 10:15:51,128] 88 root INFO Hypothesis ba_007: float64, float64 
[2023-01-20 10:15:51,135] 88 root INFO Hypothesis ba_008: float64, float64 
[2023-01-20 10:15:51,140] 88 root INFO Hypothesis ba_009: float64, float64 
[2023-01-20 10:15:51,144] 88 root INFO Hypothesis bb_000: float64, float64 
[2023-01-20 10:15:51,151] 88 root INFO Hypothesis bc_000: float64, float64 
[2023-01-20 10:15:51,156] 88 root INFO Hypothesis bd_000: float64, float64 
[2023-01-20 10:15:51,162] 88 root INFO Hypothesis be_000: float64, float64 
[2023-01-20 10:15:51,168] 88 root INFO Hypothesis bf_000: float64, float64 
[2023-01-20 10:15:51,172] 88 root INFO Hypothesis bg_000: float64, float64 
[2023-01-20 10:15:51,179] 88 root INFO Hypothesis bh_000: float64, float64 
[2023-01-20 10:15:51,186] 88 root INFO Hypothesis bi_000: float64, float64 
[2023-01-20 10:15:51,194] 88 root INFO Hypothesis bj_000: float64, float64 
[2023-01-20 10:15:51,201] 88 root INFO Hypothesis bs_000: float64, float64 
[2023-01-20 10:15:51,208] 88 root INFO Hypothesis bt_000: float64, float64 
[2023-01-20 10:15:51,215] 88 root INFO Hypothesis bu_000: float64, float64 
[2023-01-20 10:15:51,222] 88 root INFO Hypothesis bv_000: float64, float64 
[2023-01-20 10:15:51,229] 88 root INFO Hypothesis bx_000: float64, float64 
[2023-01-20 10:15:51,235] 88 root INFO Hypothesis by_000: float64, float64 
[2023-01-20 10:15:51,242] 88 root INFO Hypothesis bz_000: float64, float64 
[2023-01-20 10:15:51,248] 88 root INFO Hypothesis ca_000: float64, float64 
[2023-01-20 10:15:51,255] 88 root INFO Hypothesis cb_000: float64, float64 
[2023-01-20 10:15:51,262] 88 root INFO Hypothesis cc_000: float64, float64 
[2023-01-20 10:15:51,269] 88 root INFO Hypothesis cd_000: float64, float64 
[2023-01-20 10:15:51,284] 88 root INFO Hypothesis ce_000: float64, float64 
[2023-01-20 10:15:51,290] 88 root INFO Hypothesis ci_000: float64, float64 
[2023-01-20 10:15:51,297] 88 root INFO Hypothesis cj_000: float64, float64 
[2023-01-20 10:15:51,301] 88 root INFO Hypothesis ck_000: float64, float64 
[2023-01-20 10:15:51,308] 88 root INFO Hypothesis cl_000: float64, float64 
[2023-01-20 10:15:51,313] 88 root INFO Hypothesis cm_000: float64, float64 
[2023-01-20 10:15:51,317] 88 root INFO Hypothesis cn_000: float64, float64 
[2023-01-20 10:15:51,333] 88 root INFO Hypothesis cn_001: float64, float64 
[2023-01-20 10:15:51,336] 88 root INFO Hypothesis cn_002: float64, float64 
[2023-01-20 10:15:51,342] 88 root INFO Hypothesis cn_003: float64, float64 
[2023-01-20 10:15:51,349] 88 root INFO Hypothesis cn_004: float64, float64 
[2023-01-20 10:15:51,356] 88 root INFO Hypothesis cn_005: float64, float64 
[2023-01-20 10:15:51,363] 88 root INFO Hypothesis cn_006: float64, float64 
[2023-01-20 10:15:51,369] 88 root INFO Hypothesis cn_007: float64, float64 
[2023-01-20 10:15:51,376] 88 root INFO Hypothesis cn_008: float64, float64 
[2023-01-20 10:15:51,382] 88 root INFO Hypothesis cn_009: float64, float64 
[2023-01-20 10:15:51,387] 88 root INFO Hypothesis cp_000: float64, float64 
[2023-01-20 10:15:51,392] 88 root INFO Hypothesis cq_000: float64, float64 
[2023-01-20 10:15:51,399] 88 root INFO Hypothesis cs_000: float64, float64 
[2023-01-20 10:15:51,406] 88 root INFO Hypothesis cs_001: float64, float64 
[2023-01-20 10:15:51,412] 88 root INFO Hypothesis cs_002: float64, float64 
[2023-01-20 10:15:51,418] 88 root INFO Hypothesis cs_003: float64, float64 
[2023-01-20 10:15:51,425] 88 root INFO Hypothesis cs_004: float64, float64 
[2023-01-20 10:15:51,432] 88 root INFO Hypothesis cs_005: float64, float64 
[2023-01-20 10:15:51,439] 88 root INFO Hypothesis cs_006: float64, float64 
[2023-01-20 10:15:51,446] 88 root INFO Hypothesis cs_007: float64, float64 
[2023-01-20 10:15:51,453] 88 root INFO Hypothesis cs_008: float64, float64 
[2023-01-20 10:15:51,458] 88 root INFO Hypothesis cs_009: float64, float64 
[2023-01-20 10:15:51,473] 88 root INFO Hypothesis dd_000: float64, float64 
[2023-01-20 10:15:51,480] 88 root INFO Hypothesis de_000: float64, float64 
[2023-01-20 10:15:51,485] 88 root INFO Hypothesis df_000: float64, float64 
[2023-01-20 10:15:51,489] 88 root INFO Hypothesis dg_000: float64, float64 
[2023-01-20 10:15:51,492] 88 root INFO Hypothesis dh_000: float64, float64 
[2023-01-20 10:15:51,496] 88 root INFO Hypothesis di_000: float64, float64 
[2023-01-20 10:15:51,500] 88 root INFO Hypothesis dj_000: float64, float64 
[2023-01-20 10:15:51,516] 88 root INFO Hypothesis dk_000: float64, float64 
[2023-01-20 10:15:51,519] 88 root INFO Hypothesis dl_000: float64, float64 
[2023-01-20 10:15:51,535] 88 root INFO Hypothesis dm_000: float64, float64 
[2023-01-20 10:15:51,550] 88 root INFO Hypothesis dn_000: float64, float64 
[2023-01-20 10:15:51,557] 88 root INFO Hypothesis do_000: float64, float64 
[2023-01-20 10:15:51,563] 88 root INFO Hypothesis dp_000: float64, float64 
[2023-01-20 10:15:51,569] 88 root INFO Hypothesis dq_000: float64, float64 
[2023-01-20 10:15:51,574] 88 root INFO Hypothesis dr_000: float64, float64 
[2023-01-20 10:15:51,578] 88 root INFO Hypothesis ds_000: float64, float64 
[2023-01-20 10:15:51,585] 88 root INFO Hypothesis dt_000: float64, float64 
[2023-01-20 10:15:51,591] 88 root INFO Hypothesis du_000: float64, float64 
[2023-01-20 10:15:51,598] 88 root INFO Hypothesis dv_000: float64, float64 
[2023-01-20 10:15:51,605] 88 root INFO Hypothesis dx_000: float64, float64 
[2023-01-20 10:15:51,610] 88 root INFO Hypothesis dy_000: float64, float64 
[2023-01-20 10:15:51,614] 88 root INFO Hypothesis dz_000: float64, float64 
[2023-01-20 10:15:51,629] 88 root INFO Hypothesis ea_000: float64, float64 
[2023-01-20 10:15:51,645] 88 root INFO Hypothesis eb_000: float64, float64 
[2023-01-20 10:15:51,650] 88 root INFO Hypothesis ec_00: float64, float64 
[2023-01-20 10:15:51,657] 88 root INFO Hypothesis ed_000: float64, float64 
[2023-01-20 10:15:51,663] 88 root INFO Hypothesis ee_000: float64, float64 
[2023-01-20 10:15:51,671] 88 root INFO Hypothesis ee_001: float64, float64 
[2023-01-20 10:15:51,679] 88 root INFO Hypothesis ee_002: float64, float64 
[2023-01-20 10:15:51,686] 88 root INFO Hypothesis ee_003: float64, float64 
[2023-01-20 10:15:51,692] 88 root INFO Hypothesis ee_004: float64, float64 
[2023-01-20 10:15:51,699] 88 root INFO Hypothesis ee_005: float64, float64 
[2023-01-20 10:15:51,707] 88 root INFO Hypothesis ee_006: float64, float64 
[2023-01-20 10:15:51,713] 88 root INFO Hypothesis ee_007: float64, float64 
[2023-01-20 10:15:51,720] 88 root INFO Hypothesis ee_008: float64, float64 
[2023-01-20 10:15:51,726] 88 root INFO Hypothesis ee_009: float64, float64 
[2023-01-20 10:15:51,731] 88 root INFO Hypothesis ef_000: float64, float64 
[2023-01-20 10:15:51,746] 88 root INFO Hypothesis eg_000: float64, float64 
[2023-01-20 10:15:51,761] 147 root INFO Write reprt in yaml file
[2023-01-20 10:15:51,916] 152 root INFO Data validation artifact: DataValidationArtifact(report_file_path='/config/workspace/artifact/01202023__101524/data_validation/report.yaml')
[2023-01-20 10:15:51,918] 24 root INFO >>>>>>>>>>>>>>>>>>>>>>>>>>>>>>>>>>>>>>>> Data Transformation <<<<<<<<<<<<<<<<<<<<<<<<<<<<<<<<<<<<<<<<
[2023-01-20 10:15:52,831] 75 root INFO Before resampling in training set Input: (28950, 170) Target:(28950,)
[2023-01-20 10:15:59,015] 77 root INFO After resampling in training set Input: (56152, 170) Target:(56152,)
[2023-01-20 10:15:59,015] 79 root INFO Before resampling in testing set Input: (7238, 170) Target:(7238,)
[2023-01-20 10:15:59,517] 81 root INFO After resampling in testing set Input: (14072, 170) Target:(14072,)
[2023-01-20 10:15:59,626] 54 root INFO Entered the save_object method of utils
[2023-01-20 10:15:59,629] 58 root INFO Exited the save_object method of utils
[2023-01-20 10:15:59,629] 54 root INFO Entered the save_object method of utils
[2023-01-20 10:15:59,630] 58 root INFO Exited the save_object method of utils
[2023-01-20 10:15:59,630] 112 root INFO Data transformation object DataTransformationArtifact(transform_object_path='/config/workspace/artifact/01202023__101524/data_transformation/transformer/transformer.pkl', transformed_train_path='/config/workspace/artifact/01202023__101524/data_transformation/transformed/train.npz', transformed_test_path='/config/workspace/artifact/01202023__101524/data_transformation/transformed/test.npz', target_encoder_path='/config/workspace/artifact/01202023__101524/data_transformation/target_encoder/target_encoder.pkl')
[2023-01-20 10:15:59,631] 18 root INFO >>>>>>>>>>>>>>>>>>>>>>>>>>>>>>>>>>>>>>>> Model Trainer <<<<<<<<<<<<<<<<<<<<<<<<<<<<<<<<<<<<<<<<
[2023-01-20 10:15:59,631] 45 root INFO Loading train and test array.
[2023-01-20 10:15:59,661] 49 root INFO Splitting input and target feature from both train and test arr.
[2023-01-20 10:15:59,661] 53 root INFO Train the model
[2023-01-20 10:16:07,212] 56 root INFO Calculating f1 train score
[2023-01-20 10:16:07,258] 60 root INFO Calculating f1 test score
[2023-01-20 10:16:07,275] 64 root INFO train score:0.9999821908781678 and tests score 0.9694011365292147
[2023-01-20 10:16:07,276] 66 root INFO Checking if our model is underfitting or not
[2023-01-20 10:16:07,276] 71 root INFO Checking if our model is overfiiting or not
[2023-01-20 10:16:07,276] 78 root INFO Saving mode object
[2023-01-20 10:16:07,276] 54 root INFO Entered the save_object method of utils
[2023-01-20 10:16:07,281] 58 root INFO Exited the save_object method of utils
[2023-01-20 10:16:07,282] 82 root INFO Prepare the artifact
[2023-01-20 10:16:07,282] 85 root INFO Model trainer artifact: ModelTrainerArtifact(model_path='/config/workspace/artifact/01202023__101524/model_trainer/model/model.pkl', f1_train_score=0.9999821908781678, f1_test_score=0.9694011365292147)
[2023-01-20 10:16:07,284] 19 root INFO >>>>>>>>>>>>>>>>>>>>>>>>>>>>>>>>>>>>>>>>  Model Evaluation <<<<<<<<<<<<<<<<<<<<<<<<<<<<<<<<<<<<<<<<
[2023-01-20 10:16:07,284] 35 root INFO if saved model folder has model the we will compare which model is best trained or the model from saved model folder
[2023-01-20 10:16:07,284] 46 root INFO Finding location of transformer model and target encoder
[2023-01-20 10:16:07,284] 51 root INFO Previous trained objects of transformer, model and target encoder
[2023-01-20 10:16:07,290] 58 root INFO Currently trained model objects
[2023-01-20 10:16:07,462] 76 root INFO Accuracy using previous trained model: 0.8
[2023-01-20 10:16:07,502] 85 root INFO Accuracy using current trained model: 0.8
[2023-01-20 10:16:07,502] 87 root INFO Current trained model is not better than previous model
